2020-11-25 01:35:13.486  WARN MacBook-Pro --- [l-1 housekeeper] c.z.h.p.HikariPool                       : HikariPool-1 - Thread starvation or clock leap detected (housekeeper delta=2h26s727ms).
2020-11-25 01:48:49.495  WARN MacBook-Pro --- [l-1 housekeeper] c.z.h.p.HikariPool                       : HikariPool-1 - Thread starvation or clock leap detected (housekeeper delta=13m36s8ms).
2020-11-25 03:49:15.677  WARN MacBook-Pro --- [l-1 housekeeper] c.z.h.p.HikariPool                       : HikariPool-1 - Thread starvation or clock leap detected (housekeeper delta=2h26s184ms).
2020-11-25 05:49:43.531  WARN MacBook-Pro --- [l-1 housekeeper] c.z.h.p.HikariPool                       : HikariPool-1 - Thread starvation or clock leap detected (housekeeper delta=2h27s853ms).
2020-11-25 06:00:45.650  WARN MacBook-Pro --- [l-1 housekeeper] c.z.h.p.HikariPool                       : HikariPool-1 - Thread starvation or clock leap detected (housekeeper delta=10m32s112ms).
2020-11-25 07:16:06.159  WARN MacBook-Pro --- [l-1 housekeeper] c.z.h.p.HikariPool                       : HikariPool-1 - Thread starvation or clock leap detected (housekeeper delta=1h15m20s353ms).
2020-11-25 07:16:35.799  WARN MacBook-Pro --- [l-1 housekeeper] c.z.h.p.HikariPool                       : HikariPool-1 - Retrograde clock change detected (housekeeper delta=29s795ms), soft-evicting connections from pool.
2020-11-25 07:17:48.118  INFO MacBook-Pro --- [trap-executor-0] c.n.d.s.r.a.ConfigClusterResolver        : Resolving eureka endpoints via configuration
2020-11-25 07:22:48.126  INFO MacBook-Pro --- [trap-executor-0] c.n.d.s.r.a.ConfigClusterResolver        : Resolving eureka endpoints via configuration
2020-11-25 07:27:48.136  INFO MacBook-Pro --- [trap-executor-0] c.n.d.s.r.a.ConfigClusterResolver        : Resolving eureka endpoints via configuration
2020-11-25 07:41:33.145  WARN MacBook-Pro --- [l-1 housekeeper] c.z.h.p.HikariPool                       : HikariPool-1 - Thread starvation or clock leap detected (housekeeper delta=10m57s228ms).
2020-11-25 07:51:37.968  WARN MacBook-Pro --- [l-1 housekeeper] c.z.h.p.HikariPool                       : HikariPool-1 - Thread starvation or clock leap detected (housekeeper delta=9m34s813ms).
2020-11-25 08:00:26.333  INFO MacBook-Pro --- [trap-executor-0] c.n.d.s.r.a.ConfigClusterResolver        : Resolving eureka endpoints via configuration
2020-11-25 08:00:44.122  WARN MacBook-Pro --- [l-1 housekeeper] c.z.h.p.HikariPool                       : HikariPool-1 - Thread starvation or clock leap detected (housekeeper delta=8m36s151ms).
2020-11-25 08:33:03.086  WARN MacBook-Pro --- [l-1 housekeeper] c.z.h.p.HikariPool                       : HikariPool-1 - Thread starvation or clock leap detected (housekeeper delta=31m48s961ms).
2020-11-25 08:36:45.296  INFO MacBook-Pro --- [trap-executor-0] c.n.d.s.r.a.ConfigClusterResolver        : Resolving eureka endpoints via configuration
2020-11-25 08:37:53.896  INFO MacBook-Pro --- [nio-8012-exec-7] .c.s.e.MultipleJGitEnvironmentRepository : Fetched for remote main and found 1 updates
2020-11-25 08:37:54.540  INFO MacBook-Pro --- [nio-8012-exec-7] o.s.c.c.s.e.NativeEnvironmentRepository  : Adding property source: file:/var/folders/13/vj77kkpn43vft535f8vl4kp40000gn/T/config-repo-3893478594140606188/zuul-service.properties
2020-11-25 08:37:54.540  INFO MacBook-Pro --- [nio-8012-exec-7] o.s.c.c.s.e.NativeEnvironmentRepository  : Adding property source: file:/var/folders/13/vj77kkpn43vft535f8vl4kp40000gn/T/config-repo-3893478594140606188/application.properties
2020-11-25 08:38:39.990  INFO MacBook-Pro --- [nio-8012-exec-8] o.s.c.c.s.e.NativeEnvironmentRepository  : Adding property source: file:/var/folders/13/vj77kkpn43vft535f8vl4kp40000gn/T/config-repo-3893478594140606188/zuul-service.properties
2020-11-25 08:38:39.991  INFO MacBook-Pro --- [nio-8012-exec-8] o.s.c.c.s.e.NativeEnvironmentRepository  : Adding property source: file:/var/folders/13/vj77kkpn43vft535f8vl4kp40000gn/T/config-repo-3893478594140606188/application.properties
2020-11-25 08:41:45.306  INFO MacBook-Pro --- [trap-executor-0] c.n.d.s.r.a.ConfigClusterResolver        : Resolving eureka endpoints via configuration
2020-11-25 08:44:39.171  INFO MacBook-Pro --- [io-8012-exec-10] o.s.c.c.s.e.NativeEnvironmentRepository  : Adding property source: file:/var/folders/13/vj77kkpn43vft535f8vl4kp40000gn/T/config-repo-3893478594140606188/user-service.properties
2020-11-25 08:44:39.176  INFO MacBook-Pro --- [io-8012-exec-10] o.s.c.c.s.e.NativeEnvironmentRepository  : Adding property source: file:/var/folders/13/vj77kkpn43vft535f8vl4kp40000gn/T/config-repo-3893478594140606188/application.properties
2020-11-25 08:45:54.273  INFO MacBook-Pro --- [nio-8012-exec-1] o.s.c.c.s.e.NativeEnvironmentRepository  : Adding property source: file:/var/folders/13/vj77kkpn43vft535f8vl4kp40000gn/T/config-repo-3893478594140606188/user-service.properties
2020-11-25 08:45:54.275  INFO MacBook-Pro --- [nio-8012-exec-1] o.s.c.c.s.e.NativeEnvironmentRepository  : Adding property source: file:/var/folders/13/vj77kkpn43vft535f8vl4kp40000gn/T/config-repo-3893478594140606188/application.properties
2020-11-25 08:46:45.314  INFO MacBook-Pro --- [trap-executor-0] c.n.d.s.r.a.ConfigClusterResolver        : Resolving eureka endpoints via configuration
2020-11-25 08:51:45.324  INFO MacBook-Pro --- [trap-executor-0] c.n.d.s.r.a.ConfigClusterResolver        : Resolving eureka endpoints via configuration
2020-11-25 08:56:45.339  INFO MacBook-Pro --- [trap-executor-0] c.n.d.s.r.a.ConfigClusterResolver        : Resolving eureka endpoints via configuration
2020-11-25 09:01:45.355  INFO MacBook-Pro --- [trap-executor-0] c.n.d.s.r.a.ConfigClusterResolver        : Resolving eureka endpoints via configuration
2020-11-25 09:06:45.371  INFO MacBook-Pro --- [trap-executor-0] c.n.d.s.r.a.ConfigClusterResolver        : Resolving eureka endpoints via configuration
2020-11-25 09:11:45.381  INFO MacBook-Pro --- [trap-executor-0] c.n.d.s.r.a.ConfigClusterResolver        : Resolving eureka endpoints via configuration
2020-11-25 09:16:45.386  INFO MacBook-Pro --- [trap-executor-0] c.n.d.s.r.a.ConfigClusterResolver        : Resolving eureka endpoints via configuration
2020-11-25 09:21:45.396  INFO MacBook-Pro --- [trap-executor-0] c.n.d.s.r.a.ConfigClusterResolver        : Resolving eureka endpoints via configuration
2020-11-25 09:26:08.376  INFO MacBook-Pro --- [nio-8012-exec-4] o.s.c.c.s.e.EncryptionController         : Decrypted cipher data
2020-11-25 09:26:45.409  INFO MacBook-Pro --- [trap-executor-0] c.n.d.s.r.a.ConfigClusterResolver        : Resolving eureka endpoints via configuration
2020-11-25 09:31:45.413  INFO MacBook-Pro --- [trap-executor-0] c.n.d.s.r.a.ConfigClusterResolver        : Resolving eureka endpoints via configuration
2020-11-25 09:36:45.422  INFO MacBook-Pro --- [trap-executor-0] c.n.d.s.r.a.ConfigClusterResolver        : Resolving eureka endpoints via configuration
2020-11-25 09:41:45.438  INFO MacBook-Pro --- [trap-executor-0] c.n.d.s.r.a.ConfigClusterResolver        : Resolving eureka endpoints via configuration
2020-11-25 09:46:45.452  INFO MacBook-Pro --- [trap-executor-0] c.n.d.s.r.a.ConfigClusterResolver        : Resolving eureka endpoints via configuration
2020-11-25 09:51:45.467  INFO MacBook-Pro --- [trap-executor-0] c.n.d.s.r.a.ConfigClusterResolver        : Resolving eureka endpoints via configuration
2020-11-25 09:56:45.478  INFO MacBook-Pro --- [trap-executor-0] c.n.d.s.r.a.ConfigClusterResolver        : Resolving eureka endpoints via configuration
2020-11-25 09:58:04.759  INFO MacBook-Pro --- [nio-8012-exec-6] o.s.c.c.m.PropertyPathEndpoint           : Refresh for: zuul:service
2020-11-25 09:58:06.315  INFO MacBook-Pro --- [nio-8012-exec-6] o.s.a.r.c.CachingConnectionFactory       : Attempting to connect to: [localhost:5672]
2020-11-25 09:58:06.722  INFO MacBook-Pro --- [nio-8012-exec-6] o.s.a.r.c.CachingConnectionFactory       : Created new connection: rabbitConnectionFactory.publisher#5c0ba407:0/SimpleConnection@777fa102 [delegate=amqp://user@127.0.0.1:5672/, localPort= 50875]
2020-11-25 09:58:06.737  INFO MacBook-Pro --- [nio-8012-exec-6] o.s.a.r.c.RabbitAdmin                    : Auto-declaring a non-durable, auto-delete, or exclusive Queue (springCloudBus.anonymous.qWBSpkKyQ36MmrXMX9a-ig) durable:false, auto-delete:true, exclusive:true. It will be redeclared if the broker stops and is restarted while the connection factory is alive, but all messages will be lost.
2020-11-25 09:58:12.458  INFO MacBook-Pro --- [nio-8012-exec-6] o.s.b.SpringApplication                  : No active profile set, falling back to default profiles: default
2020-11-25 09:58:12.542  INFO MacBook-Pro --- [nio-8012-exec-6] o.s.b.SpringApplication                  : Started application in 4.954 seconds (JVM running for 15136.382)
2020-11-25 09:58:20.152  INFO MacBook-Pro --- [nio-8012-exec-6] c.n.d.DiscoveryClient                    : Shutting down DiscoveryClient ...
2020-11-25 09:58:23.181  INFO MacBook-Pro --- [nio-8012-exec-6] c.n.d.DiscoveryClient                    : Unregistering ...
2020-11-25 09:58:23.210  INFO MacBook-Pro --- [nio-8012-exec-6] c.n.d.DiscoveryClient                    : DiscoveryClient_CONFIG-SERVER/config - deregister  status: 200
2020-11-25 09:58:23.527  INFO MacBook-Pro --- [nio-8012-exec-6] c.n.d.DiscoveryClient                    : Completed shut down of DiscoveryClient
2020-11-25 09:58:23.629  INFO MacBook-Pro --- [nio-8012-exec-6] o.s.c.n.e.InstanceInfoFactory            : Setting initial instance status as: STARTING
2020-11-25 09:58:23.696  INFO MacBook-Pro --- [nio-8012-exec-6] c.n.d.DiscoveryClient                    : Initializing Eureka in region us-east-1
2020-11-25 09:58:23.764  INFO MacBook-Pro --- [nio-8012-exec-6] c.n.d.p.DiscoveryJerseyProvider          : Using JSON encoding codec LegacyJacksonJson
2020-11-25 09:58:23.764  INFO MacBook-Pro --- [nio-8012-exec-6] c.n.d.p.DiscoveryJerseyProvider          : Using JSON decoding codec LegacyJacksonJson
2020-11-25 09:58:23.779  INFO MacBook-Pro --- [nio-8012-exec-6] c.n.d.p.DiscoveryJerseyProvider          : Using XML encoding codec XStreamXml
2020-11-25 09:58:23.779  INFO MacBook-Pro --- [nio-8012-exec-6] c.n.d.p.DiscoveryJerseyProvider          : Using XML decoding codec XStreamXml
2020-11-25 09:58:27.330  INFO MacBook-Pro --- [nio-8012-exec-6] c.n.d.s.r.a.ConfigClusterResolver        : Resolving eureka endpoints via configuration
2020-11-25 09:58:27.340  INFO MacBook-Pro --- [nio-8012-exec-6] c.n.d.DiscoveryClient                    : Disable delta property : false
2020-11-25 09:58:27.340  INFO MacBook-Pro --- [nio-8012-exec-6] c.n.d.DiscoveryClient                    : Single vip registry refresh property : null
2020-11-25 09:58:27.341  INFO MacBook-Pro --- [nio-8012-exec-6] c.n.d.DiscoveryClient                    : Force full registry fetch : false
2020-11-25 09:58:27.341  INFO MacBook-Pro --- [nio-8012-exec-6] c.n.d.DiscoveryClient                    : Application is null : false
2020-11-25 09:58:27.341  INFO MacBook-Pro --- [nio-8012-exec-6] c.n.d.DiscoveryClient                    : Registered Applications size is zero : true
2020-11-25 09:58:27.341  INFO MacBook-Pro --- [nio-8012-exec-6] c.n.d.DiscoveryClient                    : Application version is -1: true
2020-11-25 09:58:27.342  INFO MacBook-Pro --- [nio-8012-exec-6] c.n.d.DiscoveryClient                    : Getting all instance registry info from the eureka server
2020-11-25 09:58:29.090  INFO MacBook-Pro --- [nio-8012-exec-6] c.n.d.DiscoveryClient                    : The response status is 200
2020-11-25 09:58:29.094  INFO MacBook-Pro --- [nio-8012-exec-6] c.n.d.DiscoveryClient                    : Starting heartbeat executor: renew interval is: 30
2020-11-25 09:58:29.099  INFO MacBook-Pro --- [nio-8012-exec-6] c.n.d.InstanceInfoReplicator             : InstanceInfoReplicator onDemand update allowed rate per min is 4
2020-11-25 09:58:29.103  INFO MacBook-Pro --- [nio-8012-exec-6] c.n.d.DiscoveryClient                    : Discovery Client initialized at timestamp 1606291109103 with initial instances count: 4
2020-11-25 09:58:29.131  INFO MacBook-Pro --- [nio-8012-exec-6] o.s.c.n.e.s.EurekaServiceRegistry        : Unregistering application CONFIG-SERVER with eureka with status DOWN
2020-11-25 09:58:29.131  WARN MacBook-Pro --- [nio-8012-exec-6] c.n.d.DiscoveryClient                    : Saw local status change event StatusChangeEvent [timestamp=1606291109131, current=DOWN, previous=STARTING]
2020-11-25 09:58:29.136  INFO MacBook-Pro --- [nio-8012-exec-6] o.s.c.n.e.s.EurekaServiceRegistry        : Registering application CONFIG-SERVER with eureka with status UP
2020-11-25 09:58:29.136  INFO MacBook-Pro --- [nfoReplicator-0] c.n.d.DiscoveryClient                    : DiscoveryClient_CONFIG-SERVER/config: registering service...
2020-11-25 09:58:29.136  WARN MacBook-Pro --- [nio-8012-exec-6] c.n.d.DiscoveryClient                    : Saw local status change event StatusChangeEvent [timestamp=1606291109136, current=UP, previous=DOWN]
2020-11-25 09:58:29.152  INFO MacBook-Pro --- [nio-8012-exec-6] o.s.c.b.e.RefreshListener                : Received remote refresh request. Keys refreshed []
2020-11-25 09:58:29.153  INFO MacBook-Pro --- [nio-8012-exec-6] o.s.c.c.m.PropertyPathEndpoint           : Refresh for: zuul-service
2020-11-25 09:58:29.190  INFO MacBook-Pro --- [nfoReplicator-0] c.n.d.DiscoveryClient                    : DiscoveryClient_CONFIG-SERVER/config - registration status: 204
2020-11-25 09:58:29.190  INFO MacBook-Pro --- [nfoReplicator-0] c.n.d.DiscoveryClient                    : DiscoveryClient_CONFIG-SERVER/config: registering service...
2020-11-25 09:58:29.202  INFO MacBook-Pro --- [nfoReplicator-0] c.n.d.DiscoveryClient                    : DiscoveryClient_CONFIG-SERVER/config - registration status: 204
2020-11-25 09:58:32.565  INFO MacBook-Pro --- [nio-8012-exec-6] o.s.b.SpringApplication                  : No active profile set, falling back to default profiles: default
2020-11-25 09:58:32.594  INFO MacBook-Pro --- [nio-8012-exec-6] o.s.b.SpringApplication                  : Started application in 3.272 seconds (JVM running for 15156.435)
2020-11-25 09:58:34.708  INFO MacBook-Pro --- [nio-8012-exec-8] .c.s.e.MultipleJGitEnvironmentRepository : Fetched for remote main and found 1 updates
2020-11-25 09:58:35.501  INFO MacBook-Pro --- [nio-8012-exec-8] o.s.c.c.s.e.NativeEnvironmentRepository  : Adding property source: file:/var/folders/13/vj77kkpn43vft535f8vl4kp40000gn/T/config-repo-3893478594140606188/zuul-service.properties
2020-11-25 09:58:35.502  INFO MacBook-Pro --- [nio-8012-exec-8] o.s.c.c.s.e.NativeEnvironmentRepository  : Adding property source: file:/var/folders/13/vj77kkpn43vft535f8vl4kp40000gn/T/config-repo-3893478594140606188/application.properties
2020-11-25 09:58:39.500  INFO MacBook-Pro --- [nio-8012-exec-6] c.n.d.DiscoveryClient                    : Shutting down DiscoveryClient ...
2020-11-25 09:58:42.509  INFO MacBook-Pro --- [nio-8012-exec-6] c.n.d.DiscoveryClient                    : Unregistering ...
2020-11-25 09:58:42.519  INFO MacBook-Pro --- [nio-8012-exec-6] c.n.d.DiscoveryClient                    : DiscoveryClient_CONFIG-SERVER/config - deregister  status: 200
2020-11-25 09:58:42.633  INFO MacBook-Pro --- [nio-8012-exec-6] c.n.d.DiscoveryClient                    : Completed shut down of DiscoveryClient
2020-11-25 09:58:42.636  INFO MacBook-Pro --- [nio-8012-exec-6] o.s.c.n.e.InstanceInfoFactory            : Setting initial instance status as: STARTING
2020-11-25 09:58:42.650  INFO MacBook-Pro --- [nio-8012-exec-6] c.n.d.DiscoveryClient                    : Initializing Eureka in region us-east-1
2020-11-25 09:58:42.671  INFO MacBook-Pro --- [nio-8012-exec-6] c.n.d.p.DiscoveryJerseyProvider          : Using JSON encoding codec LegacyJacksonJson
2020-11-25 09:58:42.671  INFO MacBook-Pro --- [nio-8012-exec-6] c.n.d.p.DiscoveryJerseyProvider          : Using JSON decoding codec LegacyJacksonJson
2020-11-25 09:58:42.671  INFO MacBook-Pro --- [nio-8012-exec-6] c.n.d.p.DiscoveryJerseyProvider          : Using XML encoding codec XStreamXml
2020-11-25 09:58:42.671  INFO MacBook-Pro --- [nio-8012-exec-6] c.n.d.p.DiscoveryJerseyProvider          : Using XML decoding codec XStreamXml
2020-11-25 09:58:49.604  INFO MacBook-Pro --- [nio-8012-exec-6] c.n.d.s.r.a.ConfigClusterResolver        : Resolving eureka endpoints via configuration
2020-11-25 09:58:49.612  INFO MacBook-Pro --- [nio-8012-exec-6] c.n.d.DiscoveryClient                    : Disable delta property : false
2020-11-25 09:58:49.612  INFO MacBook-Pro --- [nio-8012-exec-6] c.n.d.DiscoveryClient                    : Single vip registry refresh property : null
2020-11-25 09:58:49.613  INFO MacBook-Pro --- [nio-8012-exec-6] c.n.d.DiscoveryClient                    : Force full registry fetch : false
2020-11-25 09:58:49.613  INFO MacBook-Pro --- [nio-8012-exec-6] c.n.d.DiscoveryClient                    : Application is null : false
2020-11-25 09:58:49.613  INFO MacBook-Pro --- [nio-8012-exec-6] c.n.d.DiscoveryClient                    : Registered Applications size is zero : true
2020-11-25 09:58:49.613  INFO MacBook-Pro --- [nio-8012-exec-6] c.n.d.DiscoveryClient                    : Application version is -1: true
2020-11-25 09:58:49.613  INFO MacBook-Pro --- [nio-8012-exec-6] c.n.d.DiscoveryClient                    : Getting all instance registry info from the eureka server
2020-11-25 09:58:50.554  INFO MacBook-Pro --- [nio-8012-exec-6] c.n.d.DiscoveryClient                    : The response status is 200
2020-11-25 09:58:50.558  INFO MacBook-Pro --- [nio-8012-exec-6] c.n.d.DiscoveryClient                    : Starting heartbeat executor: renew interval is: 30
2020-11-25 09:58:50.561  INFO MacBook-Pro --- [nio-8012-exec-6] c.n.d.InstanceInfoReplicator             : InstanceInfoReplicator onDemand update allowed rate per min is 4
2020-11-25 09:58:50.564  INFO MacBook-Pro --- [nio-8012-exec-6] c.n.d.DiscoveryClient                    : Discovery Client initialized at timestamp 1606291130564 with initial instances count: 3
2020-11-25 09:58:50.571  INFO MacBook-Pro --- [nio-8012-exec-6] o.s.c.n.e.s.EurekaServiceRegistry        : Unregistering application CONFIG-SERVER with eureka with status DOWN
2020-11-25 09:58:50.571  WARN MacBook-Pro --- [nio-8012-exec-6] c.n.d.DiscoveryClient                    : Saw local status change event StatusChangeEvent [timestamp=1606291130571, current=DOWN, previous=STARTING]
2020-11-25 09:58:50.573  INFO MacBook-Pro --- [nfoReplicator-0] c.n.d.DiscoveryClient                    : DiscoveryClient_CONFIG-SERVER/config: registering service...
2020-11-25 09:58:50.573  INFO MacBook-Pro --- [nio-8012-exec-6] o.s.c.n.e.s.EurekaServiceRegistry        : Registering application CONFIG-SERVER with eureka with status UP
2020-11-25 09:58:50.573  WARN MacBook-Pro --- [nio-8012-exec-6] c.n.d.DiscoveryClient                    : Saw local status change event StatusChangeEvent [timestamp=1606291130573, current=UP, previous=DOWN]
2020-11-25 09:58:50.574  INFO MacBook-Pro --- [nio-8012-exec-6] o.s.c.b.e.RefreshListener                : Received remote refresh request. Keys refreshed []
2020-11-25 09:58:50.594  INFO MacBook-Pro --- [nfoReplicator-0] c.n.d.DiscoveryClient                    : DiscoveryClient_CONFIG-SERVER/config - registration status: 204
2020-11-25 09:58:50.595  INFO MacBook-Pro --- [nfoReplicator-0] c.n.d.DiscoveryClient                    : DiscoveryClient_CONFIG-SERVER/config: registering service...
2020-11-25 09:58:50.601  INFO MacBook-Pro --- [nfoReplicator-0] c.n.d.DiscoveryClient                    : DiscoveryClient_CONFIG-SERVER/config - registration status: 204
2020-11-25 10:03:49.627  INFO MacBook-Pro --- [trap-executor-0] c.n.d.s.r.a.ConfigClusterResolver        : Resolving eureka endpoints via configuration
2020-11-25 10:04:28.638  INFO MacBook-Pro --- [io-8012-exec-10] o.s.c.c.s.e.NativeEnvironmentRepository  : Adding property source: file:/var/folders/13/vj77kkpn43vft535f8vl4kp40000gn/T/config-repo-3893478594140606188/zuul-service.properties
2020-11-25 10:04:28.639  INFO MacBook-Pro --- [io-8012-exec-10] o.s.c.c.s.e.NativeEnvironmentRepository  : Adding property source: file:/var/folders/13/vj77kkpn43vft535f8vl4kp40000gn/T/config-repo-3893478594140606188/application.properties
2020-11-25 10:05:28.603  INFO MacBook-Pro --- [nio-8012-exec-1] o.s.c.c.s.e.NativeEnvironmentRepository  : Adding property source: file:/var/folders/13/vj77kkpn43vft535f8vl4kp40000gn/T/config-repo-3893478594140606188/zuul-service.properties
2020-11-25 10:05:28.621  INFO MacBook-Pro --- [nio-8012-exec-1] o.s.c.c.s.e.NativeEnvironmentRepository  : Adding property source: file:/var/folders/13/vj77kkpn43vft535f8vl4kp40000gn/T/config-repo-3893478594140606188/application.properties
2020-11-25 10:08:49.643  INFO MacBook-Pro --- [trap-executor-0] c.n.d.s.r.a.ConfigClusterResolver        : Resolving eureka endpoints via configuration
2020-11-25 10:13:49.654  INFO MacBook-Pro --- [trap-executor-0] c.n.d.s.r.a.ConfigClusterResolver        : Resolving eureka endpoints via configuration
2020-11-25 10:18:49.735  INFO MacBook-Pro --- [trap-executor-0] c.n.d.s.r.a.ConfigClusterResolver        : Resolving eureka endpoints via configuration
2020-11-25 10:23:49.756  INFO MacBook-Pro --- [trap-executor-0] c.n.d.s.r.a.ConfigClusterResolver        : Resolving eureka endpoints via configuration
2020-11-25 10:28:49.771  INFO MacBook-Pro --- [trap-executor-0] c.n.d.s.r.a.ConfigClusterResolver        : Resolving eureka endpoints via configuration
2020-11-25 10:33:49.790  INFO MacBook-Pro --- [trap-executor-0] c.n.d.s.r.a.ConfigClusterResolver        : Resolving eureka endpoints via configuration
2020-11-25 10:38:49.810  INFO MacBook-Pro --- [trap-executor-0] c.n.d.s.r.a.ConfigClusterResolver        : Resolving eureka endpoints via configuration
2020-11-25 10:43:49.826  INFO MacBook-Pro --- [trap-executor-0] c.n.d.s.r.a.ConfigClusterResolver        : Resolving eureka endpoints via configuration
2020-11-25 10:48:49.852  INFO MacBook-Pro --- [trap-executor-0] c.n.d.s.r.a.ConfigClusterResolver        : Resolving eureka endpoints via configuration
2020-11-25 10:53:49.883  INFO MacBook-Pro --- [trap-executor-0] c.n.d.s.r.a.ConfigClusterResolver        : Resolving eureka endpoints via configuration
2020-11-25 10:58:49.902  INFO MacBook-Pro --- [trap-executor-0] c.n.d.s.r.a.ConfigClusterResolver        : Resolving eureka endpoints via configuration
2020-11-25 11:03:49.917  INFO MacBook-Pro --- [trap-executor-0] c.n.d.s.r.a.ConfigClusterResolver        : Resolving eureka endpoints via configuration
2020-11-25 11:08:49.943  INFO MacBook-Pro --- [trap-executor-0] c.n.d.s.r.a.ConfigClusterResolver        : Resolving eureka endpoints via configuration
2020-11-25 11:13:49.955  INFO MacBook-Pro --- [trap-executor-0] c.n.d.s.r.a.ConfigClusterResolver        : Resolving eureka endpoints via configuration
2020-11-25 11:18:49.963  INFO MacBook-Pro --- [trap-executor-0] c.n.d.s.r.a.ConfigClusterResolver        : Resolving eureka endpoints via configuration
2020-11-25 11:28:03.115  WARN MacBook-Pro --- [l-1 housekeeper] c.z.h.p.HikariPool                       : HikariPool-1 - Thread starvation or clock leap detected (housekeeper delta=6m28s962ms).
2020-11-25 11:29:02.376  WARN MacBook-Pro --- [nio-8012-exec-2] .c.s.e.MultipleJGitEnvironmentRepository : Could not fetch remote for main remote: https://github.com/smilyk/briut.git
2020-11-25 11:29:03.297  INFO MacBook-Pro --- [nio-8012-exec-2] o.s.c.c.s.e.NativeEnvironmentRepository  : Adding property source: file:/var/folders/13/vj77kkpn43vft535f8vl4kp40000gn/T/config-repo-3893478594140606188/children-service.properties
2020-11-25 11:29:03.299  INFO MacBook-Pro --- [nio-8012-exec-2] o.s.c.c.s.e.NativeEnvironmentRepository  : Adding property source: file:/var/folders/13/vj77kkpn43vft535f8vl4kp40000gn/T/config-repo-3893478594140606188/application.properties
2020-11-25 11:29:48.930  INFO MacBook-Pro --- [trap-executor-0] c.n.d.s.r.a.ConfigClusterResolver        : Resolving eureka endpoints via configuration
2020-11-25 11:30:05.131  WARN MacBook-Pro --- [nio-8012-exec-3] .c.s.e.MultipleJGitEnvironmentRepository : Could not fetch remote for main remote: https://github.com/smilyk/briut.git
2020-11-25 11:30:05.580  INFO MacBook-Pro --- [nio-8012-exec-3] o.s.c.c.s.e.NativeEnvironmentRepository  : Adding property source: file:/var/folders/13/vj77kkpn43vft535f8vl4kp40000gn/T/config-repo-3893478594140606188/children-service.properties
2020-11-25 11:30:05.580  INFO MacBook-Pro --- [nio-8012-exec-3] o.s.c.c.s.e.NativeEnvironmentRepository  : Adding property source: file:/var/folders/13/vj77kkpn43vft535f8vl4kp40000gn/T/config-repo-3893478594140606188/application.properties
2020-11-25 11:34:48.941  INFO MacBook-Pro --- [trap-executor-0] c.n.d.s.r.a.ConfigClusterResolver        : Resolving eureka endpoints via configuration
2020-11-25 11:39:48.957  INFO MacBook-Pro --- [trap-executor-0] c.n.d.s.r.a.ConfigClusterResolver        : Resolving eureka endpoints via configuration
2020-11-25 11:44:48.972  INFO MacBook-Pro --- [trap-executor-0] c.n.d.s.r.a.ConfigClusterResolver        : Resolving eureka endpoints via configuration
2020-11-25 11:48:23.056  WARN MacBook-Pro --- [l-1 housekeeper] c.z.h.p.HikariPool                       : HikariPool-1 - Thread starvation or clock leap detected (housekeeper delta=1m49s738ms).
2020-11-25 11:50:10.143  WARN MacBook-Pro --- [nio-8012-exec-4] .c.s.e.MultipleJGitEnvironmentRepository : Could not fetch remote for main remote: https://github.com/smilyk/briut.git
2020-11-25 11:50:10.562  INFO MacBook-Pro --- [nio-8012-exec-4] o.s.c.c.s.e.NativeEnvironmentRepository  : Adding property source: file:/var/folders/13/vj77kkpn43vft535f8vl4kp40000gn/T/config-repo-3893478594140606188/children-service.properties
2020-11-25 11:50:10.562  INFO MacBook-Pro --- [nio-8012-exec-4] o.s.c.c.s.e.NativeEnvironmentRepository  : Adding property source: file:/var/folders/13/vj77kkpn43vft535f8vl4kp40000gn/T/config-repo-3893478594140606188/application.properties
2020-11-25 11:51:08.753  INFO MacBook-Pro --- [trap-executor-0] c.n.d.s.r.a.ConfigClusterResolver        : Resolving eureka endpoints via configuration
2020-11-25 11:51:29.685  WARN MacBook-Pro --- [nio-8012-exec-7] .c.s.e.MultipleJGitEnvironmentRepository : Could not fetch remote for main remote: https://github.com/smilyk/briut.git
2020-11-25 11:51:30.457  INFO MacBook-Pro --- [nio-8012-exec-7] o.s.c.c.s.e.NativeEnvironmentRepository  : Adding property source: file:/var/folders/13/vj77kkpn43vft535f8vl4kp40000gn/T/config-repo-3893478594140606188/children-service.properties
2020-11-25 11:51:30.457  INFO MacBook-Pro --- [nio-8012-exec-7] o.s.c.c.s.e.NativeEnvironmentRepository  : Adding property source: file:/var/folders/13/vj77kkpn43vft535f8vl4kp40000gn/T/config-repo-3893478594140606188/application.properties
2020-11-25 11:56:08.765  INFO MacBook-Pro --- [trap-executor-0] c.n.d.s.r.a.ConfigClusterResolver        : Resolving eureka endpoints via configuration
2020-11-25 12:01:08.781  INFO MacBook-Pro --- [trap-executor-0] c.n.d.s.r.a.ConfigClusterResolver        : Resolving eureka endpoints via configuration
2020-11-25 12:06:08.799  INFO MacBook-Pro --- [trap-executor-0] c.n.d.s.r.a.ConfigClusterResolver        : Resolving eureka endpoints via configuration
2020-11-25 12:11:08.813  INFO MacBook-Pro --- [trap-executor-0] c.n.d.s.r.a.ConfigClusterResolver        : Resolving eureka endpoints via configuration
2020-11-25 12:16:08.842  INFO MacBook-Pro --- [trap-executor-0] c.n.d.s.r.a.ConfigClusterResolver        : Resolving eureka endpoints via configuration
2020-11-25 12:21:10.721  INFO MacBook-Pro --- [trap-executor-0] c.n.d.s.r.a.ConfigClusterResolver        : Resolving eureka endpoints via configuration
2020-11-25 12:26:10.758  INFO MacBook-Pro --- [trap-executor-0] c.n.d.s.r.a.ConfigClusterResolver        : Resolving eureka endpoints via configuration
2020-11-25 12:31:10.822  INFO MacBook-Pro --- [trap-executor-0] c.n.d.s.r.a.ConfigClusterResolver        : Resolving eureka endpoints via configuration
2020-11-25 12:36:10.847  INFO MacBook-Pro --- [trap-executor-0] c.n.d.s.r.a.ConfigClusterResolver        : Resolving eureka endpoints via configuration
2020-11-25 12:40:50.864  INFO MacBook-Pro --- [nio-8012-exec-6] o.s.c.c.s.e.NativeEnvironmentRepository  : Adding property source: file:/var/folders/13/vj77kkpn43vft535f8vl4kp40000gn/T/config-repo-3893478594140606188/gymnast-service.properties
2020-11-25 12:40:50.868  INFO MacBook-Pro --- [nio-8012-exec-6] o.s.c.c.s.e.NativeEnvironmentRepository  : Adding property source: file:/var/folders/13/vj77kkpn43vft535f8vl4kp40000gn/T/config-repo-3893478594140606188/application.properties
2020-11-25 12:41:10.871  INFO MacBook-Pro --- [trap-executor-0] c.n.d.s.r.a.ConfigClusterResolver        : Resolving eureka endpoints via configuration
2020-11-25 12:42:00.711  INFO MacBook-Pro --- [io-8012-exec-10] o.s.c.c.s.e.NativeEnvironmentRepository  : Adding property source: file:/var/folders/13/vj77kkpn43vft535f8vl4kp40000gn/T/config-repo-3893478594140606188/gymnast-service.properties
2020-11-25 12:42:00.769  INFO MacBook-Pro --- [io-8012-exec-10] o.s.c.c.s.e.NativeEnvironmentRepository  : Adding property source: file:/var/folders/13/vj77kkpn43vft535f8vl4kp40000gn/T/config-repo-3893478594140606188/application.properties
2020-11-25 12:45:26.200  INFO MacBook-Pro --- [nio-8012-exec-1] o.s.c.c.s.e.NativeEnvironmentRepository  : Adding property source: file:/var/folders/13/vj77kkpn43vft535f8vl4kp40000gn/T/config-repo-3893478594140606188/gymnast-service.properties
2020-11-25 12:45:26.211  INFO MacBook-Pro --- [nio-8012-exec-1] o.s.c.c.s.e.NativeEnvironmentRepository  : Adding property source: file:/var/folders/13/vj77kkpn43vft535f8vl4kp40000gn/T/config-repo-3893478594140606188/application.properties
2020-11-25 12:46:10.885  INFO MacBook-Pro --- [trap-executor-0] c.n.d.s.r.a.ConfigClusterResolver        : Resolving eureka endpoints via configuration
2020-11-25 12:46:28.172  INFO MacBook-Pro --- [nio-8012-exec-3] o.s.c.c.s.e.NativeEnvironmentRepository  : Adding property source: file:/var/folders/13/vj77kkpn43vft535f8vl4kp40000gn/T/config-repo-3893478594140606188/gymnast-service.properties
2020-11-25 12:46:28.173  INFO MacBook-Pro --- [nio-8012-exec-3] o.s.c.c.s.e.NativeEnvironmentRepository  : Adding property source: file:/var/folders/13/vj77kkpn43vft535f8vl4kp40000gn/T/config-repo-3893478594140606188/application.properties
2020-11-25 12:47:44.346  INFO MacBook-Pro --- [nio-8012-exec-4] o.s.c.c.s.e.NativeEnvironmentRepository  : Adding property source: file:/var/folders/13/vj77kkpn43vft535f8vl4kp40000gn/T/config-repo-3893478594140606188/scheduler-service.properties
2020-11-25 12:47:44.351  INFO MacBook-Pro --- [nio-8012-exec-4] o.s.c.c.s.e.NativeEnvironmentRepository  : Adding property source: file:/var/folders/13/vj77kkpn43vft535f8vl4kp40000gn/T/config-repo-3893478594140606188/application.properties
2020-11-25 12:48:55.400  INFO MacBook-Pro --- [nio-8012-exec-7] o.s.c.c.s.e.NativeEnvironmentRepository  : Adding property source: file:/var/folders/13/vj77kkpn43vft535f8vl4kp40000gn/T/config-repo-3893478594140606188/scheduler-service.properties
2020-11-25 12:48:55.405  INFO MacBook-Pro --- [nio-8012-exec-7] o.s.c.c.s.e.NativeEnvironmentRepository  : Adding property source: file:/var/folders/13/vj77kkpn43vft535f8vl4kp40000gn/T/config-repo-3893478594140606188/application.properties
2020-11-25 12:51:10.894  INFO MacBook-Pro --- [trap-executor-0] c.n.d.s.r.a.ConfigClusterResolver        : Resolving eureka endpoints via configuration
2020-11-25 12:56:10.912  INFO MacBook-Pro --- [trap-executor-0] c.n.d.s.r.a.ConfigClusterResolver        : Resolving eureka endpoints via configuration
2020-11-25 13:02:13.295  WARN MacBook-Pro --- [l-1 housekeeper] c.z.h.p.HikariPool                       : HikariPool-1 - Thread starvation or clock leap detected (housekeeper delta=1m46s768ms).
2020-11-25 13:02:28.752  INFO MacBook-Pro --- [trap-executor-0] c.n.d.s.r.a.ConfigClusterResolver        : Resolving eureka endpoints via configuration
2020-11-25 13:07:28.766  INFO MacBook-Pro --- [trap-executor-0] c.n.d.s.r.a.ConfigClusterResolver        : Resolving eureka endpoints via configuration
2020-11-25 13:12:28.782  INFO MacBook-Pro --- [trap-executor-0] c.n.d.s.r.a.ConfigClusterResolver        : Resolving eureka endpoints via configuration
2020-11-25 13:15:29.857  INFO MacBook-Pro --- [nio-8012-exec-8] o.s.c.c.s.e.NativeEnvironmentRepository  : Adding property source: file:/var/folders/13/vj77kkpn43vft535f8vl4kp40000gn/T/config-repo-3893478594140606188/scheduler-service.properties
2020-11-25 13:15:29.861  INFO MacBook-Pro --- [nio-8012-exec-8] o.s.c.c.s.e.NativeEnvironmentRepository  : Adding property source: file:/var/folders/13/vj77kkpn43vft535f8vl4kp40000gn/T/config-repo-3893478594140606188/application.properties
2020-11-25 13:16:12.625  INFO MacBook-Pro --- [nio-8012-exec-6] o.s.c.c.s.e.NativeEnvironmentRepository  : Adding property source: file:/var/folders/13/vj77kkpn43vft535f8vl4kp40000gn/T/config-repo-3893478594140606188/school-service.properties
2020-11-25 13:16:12.626  INFO MacBook-Pro --- [nio-8012-exec-6] o.s.c.c.s.e.NativeEnvironmentRepository  : Adding property source: file:/var/folders/13/vj77kkpn43vft535f8vl4kp40000gn/T/config-repo-3893478594140606188/application.properties
2020-11-25 13:17:24.625  INFO MacBook-Pro --- [nio-8012-exec-1] o.s.c.c.s.e.NativeEnvironmentRepository  : Adding property source: file:/var/folders/13/vj77kkpn43vft535f8vl4kp40000gn/T/config-repo-3893478594140606188/scheduler-service.properties
2020-11-25 13:17:24.633  INFO MacBook-Pro --- [nio-8012-exec-1] o.s.c.c.s.e.NativeEnvironmentRepository  : Adding property source: file:/var/folders/13/vj77kkpn43vft535f8vl4kp40000gn/T/config-repo-3893478594140606188/application.properties
2020-11-25 13:17:28.793  INFO MacBook-Pro --- [trap-executor-0] c.n.d.s.r.a.ConfigClusterResolver        : Resolving eureka endpoints via configuration
2020-11-25 13:17:48.986  INFO MacBook-Pro --- [nio-8012-exec-2] o.s.c.c.s.e.NativeEnvironmentRepository  : Adding property source: file:/var/folders/13/vj77kkpn43vft535f8vl4kp40000gn/T/config-repo-3893478594140606188/school-service.properties
2020-11-25 13:17:48.989  INFO MacBook-Pro --- [nio-8012-exec-2] o.s.c.c.s.e.NativeEnvironmentRepository  : Adding property source: file:/var/folders/13/vj77kkpn43vft535f8vl4kp40000gn/T/config-repo-3893478594140606188/application.properties
2020-11-25 13:22:28.803  INFO MacBook-Pro --- [trap-executor-0] c.n.d.s.r.a.ConfigClusterResolver        : Resolving eureka endpoints via configuration
2020-11-25 13:27:28.823  INFO MacBook-Pro --- [trap-executor-0] c.n.d.s.r.a.ConfigClusterResolver        : Resolving eureka endpoints via configuration
2020-11-25 13:32:28.841  INFO MacBook-Pro --- [trap-executor-0] c.n.d.s.r.a.ConfigClusterResolver        : Resolving eureka endpoints via configuration
2020-11-25 13:37:28.858  INFO MacBook-Pro --- [trap-executor-0] c.n.d.s.r.a.ConfigClusterResolver        : Resolving eureka endpoints via configuration
2020-11-25 13:41:12.221  INFO MacBook-Pro --- [nio-8012-exec-3] o.s.c.c.s.e.NativeEnvironmentRepository  : Adding property source: file:/var/folders/13/vj77kkpn43vft535f8vl4kp40000gn/T/config-repo-3893478594140606188/scheduler-service.properties
2020-11-25 13:41:12.229  INFO MacBook-Pro --- [nio-8012-exec-3] o.s.c.c.s.e.NativeEnvironmentRepository  : Adding property source: file:/var/folders/13/vj77kkpn43vft535f8vl4kp40000gn/T/config-repo-3893478594140606188/application.properties
2020-11-25 13:42:28.878  INFO MacBook-Pro --- [trap-executor-0] c.n.d.s.r.a.ConfigClusterResolver        : Resolving eureka endpoints via configuration
2020-11-25 13:42:55.205  INFO MacBook-Pro --- [nio-8012-exec-5] o.s.c.c.s.e.NativeEnvironmentRepository  : Adding property source: file:/var/folders/13/vj77kkpn43vft535f8vl4kp40000gn/T/config-repo-3893478594140606188/scheduler-service.properties
2020-11-25 13:42:55.208  INFO MacBook-Pro --- [nio-8012-exec-5] o.s.c.c.s.e.NativeEnvironmentRepository  : Adding property source: file:/var/folders/13/vj77kkpn43vft535f8vl4kp40000gn/T/config-repo-3893478594140606188/application.properties
2020-11-25 13:47:28.897  INFO MacBook-Pro --- [trap-executor-0] c.n.d.s.r.a.ConfigClusterResolver        : Resolving eureka endpoints via configuration
2020-11-25 13:52:28.922  INFO MacBook-Pro --- [trap-executor-0] c.n.d.s.r.a.ConfigClusterResolver        : Resolving eureka endpoints via configuration
2020-11-25 13:57:28.942  INFO MacBook-Pro --- [trap-executor-0] c.n.d.s.r.a.ConfigClusterResolver        : Resolving eureka endpoints via configuration
2020-11-25 13:58:20.946  INFO MacBook-Pro --- [nio-8012-exec-7] o.s.c.c.s.e.NativeEnvironmentRepository  : Adding property source: file:/var/folders/13/vj77kkpn43vft535f8vl4kp40000gn/T/config-repo-3893478594140606188/school-service.properties
2020-11-25 13:58:20.948  INFO MacBook-Pro --- [nio-8012-exec-7] o.s.c.c.s.e.NativeEnvironmentRepository  : Adding property source: file:/var/folders/13/vj77kkpn43vft535f8vl4kp40000gn/T/config-repo-3893478594140606188/application.properties
2020-11-25 13:59:18.509  INFO MacBook-Pro --- [nio-8012-exec-6] o.s.c.c.s.e.NativeEnvironmentRepository  : Adding property source: file:/var/folders/13/vj77kkpn43vft535f8vl4kp40000gn/T/config-repo-3893478594140606188/school-service.properties
2020-11-25 13:59:18.515  INFO MacBook-Pro --- [nio-8012-exec-6] o.s.c.c.s.e.NativeEnvironmentRepository  : Adding property source: file:/var/folders/13/vj77kkpn43vft535f8vl4kp40000gn/T/config-repo-3893478594140606188/application.properties
2020-11-25 14:02:28.958  INFO MacBook-Pro --- [trap-executor-0] c.n.d.s.r.a.ConfigClusterResolver        : Resolving eureka endpoints via configuration
2020-11-25 14:03:24.578  INFO MacBook-Pro --- [io-8012-exec-10] o.s.c.c.s.e.NativeEnvironmentRepository  : Adding property source: file:/var/folders/13/vj77kkpn43vft535f8vl4kp40000gn/T/config-repo-3893478594140606188/user-service.properties
2020-11-25 14:03:24.579  INFO MacBook-Pro --- [io-8012-exec-10] o.s.c.c.s.e.NativeEnvironmentRepository  : Adding property source: file:/var/folders/13/vj77kkpn43vft535f8vl4kp40000gn/T/config-repo-3893478594140606188/application.properties
2020-11-25 14:04:33.903  INFO MacBook-Pro --- [nio-8012-exec-2] o.s.c.c.s.e.NativeEnvironmentRepository  : Adding property source: file:/var/folders/13/vj77kkpn43vft535f8vl4kp40000gn/T/config-repo-3893478594140606188/user-service.properties
2020-11-25 14:04:33.905  INFO MacBook-Pro --- [nio-8012-exec-2] o.s.c.c.s.e.NativeEnvironmentRepository  : Adding property source: file:/var/folders/13/vj77kkpn43vft535f8vl4kp40000gn/T/config-repo-3893478594140606188/application.properties
2020-11-25 14:05:20.954  INFO MacBook-Pro --- [nio-8012-exec-3] o.s.c.c.s.e.NativeEnvironmentRepository  : Adding property source: file:/var/folders/13/vj77kkpn43vft535f8vl4kp40000gn/T/config-repo-3893478594140606188/children-service.properties
2020-11-25 14:05:20.959  INFO MacBook-Pro --- [nio-8012-exec-3] o.s.c.c.s.e.NativeEnvironmentRepository  : Adding property source: file:/var/folders/13/vj77kkpn43vft535f8vl4kp40000gn/T/config-repo-3893478594140606188/application.properties
2020-11-25 14:06:28.886  INFO MacBook-Pro --- [nio-8012-exec-8] o.s.c.c.s.e.NativeEnvironmentRepository  : Adding property source: file:/var/folders/13/vj77kkpn43vft535f8vl4kp40000gn/T/config-repo-3893478594140606188/children-service.properties
2020-11-25 14:06:28.889  INFO MacBook-Pro --- [nio-8012-exec-8] o.s.c.c.s.e.NativeEnvironmentRepository  : Adding property source: file:/var/folders/13/vj77kkpn43vft535f8vl4kp40000gn/T/config-repo-3893478594140606188/application.properties
2020-11-25 14:07:01.848  INFO MacBook-Pro --- [nio-8012-exec-7] o.s.c.c.s.e.NativeEnvironmentRepository  : Adding property source: file:/var/folders/13/vj77kkpn43vft535f8vl4kp40000gn/T/config-repo-3893478594140606188/school-service.properties
2020-11-25 14:07:01.849  INFO MacBook-Pro --- [nio-8012-exec-7] o.s.c.c.s.e.NativeEnvironmentRepository  : Adding property source: file:/var/folders/13/vj77kkpn43vft535f8vl4kp40000gn/T/config-repo-3893478594140606188/application.properties
2020-11-25 14:07:28.979  INFO MacBook-Pro --- [trap-executor-0] c.n.d.s.r.a.ConfigClusterResolver        : Resolving eureka endpoints via configuration
2020-11-25 14:08:18.483  INFO MacBook-Pro --- [nio-8012-exec-9] o.s.c.c.s.e.NativeEnvironmentRepository  : Adding property source: file:/var/folders/13/vj77kkpn43vft535f8vl4kp40000gn/T/config-repo-3893478594140606188/school-service.properties
2020-11-25 14:08:18.502  INFO MacBook-Pro --- [nio-8012-exec-9] o.s.c.c.s.e.NativeEnvironmentRepository  : Adding property source: file:/var/folders/13/vj77kkpn43vft535f8vl4kp40000gn/T/config-repo-3893478594140606188/application.properties
2020-11-25 14:09:30.538  INFO MacBook-Pro --- [io-8012-exec-10] o.s.c.c.s.e.NativeEnvironmentRepository  : Adding property source: file:/var/folders/13/vj77kkpn43vft535f8vl4kp40000gn/T/config-repo-3893478594140606188/school-service.properties
2020-11-25 14:09:30.543  INFO MacBook-Pro --- [io-8012-exec-10] o.s.c.c.s.e.NativeEnvironmentRepository  : Adding property source: file:/var/folders/13/vj77kkpn43vft535f8vl4kp40000gn/T/config-repo-3893478594140606188/application.properties
2020-11-25 14:10:40.843  INFO MacBook-Pro --- [nio-8012-exec-2] o.s.c.c.s.e.NativeEnvironmentRepository  : Adding property source: file:/var/folders/13/vj77kkpn43vft535f8vl4kp40000gn/T/config-repo-3893478594140606188/school-service.properties
2020-11-25 14:10:40.847  INFO MacBook-Pro --- [nio-8012-exec-2] o.s.c.c.s.e.NativeEnvironmentRepository  : Adding property source: file:/var/folders/13/vj77kkpn43vft535f8vl4kp40000gn/T/config-repo-3893478594140606188/application.properties
2020-11-25 14:12:28.992  INFO MacBook-Pro --- [trap-executor-0] c.n.d.s.r.a.ConfigClusterResolver        : Resolving eureka endpoints via configuration
2020-11-25 14:13:07.676  INFO MacBook-Pro --- [nio-8012-exec-3] o.s.c.c.s.e.NativeEnvironmentRepository  : Adding property source: file:/var/folders/13/vj77kkpn43vft535f8vl4kp40000gn/T/config-repo-3893478594140606188/school-service.properties
2020-11-25 14:13:07.678  INFO MacBook-Pro --- [nio-8012-exec-3] o.s.c.c.s.e.NativeEnvironmentRepository  : Adding property source: file:/var/folders/13/vj77kkpn43vft535f8vl4kp40000gn/T/config-repo-3893478594140606188/application.properties
2020-11-25 14:14:31.726  INFO MacBook-Pro --- [nio-8012-exec-5] o.s.c.c.s.e.NativeEnvironmentRepository  : Adding property source: file:/var/folders/13/vj77kkpn43vft535f8vl4kp40000gn/T/config-repo-3893478594140606188/school-service.properties
2020-11-25 14:14:31.779  INFO MacBook-Pro --- [nio-8012-exec-5] o.s.c.c.s.e.NativeEnvironmentRepository  : Adding property source: file:/var/folders/13/vj77kkpn43vft535f8vl4kp40000gn/T/config-repo-3893478594140606188/application.properties
2020-11-25 14:14:32.675  INFO MacBook-Pro --- [nio-8012-exec-8] o.s.c.c.s.e.NativeEnvironmentRepository  : Adding property source: file:/var/folders/13/vj77kkpn43vft535f8vl4kp40000gn/T/config-repo-3893478594140606188/tsofim-service.properties
2020-11-25 14:14:32.678  INFO MacBook-Pro --- [nio-8012-exec-8] o.s.c.c.s.e.NativeEnvironmentRepository  : Adding property source: file:/var/folders/13/vj77kkpn43vft535f8vl4kp40000gn/T/config-repo-3893478594140606188/application.properties
2020-11-25 14:15:23.623  INFO MacBook-Pro --- [nio-8012-exec-7] o.s.c.c.s.e.NativeEnvironmentRepository  : Adding property source: file:/var/folders/13/vj77kkpn43vft535f8vl4kp40000gn/T/config-repo-3893478594140606188/tsofim-service.properties
2020-11-25 14:15:23.623  INFO MacBook-Pro --- [nio-8012-exec-7] o.s.c.c.s.e.NativeEnvironmentRepository  : Adding property source: file:/var/folders/13/vj77kkpn43vft535f8vl4kp40000gn/T/config-repo-3893478594140606188/application.properties
2020-11-25 14:17:29.006  INFO MacBook-Pro --- [trap-executor-0] c.n.d.s.r.a.ConfigClusterResolver        : Resolving eureka endpoints via configuration
2020-11-25 14:22:29.020  INFO MacBook-Pro --- [trap-executor-0] c.n.d.s.r.a.ConfigClusterResolver        : Resolving eureka endpoints via configuration
2020-11-25 14:33:32.539  WARN MacBook-Pro --- [l-1 housekeeper] c.z.h.p.HikariPool                       : HikariPool-1 - Thread starvation or clock leap detected (housekeeper delta=6m46s383ms).
2020-11-25 14:33:45.408  INFO MacBook-Pro --- [trap-executor-0] c.n.d.s.r.a.ConfigClusterResolver        : Resolving eureka endpoints via configuration
2020-11-25 14:58:01.411  WARN MacBook-Pro --- [l-1 housekeeper] c.z.h.p.HikariPool                       : HikariPool-1 - Thread starvation or clock leap detected (housekeeper delta=24m28s888ms).
2020-11-25 15:02:44.524  INFO MacBook-Pro --- [trap-executor-0] c.n.d.s.r.a.ConfigClusterResolver        : Resolving eureka endpoints via configuration
2020-11-25 15:07:44.541  INFO MacBook-Pro --- [trap-executor-0] c.n.d.s.r.a.ConfigClusterResolver        : Resolving eureka endpoints via configuration
2020-11-25 15:12:44.567  INFO MacBook-Pro --- [trap-executor-0] c.n.d.s.r.a.ConfigClusterResolver        : Resolving eureka endpoints via configuration
2020-11-25 15:17:44.583  INFO MacBook-Pro --- [trap-executor-0] c.n.d.s.r.a.ConfigClusterResolver        : Resolving eureka endpoints via configuration
2020-11-25 15:22:44.601  INFO MacBook-Pro --- [trap-executor-0] c.n.d.s.r.a.ConfigClusterResolver        : Resolving eureka endpoints via configuration
2020-11-25 15:27:44.621  INFO MacBook-Pro --- [trap-executor-0] c.n.d.s.r.a.ConfigClusterResolver        : Resolving eureka endpoints via configuration
2020-11-25 15:32:44.642  INFO MacBook-Pro --- [trap-executor-0] c.n.d.s.r.a.ConfigClusterResolver        : Resolving eureka endpoints via configuration
2020-11-25 15:37:44.655  INFO MacBook-Pro --- [trap-executor-0] c.n.d.s.r.a.ConfigClusterResolver        : Resolving eureka endpoints via configuration
2020-11-25 15:42:44.674  INFO MacBook-Pro --- [trap-executor-0] c.n.d.s.r.a.ConfigClusterResolver        : Resolving eureka endpoints via configuration
2020-11-25 15:47:44.690  INFO MacBook-Pro --- [trap-executor-0] c.n.d.s.r.a.ConfigClusterResolver        : Resolving eureka endpoints via configuration
2020-11-25 15:52:44.709  INFO MacBook-Pro --- [trap-executor-0] c.n.d.s.r.a.ConfigClusterResolver        : Resolving eureka endpoints via configuration
