2020-11-15 11:55:53.077  INFO MacBook-Pro --- [kground-preinit] o.h.v.i.u.Version                        : HV000001: Hibernate Validator 6.1.5.Final
2020-11-15 11:55:55.322  INFO MacBook-Pro --- [           main] c.c.c.ConfigServicePropertySourceLocator : Fetching config from server at : http://localhost:8012
2020-11-15 11:55:59.172  INFO MacBook-Pro --- [           main] c.c.c.ConfigServicePropertySourceLocator : Located environment: name=eureka-service, profiles=[default], label=main, version=e68167a115ca775b328050cd120afe52f138f2b5, state=null
2020-11-15 11:55:59.176  INFO MacBook-Pro --- [           main] b.c.PropertySourceBootstrapConfiguration : Located property source: [BootstrapPropertySource {name='bootstrapProperties-configClient'}, BootstrapPropertySource {name='bootstrapProperties-https://github.com/smilyk/briut.git/eureka-service.properties'}, BootstrapPropertySource {name='bootstrapProperties-https://github.com/smilyk/briut.git/application.properties'}]
2020-11-15 11:55:59.438  INFO MacBook-Pro --- [           main] c.e.EurekaServiceApplication             : No active profile set, falling back to default profiles: default
2020-11-15 11:56:00.950  WARN MacBook-Pro --- [           main] o.s.b.a.e.EndpointId                     : Endpoint ID 'hystrix.stream' contains invalid characters, please migrate to a valid format.
2020-11-15 11:56:02.237  WARN MacBook-Pro --- [           main] o.s.b.a.e.EndpointId                     : Endpoint ID 'bus-env' contains invalid characters, please migrate to a valid format.
2020-11-15 11:56:03.141  INFO MacBook-Pro --- [           main] .s.d.r.c.RepositoryConfigurationDelegate : Multiple Spring Data modules found, entering strict repository configuration mode!
2020-11-15 11:56:03.146  INFO MacBook-Pro --- [           main] .s.d.r.c.RepositoryConfigurationDelegate : Bootstrapping Spring Data JDBC repositories in DEFAULT mode.
2020-11-15 11:56:03.164  INFO MacBook-Pro --- [           main] .s.d.r.c.RepositoryConfigurationDelegate : Finished Spring Data repository scanning in 10ms. Found 0 JDBC repository interfaces.
2020-11-15 11:56:03.193  INFO MacBook-Pro --- [           main] .s.d.r.c.RepositoryConfigurationDelegate : Multiple Spring Data modules found, entering strict repository configuration mode!
2020-11-15 11:56:03.195  INFO MacBook-Pro --- [           main] .s.d.r.c.RepositoryConfigurationDelegate : Bootstrapping Spring Data JPA repositories in DEFERRED mode.
2020-11-15 11:56:03.207  INFO MacBook-Pro --- [           main] .s.d.r.c.RepositoryConfigurationDelegate : Finished Spring Data repository scanning in 4ms. Found 0 JPA repository interfaces.
2020-11-15 11:56:03.318  WARN MacBook-Pro --- [           main] o.s.b.a.e.EndpointId                     : Endpoint ID 'bus-refresh' contains invalid characters, please migrate to a valid format.
2020-11-15 11:56:03.516  WARN MacBook-Pro --- [           main] o.s.b.a.e.EndpointId                     : Endpoint ID 'service-registry' contains invalid characters, please migrate to a valid format.
2020-11-15 11:56:04.341  INFO MacBook-Pro --- [           main] o.s.c.c.s.GenericScope                   : BeanFactory id=b41476dc-b8bd-3441-8d2b-3835cf163c25
2020-11-15 11:56:04.413  INFO MacBook-Pro --- [           main] faultConfiguringBeanFactoryPostProcessor : No bean named 'errorChannel' has been explicitly defined. Therefore, a default PublishSubscribeChannel will be created.
2020-11-15 11:56:04.424  INFO MacBook-Pro --- [           main] faultConfiguringBeanFactoryPostProcessor : No bean named 'taskScheduler' has been explicitly defined. Therefore, a default ThreadPoolTaskScheduler will be created.
2020-11-15 11:56:04.432  INFO MacBook-Pro --- [           main] faultConfiguringBeanFactoryPostProcessor : No bean named 'integrationHeaderChannelRegistry' has been explicitly defined. Therefore, a default DefaultHeaderChannelRegistry will be created.
2020-11-15 11:56:05.704  INFO MacBook-Pro --- [           main] trationDelegate$BeanPostProcessorChecker : Bean 'integrationChannelResolver' of type [org.springframework.integration.support.channel.BeanFactoryChannelResolver] is not eligible for getting processed by all BeanPostProcessors (for example: not eligible for auto-proxying)
2020-11-15 11:56:05.717  INFO MacBook-Pro --- [           main] trationDelegate$BeanPostProcessorChecker : Bean 'integrationDisposableAutoCreatedBeans' of type [org.springframework.integration.config.annotation.Disposables] is not eligible for getting processed by all BeanPostProcessors (for example: not eligible for auto-proxying)
2020-11-15 11:56:05.828  INFO MacBook-Pro --- [           main] trationDelegate$BeanPostProcessorChecker : Bean 'org.springframework.integration.config.IntegrationManagementConfiguration' of type [org.springframework.integration.config.IntegrationManagementConfiguration] is not eligible for getting processed by all BeanPostProcessors (for example: not eligible for auto-proxying)
2020-11-15 11:56:06.980  INFO MacBook-Pro --- [           main] o.s.b.w.e.t.TomcatWebServer              : Tomcat initialized with port(s): 8761 (http)
2020-11-15 11:56:07.016  INFO MacBook-Pro --- [           main] o.a.c.h.Http11NioProtocol                : Initializing ProtocolHandler ["http-nio-8761"]
2020-11-15 11:56:07.018  INFO MacBook-Pro --- [           main] o.a.c.c.StandardService                  : Starting service [Tomcat]
2020-11-15 11:56:07.019  INFO MacBook-Pro --- [           main] o.a.c.c.StandardEngine                   : Starting Servlet engine: [Apache Tomcat/9.0.38]
2020-11-15 11:56:07.514  INFO MacBook-Pro --- [           main] o.a.c.c.C.[.[.[/]                        : Initializing Spring embedded WebApplicationContext
2020-11-15 11:56:07.516  INFO MacBook-Pro --- [           main] w.s.c.ServletWebServerApplicationContext : Root WebApplicationContext: initialization completed in 8020 ms
2020-11-15 11:56:07.888  WARN MacBook-Pro --- [           main] c.n.c.s.URLConfigurationSource           : No URLs will be polled as dynamic configuration sources.
2020-11-15 11:56:07.890  INFO MacBook-Pro --- [           main] c.n.c.s.URLConfigurationSource           : To enable URLs as dynamic configuration sources, define System property archaius.configurationSource.additionalUrls or make config.properties available on classpath.
2020-11-15 11:56:07.943  INFO MacBook-Pro --- [           main] c.n.c.DynamicPropertyFactory             : DynamicPropertyFactory is initialized with configuration sources: com.netflix.config.ConcurrentCompositeConfiguration@14e83c9d
2020-11-15 11:56:09.702  WARN MacBook-Pro --- [           main] o.s.c.s.z.ZipkinAutoConfiguration        : Check result of the [AsyncReporter{org.springframework.cloud.sleuth.zipkin2.sender.RestTemplateSender@3d2b8e}] contains an error [CheckResult{ok=false, error=org.springframework.web.client.ResourceAccessException: I/O error on POST request for "http://localhost:9411/api/v2/spans": Connection refused (Connection refused); nested exception is java.net.ConnectException: Connection refused (Connection refused)}]
2020-11-15 11:56:10.094  INFO MacBook-Pro --- [           main] o.s.b.a.e.w.ServletEndpointRegistrar     : Registered '/actuator/jolokia' to jolokia-actuator-endpoint
2020-11-15 11:56:10.293  INFO MacBook-Pro --- [           main] c.s.j.s.i.a.WebApplicationImpl           : Initiating Jersey application, version 'Jersey: 1.19.1 03/11/2016 02:08 PM'
2020-11-15 11:56:10.430  INFO MacBook-Pro --- [           main] c.n.d.p.DiscoveryJerseyProvider          : Using JSON encoding codec LegacyJacksonJson
2020-11-15 11:56:10.430  INFO MacBook-Pro --- [           main] c.n.d.p.DiscoveryJerseyProvider          : Using JSON decoding codec LegacyJacksonJson
2020-11-15 11:56:10.844  INFO MacBook-Pro --- [           main] c.n.d.p.DiscoveryJerseyProvider          : Using XML encoding codec XStreamXml
2020-11-15 11:56:10.844  INFO MacBook-Pro --- [           main] c.n.d.p.DiscoveryJerseyProvider          : Using XML decoding codec XStreamXml
2020-11-15 11:56:12.087  INFO MacBook-Pro --- [           main] o.s.s.c.ThreadPoolTaskExecutor           : Initializing ExecutorService 'applicationTaskExecutor'
2020-11-15 11:56:12.330  INFO MacBook-Pro --- [           main] o.s.s.c.ThreadPoolTaskScheduler          : Initializing ExecutorService 'taskScheduler'
2020-11-15 11:56:12.480  INFO MacBook-Pro --- [         task-1] o.h.j.i.u.LogHelper                      : HHH000204: Processing PersistenceUnitInfo [name: default]
2020-11-15 11:56:12.530  WARN MacBook-Pro --- [           main] o.s.c.n.a.ArchaiusAutoConfiguration      : No spring.application.name found, defaulting to 'application'
2020-11-15 11:56:12.532  WARN MacBook-Pro --- [           main] c.n.c.s.URLConfigurationSource           : No URLs will be polled as dynamic configuration sources.
2020-11-15 11:56:12.533  INFO MacBook-Pro --- [           main] c.n.c.s.URLConfigurationSource           : To enable URLs as dynamic configuration sources, define System property archaius.configurationSource.additionalUrls or make config.properties available on classpath.
2020-11-15 11:56:12.625  INFO MacBook-Pro --- [         task-1] o.h.Version                              : HHH000412: Hibernate ORM core version 5.4.21.Final
2020-11-15 11:56:12.831  WARN MacBook-Pro --- [           main] JpaBaseConfiguration$JpaWebConfiguration : spring.jpa.open-in-view is enabled by default. Therefore, database queries may be performed during view rendering. Explicitly configure spring.jpa.open-in-view to disable this warning
2020-11-15 11:56:13.115  INFO MacBook-Pro --- [         task-1] o.h.a.c.Version                          : HCANN000001: Hibernate Commons Annotations {5.1.0.Final}
2020-11-15 11:56:13.428  INFO MacBook-Pro --- [         task-1] c.z.h.HikariDataSource                   : HikariPool-1 - Starting...
2020-11-15 11:56:14.933  INFO MacBook-Pro --- [         task-1] c.z.h.HikariDataSource                   : HikariPool-1 - Start completed.
2020-11-15 11:56:15.007  INFO MacBook-Pro --- [           main] onConfiguration$FunctionBindingRegistrar : Functional binding is disabled due to the presense of @EnableBinding annotation in your configuration
2020-11-15 11:56:15.107  INFO MacBook-Pro --- [         task-1] o.h.d.Dialect                            : HHH000400: Using dialect: org.hibernate.dialect.MySQL8Dialect
2020-11-15 11:56:16.322  INFO MacBook-Pro --- [         task-1] o.h.e.t.j.p.i.JtaPlatformInitiator       : HHH000490: Using JtaPlatform implementation: [org.hibernate.engine.transaction.jta.platform.internal.NoJtaPlatform]
2020-11-15 11:56:16.346  INFO MacBook-Pro --- [         task-1] j.LocalContainerEntityManagerFactoryBean : Initialized JPA EntityManagerFactory for persistence unit 'default'
2020-11-15 11:56:17.440  INFO MacBook-Pro --- [           main] o.s.s.c.ThreadPoolTaskScheduler          : Initializing ExecutorService
2020-11-15 11:56:18.948  WARN MacBook-Pro --- [           main] ockingLoadBalancerClientRibbonWarnLogger : You already have RibbonLoadBalancerClient on your classpath. It will be used by default. As Spring Cloud Ribbon is in maintenance mode. We recommend switching to BlockingLoadBalancerClient instead. In order to use it, set the value of `spring.cloud.loadbalancer.ribbon.enabled` to `false` or remove spring-cloud-starter-netflix-ribbon from your project.
2020-11-15 11:56:19.742  INFO MacBook-Pro --- [           main] o.s.c.n.e.InstanceInfoFactory            : Setting initial instance status as: STARTING
2020-11-15 11:56:20.098  INFO MacBook-Pro --- [           main] c.n.d.DiscoveryClient                    : Initializing Eureka in region us-east-1
2020-11-15 11:56:20.288  INFO MacBook-Pro --- [           main] c.n.d.p.DiscoveryJerseyProvider          : Using JSON encoding codec LegacyJacksonJson
2020-11-15 11:56:20.290  INFO MacBook-Pro --- [           main] c.n.d.p.DiscoveryJerseyProvider          : Using JSON decoding codec LegacyJacksonJson
2020-11-15 11:56:20.371  INFO MacBook-Pro --- [           main] c.n.d.p.DiscoveryJerseyProvider          : Using XML encoding codec XStreamXml
2020-11-15 11:56:20.373  INFO MacBook-Pro --- [           main] c.n.d.p.DiscoveryJerseyProvider          : Using XML decoding codec XStreamXml
2020-11-15 11:56:20.825  INFO MacBook-Pro --- [           main] c.n.d.s.r.a.ConfigClusterResolver        : Resolving eureka endpoints via configuration
2020-11-15 11:56:20.932  INFO MacBook-Pro --- [           main] c.n.d.DiscoveryClient                    : Disable delta property : false
2020-11-15 11:56:20.932  INFO MacBook-Pro --- [           main] c.n.d.DiscoveryClient                    : Single vip registry refresh property : null
2020-11-15 11:56:20.933  INFO MacBook-Pro --- [           main] c.n.d.DiscoveryClient                    : Force full registry fetch : false
2020-11-15 11:56:20.933  INFO MacBook-Pro --- [           main] c.n.d.DiscoveryClient                    : Application is null : false
2020-11-15 11:56:20.933  INFO MacBook-Pro --- [           main] c.n.d.DiscoveryClient                    : Registered Applications size is zero : true
2020-11-15 11:56:20.933  INFO MacBook-Pro --- [           main] c.n.d.DiscoveryClient                    : Application version is -1: true
2020-11-15 11:56:20.934  INFO MacBook-Pro --- [           main] c.n.d.DiscoveryClient                    : Getting all instance registry info from the eureka server
2020-11-15 11:56:21.042 ERROR MacBook-Pro --- [           main] c.n.d.s.t.d.RedirectingEurekaHttpClient  : Request execution error. endpoint=DefaultEndpoint{ serviceUrl='http://localhost:8761/eureka/}
com.sun.jersey.api.client.ClientHandlerException: java.net.ConnectException: Connection refused (Connection refused)
	at com.sun.jersey.client.apache4.ApacheHttpClient4Handler.handle(ApacheHttpClient4Handler.java:187)
	at com.sun.jersey.api.client.filter.GZIPContentEncodingFilter.handle(GZIPContentEncodingFilter.java:123)
	at com.netflix.discovery.EurekaIdentityHeaderFilter.handle(EurekaIdentityHeaderFilter.java:27)
	at com.sun.jersey.api.client.Client.handle(Client.java:652)
	at com.sun.jersey.api.client.WebResource.handle(WebResource.java:682)
	at com.sun.jersey.api.client.WebResource.access$200(WebResource.java:74)
	at com.sun.jersey.api.client.WebResource$Builder.get(WebResource.java:509)
	at com.netflix.discovery.shared.transport.jersey.AbstractJerseyEurekaHttpClient.getApplicationsInternal(AbstractJerseyEurekaHttpClient.java:196)
	at com.netflix.discovery.shared.transport.jersey.AbstractJerseyEurekaHttpClient.getApplications(AbstractJerseyEurekaHttpClient.java:167)
	at com.netflix.discovery.shared.transport.decorator.EurekaHttpClientDecorator$6.execute(EurekaHttpClientDecorator.java:137)
	at com.netflix.discovery.shared.transport.decorator.MetricsCollectingEurekaHttpClient.execute(MetricsCollectingEurekaHttpClient.java:73)
	at com.netflix.discovery.shared.transport.decorator.EurekaHttpClientDecorator.getApplications(EurekaHttpClientDecorator.java:134)
	at com.netflix.discovery.shared.transport.decorator.EurekaHttpClientDecorator$6.execute(EurekaHttpClientDecorator.java:137)
	at com.netflix.discovery.shared.transport.decorator.RedirectingEurekaHttpClient.executeOnNewServer(RedirectingEurekaHttpClient.java:118)
	at com.netflix.discovery.shared.transport.decorator.RedirectingEurekaHttpClient.execute(RedirectingEurekaHttpClient.java:79)
	at com.netflix.discovery.shared.transport.decorator.EurekaHttpClientDecorator.getApplications(EurekaHttpClientDecorator.java:134)
	at com.netflix.discovery.shared.transport.decorator.EurekaHttpClientDecorator$6.execute(EurekaHttpClientDecorator.java:137)
	at com.netflix.discovery.shared.transport.decorator.RetryableEurekaHttpClient.execute(RetryableEurekaHttpClient.java:120)
	at com.netflix.discovery.shared.transport.decorator.EurekaHttpClientDecorator.getApplications(EurekaHttpClientDecorator.java:134)
	at com.netflix.discovery.shared.transport.decorator.EurekaHttpClientDecorator$6.execute(EurekaHttpClientDecorator.java:137)
	at com.netflix.discovery.shared.transport.decorator.SessionedEurekaHttpClient.execute(SessionedEurekaHttpClient.java:77)
	at com.netflix.discovery.shared.transport.decorator.EurekaHttpClientDecorator.getApplications(EurekaHttpClientDecorator.java:134)
	at com.netflix.discovery.DiscoveryClient.getAndStoreFullRegistry(DiscoveryClient.java:1074)
	at com.netflix.discovery.DiscoveryClient.fetchRegistry(DiscoveryClient.java:988)
	at com.netflix.discovery.DiscoveryClient.<init>(DiscoveryClient.java:433)
	at com.netflix.discovery.DiscoveryClient.<init>(DiscoveryClient.java:279)
	at com.netflix.discovery.DiscoveryClient.<init>(DiscoveryClient.java:275)
	at org.springframework.cloud.netflix.eureka.CloudEurekaClient.<init>(CloudEurekaClient.java:67)
	at org.springframework.cloud.netflix.eureka.EurekaClientAutoConfiguration$RefreshableEurekaClientConfiguration.eurekaClient(EurekaClientAutoConfiguration.java:324)
	at java.base/jdk.internal.reflect.NativeMethodAccessorImpl.invoke0(Native Method)
	at java.base/jdk.internal.reflect.NativeMethodAccessorImpl.invoke(NativeMethodAccessorImpl.java:62)
	at java.base/jdk.internal.reflect.DelegatingMethodAccessorImpl.invoke(DelegatingMethodAccessorImpl.java:43)
	at java.base/java.lang.reflect.Method.invoke(Method.java:566)
	at org.springframework.beans.factory.support.SimpleInstantiationStrategy.instantiate(SimpleInstantiationStrategy.java:154)
	at org.springframework.beans.factory.support.ConstructorResolver.instantiate(ConstructorResolver.java:650)
	at org.springframework.beans.factory.support.ConstructorResolver.instantiateUsingFactoryMethod(ConstructorResolver.java:635)
	at org.springframework.beans.factory.support.AbstractAutowireCapableBeanFactory.instantiateUsingFactoryMethod(AbstractAutowireCapableBeanFactory.java:1336)
	at org.springframework.beans.factory.support.AbstractAutowireCapableBeanFactory.createBeanInstance(AbstractAutowireCapableBeanFactory.java:1176)
	at org.springframework.beans.factory.support.AbstractAutowireCapableBeanFactory.doCreateBean(AbstractAutowireCapableBeanFactory.java:556)
	at org.springframework.beans.factory.support.AbstractAutowireCapableBeanFactory.createBean(AbstractAutowireCapableBeanFactory.java:516)
	at org.springframework.beans.factory.support.AbstractBeanFactory.lambda$doGetBean$1(AbstractBeanFactory.java:363)
	at org.springframework.cloud.context.scope.GenericScope$BeanLifecycleWrapper.getBean(GenericScope.java:389)
	at org.springframework.cloud.context.scope.GenericScope.get(GenericScope.java:186)
	at org.springframework.beans.factory.support.AbstractBeanFactory.doGetBean(AbstractBeanFactory.java:360)
	at org.springframework.beans.factory.support.AbstractBeanFactory.getBean(AbstractBeanFactory.java:202)
	at org.springframework.aop.target.SimpleBeanTargetSource.getTarget(SimpleBeanTargetSource.java:35)
	at org.springframework.aop.framework.JdkDynamicAopProxy.invoke(JdkDynamicAopProxy.java:192)
	at com.sun.proxy.$Proxy177.getApplications(Unknown Source)
	at org.springframework.cloud.netflix.eureka.server.EurekaServerAutoConfiguration.peerAwareInstanceRegistry(EurekaServerAutoConfiguration.java:154)
	at java.base/jdk.internal.reflect.NativeMethodAccessorImpl.invoke0(Native Method)
	at java.base/jdk.internal.reflect.NativeMethodAccessorImpl.invoke(NativeMethodAccessorImpl.java:62)
	at java.base/jdk.internal.reflect.DelegatingMethodAccessorImpl.invoke(DelegatingMethodAccessorImpl.java:43)
	at java.base/java.lang.reflect.Method.invoke(Method.java:566)
	at org.springframework.beans.factory.support.SimpleInstantiationStrategy.instantiate(SimpleInstantiationStrategy.java:154)
	at org.springframework.beans.factory.support.ConstructorResolver.instantiate(ConstructorResolver.java:650)
	at org.springframework.beans.factory.support.ConstructorResolver.instantiateUsingFactoryMethod(ConstructorResolver.java:635)
	at org.springframework.beans.factory.support.AbstractAutowireCapableBeanFactory.instantiateUsingFactoryMethod(AbstractAutowireCapableBeanFactory.java:1336)
	at org.springframework.beans.factory.support.AbstractAutowireCapableBeanFactory.createBeanInstance(AbstractAutowireCapableBeanFactory.java:1176)
	at org.springframework.beans.factory.support.AbstractAutowireCapableBeanFactory.doCreateBean(AbstractAutowireCapableBeanFactory.java:556)
	at org.springframework.beans.factory.support.AbstractAutowireCapableBeanFactory.createBean(AbstractAutowireCapableBeanFactory.java:516)
	at org.springframework.beans.factory.support.AbstractBeanFactory.lambda$doGetBean$0(AbstractBeanFactory.java:324)
	at org.springframework.beans.factory.support.DefaultSingletonBeanRegistry.getSingleton(DefaultSingletonBeanRegistry.java:234)
	at org.springframework.beans.factory.support.AbstractBeanFactory.doGetBean(AbstractBeanFactory.java:322)
	at org.springframework.beans.factory.support.AbstractBeanFactory.getBean(AbstractBeanFactory.java:202)
	at org.springframework.beans.factory.config.DependencyDescriptor.resolveCandidate(DependencyDescriptor.java:276)
	at org.springframework.beans.factory.support.DefaultListableBeanFactory.doResolveDependency(DefaultListableBeanFactory.java:1307)
	at org.springframework.beans.factory.support.DefaultListableBeanFactory.resolveDependency(DefaultListableBeanFactory.java:1227)
	at org.springframework.beans.factory.support.ConstructorResolver.resolveAutowiredArgument(ConstructorResolver.java:884)
	at org.springframework.beans.factory.support.ConstructorResolver.createArgumentArray(ConstructorResolver.java:788)
	at org.springframework.beans.factory.support.ConstructorResolver.instantiateUsingFactoryMethod(ConstructorResolver.java:538)
	at org.springframework.beans.factory.support.AbstractAutowireCapableBeanFactory.instantiateUsingFactoryMethod(AbstractAutowireCapableBeanFactory.java:1336)
	at org.springframework.beans.factory.support.AbstractAutowireCapableBeanFactory.createBeanInstance(AbstractAutowireCapableBeanFactory.java:1176)
	at org.springframework.beans.factory.support.AbstractAutowireCapableBeanFactory.doCreateBean(AbstractAutowireCapableBeanFactory.java:556)
	at org.springframework.beans.factory.support.AbstractAutowireCapableBeanFactory.createBean(AbstractAutowireCapableBeanFactory.java:516)
	at org.springframework.beans.factory.support.AbstractBeanFactory.lambda$doGetBean$0(AbstractBeanFactory.java:324)
	at org.springframework.beans.factory.support.DefaultSingletonBeanRegistry.getSingleton(DefaultSingletonBeanRegistry.java:234)
	at org.springframework.beans.factory.support.AbstractBeanFactory.doGetBean(AbstractBeanFactory.java:322)
	at org.springframework.beans.factory.support.AbstractBeanFactory.getBean(AbstractBeanFactory.java:202)
	at org.springframework.beans.factory.config.DependencyDescriptor.resolveCandidate(DependencyDescriptor.java:276)
	at org.springframework.beans.factory.support.DefaultListableBeanFactory.doResolveDependency(DefaultListableBeanFactory.java:1307)
	at org.springframework.beans.factory.support.DefaultListableBeanFactory.resolveDependency(DefaultListableBeanFactory.java:1227)
	at org.springframework.beans.factory.annotation.AutowiredAnnotationBeanPostProcessor$AutowiredFieldElement.inject(AutowiredAnnotationBeanPostProcessor.java:640)
	at org.springframework.beans.factory.annotation.InjectionMetadata.inject(InjectionMetadata.java:130)
	at org.springframework.beans.factory.annotation.AutowiredAnnotationBeanPostProcessor.postProcessProperties(AutowiredAnnotationBeanPostProcessor.java:399)
	at org.springframework.beans.factory.support.AbstractAutowireCapableBeanFactory.populateBean(AbstractAutowireCapableBeanFactory.java:1420)
	at org.springframework.beans.factory.support.AbstractAutowireCapableBeanFactory.doCreateBean(AbstractAutowireCapableBeanFactory.java:593)
	at org.springframework.beans.factory.support.AbstractAutowireCapableBeanFactory.createBean(AbstractAutowireCapableBeanFactory.java:516)
	at org.springframework.beans.factory.support.AbstractBeanFactory.lambda$doGetBean$0(AbstractBeanFactory.java:324)
	at org.springframework.beans.factory.support.DefaultSingletonBeanRegistry.getSingleton(DefaultSingletonBeanRegistry.java:234)
	at org.springframework.beans.factory.support.AbstractBeanFactory.doGetBean(AbstractBeanFactory.java:322)
	at org.springframework.beans.factory.support.AbstractBeanFactory.getBean(AbstractBeanFactory.java:202)
	at org.springframework.beans.factory.support.DefaultListableBeanFactory.preInstantiateSingletons(DefaultListableBeanFactory.java:897)
	at org.springframework.context.support.AbstractApplicationContext.finishBeanFactoryInitialization(AbstractApplicationContext.java:879)
	at org.springframework.context.support.AbstractApplicationContext.refresh(AbstractApplicationContext.java:551)
	at org.springframework.boot.web.servlet.context.ServletWebServerApplicationContext.refresh(ServletWebServerApplicationContext.java:143)
	at org.springframework.boot.SpringApplication.refresh(SpringApplication.java:758)
	at org.springframework.boot.SpringApplication.refresh(SpringApplication.java:750)
	at org.springframework.boot.SpringApplication.refreshContext(SpringApplication.java:397)
	at org.springframework.boot.SpringApplication.run(SpringApplication.java:315)
	at org.springframework.boot.SpringApplication.run(SpringApplication.java:1237)
	at org.springframework.boot.SpringApplication.run(SpringApplication.java:1226)
	at com.eureka.EurekaServiceApplication.main(EurekaServiceApplication.java:12)
Caused by: java.net.ConnectException: Connection refused (Connection refused)
	at java.base/java.net.PlainSocketImpl.socketConnect(Native Method)
	at java.base/java.net.AbstractPlainSocketImpl.doConnect(AbstractPlainSocketImpl.java:399)
	at java.base/java.net.AbstractPlainSocketImpl.connectToAddress(AbstractPlainSocketImpl.java:242)
	at java.base/java.net.AbstractPlainSocketImpl.connect(AbstractPlainSocketImpl.java:224)
	at java.base/java.net.SocksSocketImpl.connect(SocksSocketImpl.java:403)
	at java.base/java.net.Socket.connect(Socket.java:609)
	at org.apache.http.conn.scheme.PlainSocketFactory.connectSocket(PlainSocketFactory.java:121)
	at org.apache.http.impl.conn.DefaultClientConnectionOperator.openConnection(DefaultClientConnectionOperator.java:180)
	at org.apache.http.impl.conn.AbstractPoolEntry.open(AbstractPoolEntry.java:144)
	at org.apache.http.impl.conn.AbstractPooledConnAdapter.open(AbstractPooledConnAdapter.java:134)
	at org.apache.http.impl.client.DefaultRequestDirector.tryConnect(DefaultRequestDirector.java:605)
	at org.apache.http.impl.client.DefaultRequestDirector.execute(DefaultRequestDirector.java:440)
	at org.apache.http.impl.client.AbstractHttpClient.doExecute(AbstractHttpClient.java:835)
	at org.apache.http.impl.client.CloseableHttpClient.execute(CloseableHttpClient.java:118)
	at org.apache.http.impl.client.CloseableHttpClient.execute(CloseableHttpClient.java:56)
	at com.sun.jersey.client.apache4.ApacheHttpClient4Handler.handle(ApacheHttpClient4Handler.java:173)
	... 101 more
2020-11-15 11:56:21.060  WARN MacBook-Pro --- [           main] c.n.d.s.t.d.RetryableEurekaHttpClient    : Request execution failed with message: java.net.ConnectException: Connection refused (Connection refused)
2020-11-15 11:56:21.062 ERROR MacBook-Pro --- [           main] c.n.d.DiscoveryClient                    : DiscoveryClient_UNKNOWN/${spring.application.name}:70cef2b2f66f3953ddad01b7431b0ad1 - was unable to refresh its cache! status = Cannot execute request on any known server
com.netflix.discovery.shared.transport.TransportException: Cannot execute request on any known server
	at com.netflix.discovery.shared.transport.decorator.RetryableEurekaHttpClient.execute(RetryableEurekaHttpClient.java:112)
	at com.netflix.discovery.shared.transport.decorator.EurekaHttpClientDecorator.getApplications(EurekaHttpClientDecorator.java:134)
	at com.netflix.discovery.shared.transport.decorator.EurekaHttpClientDecorator$6.execute(EurekaHttpClientDecorator.java:137)
	at com.netflix.discovery.shared.transport.decorator.SessionedEurekaHttpClient.execute(SessionedEurekaHttpClient.java:77)
	at com.netflix.discovery.shared.transport.decorator.EurekaHttpClientDecorator.getApplications(EurekaHttpClientDecorator.java:134)
	at com.netflix.discovery.DiscoveryClient.getAndStoreFullRegistry(DiscoveryClient.java:1074)
	at com.netflix.discovery.DiscoveryClient.fetchRegistry(DiscoveryClient.java:988)
	at com.netflix.discovery.DiscoveryClient.<init>(DiscoveryClient.java:433)
	at com.netflix.discovery.DiscoveryClient.<init>(DiscoveryClient.java:279)
	at com.netflix.discovery.DiscoveryClient.<init>(DiscoveryClient.java:275)
	at org.springframework.cloud.netflix.eureka.CloudEurekaClient.<init>(CloudEurekaClient.java:67)
	at org.springframework.cloud.netflix.eureka.EurekaClientAutoConfiguration$RefreshableEurekaClientConfiguration.eurekaClient(EurekaClientAutoConfiguration.java:324)
	at java.base/jdk.internal.reflect.NativeMethodAccessorImpl.invoke0(Native Method)
	at java.base/jdk.internal.reflect.NativeMethodAccessorImpl.invoke(NativeMethodAccessorImpl.java:62)
	at java.base/jdk.internal.reflect.DelegatingMethodAccessorImpl.invoke(DelegatingMethodAccessorImpl.java:43)
	at java.base/java.lang.reflect.Method.invoke(Method.java:566)
	at org.springframework.beans.factory.support.SimpleInstantiationStrategy.instantiate(SimpleInstantiationStrategy.java:154)
	at org.springframework.beans.factory.support.ConstructorResolver.instantiate(ConstructorResolver.java:650)
	at org.springframework.beans.factory.support.ConstructorResolver.instantiateUsingFactoryMethod(ConstructorResolver.java:635)
	at org.springframework.beans.factory.support.AbstractAutowireCapableBeanFactory.instantiateUsingFactoryMethod(AbstractAutowireCapableBeanFactory.java:1336)
	at org.springframework.beans.factory.support.AbstractAutowireCapableBeanFactory.createBeanInstance(AbstractAutowireCapableBeanFactory.java:1176)
	at org.springframework.beans.factory.support.AbstractAutowireCapableBeanFactory.doCreateBean(AbstractAutowireCapableBeanFactory.java:556)
	at org.springframework.beans.factory.support.AbstractAutowireCapableBeanFactory.createBean(AbstractAutowireCapableBeanFactory.java:516)
	at org.springframework.beans.factory.support.AbstractBeanFactory.lambda$doGetBean$1(AbstractBeanFactory.java:363)
	at org.springframework.cloud.context.scope.GenericScope$BeanLifecycleWrapper.getBean(GenericScope.java:389)
	at org.springframework.cloud.context.scope.GenericScope.get(GenericScope.java:186)
	at org.springframework.beans.factory.support.AbstractBeanFactory.doGetBean(AbstractBeanFactory.java:360)
	at org.springframework.beans.factory.support.AbstractBeanFactory.getBean(AbstractBeanFactory.java:202)
	at org.springframework.aop.target.SimpleBeanTargetSource.getTarget(SimpleBeanTargetSource.java:35)
	at org.springframework.aop.framework.JdkDynamicAopProxy.invoke(JdkDynamicAopProxy.java:192)
	at com.sun.proxy.$Proxy177.getApplications(Unknown Source)
	at org.springframework.cloud.netflix.eureka.server.EurekaServerAutoConfiguration.peerAwareInstanceRegistry(EurekaServerAutoConfiguration.java:154)
	at java.base/jdk.internal.reflect.NativeMethodAccessorImpl.invoke0(Native Method)
	at java.base/jdk.internal.reflect.NativeMethodAccessorImpl.invoke(NativeMethodAccessorImpl.java:62)
	at java.base/jdk.internal.reflect.DelegatingMethodAccessorImpl.invoke(DelegatingMethodAccessorImpl.java:43)
	at java.base/java.lang.reflect.Method.invoke(Method.java:566)
	at org.springframework.beans.factory.support.SimpleInstantiationStrategy.instantiate(SimpleInstantiationStrategy.java:154)
	at org.springframework.beans.factory.support.ConstructorResolver.instantiate(ConstructorResolver.java:650)
	at org.springframework.beans.factory.support.ConstructorResolver.instantiateUsingFactoryMethod(ConstructorResolver.java:635)
	at org.springframework.beans.factory.support.AbstractAutowireCapableBeanFactory.instantiateUsingFactoryMethod(AbstractAutowireCapableBeanFactory.java:1336)
	at org.springframework.beans.factory.support.AbstractAutowireCapableBeanFactory.createBeanInstance(AbstractAutowireCapableBeanFactory.java:1176)
	at org.springframework.beans.factory.support.AbstractAutowireCapableBeanFactory.doCreateBean(AbstractAutowireCapableBeanFactory.java:556)
	at org.springframework.beans.factory.support.AbstractAutowireCapableBeanFactory.createBean(AbstractAutowireCapableBeanFactory.java:516)
	at org.springframework.beans.factory.support.AbstractBeanFactory.lambda$doGetBean$0(AbstractBeanFactory.java:324)
	at org.springframework.beans.factory.support.DefaultSingletonBeanRegistry.getSingleton(DefaultSingletonBeanRegistry.java:234)
	at org.springframework.beans.factory.support.AbstractBeanFactory.doGetBean(AbstractBeanFactory.java:322)
	at org.springframework.beans.factory.support.AbstractBeanFactory.getBean(AbstractBeanFactory.java:202)
	at org.springframework.beans.factory.config.DependencyDescriptor.resolveCandidate(DependencyDescriptor.java:276)
	at org.springframework.beans.factory.support.DefaultListableBeanFactory.doResolveDependency(DefaultListableBeanFactory.java:1307)
	at org.springframework.beans.factory.support.DefaultListableBeanFactory.resolveDependency(DefaultListableBeanFactory.java:1227)
	at org.springframework.beans.factory.support.ConstructorResolver.resolveAutowiredArgument(ConstructorResolver.java:884)
	at org.springframework.beans.factory.support.ConstructorResolver.createArgumentArray(ConstructorResolver.java:788)
	at org.springframework.beans.factory.support.ConstructorResolver.instantiateUsingFactoryMethod(ConstructorResolver.java:538)
	at org.springframework.beans.factory.support.AbstractAutowireCapableBeanFactory.instantiateUsingFactoryMethod(AbstractAutowireCapableBeanFactory.java:1336)
	at org.springframework.beans.factory.support.AbstractAutowireCapableBeanFactory.createBeanInstance(AbstractAutowireCapableBeanFactory.java:1176)
	at org.springframework.beans.factory.support.AbstractAutowireCapableBeanFactory.doCreateBean(AbstractAutowireCapableBeanFactory.java:556)
	at org.springframework.beans.factory.support.AbstractAutowireCapableBeanFactory.createBean(AbstractAutowireCapableBeanFactory.java:516)
	at org.springframework.beans.factory.support.AbstractBeanFactory.lambda$doGetBean$0(AbstractBeanFactory.java:324)
	at org.springframework.beans.factory.support.DefaultSingletonBeanRegistry.getSingleton(DefaultSingletonBeanRegistry.java:234)
	at org.springframework.beans.factory.support.AbstractBeanFactory.doGetBean(AbstractBeanFactory.java:322)
	at org.springframework.beans.factory.support.AbstractBeanFactory.getBean(AbstractBeanFactory.java:202)
	at org.springframework.beans.factory.config.DependencyDescriptor.resolveCandidate(DependencyDescriptor.java:276)
	at org.springframework.beans.factory.support.DefaultListableBeanFactory.doResolveDependency(DefaultListableBeanFactory.java:1307)
	at org.springframework.beans.factory.support.DefaultListableBeanFactory.resolveDependency(DefaultListableBeanFactory.java:1227)
	at org.springframework.beans.factory.annotation.AutowiredAnnotationBeanPostProcessor$AutowiredFieldElement.inject(AutowiredAnnotationBeanPostProcessor.java:640)
	at org.springframework.beans.factory.annotation.InjectionMetadata.inject(InjectionMetadata.java:130)
	at org.springframework.beans.factory.annotation.AutowiredAnnotationBeanPostProcessor.postProcessProperties(AutowiredAnnotationBeanPostProcessor.java:399)
	at org.springframework.beans.factory.support.AbstractAutowireCapableBeanFactory.populateBean(AbstractAutowireCapableBeanFactory.java:1420)
	at org.springframework.beans.factory.support.AbstractAutowireCapableBeanFactory.doCreateBean(AbstractAutowireCapableBeanFactory.java:593)
	at org.springframework.beans.factory.support.AbstractAutowireCapableBeanFactory.createBean(AbstractAutowireCapableBeanFactory.java:516)
	at org.springframework.beans.factory.support.AbstractBeanFactory.lambda$doGetBean$0(AbstractBeanFactory.java:324)
	at org.springframework.beans.factory.support.DefaultSingletonBeanRegistry.getSingleton(DefaultSingletonBeanRegistry.java:234)
	at org.springframework.beans.factory.support.AbstractBeanFactory.doGetBean(AbstractBeanFactory.java:322)
	at org.springframework.beans.factory.support.AbstractBeanFactory.getBean(AbstractBeanFactory.java:202)
	at org.springframework.beans.factory.support.DefaultListableBeanFactory.preInstantiateSingletons(DefaultListableBeanFactory.java:897)
	at org.springframework.context.support.AbstractApplicationContext.finishBeanFactoryInitialization(AbstractApplicationContext.java:879)
	at org.springframework.context.support.AbstractApplicationContext.refresh(AbstractApplicationContext.java:551)
	at org.springframework.boot.web.servlet.context.ServletWebServerApplicationContext.refresh(ServletWebServerApplicationContext.java:143)
	at org.springframework.boot.SpringApplication.refresh(SpringApplication.java:758)
	at org.springframework.boot.SpringApplication.refresh(SpringApplication.java:750)
	at org.springframework.boot.SpringApplication.refreshContext(SpringApplication.java:397)
	at org.springframework.boot.SpringApplication.run(SpringApplication.java:315)
	at org.springframework.boot.SpringApplication.run(SpringApplication.java:1237)
	at org.springframework.boot.SpringApplication.run(SpringApplication.java:1226)
	at com.eureka.EurekaServiceApplication.main(EurekaServiceApplication.java:12)
2020-11-15 11:56:21.081  WARN MacBook-Pro --- [           main] c.n.d.DiscoveryClient                    : Using default backup registry implementation which does not do anything.
2020-11-15 11:56:21.099  INFO MacBook-Pro --- [           main] c.n.d.DiscoveryClient                    : Not registering with Eureka server per configuration
2020-11-15 11:56:21.117  INFO MacBook-Pro --- [           main] c.n.d.DiscoveryClient                    : Discovery Client initialized at timestamp 1605434181108 with initial instances count: 0
2020-11-15 11:56:21.915  INFO MacBook-Pro --- [           main] c.n.e.DefaultEurekaServerContext         : Initializing ...
2020-11-15 11:56:21.925  INFO MacBook-Pro --- [           main] c.n.e.c.PeerEurekaNodes                  : Adding new peer nodes [http://localhost:8761/eureka/]
2020-11-15 11:56:21.943  INFO MacBook-Pro --- [           main] c.n.d.p.DiscoveryJerseyProvider          : Using JSON encoding codec LegacyJacksonJson
2020-11-15 11:56:21.943  INFO MacBook-Pro --- [           main] c.n.d.p.DiscoveryJerseyProvider          : Using JSON decoding codec LegacyJacksonJson
2020-11-15 11:56:21.946  INFO MacBook-Pro --- [           main] c.n.d.p.DiscoveryJerseyProvider          : Using XML encoding codec XStreamXml
2020-11-15 11:56:21.948  INFO MacBook-Pro --- [           main] c.n.d.p.DiscoveryJerseyProvider          : Using XML decoding codec XStreamXml
2020-11-15 11:56:22.286  INFO MacBook-Pro --- [           main] c.n.e.c.PeerEurekaNodes                  : Replica node URL:  http://localhost:8761/eureka/
2020-11-15 11:56:22.302  INFO MacBook-Pro --- [           main] c.n.e.r.AbstractInstanceRegistry         : Finished initializing remote region registries. All known remote regions: []
2020-11-15 11:56:22.304  INFO MacBook-Pro --- [           main] c.n.e.DefaultEurekaServerContext         : Initialized
2020-11-15 11:56:23.023  INFO MacBook-Pro --- [           main] o.s.b.a.e.w.EndpointLinksResolver        : Exposing 24 endpoint(s) beneath base path '/actuator'
2020-11-15 11:56:23.565  INFO MacBook-Pro --- [           main] o.s.c.s.m.DirectWithAttributesChannel    : Channel 'application-1.springCloudBusInput' has 1 subscriber(s).
2020-11-15 11:56:23.650  INFO MacBook-Pro --- [           main] o.s.i.e.EventDrivenConsumer              : Adding {logging-channel-adapter:_org.springframework.integration.errorLogger} as a subscriber to the 'errorChannel' channel
2020-11-15 11:56:23.653  INFO MacBook-Pro --- [           main] o.s.i.c.PublishSubscribeChannel          : Channel 'application-1.errorChannel' has 1 subscriber(s).
2020-11-15 11:56:23.655  INFO MacBook-Pro --- [           main] o.s.i.e.EventDrivenConsumer              : started bean '_org.springframework.integration.errorLogger'
2020-11-15 11:56:23.868  INFO MacBook-Pro --- [           main] c.c.c.ConfigServicePropertySourceLocator : Fetching config from server at : http://localhost:8012
2020-11-15 11:56:24.764  INFO MacBook-Pro --- [           main] c.c.c.ConfigServicePropertySourceLocator : Located environment: name=eureka-service, profiles=[default], label=main, version=e68167a115ca775b328050cd120afe52f138f2b5, state=null
2020-11-15 11:56:24.764  INFO MacBook-Pro --- [           main] b.c.PropertySourceBootstrapConfiguration : Located property source: [BootstrapPropertySource {name='bootstrapProperties-configClient'}, BootstrapPropertySource {name='bootstrapProperties-https://github.com/smilyk/briut.git/eureka-service.properties'}, BootstrapPropertySource {name='bootstrapProperties-https://github.com/smilyk/briut.git/application.properties'}]
2020-11-15 11:56:25.405  INFO MacBook-Pro --- [           main] DeferredRepositoryInitializationListener : Triggering deferred initialization of Spring Data repositories…
2020-11-15 11:56:25.407  INFO MacBook-Pro --- [           main] DeferredRepositoryInitializationListener : Spring Data repositories initialized!
2020-11-15 11:56:25.425 ERROR MacBook-Pro --- [gistrationTask1] o.s.s.s.TaskUtils$LoggingErrorHandler    : Unexpected error occurred in scheduled task
java.lang.IllegalStateException: couldn't determine local port. Please set spring.boot.admin.client.instance.service-base-url.
	at de.codecentric.boot.admin.client.registration.DefaultApplicationFactory.getLocalServerPort(DefaultApplicationFactory.java:192)
	at de.codecentric.boot.admin.client.registration.DefaultApplicationFactory.getServiceBaseUrl(DefaultApplicationFactory.java:104)
	at de.codecentric.boot.admin.client.registration.ServletApplicationFactory.getServiceUrl(ServletApplicationFactory.java:63)
	at de.codecentric.boot.admin.client.registration.ServletApplicationFactory.getManagementBaseUrl(ServletApplicationFactory.java:76)
	at de.codecentric.boot.admin.client.registration.DefaultApplicationFactory.getHealthUrl(DefaultApplicationFactory.java:154)
	at de.codecentric.boot.admin.client.registration.DefaultApplicationFactory.createApplication(DefaultApplicationFactory.java:80)
	at de.codecentric.boot.admin.client.registration.ApplicationRegistrator.register(ApplicationRegistrator.java:58)
	at org.springframework.scheduling.support.DelegatingErrorHandlingRunnable.run(DelegatingErrorHandlingRunnable.java:54)
	at java.base/java.util.concurrent.Executors$RunnableAdapter.call(Executors.java:515)
	at java.base/java.util.concurrent.FutureTask.runAndReset(FutureTask.java:305)
	at java.base/java.util.concurrent.ScheduledThreadPoolExecutor$ScheduledFutureTask.run(ScheduledThreadPoolExecutor.java:305)
	at java.base/java.util.concurrent.ThreadPoolExecutor.runWorker(ThreadPoolExecutor.java:1128)
	at java.base/java.util.concurrent.ThreadPoolExecutor$Worker.run(ThreadPoolExecutor.java:628)
	at java.base/java.lang.Thread.run(Thread.java:834)
2020-11-15 11:56:25.929  INFO MacBook-Pro --- [           main] o.s.a.r.c.CachingConnectionFactory       : Attempting to connect to: [localhost:5672]
2020-11-15 11:56:26.271  INFO MacBook-Pro --- [           main] o.s.a.r.c.CachingConnectionFactory       : Created new connection: rabbitConnectionFactory#135a8812:0/SimpleConnection@2e408d5a [delegate=amqp://user@127.0.0.1:5672/, localPort= 54961]
2020-11-15 11:56:26.524  INFO MacBook-Pro --- [           main] o.s.c.s.m.DirectWithAttributesChannel    : Channel 'application-1.springCloudBusOutput' has 1 subscriber(s).
2020-11-15 11:56:26.551  INFO MacBook-Pro --- [           main] o.s.c.n.e.s.EurekaServiceRegistry        : Registering application UNKNOWN with eureka with status UP
2020-11-15 11:56:26.557  INFO MacBook-Pro --- [      Thread-17] o.s.c.n.e.s.EurekaServerBootstrap        : Setting the eureka configuration..
2020-11-15 11:56:26.559  INFO MacBook-Pro --- [      Thread-17] o.s.c.n.e.s.EurekaServerBootstrap        : Eureka data center value eureka.datacenter is not set, defaulting to default
2020-11-15 11:56:26.562  INFO MacBook-Pro --- [      Thread-17] o.s.c.n.e.s.EurekaServerBootstrap        : Eureka environment value eureka.environment is not set, defaulting to test
2020-11-15 11:56:26.608  INFO MacBook-Pro --- [      Thread-17] o.s.c.n.e.s.EurekaServerBootstrap        : isAws returned false
2020-11-15 11:56:26.610  INFO MacBook-Pro --- [      Thread-17] o.s.c.n.e.s.EurekaServerBootstrap        : Initialized server context
2020-11-15 11:56:26.610  INFO MacBook-Pro --- [      Thread-17] c.n.e.r.PeerAwareInstanceRegistryImpl    : Got 1 instances from neighboring DS node
2020-11-15 11:56:26.611  INFO MacBook-Pro --- [      Thread-17] c.n.e.r.PeerAwareInstanceRegistryImpl    : Renew threshold is: 1
2020-11-15 11:56:26.612  INFO MacBook-Pro --- [      Thread-17] c.n.e.r.PeerAwareInstanceRegistryImpl    : Changing status to UP
2020-11-15 11:56:26.664  INFO MacBook-Pro --- [      Thread-17] e.s.EurekaServerInitializerConfiguration : Started Eureka Server
2020-11-15 11:56:26.827  INFO MacBook-Pro --- [           main] c.s.b.r.p.RabbitExchangeQueueProvisioner : declaring queue for inbound: springCloudBus.anonymous.pdJ1BzQ3TQuqJvkCugGEiQ, bound to: springCloudBus
2020-11-15 11:56:26.922  INFO MacBook-Pro --- [           main] o.s.c.s.b.BinderErrorChannel             : Channel 'springCloudBus.anonymous.pdJ1BzQ3TQuqJvkCugGEiQ.errors' has 1 subscriber(s).
2020-11-15 11:56:26.923  INFO MacBook-Pro --- [           main] o.s.c.s.b.BinderErrorChannel             : Channel 'springCloudBus.anonymous.pdJ1BzQ3TQuqJvkCugGEiQ.errors' has 2 subscriber(s).
2020-11-15 11:56:26.987  INFO MacBook-Pro --- [           main] o.s.i.a.i.AmqpInboundChannelAdapter      : started bean 'inbound.springCloudBus.anonymous.pdJ1BzQ3TQuqJvkCugGEiQ'
2020-11-15 11:56:26.989  INFO MacBook-Pro --- [           main] o.a.c.h.Http11NioProtocol                : Starting ProtocolHandler ["http-nio-8761"]
2020-11-15 11:56:27.026  INFO MacBook-Pro --- [           main] o.s.b.w.e.t.TomcatWebServer              : Tomcat started on port(s): 8761 (http) with context path ''
2020-11-15 11:56:27.028  INFO MacBook-Pro --- [           main] .s.c.n.e.s.EurekaAutoServiceRegistration : Updating port to 8761
2020-11-15 11:56:27.039  INFO MacBook-Pro --- [           main] DeferredRepositoryInitializationListener : Triggering deferred initialization of Spring Data repositories…
2020-11-15 11:56:27.041  INFO MacBook-Pro --- [           main] DeferredRepositoryInitializationListener : Spring Data repositories initialized!
2020-11-15 11:56:27.249  INFO MacBook-Pro --- [           main] c.e.EurekaServiceApplication             : Started EurekaServiceApplication in 35.455 seconds (JVM running for 41.272)
2020-11-15 11:56:35.569  WARN MacBook-Pro --- [gistrationTask1] d.c.b.a.c.r.ApplicationRegistrator       : Failed to register application as Application(name=spring-boot-application, managementUrl=http://macbook-pro:8761/actuator, healthUrl=http://macbook-pro:8761/actuator/health, serviceUrl=http://macbook-pro:8761/) at spring-boot-admin ([http://localhost:9999/instances]): I/O error on POST request for "http://localhost:9999/instances": Connect to localhost:9999 [localhost/127.0.0.1, localhost/0:0:0:0:0:0:0:1] failed: Connection refused (Connection refused); nested exception is org.apache.http.conn.HttpHostConnectException: Connect to localhost:9999 [localhost/127.0.0.1, localhost/0:0:0:0:0:0:0:1] failed: Connection refused (Connection refused). Further attempts are logged on DEBUG level
2020-11-15 11:56:51.097  INFO MacBook-Pro --- [freshExecutor-0] c.n.d.DiscoveryClient                    : Disable delta property : false
2020-11-15 11:56:51.102  INFO MacBook-Pro --- [freshExecutor-0] c.n.d.DiscoveryClient                    : Single vip registry refresh property : null
2020-11-15 11:56:51.103  INFO MacBook-Pro --- [freshExecutor-0] c.n.d.DiscoveryClient                    : Force full registry fetch : false
2020-11-15 11:56:51.103  INFO MacBook-Pro --- [freshExecutor-0] c.n.d.DiscoveryClient                    : Application is null : false
2020-11-15 11:56:51.103  INFO MacBook-Pro --- [freshExecutor-0] c.n.d.DiscoveryClient                    : Registered Applications size is zero : true
2020-11-15 11:56:51.104  INFO MacBook-Pro --- [freshExecutor-0] c.n.d.DiscoveryClient                    : Application version is -1: true
2020-11-15 11:56:51.104  INFO MacBook-Pro --- [freshExecutor-0] c.n.d.DiscoveryClient                    : Getting all instance registry info from the eureka server
2020-11-15 11:56:51.265  INFO MacBook-Pro --- [nio-8761-exec-1] o.a.c.c.C.[.[.[/]                        : Initializing Spring DispatcherServlet 'dispatcherServlet'
2020-11-15 11:56:51.266  INFO MacBook-Pro --- [nio-8761-exec-1] o.s.w.s.DispatcherServlet                : Initializing Servlet 'dispatcherServlet'
2020-11-15 11:56:51.301  INFO MacBook-Pro --- [nio-8761-exec-1] o.s.w.s.DispatcherServlet                : Completed initialization in 35 ms
2020-11-15 11:56:51.616  INFO MacBook-Pro --- [freshExecutor-0] c.n.d.DiscoveryClient                    : The response status is 200
2020-11-15 11:56:51.843  WARN MacBook-Pro --- [eSender@3d2b8e}] z.r.AsyncReporter$BoundedAsyncReporter   : Spans were dropped due to exceptions. All subsequent errors will be logged at FINE level.
2020-11-15 11:56:51.844  WARN MacBook-Pro --- [eSender@3d2b8e}] z.r.AsyncReporter$BoundedAsyncReporter   : Dropped 1 spans due to ResourceAccessException(I/O error on POST request for "http://localhost:9411/api/v2/spans": Connection refused (Connection refused); nested exception is java.net.ConnectException: Connection refused (Connection refused))
org.springframework.web.client.ResourceAccessException: I/O error on POST request for "http://localhost:9411/api/v2/spans": Connection refused (Connection refused); nested exception is java.net.ConnectException: Connection refused (Connection refused)
	at org.springframework.web.client.RestTemplate.doExecute(RestTemplate.java:748)
	at org.springframework.cloud.sleuth.zipkin2.sender.ZipkinRestTemplateWrapper.doExecute(ZipkinRestTemplateSenderConfiguration.java:228)
	at org.springframework.web.client.RestTemplate.exchange(RestTemplate.java:641)
	at org.springframework.cloud.sleuth.zipkin2.sender.RestTemplateSender.post(RestTemplateSender.java:129)
	at org.springframework.cloud.sleuth.zipkin2.sender.RestTemplateSender$HttpPostCall.doExecute(RestTemplateSender.java:142)
	at org.springframework.cloud.sleuth.zipkin2.sender.RestTemplateSender$HttpPostCall.doExecute(RestTemplateSender.java:132)
	at zipkin2.Call$Base.execute(Call.java:380)
	at zipkin2.reporter.AsyncReporter$BoundedAsyncReporter.flush(AsyncReporter.java:284)
	at zipkin2.reporter.AsyncReporter$Flusher.run(AsyncReporter.java:358)
	at java.base/java.lang.Thread.run(Thread.java:834)
Caused by: java.net.ConnectException: Connection refused (Connection refused)
	at java.base/java.net.PlainSocketImpl.socketConnect(Native Method)
	at java.base/java.net.AbstractPlainSocketImpl.doConnect(AbstractPlainSocketImpl.java:399)
	at java.base/java.net.AbstractPlainSocketImpl.connectToAddress(AbstractPlainSocketImpl.java:242)
	at java.base/java.net.AbstractPlainSocketImpl.connect(AbstractPlainSocketImpl.java:224)
	at java.base/java.net.Socket.connect(Socket.java:609)
	at java.base/sun.net.NetworkClient.doConnect(NetworkClient.java:177)
	at java.base/sun.net.www.http.HttpClient.openServer(HttpClient.java:474)
	at java.base/sun.net.www.http.HttpClient.openServer(HttpClient.java:569)
	at java.base/sun.net.www.http.HttpClient.<init>(HttpClient.java:242)
	at java.base/sun.net.www.http.HttpClient.New(HttpClient.java:341)
	at java.base/sun.net.www.http.HttpClient.New(HttpClient.java:362)
	at java.base/sun.net.www.protocol.http.HttpURLConnection.getNewHttpClient(HttpURLConnection.java:1248)
	at java.base/sun.net.www.protocol.http.HttpURLConnection.plainConnect0(HttpURLConnection.java:1187)
	at java.base/sun.net.www.protocol.http.HttpURLConnection.plainConnect(HttpURLConnection.java:1081)
	at java.base/sun.net.www.protocol.http.HttpURLConnection.connect(HttpURLConnection.java:1015)
	at org.springframework.http.client.SimpleBufferingClientHttpRequest.executeInternal(SimpleBufferingClientHttpRequest.java:76)
	at org.springframework.http.client.AbstractBufferingClientHttpRequest.executeInternal(AbstractBufferingClientHttpRequest.java:48)
	at org.springframework.http.client.AbstractClientHttpRequest.execute(AbstractClientHttpRequest.java:53)
	at org.springframework.web.client.RestTemplate.doExecute(RestTemplate.java:739)
	... 9 more
2020-11-15 11:56:54.257  WARN MacBook-Pro --- [nio-8761-exec-2] c.n.e.r.AbstractInstanceRegistry         : DS: Registry: lease doesn't exist, registering resource: CONFIG-SERVER - config
2020-11-15 11:56:54.261  WARN MacBook-Pro --- [nio-8761-exec-2] c.n.e.r.InstanceResource                 : Not Found (Renew): CONFIG-SERVER - config
2020-11-15 11:56:54.471  INFO MacBook-Pro --- [nio-8761-exec-5] c.n.e.r.AbstractInstanceRegistry         : Registered instance CONFIG-SERVER/config with status UP (replication=false)
2020-11-15 11:56:54.471  INFO MacBook-Pro --- [nio-8761-exec-4] c.n.e.r.AbstractInstanceRegistry         : Registered instance CONFIG-SERVER/config with status UP (replication=false)
2020-11-15 11:56:55.028  INFO MacBook-Pro --- [nio-8761-exec-6] c.n.e.r.AbstractInstanceRegistry         : Registered instance CONFIG-SERVER/config with status UP (replication=true)
2020-11-15 11:57:21.620  INFO MacBook-Pro --- [freshExecutor-0] c.n.d.DiscoveryClient                    : Disable delta property : false
2020-11-15 11:57:21.621  INFO MacBook-Pro --- [freshExecutor-0] c.n.d.DiscoveryClient                    : Single vip registry refresh property : null
2020-11-15 11:57:21.621  INFO MacBook-Pro --- [freshExecutor-0] c.n.d.DiscoveryClient                    : Force full registry fetch : false
2020-11-15 11:57:21.621  INFO MacBook-Pro --- [freshExecutor-0] c.n.d.DiscoveryClient                    : Application is null : false
2020-11-15 11:57:21.622  INFO MacBook-Pro --- [freshExecutor-0] c.n.d.DiscoveryClient                    : Registered Applications size is zero : true
2020-11-15 11:57:21.622  INFO MacBook-Pro --- [freshExecutor-0] c.n.d.DiscoveryClient                    : Application version is -1: false
2020-11-15 11:57:21.622  INFO MacBook-Pro --- [freshExecutor-0] c.n.d.DiscoveryClient                    : Getting all instance registry info from the eureka server
2020-11-15 11:57:21.635  INFO MacBook-Pro --- [freshExecutor-0] c.n.d.DiscoveryClient                    : The response status is 200
2020-11-15 11:57:26.618  INFO MacBook-Pro --- [a-EvictionTimer] c.n.e.r.AbstractInstanceRegistry         : Running the evict task with compensationTime 0ms
2020-11-15 11:58:26.621  INFO MacBook-Pro --- [a-EvictionTimer] c.n.e.r.AbstractInstanceRegistry         : Running the evict task with compensationTime 0ms
2020-11-15 11:58:43.652  INFO MacBook-Pro --- [nio-8761-exec-3] c.n.e.r.AbstractInstanceRegistry         : Registered instance EMAIL-SERVICE/email-service:8bf658e7bf49ace865f428ee895288e0 with status UP (replication=false)
2020-11-15 11:58:44.167  INFO MacBook-Pro --- [nio-8761-exec-2] c.n.e.r.AbstractInstanceRegistry         : Registered instance EMAIL-SERVICE/email-service:8bf658e7bf49ace865f428ee895288e0 with status UP (replication=true)
2020-11-15 11:59:03.624  INFO MacBook-Pro --- [nio-8761-exec-9] c.n.e.r.AbstractInstanceRegistry         : Registered instance USER-SERVICE/user-service:a15a0e5707f80e6ce10786a162ee9dc7 with status UP (replication=false)
2020-11-15 11:59:03.677  INFO MacBook-Pro --- [io-8761-exec-10] c.n.e.r.AbstractInstanceRegistry         : Cancelled instance EMAIL-SERVICE/email-service:8bf658e7bf49ace865f428ee895288e0 (replication=false)
2020-11-15 11:59:04.144  INFO MacBook-Pro --- [nio-8761-exec-3] c.n.e.r.AbstractInstanceRegistry         : Registered instance USER-SERVICE/user-service:a15a0e5707f80e6ce10786a162ee9dc7 with status UP (replication=true)
2020-11-15 11:59:04.145  WARN MacBook-Pro --- [nio-8761-exec-3] c.n.e.r.AbstractInstanceRegistry         : DS: Registry: cancel failed because Lease is not registered for: EMAIL-SERVICE/email-service:8bf658e7bf49ace865f428ee895288e0
2020-11-15 11:59:04.146  INFO MacBook-Pro --- [nio-8761-exec-3] c.n.e.r.InstanceResource                 : Not Found (Cancel): EMAIL-SERVICE - email-service:8bf658e7bf49ace865f428ee895288e0
2020-11-15 11:59:04.148  WARN MacBook-Pro --- [get_localhost-0] c.n.e.c.ReplicationTask                  : The replication of task EMAIL-SERVICE/email-service:8bf658e7bf49ace865f428ee895288e0:Cancel@localhost failed with response code 404
2020-11-15 11:59:04.149  WARN MacBook-Pro --- [get_localhost-0] c.n.e.c.PeerEurekaNode                   : EMAIL-SERVICE/email-service:8bf658e7bf49ace865f428ee895288e0:Cancel@localhost: missing entry.
2020-11-15 11:59:26.624  INFO MacBook-Pro --- [a-EvictionTimer] c.n.e.r.AbstractInstanceRegistry         : Running the evict task with compensationTime 4ms
2020-11-15 12:00:26.627  INFO MacBook-Pro --- [a-EvictionTimer] c.n.e.r.AbstractInstanceRegistry         : Running the evict task with compensationTime 2ms
2020-11-15 12:01:03.165  INFO MacBook-Pro --- [nio-8761-exec-9] c.n.e.r.AbstractInstanceRegistry         : Registered instance USER-SERVICE/user-service:a15a0e5707f80e6ce10786a162ee9dc7 with status DOWN (replication=false)
2020-11-15 12:01:03.741  INFO MacBook-Pro --- [nio-8761-exec-3] c.n.e.r.AbstractInstanceRegistry         : Registered instance USER-SERVICE/user-service:a15a0e5707f80e6ce10786a162ee9dc7 with status DOWN (replication=true)
2020-11-15 12:01:07.212  INFO MacBook-Pro --- [nio-8761-exec-2] c.n.e.r.AbstractInstanceRegistry         : Cancelled instance USER-SERVICE/user-service:a15a0e5707f80e6ce10786a162ee9dc7 (replication=false)
2020-11-15 12:01:07.744  WARN MacBook-Pro --- [nio-8761-exec-4] c.n.e.r.AbstractInstanceRegistry         : DS: Registry: cancel failed because Lease is not registered for: USER-SERVICE/user-service:a15a0e5707f80e6ce10786a162ee9dc7
2020-11-15 12:01:07.744  INFO MacBook-Pro --- [nio-8761-exec-4] c.n.e.r.InstanceResource                 : Not Found (Cancel): USER-SERVICE - user-service:a15a0e5707f80e6ce10786a162ee9dc7
2020-11-15 12:01:07.758  WARN MacBook-Pro --- [get_localhost-1] c.n.e.c.ReplicationTask                  : The replication of task USER-SERVICE/user-service:a15a0e5707f80e6ce10786a162ee9dc7:Cancel@localhost failed with response code 404
2020-11-15 12:01:07.761  WARN MacBook-Pro --- [get_localhost-1] c.n.e.c.PeerEurekaNode                   : USER-SERVICE/user-service:a15a0e5707f80e6ce10786a162ee9dc7:Cancel@localhost: missing entry.
2020-11-15 12:01:20.941  INFO MacBook-Pro --- [trap-executor-0] c.n.d.s.r.a.ConfigClusterResolver        : Resolving eureka endpoints via configuration
2020-11-15 12:01:26.628  INFO MacBook-Pro --- [a-EvictionTimer] c.n.e.r.AbstractInstanceRegistry         : Running the evict task with compensationTime 1ms
2020-11-15 12:02:26.631  INFO MacBook-Pro --- [a-EvictionTimer] c.n.e.r.AbstractInstanceRegistry         : Running the evict task with compensationTime 2ms
2020-11-15 12:02:28.878  INFO MacBook-Pro --- [nio-8761-exec-9] c.n.e.r.AbstractInstanceRegistry         : Registered instance USER-SERVICE/user-service:58237bd0e1b22da2e3b638bb805cec09 with status UP (replication=false)
2020-11-15 12:02:29.390  INFO MacBook-Pro --- [io-8761-exec-10] c.n.e.r.AbstractInstanceRegistry         : Registered instance USER-SERVICE/user-service:58237bd0e1b22da2e3b638bb805cec09 with status UP (replication=true)
2020-11-15 12:03:26.631  INFO MacBook-Pro --- [a-EvictionTimer] c.n.e.r.AbstractInstanceRegistry         : Running the evict task with compensationTime 0ms
2020-11-15 12:04:26.631  INFO MacBook-Pro --- [a-EvictionTimer] c.n.e.r.AbstractInstanceRegistry         : Running the evict task with compensationTime 0ms
2020-11-15 12:05:22.321  INFO MacBook-Pro --- [nio-8761-exec-3] c.n.e.r.AbstractInstanceRegistry         : Registered instance USER-SERVICE/user-service:58237bd0e1b22da2e3b638bb805cec09 with status DOWN (replication=false)
2020-11-15 12:05:22.840  INFO MacBook-Pro --- [nio-8761-exec-2] c.n.e.r.AbstractInstanceRegistry         : Registered instance USER-SERVICE/user-service:58237bd0e1b22da2e3b638bb805cec09 with status DOWN (replication=true)
2020-11-15 12:05:26.633  INFO MacBook-Pro --- [a-EvictionTimer] c.n.e.r.AbstractInstanceRegistry         : Running the evict task with compensationTime 1ms
2020-11-15 12:05:26.829  INFO MacBook-Pro --- [nio-8761-exec-7] c.n.e.r.AbstractInstanceRegistry         : Cancelled instance USER-SERVICE/user-service:58237bd0e1b22da2e3b638bb805cec09 (replication=false)
2020-11-15 12:05:27.338  WARN MacBook-Pro --- [nio-8761-exec-9] c.n.e.r.AbstractInstanceRegistry         : DS: Registry: cancel failed because Lease is not registered for: USER-SERVICE/user-service:58237bd0e1b22da2e3b638bb805cec09
2020-11-15 12:05:27.338  INFO MacBook-Pro --- [nio-8761-exec-9] c.n.e.r.InstanceResource                 : Not Found (Cancel): USER-SERVICE - user-service:58237bd0e1b22da2e3b638bb805cec09
2020-11-15 12:05:27.341  WARN MacBook-Pro --- [get_localhost-2] c.n.e.c.ReplicationTask                  : The replication of task USER-SERVICE/user-service:58237bd0e1b22da2e3b638bb805cec09:Cancel@localhost failed with response code 404
2020-11-15 12:05:27.342  WARN MacBook-Pro --- [get_localhost-2] c.n.e.c.PeerEurekaNode                   : USER-SERVICE/user-service:58237bd0e1b22da2e3b638bb805cec09:Cancel@localhost: missing entry.
2020-11-15 12:06:20.950  INFO MacBook-Pro --- [trap-executor-0] c.n.d.s.r.a.ConfigClusterResolver        : Resolving eureka endpoints via configuration
2020-11-15 12:06:26.635  INFO MacBook-Pro --- [a-EvictionTimer] c.n.e.r.AbstractInstanceRegistry         : Running the evict task with compensationTime 0ms
2020-11-15 12:06:49.794  INFO MacBook-Pro --- [nio-8761-exec-9] c.n.e.r.AbstractInstanceRegistry         : Registered instance USER-SERVICE/user-service:8ef69a139612fe750ca9b1946282c410 with status UP (replication=false)
2020-11-15 12:06:50.317  INFO MacBook-Pro --- [io-8761-exec-10] c.n.e.r.AbstractInstanceRegistry         : Registered instance USER-SERVICE/user-service:8ef69a139612fe750ca9b1946282c410 with status UP (replication=true)
2020-11-15 12:07:26.635  INFO MacBook-Pro --- [a-EvictionTimer] c.n.e.r.AbstractInstanceRegistry         : Running the evict task with compensationTime 0ms
2020-11-15 12:08:26.641  INFO MacBook-Pro --- [a-EvictionTimer] c.n.e.r.AbstractInstanceRegistry         : Running the evict task with compensationTime 5ms
2020-11-15 12:09:26.641  INFO MacBook-Pro --- [a-EvictionTimer] c.n.e.r.AbstractInstanceRegistry         : Running the evict task with compensationTime 0ms
2020-11-15 12:09:59.309  INFO MacBook-Pro --- [nio-8761-exec-1] c.n.e.r.AbstractInstanceRegistry         : Registered instance EMAIL-SERVICE/email-service:ad67098d7da1c41b9294ce3eba14e5cb with status UP (replication=false)
2020-11-15 12:09:59.822  INFO MacBook-Pro --- [nio-8761-exec-2] c.n.e.r.AbstractInstanceRegistry         : Registered instance EMAIL-SERVICE/email-service:ad67098d7da1c41b9294ce3eba14e5cb with status UP (replication=true)
2020-11-15 12:10:19.655  INFO MacBook-Pro --- [nio-8761-exec-3] c.n.e.r.AbstractInstanceRegistry         : Cancelled instance EMAIL-SERVICE/email-service:ad67098d7da1c41b9294ce3eba14e5cb (replication=false)
2020-11-15 12:10:20.175  WARN MacBook-Pro --- [nio-8761-exec-7] c.n.e.r.AbstractInstanceRegistry         : DS: Registry: cancel failed because Lease is not registered for: EMAIL-SERVICE/email-service:ad67098d7da1c41b9294ce3eba14e5cb
2020-11-15 12:10:20.176  INFO MacBook-Pro --- [nio-8761-exec-7] c.n.e.r.InstanceResource                 : Not Found (Cancel): EMAIL-SERVICE - email-service:ad67098d7da1c41b9294ce3eba14e5cb
2020-11-15 12:10:20.178  WARN MacBook-Pro --- [et_localhost-19] c.n.e.c.ReplicationTask                  : The replication of task EMAIL-SERVICE/email-service:ad67098d7da1c41b9294ce3eba14e5cb:Cancel@localhost failed with response code 404
2020-11-15 12:10:20.179  WARN MacBook-Pro --- [et_localhost-19] c.n.e.c.PeerEurekaNode                   : EMAIL-SERVICE/email-service:ad67098d7da1c41b9294ce3eba14e5cb:Cancel@localhost: missing entry.
2020-11-15 12:10:26.643  INFO MacBook-Pro --- [a-EvictionTimer] c.n.e.r.AbstractInstanceRegistry         : Running the evict task with compensationTime 1ms
2020-11-15 12:11:20.961  INFO MacBook-Pro --- [trap-executor-0] c.n.d.s.r.a.ConfigClusterResolver        : Resolving eureka endpoints via configuration
2020-11-15 12:11:22.331  INFO MacBook-Pro --- [hresholdUpdater] c.n.e.r.PeerAwareInstanceRegistryImpl    : Current renewal threshold is : 5
2020-11-15 12:11:26.644  INFO MacBook-Pro --- [a-EvictionTimer] c.n.e.r.AbstractInstanceRegistry         : Running the evict task with compensationTime 1ms
2020-11-15 12:12:26.649  INFO MacBook-Pro --- [a-EvictionTimer] c.n.e.r.AbstractInstanceRegistry         : Running the evict task with compensationTime 3ms
2020-11-15 12:13:05.988  INFO MacBook-Pro --- [nio-8761-exec-9] c.n.e.r.AbstractInstanceRegistry         : Registered instance EMAIL-SERVICE/email-service:642292b7e01ac23fab49d9f6571e7a31 with status UP (replication=false)
2020-11-15 12:13:06.508  INFO MacBook-Pro --- [io-8761-exec-10] c.n.e.r.AbstractInstanceRegistry         : Registered instance EMAIL-SERVICE/email-service:642292b7e01ac23fab49d9f6571e7a31 with status UP (replication=true)
2020-11-15 12:13:26.649  INFO MacBook-Pro --- [a-EvictionTimer] c.n.e.r.AbstractInstanceRegistry         : Running the evict task with compensationTime 1ms
2020-11-15 12:14:26.653  INFO MacBook-Pro --- [a-EvictionTimer] c.n.e.r.AbstractInstanceRegistry         : Running the evict task with compensationTime 1ms
2020-11-15 12:15:26.651  INFO MacBook-Pro --- [a-EvictionTimer] c.n.e.r.AbstractInstanceRegistry         : Running the evict task with compensationTime 0ms
2020-11-15 12:16:20.966  INFO MacBook-Pro --- [trap-executor-0] c.n.d.s.r.a.ConfigClusterResolver        : Resolving eureka endpoints via configuration
2020-11-15 12:16:26.652  INFO MacBook-Pro --- [a-EvictionTimer] c.n.e.r.AbstractInstanceRegistry         : Running the evict task with compensationTime 0ms
2020-11-15 12:17:26.655  INFO MacBook-Pro --- [a-EvictionTimer] c.n.e.r.AbstractInstanceRegistry         : Running the evict task with compensationTime 1ms
2020-11-15 12:17:30.151  INFO MacBook-Pro --- [nio-8761-exec-9] c.n.e.r.AbstractInstanceRegistry         : Registered instance EMAIL-SERVICE/email-service:642292b7e01ac23fab49d9f6571e7a31 with status DOWN (replication=false)
2020-11-15 12:17:30.661  INFO MacBook-Pro --- [io-8761-exec-10] c.n.e.r.AbstractInstanceRegistry         : Registered instance EMAIL-SERVICE/email-service:642292b7e01ac23fab49d9f6571e7a31 with status DOWN (replication=true)
2020-11-15 12:17:36.086  INFO MacBook-Pro --- [nio-8761-exec-1] c.n.e.r.AbstractInstanceRegistry         : Cancelled instance EMAIL-SERVICE/email-service:642292b7e01ac23fab49d9f6571e7a31 (replication=false)
2020-11-15 12:17:36.352  WARN MacBook-Pro --- [nio-8761-exec-4] c.n.e.r.AbstractInstanceRegistry         : DS: Registry: lease doesn't exist, registering resource: EMAIL-SERVICE - email-service:642292b7e01ac23fab49d9f6571e7a31
2020-11-15 12:17:36.352  WARN MacBook-Pro --- [nio-8761-exec-4] c.n.e.r.InstanceResource                 : Not Found (Renew): EMAIL-SERVICE - email-service:642292b7e01ac23fab49d9f6571e7a31
2020-11-15 12:17:36.352  WARN MacBook-Pro --- [nio-8761-exec-4] c.n.e.r.AbstractInstanceRegistry         : DS: Registry: cancel failed because Lease is not registered for: EMAIL-SERVICE/email-service:642292b7e01ac23fab49d9f6571e7a31
2020-11-15 12:17:36.359  INFO MacBook-Pro --- [nio-8761-exec-4] c.n.e.r.InstanceResource                 : Not Found (Cancel): EMAIL-SERVICE - email-service:642292b7e01ac23fab49d9f6571e7a31
2020-11-15 12:17:36.361  WARN MacBook-Pro --- [get_localhost-3] c.n.e.c.ReplicationTask                  : The replication of task EMAIL-SERVICE/email-service:642292b7e01ac23fab49d9f6571e7a31:Heartbeat@localhost failed with response code 404
2020-11-15 12:17:36.362  WARN MacBook-Pro --- [get_localhost-3] c.n.e.c.PeerEurekaNode                   : EMAIL-SERVICE/email-service:642292b7e01ac23fab49d9f6571e7a31:Heartbeat@localhost: missing entry.
2020-11-15 12:17:36.362  WARN MacBook-Pro --- [get_localhost-3] c.n.e.c.PeerEurekaNode                   : EMAIL-SERVICE/email-service:642292b7e01ac23fab49d9f6571e7a31:Heartbeat@localhost: cannot find instance id email-service:642292b7e01ac23fab49d9f6571e7a31 and hence replicating the instance with status DOWN
2020-11-15 12:17:36.362  WARN MacBook-Pro --- [get_localhost-3] c.n.e.c.ReplicationTask                  : The replication of task EMAIL-SERVICE/email-service:642292b7e01ac23fab49d9f6571e7a31:Cancel@localhost failed with response code 404
2020-11-15 12:17:36.363  WARN MacBook-Pro --- [get_localhost-3] c.n.e.c.PeerEurekaNode                   : EMAIL-SERVICE/email-service:642292b7e01ac23fab49d9f6571e7a31:Cancel@localhost: missing entry.
2020-11-15 12:17:36.880  INFO MacBook-Pro --- [nio-8761-exec-7] c.n.e.r.AbstractInstanceRegistry         : Registered instance EMAIL-SERVICE/email-service:642292b7e01ac23fab49d9f6571e7a31 with status DOWN (replication=true)
2020-11-15 12:18:26.658  INFO MacBook-Pro --- [a-EvictionTimer] c.n.e.r.AbstractInstanceRegistry         : Running the evict task with compensationTime 4ms
2020-11-15 12:18:41.529  INFO MacBook-Pro --- [nio-8761-exec-1] c.n.e.r.AbstractInstanceRegistry         : Registered instance EMAIL-SERVICE/email-service:affb00aa8b40596fe3e6ae0dced14ee5 with status UP (replication=false)
2020-11-15 12:18:42.048  INFO MacBook-Pro --- [nio-8761-exec-6] c.n.e.r.AbstractInstanceRegistry         : Registered instance EMAIL-SERVICE/email-service:affb00aa8b40596fe3e6ae0dced14ee5 with status UP (replication=true)
2020-11-15 12:19:26.665  INFO MacBook-Pro --- [a-EvictionTimer] c.n.e.r.AbstractInstanceRegistry         : Running the evict task with compensationTime 4ms
2020-11-15 12:19:26.671  INFO MacBook-Pro --- [a-EvictionTimer] c.n.e.r.AbstractInstanceRegistry         : Evicting 1 items (expired=1, evictionLimit=1)
2020-11-15 12:19:26.674  WARN MacBook-Pro --- [a-EvictionTimer] c.n.e.r.AbstractInstanceRegistry         : DS: Registry: expired lease for EMAIL-SERVICE/email-service:642292b7e01ac23fab49d9f6571e7a31
2020-11-15 12:19:26.676  INFO MacBook-Pro --- [a-EvictionTimer] c.n.e.r.AbstractInstanceRegistry         : Cancelled instance EMAIL-SERVICE/email-service:642292b7e01ac23fab49d9f6571e7a31 (replication=false)
2020-11-15 12:20:26.665  INFO MacBook-Pro --- [a-EvictionTimer] c.n.e.r.AbstractInstanceRegistry         : Running the evict task with compensationTime 1ms
2020-11-15 12:20:47.064  INFO MacBook-Pro --- [nio-8761-exec-4] c.n.e.r.AbstractInstanceRegistry         : Registered instance EMAIL-SERVICE/email-service:affb00aa8b40596fe3e6ae0dced14ee5 with status DOWN (replication=false)
2020-11-15 12:20:47.581  INFO MacBook-Pro --- [nio-8761-exec-5] c.n.e.r.AbstractInstanceRegistry         : Registered instance EMAIL-SERVICE/email-service:affb00aa8b40596fe3e6ae0dced14ee5 with status DOWN (replication=true)
2020-11-15 12:20:51.728  INFO MacBook-Pro --- [nio-8761-exec-2] c.n.e.r.AbstractInstanceRegistry         : Cancelled instance EMAIL-SERVICE/email-service:affb00aa8b40596fe3e6ae0dced14ee5 (replication=false)
2020-11-15 12:20:52.247  WARN MacBook-Pro --- [nio-8761-exec-6] c.n.e.r.AbstractInstanceRegistry         : DS: Registry: cancel failed because Lease is not registered for: EMAIL-SERVICE/email-service:affb00aa8b40596fe3e6ae0dced14ee5
2020-11-15 12:20:52.247  INFO MacBook-Pro --- [nio-8761-exec-6] c.n.e.r.InstanceResource                 : Not Found (Cancel): EMAIL-SERVICE - email-service:affb00aa8b40596fe3e6ae0dced14ee5
2020-11-15 12:20:52.249  WARN MacBook-Pro --- [et_localhost-12] c.n.e.c.ReplicationTask                  : The replication of task EMAIL-SERVICE/email-service:affb00aa8b40596fe3e6ae0dced14ee5:Cancel@localhost failed with response code 404
2020-11-15 12:20:52.250  WARN MacBook-Pro --- [et_localhost-12] c.n.e.c.PeerEurekaNode                   : EMAIL-SERVICE/email-service:affb00aa8b40596fe3e6ae0dced14ee5:Cancel@localhost: missing entry.
2020-11-15 12:21:05.785  INFO MacBook-Pro --- [nio-8761-exec-8] c.n.e.r.AbstractInstanceRegistry         : Registered instance USER-SERVICE/user-service:8ef69a139612fe750ca9b1946282c410 with status DOWN (replication=false)
2020-11-15 12:21:06.301  INFO MacBook-Pro --- [io-8761-exec-10] c.n.e.r.AbstractInstanceRegistry         : Registered instance USER-SERVICE/user-service:8ef69a139612fe750ca9b1946282c410 with status DOWN (replication=true)
2020-11-15 12:21:09.980  INFO MacBook-Pro --- [nio-8761-exec-2] c.n.e.r.AbstractInstanceRegistry         : Cancelled instance USER-SERVICE/user-service:8ef69a139612fe750ca9b1946282c410 (replication=false)
2020-11-15 12:21:10.488  WARN MacBook-Pro --- [nio-8761-exec-6] c.n.e.r.AbstractInstanceRegistry         : DS: Registry: cancel failed because Lease is not registered for: USER-SERVICE/user-service:8ef69a139612fe750ca9b1946282c410
2020-11-15 12:21:10.489  INFO MacBook-Pro --- [nio-8761-exec-6] c.n.e.r.InstanceResource                 : Not Found (Cancel): USER-SERVICE - user-service:8ef69a139612fe750ca9b1946282c410
2020-11-15 12:21:10.490  WARN MacBook-Pro --- [get_localhost-6] c.n.e.c.ReplicationTask                  : The replication of task USER-SERVICE/user-service:8ef69a139612fe750ca9b1946282c410:Cancel@localhost failed with response code 404
2020-11-15 12:21:10.491  WARN MacBook-Pro --- [get_localhost-6] c.n.e.c.PeerEurekaNode                   : USER-SERVICE/user-service:8ef69a139612fe750ca9b1946282c410:Cancel@localhost: missing entry.
2020-11-15 12:21:20.970  INFO MacBook-Pro --- [trap-executor-0] c.n.d.s.r.a.ConfigClusterResolver        : Resolving eureka endpoints via configuration
2020-11-15 12:21:26.669  INFO MacBook-Pro --- [a-EvictionTimer] c.n.e.r.AbstractInstanceRegistry         : Running the evict task with compensationTime 4ms
2020-11-15 12:22:26.709  INFO MacBook-Pro --- [a-EvictionTimer] c.n.e.r.AbstractInstanceRegistry         : Running the evict task with compensationTime 17ms
2020-11-15 12:22:46.648  INFO MacBook-Pro --- [nio-8761-exec-9] c.n.e.r.AbstractInstanceRegistry         : Registered instance EMAIL-SERVICE/email-service:f5d922ff56de468c2f701b66d5b1ec22 with status UP (replication=false)
2020-11-15 12:22:47.168  INFO MacBook-Pro --- [nio-8761-exec-8] c.n.e.r.AbstractInstanceRegistry         : Registered instance EMAIL-SERVICE/email-service:f5d922ff56de468c2f701b66d5b1ec22 with status UP (replication=true)
2020-11-15 12:23:26.689  INFO MacBook-Pro --- [a-EvictionTimer] c.n.e.r.AbstractInstanceRegistry         : Running the evict task with compensationTime 1ms
2020-11-15 12:24:26.692  INFO MacBook-Pro --- [a-EvictionTimer] c.n.e.r.AbstractInstanceRegistry         : Running the evict task with compensationTime 2ms
2020-11-15 12:25:26.694  INFO MacBook-Pro --- [a-EvictionTimer] c.n.e.r.AbstractInstanceRegistry         : Running the evict task with compensationTime 0ms
2020-11-15 12:26:20.976  INFO MacBook-Pro --- [trap-executor-0] c.n.d.s.r.a.ConfigClusterResolver        : Resolving eureka endpoints via configuration
2020-11-15 12:26:22.317  INFO MacBook-Pro --- [hresholdUpdater] c.n.e.r.PeerAwareInstanceRegistryImpl    : Current renewal threshold is : 5
2020-11-15 12:26:26.693  INFO MacBook-Pro --- [a-EvictionTimer] c.n.e.r.AbstractInstanceRegistry         : Running the evict task with compensationTime 0ms
2020-11-15 12:27:26.695  INFO MacBook-Pro --- [a-EvictionTimer] c.n.e.r.AbstractInstanceRegistry         : Running the evict task with compensationTime 1ms
2020-11-15 12:28:26.699  INFO MacBook-Pro --- [a-EvictionTimer] c.n.e.r.AbstractInstanceRegistry         : Running the evict task with compensationTime 2ms
2020-11-15 12:29:26.699  INFO MacBook-Pro --- [a-EvictionTimer] c.n.e.r.AbstractInstanceRegistry         : Running the evict task with compensationTime 0ms
2020-11-15 12:30:26.699  INFO MacBook-Pro --- [a-EvictionTimer] c.n.e.r.AbstractInstanceRegistry         : Running the evict task with compensationTime 0ms
2020-11-15 12:31:20.984  INFO MacBook-Pro --- [trap-executor-0] c.n.d.s.r.a.ConfigClusterResolver        : Resolving eureka endpoints via configuration
2020-11-15 12:31:26.699  INFO MacBook-Pro --- [a-EvictionTimer] c.n.e.r.AbstractInstanceRegistry         : Running the evict task with compensationTime 0ms
2020-11-15 12:32:26.699  INFO MacBook-Pro --- [a-EvictionTimer] c.n.e.r.AbstractInstanceRegistry         : Running the evict task with compensationTime 0ms
2020-11-15 12:33:26.704  INFO MacBook-Pro --- [a-EvictionTimer] c.n.e.r.AbstractInstanceRegistry         : Running the evict task with compensationTime 4ms
2020-11-15 12:34:26.709  INFO MacBook-Pro --- [a-EvictionTimer] c.n.e.r.AbstractInstanceRegistry         : Running the evict task with compensationTime 4ms
2020-11-15 12:35:26.709  INFO MacBook-Pro --- [a-EvictionTimer] c.n.e.r.AbstractInstanceRegistry         : Running the evict task with compensationTime 0ms
2020-11-15 12:36:20.987  INFO MacBook-Pro --- [trap-executor-0] c.n.d.s.r.a.ConfigClusterResolver        : Resolving eureka endpoints via configuration
2020-11-15 12:36:26.712  INFO MacBook-Pro --- [a-EvictionTimer] c.n.e.r.AbstractInstanceRegistry         : Running the evict task with compensationTime 2ms
2020-11-15 12:37:26.712  INFO MacBook-Pro --- [a-EvictionTimer] c.n.e.r.AbstractInstanceRegistry         : Running the evict task with compensationTime 0ms
2020-11-15 12:38:26.722  INFO MacBook-Pro --- [a-EvictionTimer] c.n.e.r.AbstractInstanceRegistry         : Running the evict task with compensationTime 9ms
2020-11-15 12:39:26.725  INFO MacBook-Pro --- [a-EvictionTimer] c.n.e.r.AbstractInstanceRegistry         : Running the evict task with compensationTime 3ms
2020-11-15 12:40:26.728  INFO MacBook-Pro --- [a-EvictionTimer] c.n.e.r.AbstractInstanceRegistry         : Running the evict task with compensationTime 1ms
2020-11-15 12:41:20.990  INFO MacBook-Pro --- [trap-executor-0] c.n.d.s.r.a.ConfigClusterResolver        : Resolving eureka endpoints via configuration
2020-11-15 12:41:22.328  INFO MacBook-Pro --- [hresholdUpdater] c.n.e.r.PeerAwareInstanceRegistryImpl    : Current renewal threshold is : 5
2020-11-15 12:41:26.728  INFO MacBook-Pro --- [a-EvictionTimer] c.n.e.r.AbstractInstanceRegistry         : Running the evict task with compensationTime 0ms
2020-11-15 12:42:26.733  INFO MacBook-Pro --- [a-EvictionTimer] c.n.e.r.AbstractInstanceRegistry         : Running the evict task with compensationTime 3ms
2020-11-15 12:43:26.737  INFO MacBook-Pro --- [a-EvictionTimer] c.n.e.r.AbstractInstanceRegistry         : Running the evict task with compensationTime 4ms
2020-11-15 12:44:26.740  INFO MacBook-Pro --- [a-EvictionTimer] c.n.e.r.AbstractInstanceRegistry         : Running the evict task with compensationTime 1ms
2020-11-15 12:45:26.741  INFO MacBook-Pro --- [a-EvictionTimer] c.n.e.r.AbstractInstanceRegistry         : Running the evict task with compensationTime 2ms
2020-11-15 12:45:29.962  INFO MacBook-Pro --- [nio-8761-exec-1] c.n.e.r.AbstractInstanceRegistry         : Registered instance USER-SERVICE/user-service:ba2747bbdf849d9bda250552e14ef7b3 with status UP (replication=false)
2020-11-15 12:45:30.512  INFO MacBook-Pro --- [io-8761-exec-10] c.n.e.r.AbstractInstanceRegistry         : Registered instance USER-SERVICE/user-service:ba2747bbdf849d9bda250552e14ef7b3 with status UP (replication=true)
2020-11-15 12:46:21.000  INFO MacBook-Pro --- [trap-executor-0] c.n.d.s.r.a.ConfigClusterResolver        : Resolving eureka endpoints via configuration
2020-11-15 12:46:26.745  INFO MacBook-Pro --- [a-EvictionTimer] c.n.e.r.AbstractInstanceRegistry         : Running the evict task with compensationTime 3ms
2020-11-15 12:47:26.747  INFO MacBook-Pro --- [a-EvictionTimer] c.n.e.r.AbstractInstanceRegistry         : Running the evict task with compensationTime 2ms
2020-11-15 12:48:26.748  INFO MacBook-Pro --- [a-EvictionTimer] c.n.e.r.AbstractInstanceRegistry         : Running the evict task with compensationTime 0ms
2020-11-15 12:49:26.748  INFO MacBook-Pro --- [a-EvictionTimer] c.n.e.r.AbstractInstanceRegistry         : Running the evict task with compensationTime 0ms
2020-11-15 12:50:26.749  INFO MacBook-Pro --- [a-EvictionTimer] c.n.e.r.AbstractInstanceRegistry         : Running the evict task with compensationTime 1ms
2020-11-15 12:51:21.005  INFO MacBook-Pro --- [trap-executor-0] c.n.d.s.r.a.ConfigClusterResolver        : Resolving eureka endpoints via configuration
2020-11-15 12:51:26.750  INFO MacBook-Pro --- [a-EvictionTimer] c.n.e.r.AbstractInstanceRegistry         : Running the evict task with compensationTime 0ms
2020-11-15 12:52:26.753  INFO MacBook-Pro --- [a-EvictionTimer] c.n.e.r.AbstractInstanceRegistry         : Running the evict task with compensationTime 2ms
2020-11-15 12:53:26.755  INFO MacBook-Pro --- [a-EvictionTimer] c.n.e.r.AbstractInstanceRegistry         : Running the evict task with compensationTime 0ms
2020-11-15 12:54:26.753  INFO MacBook-Pro --- [a-EvictionTimer] c.n.e.r.AbstractInstanceRegistry         : Running the evict task with compensationTime 0ms
2020-11-15 12:54:26.759  INFO MacBook-Pro --- [a-EvictionTimer] c.n.e.r.AbstractInstanceRegistry         : Evicting 1 items (expired=1, evictionLimit=1)
2020-11-15 12:54:26.762  WARN MacBook-Pro --- [a-EvictionTimer] c.n.e.r.AbstractInstanceRegistry         : DS: Registry: expired lease for USER-SERVICE/user-service:ba2747bbdf849d9bda250552e14ef7b3
2020-11-15 12:54:26.767  INFO MacBook-Pro --- [a-EvictionTimer] c.n.e.r.AbstractInstanceRegistry         : Cancelled instance USER-SERVICE/user-service:ba2747bbdf849d9bda250552e14ef7b3 (replication=false)
2020-11-15 12:55:26.755  INFO MacBook-Pro --- [a-EvictionTimer] c.n.e.r.AbstractInstanceRegistry         : Running the evict task with compensationTime 1ms
2020-11-15 12:56:21.017  INFO MacBook-Pro --- [trap-executor-0] c.n.d.s.r.a.ConfigClusterResolver        : Resolving eureka endpoints via configuration
2020-11-15 12:56:22.337  INFO MacBook-Pro --- [hresholdUpdater] c.n.e.r.PeerAwareInstanceRegistryImpl    : Current renewal threshold is : 5
2020-11-15 12:56:26.762  INFO MacBook-Pro --- [a-EvictionTimer] c.n.e.r.AbstractInstanceRegistry         : Running the evict task with compensationTime 3ms
2020-11-15 12:57:26.761  INFO MacBook-Pro --- [a-EvictionTimer] c.n.e.r.AbstractInstanceRegistry         : Running the evict task with compensationTime 1ms
2020-11-15 12:58:26.766  INFO MacBook-Pro --- [a-EvictionTimer] c.n.e.r.AbstractInstanceRegistry         : Running the evict task with compensationTime 4ms
2020-11-15 12:59:26.769  INFO MacBook-Pro --- [a-EvictionTimer] c.n.e.r.AbstractInstanceRegistry         : Running the evict task with compensationTime 3ms
2020-11-15 13:00:26.773  INFO MacBook-Pro --- [a-EvictionTimer] c.n.e.r.AbstractInstanceRegistry         : Running the evict task with compensationTime 2ms
2020-11-15 13:01:21.028  INFO MacBook-Pro --- [trap-executor-0] c.n.d.s.r.a.ConfigClusterResolver        : Resolving eureka endpoints via configuration
2020-11-15 13:01:26.777  INFO MacBook-Pro --- [a-EvictionTimer] c.n.e.r.AbstractInstanceRegistry         : Running the evict task with compensationTime 4ms
2020-11-15 13:01:37.919  WARN MacBook-Pro --- [nio-8761-exec-6] c.n.e.r.AbstractInstanceRegistry         : DS: Registry: lease doesn't exist, registering resource: USER-SERVICE - user-service:ba2747bbdf849d9bda250552e14ef7b3
2020-11-15 13:01:37.920  WARN MacBook-Pro --- [nio-8761-exec-6] c.n.e.r.InstanceResource                 : Not Found (Renew): USER-SERVICE - user-service:ba2747bbdf849d9bda250552e14ef7b3
2020-11-15 13:01:37.938  INFO MacBook-Pro --- [nio-8761-exec-1] c.n.e.r.AbstractInstanceRegistry         : Registered instance USER-SERVICE/user-service:ba2747bbdf849d9bda250552e14ef7b3 with status UP (replication=false)
2020-11-15 13:01:38.449  INFO MacBook-Pro --- [nio-8761-exec-9] c.n.e.r.AbstractInstanceRegistry         : Registered instance USER-SERVICE/user-service:ba2747bbdf849d9bda250552e14ef7b3 with status DOWN (replication=false)
2020-11-15 13:01:38.456  WARN MacBook-Pro --- [nio-8761-exec-5] c.n.e.r.AbstractInstanceRegistry         : There is an existing lease and the existing lease's dirty timestamp 1605438098440 is greater than the one that is being registered 1605438097928
2020-11-15 13:01:38.458  WARN MacBook-Pro --- [nio-8761-exec-5] c.n.e.r.AbstractInstanceRegistry         : Using the existing instanceInfo instead of the new instanceInfo as the registrant
2020-11-15 13:01:38.459  INFO MacBook-Pro --- [nio-8761-exec-5] c.n.e.r.AbstractInstanceRegistry         : Registered instance USER-SERVICE/user-service:ba2747bbdf849d9bda250552e14ef7b3 with status DOWN (replication=true)
2020-11-15 13:01:38.957  INFO MacBook-Pro --- [nio-8761-exec-3] c.n.e.r.AbstractInstanceRegistry         : Registered instance USER-SERVICE/user-service:ba2747bbdf849d9bda250552e14ef7b3 with status DOWN (replication=true)
2020-11-15 13:01:43.858  INFO MacBook-Pro --- [nio-8761-exec-7] c.n.e.r.AbstractInstanceRegistry         : Cancelled instance USER-SERVICE/user-service:ba2747bbdf849d9bda250552e14ef7b3 (replication=false)
2020-11-15 13:01:44.380  WARN MacBook-Pro --- [nio-8761-exec-4] c.n.e.r.AbstractInstanceRegistry         : DS: Registry: cancel failed because Lease is not registered for: USER-SERVICE/user-service:ba2747bbdf849d9bda250552e14ef7b3
2020-11-15 13:01:44.380  INFO MacBook-Pro --- [nio-8761-exec-4] c.n.e.r.InstanceResource                 : Not Found (Cancel): USER-SERVICE - user-service:ba2747bbdf849d9bda250552e14ef7b3
2020-11-15 13:01:44.389  WARN MacBook-Pro --- [et_localhost-12] c.n.e.c.ReplicationTask                  : The replication of task USER-SERVICE/user-service:ba2747bbdf849d9bda250552e14ef7b3:Cancel@localhost failed with response code 404
2020-11-15 13:01:44.393  WARN MacBook-Pro --- [et_localhost-12] c.n.e.c.PeerEurekaNode                   : USER-SERVICE/user-service:ba2747bbdf849d9bda250552e14ef7b3:Cancel@localhost: missing entry.
2020-11-15 13:02:26.779  INFO MacBook-Pro --- [a-EvictionTimer] c.n.e.r.AbstractInstanceRegistry         : Running the evict task with compensationTime 1ms
2020-11-15 13:03:26.781  INFO MacBook-Pro --- [a-EvictionTimer] c.n.e.r.AbstractInstanceRegistry         : Running the evict task with compensationTime 1ms
2020-11-15 13:03:52.585  INFO MacBook-Pro --- [nio-8761-exec-5] c.n.e.r.AbstractInstanceRegistry         : Registered instance USER-SERVICE/user-service:3bd1b4928e26ac3453dcc180f73e1161 with status UP (replication=false)
2020-11-15 13:03:53.112  INFO MacBook-Pro --- [nio-8761-exec-3] c.n.e.r.AbstractInstanceRegistry         : Registered instance USER-SERVICE/user-service:3bd1b4928e26ac3453dcc180f73e1161 with status UP (replication=true)
2020-11-15 13:04:26.782  INFO MacBook-Pro --- [a-EvictionTimer] c.n.e.r.AbstractInstanceRegistry         : Running the evict task with compensationTime 1ms
2020-11-15 13:05:26.782  INFO MacBook-Pro --- [a-EvictionTimer] c.n.e.r.AbstractInstanceRegistry         : Running the evict task with compensationTime 0ms
2020-11-15 13:06:21.040  INFO MacBook-Pro --- [trap-executor-0] c.n.d.s.r.a.ConfigClusterResolver        : Resolving eureka endpoints via configuration
2020-11-15 13:06:26.782  INFO MacBook-Pro --- [a-EvictionTimer] c.n.e.r.AbstractInstanceRegistry         : Running the evict task with compensationTime 0ms
2020-11-15 13:07:26.783  INFO MacBook-Pro --- [a-EvictionTimer] c.n.e.r.AbstractInstanceRegistry         : Running the evict task with compensationTime 0ms
2020-11-15 13:08:26.789  INFO MacBook-Pro --- [a-EvictionTimer] c.n.e.r.AbstractInstanceRegistry         : Running the evict task with compensationTime 5ms
2020-11-15 13:09:26.793  INFO MacBook-Pro --- [a-EvictionTimer] c.n.e.r.AbstractInstanceRegistry         : Running the evict task with compensationTime 1ms
2020-11-15 13:09:36.296  INFO MacBook-Pro --- [io-8761-exec-10] c.n.e.r.AbstractInstanceRegistry         : Registered instance USER-SERVICE/user-service:3bd1b4928e26ac3453dcc180f73e1161 with status DOWN (replication=false)
2020-11-15 13:09:36.814  INFO MacBook-Pro --- [nio-8761-exec-9] c.n.e.r.AbstractInstanceRegistry         : Registered instance USER-SERVICE/user-service:3bd1b4928e26ac3453dcc180f73e1161 with status DOWN (replication=true)
2020-11-15 13:09:41.063  INFO MacBook-Pro --- [nio-8761-exec-5] c.n.e.r.AbstractInstanceRegistry         : Cancelled instance USER-SERVICE/user-service:3bd1b4928e26ac3453dcc180f73e1161 (replication=false)
2020-11-15 13:09:41.589  WARN MacBook-Pro --- [nio-8761-exec-7] c.n.e.r.AbstractInstanceRegistry         : DS: Registry: cancel failed because Lease is not registered for: USER-SERVICE/user-service:3bd1b4928e26ac3453dcc180f73e1161
2020-11-15 13:09:41.590  INFO MacBook-Pro --- [nio-8761-exec-7] c.n.e.r.InstanceResource                 : Not Found (Cancel): USER-SERVICE - user-service:3bd1b4928e26ac3453dcc180f73e1161
2020-11-15 13:09:41.592  WARN MacBook-Pro --- [et_localhost-16] c.n.e.c.ReplicationTask                  : The replication of task USER-SERVICE/user-service:3bd1b4928e26ac3453dcc180f73e1161:Cancel@localhost failed with response code 404
2020-11-15 13:09:41.602  WARN MacBook-Pro --- [et_localhost-16] c.n.e.c.PeerEurekaNode                   : USER-SERVICE/user-service:3bd1b4928e26ac3453dcc180f73e1161:Cancel@localhost: missing entry.
2020-11-15 13:10:26.793  INFO MacBook-Pro --- [a-EvictionTimer] c.n.e.r.AbstractInstanceRegistry         : Running the evict task with compensationTime 2ms
2020-11-15 13:10:51.984  INFO MacBook-Pro --- [nio-8761-exec-3] c.n.e.r.AbstractInstanceRegistry         : Registered instance USER-SERVICE/user-service:35c4c657828f535b783d9c209ae125e2 with status UP (replication=false)
2020-11-15 13:10:52.504  INFO MacBook-Pro --- [nio-8761-exec-7] c.n.e.r.AbstractInstanceRegistry         : Registered instance USER-SERVICE/user-service:35c4c657828f535b783d9c209ae125e2 with status UP (replication=true)
2020-11-15 13:11:21.046  INFO MacBook-Pro --- [trap-executor-0] c.n.d.s.r.a.ConfigClusterResolver        : Resolving eureka endpoints via configuration
2020-11-15 13:11:22.340  INFO MacBook-Pro --- [hresholdUpdater] c.n.e.r.PeerAwareInstanceRegistryImpl    : Current renewal threshold is : 6
2020-11-15 13:11:26.798  INFO MacBook-Pro --- [a-EvictionTimer] c.n.e.r.AbstractInstanceRegistry         : Running the evict task with compensationTime 5ms
2020-11-15 13:12:26.800  INFO MacBook-Pro --- [a-EvictionTimer] c.n.e.r.AbstractInstanceRegistry         : Running the evict task with compensationTime 1ms
2020-11-15 13:13:26.803  INFO MacBook-Pro --- [a-EvictionTimer] c.n.e.r.AbstractInstanceRegistry         : Running the evict task with compensationTime 3ms
2020-11-15 13:14:26.806  INFO MacBook-Pro --- [a-EvictionTimer] c.n.e.r.AbstractInstanceRegistry         : Running the evict task with compensationTime 2ms
2020-11-15 13:15:26.810  INFO MacBook-Pro --- [a-EvictionTimer] c.n.e.r.AbstractInstanceRegistry         : Running the evict task with compensationTime 3ms
2020-11-15 13:16:21.054  INFO MacBook-Pro --- [trap-executor-0] c.n.d.s.r.a.ConfigClusterResolver        : Resolving eureka endpoints via configuration
2020-11-15 13:16:26.817  INFO MacBook-Pro --- [a-EvictionTimer] c.n.e.r.AbstractInstanceRegistry         : Running the evict task with compensationTime 7ms
2020-11-15 13:17:26.824  INFO MacBook-Pro --- [a-EvictionTimer] c.n.e.r.AbstractInstanceRegistry         : Running the evict task with compensationTime 6ms
2020-11-15 13:18:26.825  INFO MacBook-Pro --- [a-EvictionTimer] c.n.e.r.AbstractInstanceRegistry         : Running the evict task with compensationTime 0ms
2020-11-15 13:19:26.826  INFO MacBook-Pro --- [a-EvictionTimer] c.n.e.r.AbstractInstanceRegistry         : Running the evict task with compensationTime 1ms
2020-11-15 13:20:26.828  INFO MacBook-Pro --- [a-EvictionTimer] c.n.e.r.AbstractInstanceRegistry         : Running the evict task with compensationTime 1ms
2020-11-15 13:21:21.069  INFO MacBook-Pro --- [trap-executor-0] c.n.d.s.r.a.ConfigClusterResolver        : Resolving eureka endpoints via configuration
2020-11-15 13:21:26.831  INFO MacBook-Pro --- [a-EvictionTimer] c.n.e.r.AbstractInstanceRegistry         : Running the evict task with compensationTime 3ms
2020-11-15 13:22:26.835  INFO MacBook-Pro --- [a-EvictionTimer] c.n.e.r.AbstractInstanceRegistry         : Running the evict task with compensationTime 3ms
2020-11-15 13:23:26.835  INFO MacBook-Pro --- [a-EvictionTimer] c.n.e.r.AbstractInstanceRegistry         : Running the evict task with compensationTime 0ms
2020-11-15 13:23:56.794  INFO MacBook-Pro --- [extShutdownHook] o.s.c.n.e.s.EurekaServiceRegistry        : Unregistering application UNKNOWN with eureka with status DOWN
2020-11-15 13:23:56.969  INFO MacBook-Pro --- [nio-8761-exec-8] c.n.e.r.AbstractInstanceRegistry         : Registered instance CONFIG-SERVER/config with status DOWN (replication=false)
2020-11-15 13:23:57.288  INFO MacBook-Pro --- [io-8761-exec-10] c.n.e.r.AbstractInstanceRegistry         : Registered instance EMAIL-SERVICE/email-service:f5d922ff56de468c2f701b66d5b1ec22 with status DOWN (replication=false)
2020-11-15 13:23:57.328  INFO MacBook-Pro --- [nio-8761-exec-3] c.n.e.r.AbstractInstanceRegistry         : Registered instance USER-SERVICE/user-service:35c4c657828f535b783d9c209ae125e2 with status DOWN (replication=false)
2020-11-15 13:23:57.484  INFO MacBook-Pro --- [nio-8761-exec-5] c.n.e.r.AbstractInstanceRegistry         : Registered instance CONFIG-SERVER/config with status DOWN (replication=true)
2020-11-15 13:23:57.484  INFO MacBook-Pro --- [nio-8761-exec-5] c.n.e.r.AbstractInstanceRegistry         : Registered instance EMAIL-SERVICE/email-service:f5d922ff56de468c2f701b66d5b1ec22 with status DOWN (replication=true)
2020-11-15 13:23:57.486  INFO MacBook-Pro --- [nio-8761-exec-5] c.n.e.r.AbstractInstanceRegistry         : Registered instance USER-SERVICE/user-service:35c4c657828f535b783d9c209ae125e2 with status DOWN (replication=true)
2020-11-15 13:23:58.630  INFO MacBook-Pro --- [extShutdownHook] o.s.a.r.l.SimpleMessageListenerContainer : Waiting for workers to finish.
2020-11-15 13:23:58.861  INFO MacBook-Pro --- [extShutdownHook] o.s.a.r.l.SimpleMessageListenerContainer : Successfully waited for workers to finish.
2020-11-15 13:23:58.862  INFO MacBook-Pro --- [extShutdownHook] o.s.i.a.i.AmqpInboundChannelAdapter      : stopped bean 'inbound.springCloudBus.anonymous.pdJ1BzQ3TQuqJvkCugGEiQ'
2020-11-15 13:23:59.046  INFO MacBook-Pro --- [extShutdownHook] o.s.c.s.b.BinderErrorChannel             : Channel 'application-1.springCloudBus.anonymous.pdJ1BzQ3TQuqJvkCugGEiQ.errors' has 1 subscriber(s).
2020-11-15 13:23:59.053  INFO MacBook-Pro --- [extShutdownHook] o.s.c.s.b.BinderErrorChannel             : Channel 'application-1.springCloudBus.anonymous.pdJ1BzQ3TQuqJvkCugGEiQ.errors' has 0 subscriber(s).
2020-11-15 13:23:59.094  INFO MacBook-Pro --- [extShutdownHook] o.s.i.e.EventDrivenConsumer              : Removing {logging-channel-adapter:_org.springframework.integration.errorLogger} as a subscriber to the 'errorChannel' channel
2020-11-15 13:23:59.094  INFO MacBook-Pro --- [extShutdownHook] o.s.i.c.PublishSubscribeChannel          : Channel 'application-1.errorChannel' has 0 subscriber(s).
2020-11-15 13:23:59.095  INFO MacBook-Pro --- [extShutdownHook] o.s.i.e.EventDrivenConsumer              : stopped bean '_org.springframework.integration.errorLogger'
2020-11-15 13:23:59.259  INFO MacBook-Pro --- [extShutdownHook] c.n.e.DefaultEurekaServerContext         : Shutting down ...
2020-11-15 13:23:59.314  INFO MacBook-Pro --- [extShutdownHook] c.n.s.m.StatsMonitor                     : Attempting to get the value for an expired monitor: eurekaServer.replication.batchSize.Will start computing stats again.
2020-11-15 13:23:59.334  INFO MacBook-Pro --- [extShutdownHook] c.n.s.m.StatsMonitor                     : Attempting to get the value for an expired monitor: eurekaServer.replication.executionTime.Will start computing stats again.
2020-11-15 13:23:59.338  INFO MacBook-Pro --- [extShutdownHook] c.n.s.m.StatsMonitor                     : Attempting to get the value for an expired monitor: eurekaServer.replication.executionTime.Will start computing stats again.
2020-11-15 13:23:59.342  INFO MacBook-Pro --- [extShutdownHook] c.n.s.m.StatsMonitor                     : Attempting to get the value for an expired monitor: eurekaServer.replication.batchSize.Will start computing stats again.
2020-11-15 13:23:59.821  INFO MacBook-Pro --- [extShutdownHook] c.n.e.DefaultEurekaServerContext         : Shut down
2020-11-15 13:24:00.109  INFO MacBook-Pro --- [extShutdownHook] o.s.s.c.ThreadPoolTaskScheduler          : Shutting down ExecutorService
2020-11-15 13:24:00.389  INFO MacBook-Pro --- [extShutdownHook] j.LocalContainerEntityManagerFactoryBean : Closing JPA EntityManagerFactory for persistence unit 'default'
2020-11-15 13:24:00.434  INFO MacBook-Pro --- [extShutdownHook] o.s.s.c.ThreadPoolTaskScheduler          : Shutting down ExecutorService 'taskScheduler'
2020-11-15 13:24:00.435  INFO MacBook-Pro --- [extShutdownHook] o.s.s.c.ThreadPoolTaskExecutor           : Shutting down ExecutorService 'applicationTaskExecutor'
2020-11-15 13:24:00.438  INFO MacBook-Pro --- [extShutdownHook] c.z.h.HikariDataSource                   : HikariPool-1 - Shutdown initiated...
2020-11-15 13:24:00.596  INFO MacBook-Pro --- [extShutdownHook] c.z.h.HikariDataSource                   : HikariPool-1 - Shutdown completed.
2020-11-15 13:24:01.346  INFO MacBook-Pro --- [extShutdownHook] c.n.d.DiscoveryClient                    : Shutting down DiscoveryClient ...
2020-11-15 13:24:01.560  INFO MacBook-Pro --- [extShutdownHook] c.n.d.DiscoveryClient                    : Completed shut down of DiscoveryClient
