2020-11-25 12:40:33.135  INFO MacBook-Pro.local --- [kground-preinit] o.h.v.i.u.Version                        : HV000001: Hibernate Validator 6.1.5.Final
2020-11-25 12:40:48.057  INFO MacBook-Pro.local --- [           main] c.c.c.ConfigServicePropertySourceLocator : Fetching config from server at : http://localhost:8012
2020-11-25 12:40:50.949  INFO MacBook-Pro.local --- [           main] c.c.c.ConfigServicePropertySourceLocator : Located environment: name=gymnast-service, profiles=[default], label=main, version=0b18fd50f3de4fd9d41d2bea1e1ba6a8cd1dc1a9, state=null
2020-11-25 12:40:50.953  INFO MacBook-Pro.local --- [           main] b.c.PropertySourceBootstrapConfiguration : Located property source: [BootstrapPropertySource {name='bootstrapProperties-configClient'}, BootstrapPropertySource {name='bootstrapProperties-https://github.com/smilyk/briut.git/gymnast-service.properties'}, BootstrapPropertySource {name='bootstrapProperties-https://github.com/smilyk/briut.git/application.properties'}]
2020-11-25 12:40:56.156  INFO MacBook-Pro.local --- [           main] c.g.GymnastServerApplication             : No active profile set, falling back to default profiles: default
2020-11-25 12:40:58.309  WARN MacBook-Pro.local --- [           main] o.s.b.a.e.EndpointId                     : Endpoint ID 'hystrix.stream' contains invalid characters, please migrate to a valid format.
2020-11-25 12:41:00.764  WARN MacBook-Pro.local --- [           main] o.s.b.a.e.EndpointId                     : Endpoint ID 'bus-env' contains invalid characters, please migrate to a valid format.
2020-11-25 12:41:02.041  INFO MacBook-Pro.local --- [           main] .s.d.r.c.RepositoryConfigurationDelegate : Multiple Spring Data modules found, entering strict repository configuration mode!
2020-11-25 12:41:02.060  INFO MacBook-Pro.local --- [           main] .s.d.r.c.RepositoryConfigurationDelegate : Bootstrapping Spring Data JDBC repositories in DEFAULT mode.
2020-11-25 12:41:02.166  INFO MacBook-Pro.local --- [           main] .s.d.r.c.RepositoryConfigurationDelegate : Finished Spring Data repository scanning in 74ms. Found 0 JDBC repository interfaces.
2020-11-25 12:41:02.207  INFO MacBook-Pro.local --- [           main] .s.d.r.c.RepositoryConfigurationDelegate : Multiple Spring Data modules found, entering strict repository configuration mode!
2020-11-25 12:41:02.210  INFO MacBook-Pro.local --- [           main] .s.d.r.c.RepositoryConfigurationDelegate : Bootstrapping Spring Data JPA repositories in DEFERRED mode.
2020-11-25 12:41:02.249  INFO MacBook-Pro.local --- [           main] .s.d.r.c.RepositoryConfigurationDelegate : Finished Spring Data repository scanning in 25ms. Found 0 JPA repository interfaces.
2020-11-25 12:41:02.524  WARN MacBook-Pro.local --- [           main] o.s.b.a.e.EndpointId                     : Endpoint ID 'bus-refresh' contains invalid characters, please migrate to a valid format.
2020-11-25 12:41:02.761  WARN MacBook-Pro.local --- [           main] o.s.b.a.e.EndpointId                     : Endpoint ID 'service-registry' contains invalid characters, please migrate to a valid format.
2020-11-25 12:41:04.810  INFO MacBook-Pro.local --- [           main] o.s.c.c.s.GenericScope                   : BeanFactory id=4310754f-55c4-3e57-b056-bcc41b5c2e10
2020-11-25 12:41:04.992  INFO MacBook-Pro.local --- [           main] faultConfiguringBeanFactoryPostProcessor : No bean named 'errorChannel' has been explicitly defined. Therefore, a default PublishSubscribeChannel will be created.
2020-11-25 12:41:05.008  INFO MacBook-Pro.local --- [           main] faultConfiguringBeanFactoryPostProcessor : No bean named 'taskScheduler' has been explicitly defined. Therefore, a default ThreadPoolTaskScheduler will be created.
2020-11-25 12:41:05.030  INFO MacBook-Pro.local --- [           main] faultConfiguringBeanFactoryPostProcessor : No bean named 'integrationHeaderChannelRegistry' has been explicitly defined. Therefore, a default DefaultHeaderChannelRegistry will be created.
2020-11-25 12:41:10.531  INFO MacBook-Pro.local --- [           main] trationDelegate$BeanPostProcessorChecker : Bean 'integrationChannelResolver' of type [org.springframework.integration.support.channel.BeanFactoryChannelResolver] is not eligible for getting processed by all BeanPostProcessors (for example: not eligible for auto-proxying)
2020-11-25 12:41:10.563  INFO MacBook-Pro.local --- [           main] trationDelegate$BeanPostProcessorChecker : Bean 'integrationDisposableAutoCreatedBeans' of type [org.springframework.integration.config.annotation.Disposables] is not eligible for getting processed by all BeanPostProcessors (for example: not eligible for auto-proxying)
2020-11-25 12:41:10.869  INFO MacBook-Pro.local --- [           main] trationDelegate$BeanPostProcessorChecker : Bean 'org.springframework.integration.config.IntegrationManagementConfiguration' of type [org.springframework.integration.config.IntegrationManagementConfiguration] is not eligible for getting processed by all BeanPostProcessors (for example: not eligible for auto-proxying)
2020-11-25 12:41:15.680  INFO MacBook-Pro.local --- [           main] o.s.b.w.e.t.TomcatWebServer              : Tomcat initialized with port(s): 8087 (http)
2020-11-25 12:41:15.770  INFO MacBook-Pro.local --- [           main] o.a.c.h.Http11NioProtocol                : Initializing ProtocolHandler ["http-nio-8087"]
2020-11-25 12:41:15.794  INFO MacBook-Pro.local --- [           main] o.a.c.c.StandardService                  : Starting service [Tomcat]
2020-11-25 12:41:15.795  INFO MacBook-Pro.local --- [           main] o.a.c.c.StandardEngine                   : Starting Servlet engine: [Apache Tomcat/9.0.38]
2020-11-25 12:41:17.192  INFO MacBook-Pro.local --- [           main] o.a.c.c.C.[.[.[/]                        : Initializing Spring embedded WebApplicationContext
2020-11-25 12:41:17.198  INFO MacBook-Pro.local --- [           main] w.s.c.ServletWebServerApplicationContext : Root WebApplicationContext: initialization completed in 20898 ms
2020-11-25 12:41:17.919  WARN MacBook-Pro.local --- [           main] c.n.c.s.URLConfigurationSource           : No URLs will be polled as dynamic configuration sources.
2020-11-25 12:41:17.921  INFO MacBook-Pro.local --- [           main] c.n.c.s.URLConfigurationSource           : To enable URLs as dynamic configuration sources, define System property archaius.configurationSource.additionalUrls or make config.properties available on classpath.
2020-11-25 12:41:17.983  INFO MacBook-Pro.local --- [           main] c.n.c.DynamicPropertyFactory             : DynamicPropertyFactory is initialized with configuration sources: com.netflix.config.ConcurrentCompositeConfiguration@22ca1242
2020-11-25 12:41:21.793  INFO MacBook-Pro.local --- [           main] o.s.b.a.e.w.ServletEndpointRegistrar     : Registered '/actuator/jolokia' to jolokia-actuator-endpoint
2020-11-25 12:41:21.795  INFO MacBook-Pro.local --- [           main] o.s.b.a.e.w.ServletEndpointRegistrar     : Registered '/actuator/hystrix.stream' to hystrix.stream-actuator-endpoint
2020-11-25 12:41:22.770  INFO MacBook-Pro.local --- [           main] o.s.s.c.ThreadPoolTaskExecutor           : Initializing ExecutorService 'applicationTaskExecutor'
2020-11-25 12:41:23.358  INFO MacBook-Pro.local --- [           main] o.s.s.c.ThreadPoolTaskScheduler          : Initializing ExecutorService 'taskScheduler'
2020-11-25 12:41:23.685  INFO MacBook-Pro.local --- [         task-1] o.h.j.i.u.LogHelper                      : HHH000204: Processing PersistenceUnitInfo [name: default]
2020-11-25 12:41:23.938  INFO MacBook-Pro.local --- [         task-1] o.h.Version                              : HHH000412: Hibernate ORM core version 5.4.21.Final
2020-11-25 12:41:24.406  WARN MacBook-Pro.local --- [           main] JpaBaseConfiguration$JpaWebConfiguration : spring.jpa.open-in-view is enabled by default. Therefore, database queries may be performed during view rendering. Explicitly configure spring.jpa.open-in-view to disable this warning
2020-11-25 12:41:24.966  INFO MacBook-Pro.local --- [         task-1] o.h.a.c.Version                          : HCANN000001: Hibernate Commons Annotations {5.1.0.Final}
2020-11-25 12:41:28.174  INFO MacBook-Pro.local --- [         task-1] c.z.h.HikariDataSource                   : HikariPool-1 - Starting...
2020-11-25 12:41:31.426  INFO MacBook-Pro.local --- [         task-1] c.z.h.HikariDataSource                   : HikariPool-1 - Start completed.
2020-11-25 12:41:31.872  INFO MacBook-Pro.local --- [         task-1] o.h.d.Dialect                            : HHH000400: Using dialect: org.hibernate.dialect.MySQL57Dialect
2020-11-25 12:41:31.996  INFO MacBook-Pro.local --- [           main] .s.s.UserDetailsServiceAutoConfiguration : 

Using generated security password: 9497f5a0-aea3-4866-8a3c-f4b5240bbdb0

2020-11-25 12:41:32.971  INFO MacBook-Pro.local --- [           main] o.s.s.w.DefaultSecurityFilterChain       : Creating filter chain: any request, [org.springframework.security.web.context.request.async.WebAsyncManagerIntegrationFilter@b2d8dcd, org.springframework.security.web.context.SecurityContextPersistenceFilter@23e86863, org.springframework.security.web.header.HeaderWriterFilter@626df173, org.springframework.security.web.authentication.logout.LogoutFilter@5d15789f, com.gymnast.security.AuthorizationFilter@1c98fe6f, org.springframework.security.web.savedrequest.RequestCacheAwareFilter@5e46a125, org.springframework.security.web.servletapi.SecurityContextHolderAwareRequestFilter@4c164f81, org.springframework.security.web.authentication.AnonymousAuthenticationFilter@1397b141, org.springframework.security.web.session.SessionManagementFilter@7614378d, org.springframework.security.web.access.ExceptionTranslationFilter@229749f0, org.springframework.security.web.access.intercept.FilterSecurityInterceptor@72b10258]
2020-11-25 12:41:34.027  WARN MacBook-Pro.local --- [           main] c.n.c.s.URLConfigurationSource           : No URLs will be polled as dynamic configuration sources.
2020-11-25 12:41:34.028  INFO MacBook-Pro.local --- [           main] c.n.c.s.URLConfigurationSource           : To enable URLs as dynamic configuration sources, define System property archaius.configurationSource.additionalUrls or make config.properties available on classpath.
2020-11-25 12:41:34.139  INFO MacBook-Pro.local --- [         task-1] o.h.e.t.j.p.i.JtaPlatformInitiator       : HHH000490: Using JtaPlatform implementation: [org.hibernate.engine.transaction.jta.platform.internal.NoJtaPlatform]
2020-11-25 12:41:34.203  INFO MacBook-Pro.local --- [         task-1] j.LocalContainerEntityManagerFactoryBean : Initialized JPA EntityManagerFactory for persistence unit 'default'
2020-11-25 12:41:37.853  INFO MacBook-Pro.local --- [           main] onConfiguration$FunctionBindingRegistrar : Functional binding is disabled due to the presense of @EnableBinding annotation in your configuration
2020-11-25 12:41:41.473  INFO MacBook-Pro.local --- [           main] o.s.s.c.ThreadPoolTaskScheduler          : Initializing ExecutorService
2020-11-25 12:41:44.277  WARN MacBook-Pro.local --- [           main] ockingLoadBalancerClientRibbonWarnLogger : You already have RibbonLoadBalancerClient on your classpath. It will be used by default. As Spring Cloud Ribbon is in maintenance mode. We recommend switching to BlockingLoadBalancerClient instead. In order to use it, set the value of `spring.cloud.loadbalancer.ribbon.enabled` to `false` or remove spring-cloud-starter-netflix-ribbon from your project.
2020-11-25 12:41:46.218  INFO MacBook-Pro.local --- [           main] o.s.b.a.e.w.EndpointLinksResolver        : Exposing 25 endpoint(s) beneath base path '/actuator'
2020-11-25 12:41:47.599  INFO MacBook-Pro.local --- [           main] o.s.c.s.m.DirectWithAttributesChannel    : Channel 'application-1.springCloudBusInput' has 1 subscriber(s).
2020-11-25 12:41:47.812  INFO MacBook-Pro.local --- [           main] o.s.i.e.EventDrivenConsumer              : Adding {logging-channel-adapter:_org.springframework.integration.errorLogger} as a subscriber to the 'errorChannel' channel
2020-11-25 12:41:47.814  INFO MacBook-Pro.local --- [           main] o.s.i.c.PublishSubscribeChannel          : Channel 'application-1.errorChannel' has 1 subscriber(s).
2020-11-25 12:41:47.814  INFO MacBook-Pro.local --- [           main] o.s.i.e.EventDrivenConsumer              : started bean '_org.springframework.integration.errorLogger'
2020-11-25 12:41:58.313  INFO MacBook-Pro.local --- [           main] c.c.c.ConfigServicePropertySourceLocator : Fetching config from server at : http://localhost:8012
2020-11-25 12:42:00.794  INFO MacBook-Pro.local --- [           main] c.c.c.ConfigServicePropertySourceLocator : Located environment: name=gymnast-service, profiles=[default], label=main, version=0b18fd50f3de4fd9d41d2bea1e1ba6a8cd1dc1a9, state=null
2020-11-25 12:42:00.795  INFO MacBook-Pro.local --- [           main] b.c.PropertySourceBootstrapConfiguration : Located property source: [BootstrapPropertySource {name='bootstrapProperties-configClient'}, BootstrapPropertySource {name='bootstrapProperties-https://github.com/smilyk/briut.git/gymnast-service.properties'}, BootstrapPropertySource {name='bootstrapProperties-https://github.com/smilyk/briut.git/application.properties'}]
2020-11-25 12:42:07.064  INFO MacBook-Pro.local --- [           main] DeferredRepositoryInitializationListener : Triggering deferred initialization of Spring Data repositories…
2020-11-25 12:42:07.066  INFO MacBook-Pro.local --- [           main] DeferredRepositoryInitializationListener : Spring Data repositories initialized!
2020-11-25 12:42:08.248  INFO MacBook-Pro.local --- [           main] o.s.a.r.c.CachingConnectionFactory       : Attempting to connect to: [localhost:5672]
2020-11-25 12:42:08.373  INFO MacBook-Pro.local --- [           main] o.s.a.r.c.CachingConnectionFactory       : Created new connection: rabbitConnectionFactory#2d4a0671:0/SimpleConnection@6e68ccc9 [delegate=amqp://user@127.0.0.1:5672/, localPort= 63279]
2020-11-25 12:42:08.663  INFO MacBook-Pro.local --- [           main] o.s.c.s.m.DirectWithAttributesChannel    : Channel 'application-1.springCloudBusOutput' has 1 subscriber(s).
2020-11-25 12:42:08.771  INFO MacBook-Pro.local --- [           main] o.s.c.n.e.InstanceInfoFactory            : Setting initial instance status as: STARTING
2020-11-25 12:42:09.137  INFO MacBook-Pro.local --- [           main] c.n.d.DiscoveryClient                    : Initializing Eureka in region us-east-1
2020-11-25 12:42:09.460  INFO MacBook-Pro.local --- [           main] c.n.d.p.DiscoveryJerseyProvider          : Using JSON encoding codec LegacyJacksonJson
2020-11-25 12:42:09.460  INFO MacBook-Pro.local --- [           main] c.n.d.p.DiscoveryJerseyProvider          : Using JSON decoding codec LegacyJacksonJson
2020-11-25 12:42:11.730  INFO MacBook-Pro.local --- [           main] c.n.d.p.DiscoveryJerseyProvider          : Using XML encoding codec XStreamXml
2020-11-25 12:42:11.733  INFO MacBook-Pro.local --- [           main] c.n.d.p.DiscoveryJerseyProvider          : Using XML decoding codec XStreamXml
2020-11-25 12:42:12.112 ERROR MacBook-Pro.local --- [gistrationTask1] o.s.s.s.TaskUtils$LoggingErrorHandler    : Unexpected error occurred in scheduled task
java.lang.IllegalStateException: couldn't determine local port. Please set spring.boot.admin.client.instance.service-base-url.
	at de.codecentric.boot.admin.client.registration.DefaultApplicationFactory.getLocalServerPort(DefaultApplicationFactory.java:192)
	at de.codecentric.boot.admin.client.registration.DefaultApplicationFactory.getServiceBaseUrl(DefaultApplicationFactory.java:104)
	at de.codecentric.boot.admin.client.registration.ServletApplicationFactory.getServiceUrl(ServletApplicationFactory.java:63)
	at de.codecentric.boot.admin.client.registration.ServletApplicationFactory.getManagementBaseUrl(ServletApplicationFactory.java:76)
	at de.codecentric.boot.admin.client.registration.DefaultApplicationFactory.getHealthUrl(DefaultApplicationFactory.java:154)
	at de.codecentric.boot.admin.client.registration.DefaultApplicationFactory.createApplication(DefaultApplicationFactory.java:80)
	at de.codecentric.boot.admin.client.registration.ApplicationRegistrator.register(ApplicationRegistrator.java:58)
	at org.springframework.scheduling.support.DelegatingErrorHandlingRunnable.run(DelegatingErrorHandlingRunnable.java:54)
	at java.util.concurrent.Executors$RunnableAdapter.call(Executors.java:511)
	at java.util.concurrent.FutureTask.runAndReset(FutureTask.java:308)
	at java.util.concurrent.ScheduledThreadPoolExecutor$ScheduledFutureTask.access$301(ScheduledThreadPoolExecutor.java:180)
	at java.util.concurrent.ScheduledThreadPoolExecutor$ScheduledFutureTask.run(ScheduledThreadPoolExecutor.java:294)
	at java.util.concurrent.ThreadPoolExecutor.runWorker(ThreadPoolExecutor.java:1149)
	at java.util.concurrent.ThreadPoolExecutor$Worker.run(ThreadPoolExecutor.java:624)
	at java.lang.Thread.run(Thread.java:748)
2020-11-25 12:42:13.609  INFO MacBook-Pro.local --- [           main] c.n.d.s.r.a.ConfigClusterResolver        : Resolving eureka endpoints via configuration
2020-11-25 12:42:13.780  INFO MacBook-Pro.local --- [           main] c.n.d.DiscoveryClient                    : Disable delta property : false
2020-11-25 12:42:13.780  INFO MacBook-Pro.local --- [           main] c.n.d.DiscoveryClient                    : Single vip registry refresh property : null
2020-11-25 12:42:13.781  INFO MacBook-Pro.local --- [           main] c.n.d.DiscoveryClient                    : Force full registry fetch : false
2020-11-25 12:42:13.781  INFO MacBook-Pro.local --- [           main] c.n.d.DiscoveryClient                    : Application is null : false
2020-11-25 12:42:13.782  INFO MacBook-Pro.local --- [           main] c.n.d.DiscoveryClient                    : Registered Applications size is zero : true
2020-11-25 12:42:13.782  INFO MacBook-Pro.local --- [           main] c.n.d.DiscoveryClient                    : Application version is -1: true
2020-11-25 12:42:13.782  INFO MacBook-Pro.local --- [           main] c.n.d.DiscoveryClient                    : Getting all instance registry info from the eureka server
2020-11-25 12:42:14.884  INFO MacBook-Pro.local --- [           main] c.n.d.DiscoveryClient                    : The response status is 200
2020-11-25 12:42:14.892  INFO MacBook-Pro.local --- [           main] c.n.d.DiscoveryClient                    : Starting heartbeat executor: renew interval is: 30
2020-11-25 12:42:14.901  INFO MacBook-Pro.local --- [           main] c.n.d.InstanceInfoReplicator             : InstanceInfoReplicator onDemand update allowed rate per min is 4
2020-11-25 12:42:14.912  INFO MacBook-Pro.local --- [           main] c.n.d.DiscoveryClient                    : Discovery Client initialized at timestamp 1606300934908 with initial instances count: 5
2020-11-25 12:42:15.009  INFO MacBook-Pro.local --- [           main] o.s.c.n.e.s.EurekaServiceRegistry        : Registering application GYMNAST-SERVICE with eureka with status UP
2020-11-25 12:42:15.015  INFO MacBook-Pro.local --- [           main] c.n.d.DiscoveryClient                    : Saw local status change event StatusChangeEvent [timestamp=1606300935015, current=UP, previous=STARTING]
2020-11-25 12:42:15.023  INFO MacBook-Pro.local --- [nfoReplicator-0] c.n.d.DiscoveryClient                    : DiscoveryClient_GYMNAST-SERVICE/gymnast-service:95cec60c3726603b4002c4aababd0d5a: registering service...
2020-11-25 12:42:15.169  INFO MacBook-Pro.local --- [nfoReplicator-0] c.n.d.DiscoveryClient                    : DiscoveryClient_GYMNAST-SERVICE/gymnast-service:95cec60c3726603b4002c4aababd0d5a - registration status: 204
2020-11-25 12:42:15.792  INFO MacBook-Pro.local --- [           main] c.s.b.r.p.RabbitExchangeQueueProvisioner : declaring queue for inbound: springCloudBus.anonymous.Oae86g3ASHifAEJTyzWrDg, bound to: springCloudBus
2020-11-25 12:42:16.085  INFO MacBook-Pro.local --- [           main] o.s.c.s.b.BinderErrorChannel             : Channel 'springCloudBus.anonymous.Oae86g3ASHifAEJTyzWrDg.errors' has 1 subscriber(s).
2020-11-25 12:42:16.086  INFO MacBook-Pro.local --- [           main] o.s.c.s.b.BinderErrorChannel             : Channel 'springCloudBus.anonymous.Oae86g3ASHifAEJTyzWrDg.errors' has 2 subscriber(s).
2020-11-25 12:42:16.149  INFO MacBook-Pro.local --- [           main] o.s.i.a.i.AmqpInboundChannelAdapter      : started bean 'inbound.springCloudBus.anonymous.Oae86g3ASHifAEJTyzWrDg'
2020-11-25 12:42:16.154  INFO MacBook-Pro.local --- [           main] o.a.c.h.Http11NioProtocol                : Starting ProtocolHandler ["http-nio-8087"]
2020-11-25 12:42:16.319  INFO MacBook-Pro.local --- [           main] o.s.b.w.e.t.TomcatWebServer              : Tomcat started on port(s): 8087 (http) with context path ''
2020-11-25 12:42:16.323  INFO MacBook-Pro.local --- [           main] .s.c.n.e.s.EurekaAutoServiceRegistration : Updating port to 8087
2020-11-25 12:42:16.338  INFO MacBook-Pro.local --- [           main] DeferredRepositoryInitializationListener : Triggering deferred initialization of Spring Data repositories…
2020-11-25 12:42:16.341  INFO MacBook-Pro.local --- [           main] DeferredRepositoryInitializationListener : Spring Data repositories initialized!
2020-11-25 12:42:16.976  INFO MacBook-Pro.local --- [           main] DeferredRepositoryInitializationListener : Triggering deferred initialization of Spring Data repositories…
2020-11-25 12:42:16.977  INFO MacBook-Pro.local --- [           main] DeferredRepositoryInitializationListener : Spring Data repositories initialized!
2020-11-25 12:42:17.663  INFO MacBook-Pro.local --- [           main] DeferredRepositoryInitializationListener : Triggering deferred initialization of Spring Data repositories…
2020-11-25 12:42:17.672  INFO MacBook-Pro.local --- [           main] DeferredRepositoryInitializationListener : Spring Data repositories initialized!
2020-11-25 12:42:18.411  INFO MacBook-Pro.local --- [           main] c.g.GymnastServerApplication             : Started GymnastServerApplication in 117.026 seconds (JVM running for 129.114)
2020-11-25 12:42:32.147  WARN MacBook-Pro.local --- [gistrationTask1] d.c.b.a.c.r.ApplicationRegistrator       : Failed to register application as Application(name=gymnast-service, managementUrl=http://macbook-pro:8087/actuator, healthUrl=http://macbook-pro:8087/actuator/health, serviceUrl=http://macbook-pro:8087/) at spring-boot-admin ([http://localhost:9999/instances]): I/O error on POST request for "http://localhost:9999/instances": Connect to localhost:9999 [localhost/127.0.0.1, localhost/0:0:0:0:0:0:0:1] failed: Connection refused (Connection refused); nested exception is org.apache.http.conn.HttpHostConnectException: Connect to localhost:9999 [localhost/127.0.0.1, localhost/0:0:0:0:0:0:0:1] failed: Connection refused (Connection refused). Further attempts are logged on DEBUG level
2020-11-25 12:43:16.658  INFO MacBook-Pro.local --- [nio-8087-exec-1] o.a.c.c.C.[.[.[/]                        : Initializing Spring DispatcherServlet 'dispatcherServlet'
2020-11-25 12:43:16.662  INFO MacBook-Pro.local --- [nio-8087-exec-1] o.s.w.s.DispatcherServlet                : Initializing Servlet 'dispatcherServlet'
2020-11-25 12:43:16.931  INFO MacBook-Pro.local --- [nio-8087-exec-1] o.s.w.s.DispatcherServlet                : Completed initialization in 269 ms
2020-11-25 12:43:17.502 ERROR MacBook-Pro.local --- [nio-8087-exec-1] o.s.c.s.i.w.ExceptionLoggingFilter       : Uncaught exception thrown
java.lang.IllegalArgumentException: signing key cannot be null or empty.
	at io.jsonwebtoken.lang.Assert.hasText(Assert.java:135)
	at io.jsonwebtoken.impl.DefaultJwtParser.setSigningKey(DefaultJwtParser.java:150)
	at com.gymnast.security.AuthorizationFilter.getAuthentication(AuthorizationFilter.java:56)
	at com.gymnast.security.AuthorizationFilter.doFilterInternal(AuthorizationFilter.java:40)
	at org.springframework.web.filter.OncePerRequestFilter.doFilter(OncePerRequestFilter.java:119)
	at org.springframework.security.web.FilterChainProxy$VirtualFilterChain.doFilter(FilterChainProxy.java:334)
	at org.springframework.security.web.authentication.logout.LogoutFilter.doFilter(LogoutFilter.java:116)
	at org.springframework.security.web.FilterChainProxy$VirtualFilterChain.doFilter(FilterChainProxy.java:334)
	at org.springframework.security.web.header.HeaderWriterFilter.doHeadersAfter(HeaderWriterFilter.java:92)
	at org.springframework.security.web.header.HeaderWriterFilter.doFilterInternal(HeaderWriterFilter.java:77)
	at org.springframework.web.filter.OncePerRequestFilter.doFilter(OncePerRequestFilter.java:119)
	at org.springframework.security.web.FilterChainProxy$VirtualFilterChain.doFilter(FilterChainProxy.java:334)
	at org.springframework.security.web.context.SecurityContextPersistenceFilter.doFilter(SecurityContextPersistenceFilter.java:105)
	at org.springframework.security.web.FilterChainProxy$VirtualFilterChain.doFilter(FilterChainProxy.java:334)
	at org.springframework.security.web.context.request.async.WebAsyncManagerIntegrationFilter.doFilterInternal(WebAsyncManagerIntegrationFilter.java:56)
	at org.springframework.web.filter.OncePerRequestFilter.doFilter(OncePerRequestFilter.java:119)
	at org.springframework.security.web.FilterChainProxy$VirtualFilterChain.doFilter(FilterChainProxy.java:334)
	at org.springframework.security.web.FilterChainProxy.doFilterInternal(FilterChainProxy.java:215)
	at org.springframework.security.web.FilterChainProxy.doFilter(FilterChainProxy.java:178)
	at org.springframework.web.filter.DelegatingFilterProxy.invokeDelegate(DelegatingFilterProxy.java:358)
	at org.springframework.web.filter.DelegatingFilterProxy.doFilter(DelegatingFilterProxy.java:271)
	at org.apache.catalina.core.ApplicationFilterChain.internalDoFilter(ApplicationFilterChain.java:193)
	at org.apache.catalina.core.ApplicationFilterChain.doFilter(ApplicationFilterChain.java:166)
	at org.springframework.web.filter.RequestContextFilter.doFilterInternal(RequestContextFilter.java:100)
	at org.springframework.web.filter.OncePerRequestFilter.doFilter(OncePerRequestFilter.java:119)
	at org.apache.catalina.core.ApplicationFilterChain.internalDoFilter(ApplicationFilterChain.java:193)
	at org.apache.catalina.core.ApplicationFilterChain.doFilter(ApplicationFilterChain.java:166)
	at org.springframework.web.filter.FormContentFilter.doFilterInternal(FormContentFilter.java:93)
	at org.springframework.web.filter.OncePerRequestFilter.doFilter(OncePerRequestFilter.java:119)
	at org.apache.catalina.core.ApplicationFilterChain.internalDoFilter(ApplicationFilterChain.java:193)
	at org.apache.catalina.core.ApplicationFilterChain.doFilter(ApplicationFilterChain.java:166)
	at org.springframework.cloud.sleuth.instrument.web.ExceptionLoggingFilter.doFilter(ExceptionLoggingFilter.java:50)
	at org.apache.catalina.core.ApplicationFilterChain.internalDoFilter(ApplicationFilterChain.java:193)
	at org.apache.catalina.core.ApplicationFilterChain.doFilter(ApplicationFilterChain.java:166)
	at brave.servlet.TracingFilter.doFilter(TracingFilter.java:84)
	at org.springframework.cloud.sleuth.instrument.web.LazyTracingFilter.doFilter(TraceWebServletAutoConfiguration.java:138)
	at org.apache.catalina.core.ApplicationFilterChain.internalDoFilter(ApplicationFilterChain.java:193)
	at org.apache.catalina.core.ApplicationFilterChain.doFilter(ApplicationFilterChain.java:166)
	at org.springframework.boot.actuate.metrics.web.servlet.WebMvcMetricsFilter.doFilterInternal(WebMvcMetricsFilter.java:93)
	at org.springframework.web.filter.OncePerRequestFilter.doFilter(OncePerRequestFilter.java:119)
	at org.apache.catalina.core.ApplicationFilterChain.internalDoFilter(ApplicationFilterChain.java:193)
	at org.apache.catalina.core.ApplicationFilterChain.doFilter(ApplicationFilterChain.java:166)
	at org.springframework.web.filter.CharacterEncodingFilter.doFilterInternal(CharacterEncodingFilter.java:201)
	at org.springframework.web.filter.OncePerRequestFilter.doFilter(OncePerRequestFilter.java:119)
	at org.apache.catalina.core.ApplicationFilterChain.internalDoFilter(ApplicationFilterChain.java:193)
	at org.apache.catalina.core.ApplicationFilterChain.doFilter(ApplicationFilterChain.java:166)
	at org.apache.catalina.core.StandardWrapperValve.invoke(StandardWrapperValve.java:202)
	at org.apache.catalina.core.StandardContextValve.invoke(StandardContextValve.java:97)
	at org.apache.catalina.authenticator.AuthenticatorBase.invoke(AuthenticatorBase.java:541)
	at org.apache.catalina.core.StandardHostValve.invoke(StandardHostValve.java:143)
	at org.apache.catalina.valves.ErrorReportValve.invoke(ErrorReportValve.java:92)
	at org.apache.catalina.core.StandardEngineValve.invoke(StandardEngineValve.java:78)
	at org.apache.catalina.connector.CoyoteAdapter.service(CoyoteAdapter.java:343)
	at org.apache.coyote.http11.Http11Processor.service(Http11Processor.java:374)
	at org.apache.coyote.AbstractProcessorLight.process(AbstractProcessorLight.java:65)
	at org.apache.coyote.AbstractProtocol$ConnectionHandler.process(AbstractProtocol.java:868)
	at org.apache.tomcat.util.net.NioEndpoint$SocketProcessor.doRun(NioEndpoint.java:1590)
	at org.apache.tomcat.util.net.SocketProcessorBase.run(SocketProcessorBase.java:49)
	at java.util.concurrent.ThreadPoolExecutor.runWorker(ThreadPoolExecutor.java:1149)
	at java.util.concurrent.ThreadPoolExecutor$Worker.run(ThreadPoolExecutor.java:624)
	at org.apache.tomcat.util.threads.TaskThread$WrappingRunnable.run(TaskThread.java:61)
	at java.lang.Thread.run(Thread.java:748)
2020-11-25 12:43:17.666 ERROR MacBook-Pro.local --- [nio-8087-exec-1] o.a.c.c.C.[.[.[.[dispatcherServlet]      : Servlet.service() for servlet [dispatcherServlet] in context with path [] threw exception
java.lang.IllegalArgumentException: signing key cannot be null or empty.
	at io.jsonwebtoken.lang.Assert.hasText(Assert.java:135)
	at io.jsonwebtoken.impl.DefaultJwtParser.setSigningKey(DefaultJwtParser.java:150)
	at com.gymnast.security.AuthorizationFilter.getAuthentication(AuthorizationFilter.java:56)
	at com.gymnast.security.AuthorizationFilter.doFilterInternal(AuthorizationFilter.java:40)
	at org.springframework.web.filter.OncePerRequestFilter.doFilter(OncePerRequestFilter.java:119)
	at org.springframework.security.web.FilterChainProxy$VirtualFilterChain.doFilter(FilterChainProxy.java:334)
	at org.springframework.security.web.authentication.logout.LogoutFilter.doFilter(LogoutFilter.java:116)
	at org.springframework.security.web.FilterChainProxy$VirtualFilterChain.doFilter(FilterChainProxy.java:334)
	at org.springframework.security.web.header.HeaderWriterFilter.doHeadersAfter(HeaderWriterFilter.java:92)
	at org.springframework.security.web.header.HeaderWriterFilter.doFilterInternal(HeaderWriterFilter.java:77)
	at org.springframework.web.filter.OncePerRequestFilter.doFilter(OncePerRequestFilter.java:119)
	at org.springframework.security.web.FilterChainProxy$VirtualFilterChain.doFilter(FilterChainProxy.java:334)
	at org.springframework.security.web.context.SecurityContextPersistenceFilter.doFilter(SecurityContextPersistenceFilter.java:105)
	at org.springframework.security.web.FilterChainProxy$VirtualFilterChain.doFilter(FilterChainProxy.java:334)
	at org.springframework.security.web.context.request.async.WebAsyncManagerIntegrationFilter.doFilterInternal(WebAsyncManagerIntegrationFilter.java:56)
	at org.springframework.web.filter.OncePerRequestFilter.doFilter(OncePerRequestFilter.java:119)
	at org.springframework.security.web.FilterChainProxy$VirtualFilterChain.doFilter(FilterChainProxy.java:334)
	at org.springframework.security.web.FilterChainProxy.doFilterInternal(FilterChainProxy.java:215)
	at org.springframework.security.web.FilterChainProxy.doFilter(FilterChainProxy.java:178)
	at org.springframework.web.filter.DelegatingFilterProxy.invokeDelegate(DelegatingFilterProxy.java:358)
	at org.springframework.web.filter.DelegatingFilterProxy.doFilter(DelegatingFilterProxy.java:271)
	at org.apache.catalina.core.ApplicationFilterChain.internalDoFilter(ApplicationFilterChain.java:193)
	at org.apache.catalina.core.ApplicationFilterChain.doFilter(ApplicationFilterChain.java:166)
	at org.springframework.web.filter.RequestContextFilter.doFilterInternal(RequestContextFilter.java:100)
	at org.springframework.web.filter.OncePerRequestFilter.doFilter(OncePerRequestFilter.java:119)
	at org.apache.catalina.core.ApplicationFilterChain.internalDoFilter(ApplicationFilterChain.java:193)
	at org.apache.catalina.core.ApplicationFilterChain.doFilter(ApplicationFilterChain.java:166)
	at org.springframework.web.filter.FormContentFilter.doFilterInternal(FormContentFilter.java:93)
	at org.springframework.web.filter.OncePerRequestFilter.doFilter(OncePerRequestFilter.java:119)
	at org.apache.catalina.core.ApplicationFilterChain.internalDoFilter(ApplicationFilterChain.java:193)
	at org.apache.catalina.core.ApplicationFilterChain.doFilter(ApplicationFilterChain.java:166)
	at org.springframework.cloud.sleuth.instrument.web.ExceptionLoggingFilter.doFilter(ExceptionLoggingFilter.java:50)
	at org.apache.catalina.core.ApplicationFilterChain.internalDoFilter(ApplicationFilterChain.java:193)
	at org.apache.catalina.core.ApplicationFilterChain.doFilter(ApplicationFilterChain.java:166)
	at brave.servlet.TracingFilter.doFilter(TracingFilter.java:84)
	at org.springframework.cloud.sleuth.instrument.web.LazyTracingFilter.doFilter(TraceWebServletAutoConfiguration.java:138)
	at org.apache.catalina.core.ApplicationFilterChain.internalDoFilter(ApplicationFilterChain.java:193)
	at org.apache.catalina.core.ApplicationFilterChain.doFilter(ApplicationFilterChain.java:166)
	at org.springframework.boot.actuate.metrics.web.servlet.WebMvcMetricsFilter.doFilterInternal(WebMvcMetricsFilter.java:93)
	at org.springframework.web.filter.OncePerRequestFilter.doFilter(OncePerRequestFilter.java:119)
	at org.apache.catalina.core.ApplicationFilterChain.internalDoFilter(ApplicationFilterChain.java:193)
	at org.apache.catalina.core.ApplicationFilterChain.doFilter(ApplicationFilterChain.java:166)
	at org.springframework.web.filter.CharacterEncodingFilter.doFilterInternal(CharacterEncodingFilter.java:201)
	at org.springframework.web.filter.OncePerRequestFilter.doFilter(OncePerRequestFilter.java:119)
	at org.apache.catalina.core.ApplicationFilterChain.internalDoFilter(ApplicationFilterChain.java:193)
	at org.apache.catalina.core.ApplicationFilterChain.doFilter(ApplicationFilterChain.java:166)
	at org.apache.catalina.core.StandardWrapperValve.invoke(StandardWrapperValve.java:202)
	at org.apache.catalina.core.StandardContextValve.invoke(StandardContextValve.java:97)
	at org.apache.catalina.authenticator.AuthenticatorBase.invoke(AuthenticatorBase.java:541)
	at org.apache.catalina.core.StandardHostValve.invoke(StandardHostValve.java:143)
	at org.apache.catalina.valves.ErrorReportValve.invoke(ErrorReportValve.java:92)
	at org.apache.catalina.core.StandardEngineValve.invoke(StandardEngineValve.java:78)
	at org.apache.catalina.connector.CoyoteAdapter.service(CoyoteAdapter.java:343)
	at org.apache.coyote.http11.Http11Processor.service(Http11Processor.java:374)
	at org.apache.coyote.AbstractProcessorLight.process(AbstractProcessorLight.java:65)
	at org.apache.coyote.AbstractProtocol$ConnectionHandler.process(AbstractProtocol.java:868)
	at org.apache.tomcat.util.net.NioEndpoint$SocketProcessor.doRun(NioEndpoint.java:1590)
	at org.apache.tomcat.util.net.SocketProcessorBase.run(SocketProcessorBase.java:49)
	at java.util.concurrent.ThreadPoolExecutor.runWorker(ThreadPoolExecutor.java:1149)
	at java.util.concurrent.ThreadPoolExecutor$Worker.run(ThreadPoolExecutor.java:624)
	at org.apache.tomcat.util.threads.TaskThread$WrappingRunnable.run(TaskThread.java:61)
	at java.lang.Thread.run(Thread.java:748)
2020-11-25 12:43:56.420  INFO MacBook-Pro.local --- [extShutdownHook] o.s.c.n.e.s.EurekaServiceRegistry        : Unregistering application GYMNAST-SERVICE with eureka with status DOWN
2020-11-25 12:43:56.422  WARN MacBook-Pro.local --- [extShutdownHook] c.n.d.DiscoveryClient                    : Saw local status change event StatusChangeEvent [timestamp=1606301036421, current=DOWN, previous=UP]
2020-11-25 12:43:56.424  INFO MacBook-Pro.local --- [nfoReplicator-0] c.n.d.DiscoveryClient                    : DiscoveryClient_GYMNAST-SERVICE/gymnast-service:95cec60c3726603b4002c4aababd0d5a: registering service...
2020-11-25 12:43:56.522  INFO MacBook-Pro.local --- [nfoReplicator-0] c.n.d.DiscoveryClient                    : DiscoveryClient_GYMNAST-SERVICE/gymnast-service:95cec60c3726603b4002c4aababd0d5a - registration status: 204
2020-11-25 12:43:56.579  INFO MacBook-Pro.local --- [extShutdownHook] o.s.a.r.l.SimpleMessageListenerContainer : Waiting for workers to finish.
2020-11-25 12:43:57.149  INFO MacBook-Pro.local --- [extShutdownHook] o.s.a.r.l.SimpleMessageListenerContainer : Successfully waited for workers to finish.
2020-11-25 12:43:57.255  INFO MacBook-Pro.local --- [extShutdownHook] o.s.a.r.l.SimpleMessageListenerContainer : Waiting for workers to finish.
2020-11-25 12:43:57.384  INFO MacBook-Pro.local --- [extShutdownHook] o.s.a.r.l.SimpleMessageListenerContainer : Successfully waited for workers to finish.
2020-11-25 12:43:57.384  INFO MacBook-Pro.local --- [extShutdownHook] o.s.i.a.i.AmqpInboundChannelAdapter      : stopped bean 'inbound.springCloudBus.anonymous.Oae86g3ASHifAEJTyzWrDg'
2020-11-25 12:43:57.401  INFO MacBook-Pro.local --- [extShutdownHook] o.s.c.s.b.BinderErrorChannel             : Channel 'application-1.springCloudBus.anonymous.Oae86g3ASHifAEJTyzWrDg.errors' has 1 subscriber(s).
2020-11-25 12:43:57.405  INFO MacBook-Pro.local --- [extShutdownHook] o.s.c.s.b.BinderErrorChannel             : Channel 'application-1.springCloudBus.anonymous.Oae86g3ASHifAEJTyzWrDg.errors' has 0 subscriber(s).
2020-11-25 12:43:57.420  INFO MacBook-Pro.local --- [extShutdownHook] o.s.i.e.EventDrivenConsumer              : Removing {logging-channel-adapter:_org.springframework.integration.errorLogger} as a subscriber to the 'errorChannel' channel
2020-11-25 12:43:57.420  INFO MacBook-Pro.local --- [extShutdownHook] o.s.i.c.PublishSubscribeChannel          : Channel 'application-1.errorChannel' has 0 subscriber(s).
2020-11-25 12:43:57.422  INFO MacBook-Pro.local --- [extShutdownHook] o.s.i.e.EventDrivenConsumer              : stopped bean '_org.springframework.integration.errorLogger'
2020-11-25 12:43:57.443  INFO MacBook-Pro.local --- [extShutdownHook] o.s.a.r.l.SimpleMessageListenerContainer : Shutdown ignored - container is not active already
2020-11-25 12:43:57.445  INFO MacBook-Pro.local --- [extShutdownHook] o.s.s.c.ThreadPoolTaskScheduler          : Shutting down ExecutorService
2020-11-25 12:43:57.530  INFO MacBook-Pro.local --- [extShutdownHook] j.LocalContainerEntityManagerFactoryBean : Closing JPA EntityManagerFactory for persistence unit 'default'
2020-11-25 12:43:57.695  INFO MacBook-Pro.local --- [extShutdownHook] o.s.s.c.ThreadPoolTaskScheduler          : Shutting down ExecutorService 'taskScheduler'
2020-11-25 12:43:57.696  INFO MacBook-Pro.local --- [extShutdownHook] o.s.s.c.ThreadPoolTaskExecutor           : Shutting down ExecutorService 'applicationTaskExecutor'
2020-11-25 12:43:57.701  INFO MacBook-Pro.local --- [extShutdownHook] c.z.h.HikariDataSource                   : HikariPool-1 - Shutdown initiated...
2020-11-25 12:43:57.795  INFO MacBook-Pro.local --- [extShutdownHook] c.z.h.HikariDataSource                   : HikariPool-1 - Shutdown completed.
2020-11-25 12:43:58.602  INFO MacBook-Pro.local --- [extShutdownHook] c.n.d.DiscoveryClient                    : Shutting down DiscoveryClient ...
2020-11-25 12:44:01.613  INFO MacBook-Pro.local --- [extShutdownHook] c.n.d.DiscoveryClient                    : Unregistering ...
2020-11-25 12:44:01.709  INFO MacBook-Pro.local --- [extShutdownHook] c.n.d.DiscoveryClient                    : DiscoveryClient_GYMNAST-SERVICE/gymnast-service:95cec60c3726603b4002c4aababd0d5a - deregister  status: 200
2020-11-25 12:44:01.776  INFO MacBook-Pro.local --- [extShutdownHook] c.n.d.DiscoveryClient                    : Completed shut down of DiscoveryClient
2020-11-25 12:45:11.405  INFO MacBook-Pro.local --- [kground-preinit] o.h.v.i.u.Version                        : HV000001: Hibernate Validator 6.1.5.Final
2020-11-25 12:45:24.481  INFO MacBook-Pro.local --- [           main] c.c.c.ConfigServicePropertySourceLocator : Fetching config from server at : http://localhost:8012
2020-11-25 12:45:26.302  INFO MacBook-Pro.local --- [           main] c.c.c.ConfigServicePropertySourceLocator : Located environment: name=gymnast-service, profiles=[default], label=main, version=0b18fd50f3de4fd9d41d2bea1e1ba6a8cd1dc1a9, state=null
2020-11-25 12:45:26.306  INFO MacBook-Pro.local --- [           main] b.c.PropertySourceBootstrapConfiguration : Located property source: [BootstrapPropertySource {name='bootstrapProperties-configClient'}, BootstrapPropertySource {name='bootstrapProperties-https://github.com/smilyk/briut.git/gymnast-service.properties'}, BootstrapPropertySource {name='bootstrapProperties-https://github.com/smilyk/briut.git/application.properties'}]
2020-11-25 12:45:31.647  INFO MacBook-Pro.local --- [           main] c.g.GymnastServerApplication             : No active profile set, falling back to default profiles: default
2020-11-25 12:45:33.268  WARN MacBook-Pro.local --- [           main] o.s.b.a.e.EndpointId                     : Endpoint ID 'hystrix.stream' contains invalid characters, please migrate to a valid format.
2020-11-25 12:45:35.663  WARN MacBook-Pro.local --- [           main] o.s.b.a.e.EndpointId                     : Endpoint ID 'bus-env' contains invalid characters, please migrate to a valid format.
2020-11-25 12:45:37.178  INFO MacBook-Pro.local --- [           main] .s.d.r.c.RepositoryConfigurationDelegate : Multiple Spring Data modules found, entering strict repository configuration mode!
2020-11-25 12:45:37.186  INFO MacBook-Pro.local --- [           main] .s.d.r.c.RepositoryConfigurationDelegate : Bootstrapping Spring Data JDBC repositories in DEFAULT mode.
2020-11-25 12:45:37.250  INFO MacBook-Pro.local --- [           main] .s.d.r.c.RepositoryConfigurationDelegate : Finished Spring Data repository scanning in 53ms. Found 0 JDBC repository interfaces.
2020-11-25 12:45:37.275  INFO MacBook-Pro.local --- [           main] .s.d.r.c.RepositoryConfigurationDelegate : Multiple Spring Data modules found, entering strict repository configuration mode!
2020-11-25 12:45:37.278  INFO MacBook-Pro.local --- [           main] .s.d.r.c.RepositoryConfigurationDelegate : Bootstrapping Spring Data JPA repositories in DEFERRED mode.
2020-11-25 12:45:37.322  INFO MacBook-Pro.local --- [           main] .s.d.r.c.RepositoryConfigurationDelegate : Finished Spring Data repository scanning in 27ms. Found 0 JPA repository interfaces.
2020-11-25 12:45:37.621  WARN MacBook-Pro.local --- [           main] o.s.b.a.e.EndpointId                     : Endpoint ID 'bus-refresh' contains invalid characters, please migrate to a valid format.
2020-11-25 12:45:37.914  WARN MacBook-Pro.local --- [           main] o.s.b.a.e.EndpointId                     : Endpoint ID 'service-registry' contains invalid characters, please migrate to a valid format.
2020-11-25 12:45:40.086  INFO MacBook-Pro.local --- [           main] o.s.c.c.s.GenericScope                   : BeanFactory id=4310754f-55c4-3e57-b056-bcc41b5c2e10
2020-11-25 12:45:40.272  INFO MacBook-Pro.local --- [           main] faultConfiguringBeanFactoryPostProcessor : No bean named 'errorChannel' has been explicitly defined. Therefore, a default PublishSubscribeChannel will be created.
2020-11-25 12:45:40.293  INFO MacBook-Pro.local --- [           main] faultConfiguringBeanFactoryPostProcessor : No bean named 'taskScheduler' has been explicitly defined. Therefore, a default ThreadPoolTaskScheduler will be created.
2020-11-25 12:45:40.332  INFO MacBook-Pro.local --- [           main] faultConfiguringBeanFactoryPostProcessor : No bean named 'integrationHeaderChannelRegistry' has been explicitly defined. Therefore, a default DefaultHeaderChannelRegistry will be created.
2020-11-25 12:45:42.429  INFO MacBook-Pro.local --- [           main] trationDelegate$BeanPostProcessorChecker : Bean 'integrationChannelResolver' of type [org.springframework.integration.support.channel.BeanFactoryChannelResolver] is not eligible for getting processed by all BeanPostProcessors (for example: not eligible for auto-proxying)
2020-11-25 12:45:42.447  INFO MacBook-Pro.local --- [           main] trationDelegate$BeanPostProcessorChecker : Bean 'integrationDisposableAutoCreatedBeans' of type [org.springframework.integration.config.annotation.Disposables] is not eligible for getting processed by all BeanPostProcessors (for example: not eligible for auto-proxying)
2020-11-25 12:45:42.664  INFO MacBook-Pro.local --- [           main] trationDelegate$BeanPostProcessorChecker : Bean 'org.springframework.integration.config.IntegrationManagementConfiguration' of type [org.springframework.integration.config.IntegrationManagementConfiguration] is not eligible for getting processed by all BeanPostProcessors (for example: not eligible for auto-proxying)
2020-11-25 12:45:45.470  INFO MacBook-Pro.local --- [           main] o.s.b.w.e.t.TomcatWebServer              : Tomcat initialized with port(s): 8087 (http)
2020-11-25 12:45:45.532  INFO MacBook-Pro.local --- [           main] o.a.c.h.Http11NioProtocol                : Initializing ProtocolHandler ["http-nio-8087"]
2020-11-25 12:45:45.533  INFO MacBook-Pro.local --- [           main] o.a.c.c.StandardService                  : Starting service [Tomcat]
2020-11-25 12:45:45.556  INFO MacBook-Pro.local --- [           main] o.a.c.c.StandardEngine                   : Starting Servlet engine: [Apache Tomcat/9.0.38]
2020-11-25 12:45:46.247  INFO MacBook-Pro.local --- [           main] o.a.c.c.C.[.[.[/]                        : Initializing Spring embedded WebApplicationContext
2020-11-25 12:45:46.248  INFO MacBook-Pro.local --- [           main] w.s.c.ServletWebServerApplicationContext : Root WebApplicationContext: initialization completed in 14501 ms
2020-11-25 12:45:46.971  WARN MacBook-Pro.local --- [           main] c.n.c.s.URLConfigurationSource           : No URLs will be polled as dynamic configuration sources.
2020-11-25 12:45:46.973  INFO MacBook-Pro.local --- [           main] c.n.c.s.URLConfigurationSource           : To enable URLs as dynamic configuration sources, define System property archaius.configurationSource.additionalUrls or make config.properties available on classpath.
2020-11-25 12:45:47.022  INFO MacBook-Pro.local --- [           main] c.n.c.DynamicPropertyFactory             : DynamicPropertyFactory is initialized with configuration sources: com.netflix.config.ConcurrentCompositeConfiguration@2d6a0766
2020-11-25 12:45:49.351  INFO MacBook-Pro.local --- [           main] o.s.b.a.e.w.ServletEndpointRegistrar     : Registered '/actuator/jolokia' to jolokia-actuator-endpoint
2020-11-25 12:45:49.354  INFO MacBook-Pro.local --- [           main] o.s.b.a.e.w.ServletEndpointRegistrar     : Registered '/actuator/hystrix.stream' to hystrix.stream-actuator-endpoint
2020-11-25 12:45:50.065  INFO MacBook-Pro.local --- [           main] o.s.s.c.ThreadPoolTaskExecutor           : Initializing ExecutorService 'applicationTaskExecutor'
2020-11-25 12:45:50.426  INFO MacBook-Pro.local --- [           main] o.s.s.c.ThreadPoolTaskScheduler          : Initializing ExecutorService 'taskScheduler'
2020-11-25 12:45:50.735  INFO MacBook-Pro.local --- [         task-1] o.h.j.i.u.LogHelper                      : HHH000204: Processing PersistenceUnitInfo [name: default]
2020-11-25 12:45:51.107  INFO MacBook-Pro.local --- [         task-1] o.h.Version                              : HHH000412: Hibernate ORM core version 5.4.21.Final
2020-11-25 12:45:51.550  WARN MacBook-Pro.local --- [           main] JpaBaseConfiguration$JpaWebConfiguration : spring.jpa.open-in-view is enabled by default. Therefore, database queries may be performed during view rendering. Explicitly configure spring.jpa.open-in-view to disable this warning
2020-11-25 12:45:52.087  INFO MacBook-Pro.local --- [         task-1] o.h.a.c.Version                          : HCANN000001: Hibernate Commons Annotations {5.1.0.Final}
2020-11-25 12:45:54.205  INFO MacBook-Pro.local --- [         task-1] c.z.h.HikariDataSource                   : HikariPool-1 - Starting...
2020-11-25 12:46:00.795  INFO MacBook-Pro.local --- [         task-1] c.z.h.HikariDataSource                   : HikariPool-1 - Start completed.
2020-11-25 12:46:01.363  INFO MacBook-Pro.local --- [         task-1] o.h.d.Dialect                            : HHH000400: Using dialect: org.hibernate.dialect.MySQL57Dialect
2020-11-25 12:46:01.890  INFO MacBook-Pro.local --- [           main] .s.s.UserDetailsServiceAutoConfiguration : 

Using generated security password: 23a39ddf-a4b2-41fb-abde-514a30230af6

2020-11-25 12:46:03.114  INFO MacBook-Pro.local --- [           main] o.s.s.w.DefaultSecurityFilterChain       : Creating filter chain: any request, [org.springframework.security.web.context.request.async.WebAsyncManagerIntegrationFilter@6b899971, org.springframework.security.web.context.SecurityContextPersistenceFilter@2ace1cd3, org.springframework.security.web.header.HeaderWriterFilter@4fe4503a, org.springframework.security.web.authentication.logout.LogoutFilter@21688427, com.gymnast.security.AuthorizationFilter@453a30f8, org.springframework.security.web.savedrequest.RequestCacheAwareFilter@5f8df69, org.springframework.security.web.servletapi.SecurityContextHolderAwareRequestFilter@1c0680b0, org.springframework.security.web.authentication.AnonymousAuthenticationFilter@7cec3975, org.springframework.security.web.session.SessionManagementFilter@4604e051, org.springframework.security.web.access.ExceptionTranslationFilter@24010875, org.springframework.security.web.access.intercept.FilterSecurityInterceptor@4ab90d01]
2020-11-25 12:46:04.259  WARN MacBook-Pro.local --- [           main] c.n.c.s.URLConfigurationSource           : No URLs will be polled as dynamic configuration sources.
2020-11-25 12:46:04.260  INFO MacBook-Pro.local --- [           main] c.n.c.s.URLConfigurationSource           : To enable URLs as dynamic configuration sources, define System property archaius.configurationSource.additionalUrls or make config.properties available on classpath.
2020-11-25 12:46:04.437  INFO MacBook-Pro.local --- [         task-1] o.h.e.t.j.p.i.JtaPlatformInitiator       : HHH000490: Using JtaPlatform implementation: [org.hibernate.engine.transaction.jta.platform.internal.NoJtaPlatform]
2020-11-25 12:46:04.539  INFO MacBook-Pro.local --- [         task-1] j.LocalContainerEntityManagerFactoryBean : Initialized JPA EntityManagerFactory for persistence unit 'default'
2020-11-25 12:46:08.683  INFO MacBook-Pro.local --- [           main] onConfiguration$FunctionBindingRegistrar : Functional binding is disabled due to the presense of @EnableBinding annotation in your configuration
2020-11-25 12:46:11.078  INFO MacBook-Pro.local --- [           main] o.s.s.c.ThreadPoolTaskScheduler          : Initializing ExecutorService
2020-11-25 12:46:13.706  WARN MacBook-Pro.local --- [           main] ockingLoadBalancerClientRibbonWarnLogger : You already have RibbonLoadBalancerClient on your classpath. It will be used by default. As Spring Cloud Ribbon is in maintenance mode. We recommend switching to BlockingLoadBalancerClient instead. In order to use it, set the value of `spring.cloud.loadbalancer.ribbon.enabled` to `false` or remove spring-cloud-starter-netflix-ribbon from your project.
2020-11-25 12:46:15.116  INFO MacBook-Pro.local --- [           main] o.s.b.a.e.w.EndpointLinksResolver        : Exposing 25 endpoint(s) beneath base path '/actuator'
2020-11-25 12:46:15.885  INFO MacBook-Pro.local --- [           main] o.s.c.s.m.DirectWithAttributesChannel    : Channel 'application-1.springCloudBusInput' has 1 subscriber(s).
2020-11-25 12:46:15.981  INFO MacBook-Pro.local --- [           main] o.s.i.e.EventDrivenConsumer              : Adding {logging-channel-adapter:_org.springframework.integration.errorLogger} as a subscriber to the 'errorChannel' channel
2020-11-25 12:46:15.981  INFO MacBook-Pro.local --- [           main] o.s.i.c.PublishSubscribeChannel          : Channel 'application-1.errorChannel' has 1 subscriber(s).
2020-11-25 12:46:15.981  INFO MacBook-Pro.local --- [           main] o.s.i.e.EventDrivenConsumer              : started bean '_org.springframework.integration.errorLogger'
2020-11-25 12:46:26.398  INFO MacBook-Pro.local --- [           main] c.c.c.ConfigServicePropertySourceLocator : Fetching config from server at : http://localhost:8012
2020-11-25 12:46:28.194  INFO MacBook-Pro.local --- [           main] c.c.c.ConfigServicePropertySourceLocator : Located environment: name=gymnast-service, profiles=[default], label=main, version=0b18fd50f3de4fd9d41d2bea1e1ba6a8cd1dc1a9, state=null
2020-11-25 12:46:28.195  INFO MacBook-Pro.local --- [           main] b.c.PropertySourceBootstrapConfiguration : Located property source: [BootstrapPropertySource {name='bootstrapProperties-configClient'}, BootstrapPropertySource {name='bootstrapProperties-https://github.com/smilyk/briut.git/gymnast-service.properties'}, BootstrapPropertySource {name='bootstrapProperties-https://github.com/smilyk/briut.git/application.properties'}]
2020-11-25 12:46:34.164  INFO MacBook-Pro.local --- [           main] DeferredRepositoryInitializationListener : Triggering deferred initialization of Spring Data repositories…
2020-11-25 12:46:34.173  INFO MacBook-Pro.local --- [           main] DeferredRepositoryInitializationListener : Spring Data repositories initialized!
2020-11-25 12:46:35.466  INFO MacBook-Pro.local --- [           main] o.s.a.r.c.CachingConnectionFactory       : Attempting to connect to: [localhost:5672]
2020-11-25 12:46:35.583  INFO MacBook-Pro.local --- [           main] o.s.a.r.c.CachingConnectionFactory       : Created new connection: rabbitConnectionFactory#6f9a3325:0/SimpleConnection@71b6edfb [delegate=amqp://user@127.0.0.1:5672/, localPort= 63636]
2020-11-25 12:46:35.793  INFO MacBook-Pro.local --- [           main] o.s.c.s.m.DirectWithAttributesChannel    : Channel 'application-1.springCloudBusOutput' has 1 subscriber(s).
2020-11-25 12:46:35.841  INFO MacBook-Pro.local --- [           main] o.s.c.n.e.InstanceInfoFactory            : Setting initial instance status as: STARTING
2020-11-25 12:46:36.270  INFO MacBook-Pro.local --- [           main] c.n.d.DiscoveryClient                    : Initializing Eureka in region us-east-1
2020-11-25 12:46:36.978  INFO MacBook-Pro.local --- [           main] c.n.d.p.DiscoveryJerseyProvider          : Using JSON encoding codec LegacyJacksonJson
2020-11-25 12:46:36.979  INFO MacBook-Pro.local --- [           main] c.n.d.p.DiscoveryJerseyProvider          : Using JSON decoding codec LegacyJacksonJson
2020-11-25 12:46:38.372  INFO MacBook-Pro.local --- [           main] c.n.d.p.DiscoveryJerseyProvider          : Using XML encoding codec XStreamXml
2020-11-25 12:46:38.373  INFO MacBook-Pro.local --- [           main] c.n.d.p.DiscoveryJerseyProvider          : Using XML decoding codec XStreamXml
2020-11-25 12:46:39.223 ERROR MacBook-Pro.local --- [gistrationTask1] o.s.s.s.TaskUtils$LoggingErrorHandler    : Unexpected error occurred in scheduled task
java.lang.IllegalStateException: couldn't determine local port. Please set spring.boot.admin.client.instance.service-base-url.
	at de.codecentric.boot.admin.client.registration.DefaultApplicationFactory.getLocalServerPort(DefaultApplicationFactory.java:192)
	at de.codecentric.boot.admin.client.registration.DefaultApplicationFactory.getServiceBaseUrl(DefaultApplicationFactory.java:104)
	at de.codecentric.boot.admin.client.registration.ServletApplicationFactory.getServiceUrl(ServletApplicationFactory.java:63)
	at de.codecentric.boot.admin.client.registration.ServletApplicationFactory.getManagementBaseUrl(ServletApplicationFactory.java:76)
	at de.codecentric.boot.admin.client.registration.DefaultApplicationFactory.getHealthUrl(DefaultApplicationFactory.java:154)
	at de.codecentric.boot.admin.client.registration.DefaultApplicationFactory.createApplication(DefaultApplicationFactory.java:80)
	at de.codecentric.boot.admin.client.registration.ApplicationRegistrator.register(ApplicationRegistrator.java:58)
	at org.springframework.scheduling.support.DelegatingErrorHandlingRunnable.run(DelegatingErrorHandlingRunnable.java:54)
	at java.util.concurrent.Executors$RunnableAdapter.call(Executors.java:511)
	at java.util.concurrent.FutureTask.runAndReset(FutureTask.java:308)
	at java.util.concurrent.ScheduledThreadPoolExecutor$ScheduledFutureTask.access$301(ScheduledThreadPoolExecutor.java:180)
	at java.util.concurrent.ScheduledThreadPoolExecutor$ScheduledFutureTask.run(ScheduledThreadPoolExecutor.java:294)
	at java.util.concurrent.ThreadPoolExecutor.runWorker(ThreadPoolExecutor.java:1149)
	at java.util.concurrent.ThreadPoolExecutor$Worker.run(ThreadPoolExecutor.java:624)
	at java.lang.Thread.run(Thread.java:748)
2020-11-25 12:46:40.209  INFO MacBook-Pro.local --- [           main] c.n.d.s.r.a.ConfigClusterResolver        : Resolving eureka endpoints via configuration
2020-11-25 12:46:40.372  INFO MacBook-Pro.local --- [           main] c.n.d.DiscoveryClient                    : Disable delta property : false
2020-11-25 12:46:40.372  INFO MacBook-Pro.local --- [           main] c.n.d.DiscoveryClient                    : Single vip registry refresh property : null
2020-11-25 12:46:40.372  INFO MacBook-Pro.local --- [           main] c.n.d.DiscoveryClient                    : Force full registry fetch : false
2020-11-25 12:46:40.372  INFO MacBook-Pro.local --- [           main] c.n.d.DiscoveryClient                    : Application is null : false
2020-11-25 12:46:40.373  INFO MacBook-Pro.local --- [           main] c.n.d.DiscoveryClient                    : Registered Applications size is zero : true
2020-11-25 12:46:40.373  INFO MacBook-Pro.local --- [           main] c.n.d.DiscoveryClient                    : Application version is -1: true
2020-11-25 12:46:40.374  INFO MacBook-Pro.local --- [           main] c.n.d.DiscoveryClient                    : Getting all instance registry info from the eureka server
2020-11-25 12:46:41.461  INFO MacBook-Pro.local --- [           main] c.n.d.DiscoveryClient                    : The response status is 200
2020-11-25 12:46:41.470  INFO MacBook-Pro.local --- [           main] c.n.d.DiscoveryClient                    : Starting heartbeat executor: renew interval is: 30
2020-11-25 12:46:41.478  INFO MacBook-Pro.local --- [           main] c.n.d.InstanceInfoReplicator             : InstanceInfoReplicator onDemand update allowed rate per min is 4
2020-11-25 12:46:41.488  INFO MacBook-Pro.local --- [           main] c.n.d.DiscoveryClient                    : Discovery Client initialized at timestamp 1606301201486 with initial instances count: 5
2020-11-25 12:46:41.638  INFO MacBook-Pro.local --- [           main] o.s.c.n.e.s.EurekaServiceRegistry        : Registering application GYMNAST-SERVICE with eureka with status UP
2020-11-25 12:46:41.643  INFO MacBook-Pro.local --- [           main] c.n.d.DiscoveryClient                    : Saw local status change event StatusChangeEvent [timestamp=1606301201642, current=UP, previous=STARTING]
2020-11-25 12:46:41.650  INFO MacBook-Pro.local --- [nfoReplicator-0] c.n.d.DiscoveryClient                    : DiscoveryClient_GYMNAST-SERVICE/gymnast-service:7d69b77d4e1cb2eebb06fe8bea623708: registering service...
2020-11-25 12:46:41.832  INFO MacBook-Pro.local --- [nfoReplicator-0] c.n.d.DiscoveryClient                    : DiscoveryClient_GYMNAST-SERVICE/gymnast-service:7d69b77d4e1cb2eebb06fe8bea623708 - registration status: 204
2020-11-25 12:46:42.126  INFO MacBook-Pro.local --- [           main] c.s.b.r.p.RabbitExchangeQueueProvisioner : declaring queue for inbound: springCloudBus.anonymous.5giZHWp9TwC0_zpV63-bIA, bound to: springCloudBus
2020-11-25 12:46:42.281  INFO MacBook-Pro.local --- [           main] o.s.c.s.b.BinderErrorChannel             : Channel 'springCloudBus.anonymous.5giZHWp9TwC0_zpV63-bIA.errors' has 1 subscriber(s).
2020-11-25 12:46:42.287  INFO MacBook-Pro.local --- [           main] o.s.c.s.b.BinderErrorChannel             : Channel 'springCloudBus.anonymous.5giZHWp9TwC0_zpV63-bIA.errors' has 2 subscriber(s).
2020-11-25 12:46:42.384  INFO MacBook-Pro.local --- [           main] o.s.i.a.i.AmqpInboundChannelAdapter      : started bean 'inbound.springCloudBus.anonymous.5giZHWp9TwC0_zpV63-bIA'
2020-11-25 12:46:42.388  INFO MacBook-Pro.local --- [           main] o.a.c.h.Http11NioProtocol                : Starting ProtocolHandler ["http-nio-8087"]
2020-11-25 12:46:42.656  INFO MacBook-Pro.local --- [           main] o.s.b.w.e.t.TomcatWebServer              : Tomcat started on port(s): 8087 (http) with context path ''
2020-11-25 12:46:42.658  INFO MacBook-Pro.local --- [           main] .s.c.n.e.s.EurekaAutoServiceRegistration : Updating port to 8087
2020-11-25 12:46:42.671  INFO MacBook-Pro.local --- [           main] DeferredRepositoryInitializationListener : Triggering deferred initialization of Spring Data repositories…
2020-11-25 12:46:42.676  INFO MacBook-Pro.local --- [           main] DeferredRepositoryInitializationListener : Spring Data repositories initialized!
2020-11-25 12:46:43.209  INFO MacBook-Pro.local --- [           main] DeferredRepositoryInitializationListener : Triggering deferred initialization of Spring Data repositories…
2020-11-25 12:46:43.209  INFO MacBook-Pro.local --- [           main] DeferredRepositoryInitializationListener : Spring Data repositories initialized!
2020-11-25 12:46:43.895  INFO MacBook-Pro.local --- [           main] DeferredRepositoryInitializationListener : Triggering deferred initialization of Spring Data repositories…
2020-11-25 12:46:43.895  INFO MacBook-Pro.local --- [           main] DeferredRepositoryInitializationListener : Spring Data repositories initialized!
2020-11-25 12:46:45.205  INFO MacBook-Pro.local --- [           main] c.g.GymnastServerApplication             : Started GymnastServerApplication in 105.001 seconds (JVM running for 115.378)
2020-11-25 12:46:59.295  WARN MacBook-Pro.local --- [gistrationTask1] d.c.b.a.c.r.ApplicationRegistrator       : Failed to register application as Application(name=gymnast-service, managementUrl=http://macbook-pro:8087/actuator, healthUrl=http://macbook-pro:8087/actuator/health, serviceUrl=http://macbook-pro:8087/) at spring-boot-admin ([http://localhost:9999/instances]): I/O error on POST request for "http://localhost:9999/instances": Connect to localhost:9999 [localhost/127.0.0.1, localhost/0:0:0:0:0:0:0:1] failed: Connection refused (Connection refused); nested exception is org.apache.http.conn.HttpHostConnectException: Connect to localhost:9999 [localhost/127.0.0.1, localhost/0:0:0:0:0:0:0:1] failed: Connection refused (Connection refused). Further attempts are logged on DEBUG level
2020-11-25 12:47:53.008  INFO MacBook-Pro.local --- [nio-8087-exec-1] o.a.c.c.C.[.[.[/]                        : Initializing Spring DispatcherServlet 'dispatcherServlet'
2020-11-25 12:47:53.020  INFO MacBook-Pro.local --- [nio-8087-exec-1] o.s.w.s.DispatcherServlet                : Initializing Servlet 'dispatcherServlet'
2020-11-25 12:47:53.645  INFO MacBook-Pro.local --- [nio-8087-exec-1] o.s.w.s.DispatcherServlet                : Completed initialization in 622 ms
2020-11-25 12:51:40.396  INFO MacBook-Pro.local --- [trap-executor-0] c.n.d.s.r.a.ConfigClusterResolver        : Resolving eureka endpoints via configuration
2020-11-25 12:56:40.413  INFO MacBook-Pro.local --- [trap-executor-0] c.n.d.s.r.a.ConfigClusterResolver        : Resolving eureka endpoints via configuration
2020-11-25 13:02:18.826  WARN MacBook-Pro.local --- [l-1 housekeeper] c.z.h.p.HikariPool                       : HikariPool-1 - Thread starvation or clock leap detected (housekeeper delta=1m46s769ms).
2020-11-25 13:02:58.253  INFO MacBook-Pro.local --- [trap-executor-0] c.n.d.s.r.a.ConfigClusterResolver        : Resolving eureka endpoints via configuration
2020-11-25 13:07:58.266  INFO MacBook-Pro.local --- [trap-executor-0] c.n.d.s.r.a.ConfigClusterResolver        : Resolving eureka endpoints via configuration
2020-11-25 13:12:58.289  INFO MacBook-Pro.local --- [trap-executor-0] c.n.d.s.r.a.ConfigClusterResolver        : Resolving eureka endpoints via configuration
2020-11-25 13:16:25.100  INFO MacBook-Pro.local --- [extShutdownHook] o.s.c.n.e.s.EurekaServiceRegistry        : Unregistering application GYMNAST-SERVICE with eureka with status DOWN
2020-11-25 13:16:25.112  WARN MacBook-Pro.local --- [extShutdownHook] c.n.d.DiscoveryClient                    : Saw local status change event StatusChangeEvent [timestamp=1606302985111, current=DOWN, previous=UP]
2020-11-25 13:16:25.123  INFO MacBook-Pro.local --- [nfoReplicator-0] c.n.d.DiscoveryClient                    : DiscoveryClient_GYMNAST-SERVICE/gymnast-service:7d69b77d4e1cb2eebb06fe8bea623708: registering service...
2020-11-25 13:16:25.219  INFO MacBook-Pro.local --- [nfoReplicator-0] c.n.d.DiscoveryClient                    : DiscoveryClient_GYMNAST-SERVICE/gymnast-service:7d69b77d4e1cb2eebb06fe8bea623708 - registration status: 204
2020-11-25 13:16:26.829  INFO MacBook-Pro.local --- [extShutdownHook] o.s.a.r.l.SimpleMessageListenerContainer : Waiting for workers to finish.
2020-11-25 13:16:27.112  INFO MacBook-Pro.local --- [extShutdownHook] o.s.a.r.l.SimpleMessageListenerContainer : Successfully waited for workers to finish.
2020-11-25 13:16:28.485  INFO MacBook-Pro.local --- [extShutdownHook] o.s.a.r.l.SimpleMessageListenerContainer : Waiting for workers to finish.
2020-11-25 13:16:28.948  INFO MacBook-Pro.local --- [extShutdownHook] o.s.a.r.l.SimpleMessageListenerContainer : Successfully waited for workers to finish.
2020-11-25 13:16:28.948  INFO MacBook-Pro.local --- [extShutdownHook] o.s.i.a.i.AmqpInboundChannelAdapter      : stopped bean 'inbound.springCloudBus.anonymous.5giZHWp9TwC0_zpV63-bIA'
2020-11-25 13:16:29.037  INFO MacBook-Pro.local --- [extShutdownHook] o.s.c.s.b.BinderErrorChannel             : Channel 'application-1.springCloudBus.anonymous.5giZHWp9TwC0_zpV63-bIA.errors' has 1 subscriber(s).
2020-11-25 13:16:29.045  INFO MacBook-Pro.local --- [extShutdownHook] o.s.c.s.b.BinderErrorChannel             : Channel 'application-1.springCloudBus.anonymous.5giZHWp9TwC0_zpV63-bIA.errors' has 0 subscriber(s).
2020-11-25 13:16:29.157  INFO MacBook-Pro.local --- [extShutdownHook] o.s.i.e.EventDrivenConsumer              : Removing {logging-channel-adapter:_org.springframework.integration.errorLogger} as a subscriber to the 'errorChannel' channel
2020-11-25 13:16:29.158  INFO MacBook-Pro.local --- [extShutdownHook] o.s.i.c.PublishSubscribeChannel          : Channel 'application-1.errorChannel' has 0 subscriber(s).
2020-11-25 13:16:29.160  INFO MacBook-Pro.local --- [extShutdownHook] o.s.i.e.EventDrivenConsumer              : stopped bean '_org.springframework.integration.errorLogger'
2020-11-25 13:16:29.382  INFO MacBook-Pro.local --- [extShutdownHook] o.s.a.r.l.SimpleMessageListenerContainer : Shutdown ignored - container is not active already
2020-11-25 13:16:29.385  INFO MacBook-Pro.local --- [extShutdownHook] o.s.s.c.ThreadPoolTaskScheduler          : Shutting down ExecutorService
2020-11-25 13:16:29.960  INFO MacBook-Pro.local --- [extShutdownHook] j.LocalContainerEntityManagerFactoryBean : Closing JPA EntityManagerFactory for persistence unit 'default'
2020-11-25 13:16:30.350  INFO MacBook-Pro.local --- [extShutdownHook] o.s.s.c.ThreadPoolTaskScheduler          : Shutting down ExecutorService 'taskScheduler'
2020-11-25 13:16:30.351  INFO MacBook-Pro.local --- [extShutdownHook] o.s.s.c.ThreadPoolTaskExecutor           : Shutting down ExecutorService 'applicationTaskExecutor'
2020-11-25 13:16:30.361  INFO MacBook-Pro.local --- [extShutdownHook] c.z.h.HikariDataSource                   : HikariPool-1 - Shutdown initiated...
2020-11-25 13:16:30.551  INFO MacBook-Pro.local --- [extShutdownHook] c.z.h.HikariDataSource                   : HikariPool-1 - Shutdown completed.
2020-11-25 13:16:31.361  INFO MacBook-Pro.local --- [extShutdownHook] c.n.d.DiscoveryClient                    : Shutting down DiscoveryClient ...
2020-11-25 13:16:34.373  INFO MacBook-Pro.local --- [extShutdownHook] c.n.d.DiscoveryClient                    : Unregistering ...
2020-11-25 13:16:34.399  INFO MacBook-Pro.local --- [extShutdownHook] c.n.d.DiscoveryClient                    : DiscoveryClient_GYMNAST-SERVICE/gymnast-service:7d69b77d4e1cb2eebb06fe8bea623708 - deregister  status: 200
2020-11-25 13:16:34.729  INFO MacBook-Pro.local --- [extShutdownHook] c.n.d.DiscoveryClient                    : Completed shut down of DiscoveryClient
