2020-11-11 13:29:48.886  INFO MacBook-Pro --- [kground-preinit] o.h.v.i.u.Version                        : HV000001: Hibernate Validator 6.1.5.Final
2020-11-11 13:29:56.374  INFO MacBook-Pro --- [           main] c.c.c.ConfigServicePropertySourceLocator : Fetching config from server at : http://localhost:8012
2020-11-11 13:29:58.339  INFO MacBook-Pro --- [           main] c.c.c.ConfigServicePropertySourceLocator : Located environment: name=user-service, profiles=[default], label=main, version=743c1175cb82ef2145f6379f410b63ae47a0e18b, state=null
2020-11-11 13:29:58.462  INFO MacBook-Pro --- [           main] b.c.PropertySourceBootstrapConfiguration : Located property source: [BootstrapPropertySource {name='bootstrapProperties-configClient'}, BootstrapPropertySource {name='bootstrapProperties-https://github.com/smilyk/briut.git/user-service.properties'}, BootstrapPropertySource {name='bootstrapProperties-https://github.com/smilyk/briut.git/application.properties'}]
2020-11-11 13:29:59.218  INFO MacBook-Pro --- [           main] c.u.UserServiceApplication               : No active profile set, falling back to default profiles: default
2020-11-11 13:30:03.787  WARN MacBook-Pro --- [           main] o.s.b.a.e.EndpointId                     : Endpoint ID 'hystrix.stream' contains invalid characters, please migrate to a valid format.
2020-11-11 13:30:06.403  WARN MacBook-Pro --- [           main] o.s.b.a.e.EndpointId                     : Endpoint ID 'bus-env' contains invalid characters, please migrate to a valid format.
2020-11-11 13:30:10.428  INFO MacBook-Pro --- [           main] .s.d.r.c.RepositoryConfigurationDelegate : Multiple Spring Data modules found, entering strict repository configuration mode!
2020-11-11 13:30:10.447  INFO MacBook-Pro --- [           main] .s.d.r.c.RepositoryConfigurationDelegate : Bootstrapping Spring Data JDBC repositories in DEFAULT mode.
2020-11-11 13:30:10.633  INFO MacBook-Pro --- [           main] .RepositoryConfigurationExtensionSupport : Spring Data JDBC - Could not safely identify store assignment for repository candidate interface com.users.repository.RespPersonRepo. If you want this repository to be a JDBC repository, consider annotating your entities with one of these annotations: org.springframework.data.relational.core.mapping.Table.
2020-11-11 13:30:10.640  INFO MacBook-Pro --- [           main] .RepositoryConfigurationExtensionSupport : Spring Data JDBC - Could not safely identify store assignment for repository candidate interface com.users.repository.UserRepo. If you want this repository to be a JDBC repository, consider annotating your entities with one of these annotations: org.springframework.data.relational.core.mapping.Table.
2020-11-11 13:30:10.641  INFO MacBook-Pro --- [           main] .s.d.r.c.RepositoryConfigurationDelegate : Finished Spring Data repository scanning in 182ms. Found 0 JDBC repository interfaces.
2020-11-11 13:30:10.710  INFO MacBook-Pro --- [           main] .s.d.r.c.RepositoryConfigurationDelegate : Multiple Spring Data modules found, entering strict repository configuration mode!
2020-11-11 13:30:10.717  INFO MacBook-Pro --- [           main] .s.d.r.c.RepositoryConfigurationDelegate : Bootstrapping Spring Data JPA repositories in DEFERRED mode.
2020-11-11 13:30:12.402  INFO MacBook-Pro --- [           main] .s.d.r.c.RepositoryConfigurationDelegate : Finished Spring Data repository scanning in 1662ms. Found 2 JPA repository interfaces.
2020-11-11 13:30:12.655  WARN MacBook-Pro --- [           main] o.s.b.a.e.EndpointId                     : Endpoint ID 'bus-refresh' contains invalid characters, please migrate to a valid format.
2020-11-11 13:30:13.131  WARN MacBook-Pro --- [           main] o.s.b.a.e.EndpointId                     : Endpoint ID 'service-registry' contains invalid characters, please migrate to a valid format.
2020-11-11 13:30:18.438  INFO MacBook-Pro --- [           main] o.s.c.c.s.GenericScope                   : BeanFactory id=c56571f5-5d16-3c51-afbd-bb6ecb650e16
2020-11-11 13:30:18.620  INFO MacBook-Pro --- [           main] faultConfiguringBeanFactoryPostProcessor : No bean named 'errorChannel' has been explicitly defined. Therefore, a default PublishSubscribeChannel will be created.
2020-11-11 13:30:18.647  INFO MacBook-Pro --- [           main] faultConfiguringBeanFactoryPostProcessor : No bean named 'taskScheduler' has been explicitly defined. Therefore, a default ThreadPoolTaskScheduler will be created.
2020-11-11 13:30:18.666  INFO MacBook-Pro --- [           main] faultConfiguringBeanFactoryPostProcessor : No bean named 'integrationHeaderChannelRegistry' has been explicitly defined. Therefore, a default DefaultHeaderChannelRegistry will be created.
2020-11-11 13:30:22.149  INFO MacBook-Pro --- [           main] trationDelegate$BeanPostProcessorChecker : Bean 'integrationChannelResolver' of type [org.springframework.integration.support.channel.BeanFactoryChannelResolver] is not eligible for getting processed by all BeanPostProcessors (for example: not eligible for auto-proxying)
2020-11-11 13:30:22.168  INFO MacBook-Pro --- [           main] trationDelegate$BeanPostProcessorChecker : Bean 'integrationDisposableAutoCreatedBeans' of type [org.springframework.integration.config.annotation.Disposables] is not eligible for getting processed by all BeanPostProcessors (for example: not eligible for auto-proxying)
2020-11-11 13:30:22.569  INFO MacBook-Pro --- [           main] trationDelegate$BeanPostProcessorChecker : Bean 'org.springframework.integration.config.IntegrationManagementConfiguration' of type [org.springframework.integration.config.IntegrationManagementConfiguration] is not eligible for getting processed by all BeanPostProcessors (for example: not eligible for auto-proxying)
2020-11-11 13:30:26.871  INFO MacBook-Pro --- [           main] o.s.b.w.e.t.TomcatWebServer              : Tomcat initialized with port(s): 8090 (http)
2020-11-11 13:30:27.054  INFO MacBook-Pro --- [           main] o.a.c.h.Http11NioProtocol                : Initializing ProtocolHandler ["http-nio-8090"]
2020-11-11 13:30:27.055  INFO MacBook-Pro --- [           main] o.a.c.c.StandardService                  : Starting service [Tomcat]
2020-11-11 13:30:27.056  INFO MacBook-Pro --- [           main] o.a.c.c.StandardEngine                   : Starting Servlet engine: [Apache Tomcat/9.0.38]
2020-11-11 13:30:28.960  INFO MacBook-Pro --- [           main] o.a.c.c.C.[.[.[/]                        : Initializing Spring embedded WebApplicationContext
2020-11-11 13:30:28.961  INFO MacBook-Pro --- [           main] w.s.c.ServletWebServerApplicationContext : Root WebApplicationContext: initialization completed in 29487 ms
2020-11-11 13:30:30.809  WARN MacBook-Pro --- [           main] c.n.c.s.URLConfigurationSource           : No URLs will be polled as dynamic configuration sources.
2020-11-11 13:30:30.811  INFO MacBook-Pro --- [           main] c.n.c.s.URLConfigurationSource           : To enable URLs as dynamic configuration sources, define System property archaius.configurationSource.additionalUrls or make config.properties available on classpath.
2020-11-11 13:30:30.969  INFO MacBook-Pro --- [           main] c.n.c.DynamicPropertyFactory             : DynamicPropertyFactory is initialized with configuration sources: com.netflix.config.ConcurrentCompositeConfiguration@c6a692e
2020-11-11 13:30:34.744  INFO MacBook-Pro --- [           main] o.s.b.a.e.w.ServletEndpointRegistrar     : Registered '/actuator/jolokia' to jolokia-actuator-endpoint
2020-11-11 13:30:36.176  INFO MacBook-Pro --- [           main] o.s.s.c.ThreadPoolTaskExecutor           : Initializing ExecutorService 'applicationTaskExecutor'
2020-11-11 13:30:36.555  INFO MacBook-Pro --- [           main] o.s.s.c.ThreadPoolTaskScheduler          : Initializing ExecutorService 'taskScheduler'
2020-11-11 13:30:37.067  INFO MacBook-Pro --- [         task-1] o.h.j.i.u.LogHelper                      : HHH000204: Processing PersistenceUnitInfo [name: default]
2020-11-11 13:30:37.539  INFO MacBook-Pro --- [         task-1] o.h.Version                              : HHH000412: Hibernate ORM core version 5.4.21.Final
2020-11-11 13:30:38.865  INFO MacBook-Pro --- [         task-1] o.h.a.c.Version                          : HCANN000001: Hibernate Commons Annotations {5.1.0.Final}
2020-11-11 13:30:39.295  INFO MacBook-Pro --- [         task-1] c.z.h.HikariDataSource                   : HikariPool-1 - Starting...
2020-11-11 13:30:40.219  WARN MacBook-Pro --- [           main] c.n.c.s.URLConfigurationSource           : No URLs will be polled as dynamic configuration sources.
2020-11-11 13:30:40.221  INFO MacBook-Pro --- [           main] c.n.c.s.URLConfigurationSource           : To enable URLs as dynamic configuration sources, define System property archaius.configurationSource.additionalUrls or make config.properties available on classpath.
2020-11-11 13:30:41.063  WARN MacBook-Pro --- [           main] JpaBaseConfiguration$JpaWebConfiguration : spring.jpa.open-in-view is enabled by default. Therefore, database queries may be performed during view rendering. Explicitly configure spring.jpa.open-in-view to disable this warning
2020-11-11 13:30:41.192  INFO MacBook-Pro --- [         task-1] c.z.h.HikariDataSource                   : HikariPool-1 - Start completed.
2020-11-11 13:30:41.568  INFO MacBook-Pro --- [         task-1] o.h.d.Dialect                            : HHH000400: Using dialect: org.hibernate.dialect.MySQL8Dialect
2020-11-11 13:30:43.759  INFO MacBook-Pro --- [           main] onConfiguration$FunctionBindingRegistrar : Functional binding is disabled due to the presense of @EnableBinding annotation in your configuration
2020-11-11 13:30:44.622  INFO MacBook-Pro --- [         task-1] o.h.e.t.j.p.i.JtaPlatformInitiator       : HHH000490: Using JtaPlatform implementation: [org.hibernate.engine.transaction.jta.platform.internal.NoJtaPlatform]
2020-11-11 13:30:44.650  INFO MacBook-Pro --- [         task-1] j.LocalContainerEntityManagerFactoryBean : Initialized JPA EntityManagerFactory for persistence unit 'default'
2020-11-11 13:30:47.013  INFO MacBook-Pro --- [           main] o.s.s.c.ThreadPoolTaskScheduler          : Initializing ExecutorService
2020-11-11 13:30:49.651  WARN MacBook-Pro --- [           main] ockingLoadBalancerClientRibbonWarnLogger : You already have RibbonLoadBalancerClient on your classpath. It will be used by default. As Spring Cloud Ribbon is in maintenance mode. We recommend switching to BlockingLoadBalancerClient instead. In order to use it, set the value of `spring.cloud.loadbalancer.ribbon.enabled` to `false` or remove spring-cloud-starter-netflix-ribbon from your project.
2020-11-11 13:30:50.924  INFO MacBook-Pro --- [           main] o.s.b.a.e.w.EndpointLinksResolver        : Exposing 24 endpoint(s) beneath base path '/actuator'
2020-11-11 13:30:51.484  INFO MacBook-Pro --- [           main] o.s.c.s.m.DirectWithAttributesChannel    : Channel 'application-1.springCloudBusInput' has 1 subscriber(s).
2020-11-11 13:30:51.561  INFO MacBook-Pro --- [           main] o.s.i.e.EventDrivenConsumer              : Adding {logging-channel-adapter:_org.springframework.integration.errorLogger} as a subscriber to the 'errorChannel' channel
2020-11-11 13:30:51.562  INFO MacBook-Pro --- [           main] o.s.i.c.PublishSubscribeChannel          : Channel 'application-1.errorChannel' has 1 subscriber(s).
2020-11-11 13:30:51.562  INFO MacBook-Pro --- [           main] o.s.i.e.EventDrivenConsumer              : started bean '_org.springframework.integration.errorLogger'
2020-11-11 13:30:51.757  INFO MacBook-Pro --- [           main] c.c.c.ConfigServicePropertySourceLocator : Fetching config from server at : http://localhost:8012
2020-11-11 13:30:52.614  INFO MacBook-Pro --- [           main] c.c.c.ConfigServicePropertySourceLocator : Located environment: name=user-service, profiles=[default], label=main, version=743c1175cb82ef2145f6379f410b63ae47a0e18b, state=null
2020-11-11 13:30:52.614  INFO MacBook-Pro --- [           main] b.c.PropertySourceBootstrapConfiguration : Located property source: [BootstrapPropertySource {name='bootstrapProperties-configClient'}, BootstrapPropertySource {name='bootstrapProperties-https://github.com/smilyk/briut.git/user-service.properties'}, BootstrapPropertySource {name='bootstrapProperties-https://github.com/smilyk/briut.git/application.properties'}]
2020-11-11 13:30:53.289  INFO MacBook-Pro --- [           main] DeferredRepositoryInitializationListener : Triggering deferred initialization of Spring Data repositories…
2020-11-11 13:30:54.936  INFO MacBook-Pro --- [           main] DeferredRepositoryInitializationListener : Spring Data repositories initialized!
2020-11-11 13:30:54.970 ERROR MacBook-Pro --- [gistrationTask1] o.s.s.s.TaskUtils$LoggingErrorHandler    : Unexpected error occurred in scheduled task
java.lang.IllegalStateException: couldn't determine local port. Please set spring.boot.admin.client.instance.service-base-url.
	at de.codecentric.boot.admin.client.registration.DefaultApplicationFactory.getLocalServerPort(DefaultApplicationFactory.java:192)
	at de.codecentric.boot.admin.client.registration.DefaultApplicationFactory.getServiceBaseUrl(DefaultApplicationFactory.java:104)
	at de.codecentric.boot.admin.client.registration.ServletApplicationFactory.getServiceUrl(ServletApplicationFactory.java:63)
	at de.codecentric.boot.admin.client.registration.ServletApplicationFactory.getManagementBaseUrl(ServletApplicationFactory.java:76)
	at de.codecentric.boot.admin.client.registration.DefaultApplicationFactory.getHealthUrl(DefaultApplicationFactory.java:154)
	at de.codecentric.boot.admin.client.registration.DefaultApplicationFactory.createApplication(DefaultApplicationFactory.java:80)
	at de.codecentric.boot.admin.client.registration.ApplicationRegistrator.register(ApplicationRegistrator.java:58)
	at org.springframework.scheduling.support.DelegatingErrorHandlingRunnable.run(DelegatingErrorHandlingRunnable.java:54)
	at java.util.concurrent.Executors$RunnableAdapter.call(Executors.java:511)
	at java.util.concurrent.FutureTask.runAndReset(FutureTask.java:308)
	at java.util.concurrent.ScheduledThreadPoolExecutor$ScheduledFutureTask.access$301(ScheduledThreadPoolExecutor.java:180)
	at java.util.concurrent.ScheduledThreadPoolExecutor$ScheduledFutureTask.run(ScheduledThreadPoolExecutor.java:294)
	at java.util.concurrent.ThreadPoolExecutor.runWorker(ThreadPoolExecutor.java:1149)
	at java.util.concurrent.ThreadPoolExecutor$Worker.run(ThreadPoolExecutor.java:624)
	at java.lang.Thread.run(Thread.java:748)
2020-11-11 13:30:55.343  INFO MacBook-Pro --- [           main] o.s.a.r.c.CachingConnectionFactory       : Attempting to connect to: [localhost:5672]
2020-11-11 13:30:55.387  INFO MacBook-Pro --- [           main] o.s.a.r.c.CachingConnectionFactory       : Created new connection: rabbitConnectionFactory#14ad42:0/SimpleConnection@3da701a1 [delegate=amqp://user@127.0.0.1:5672/, localPort= 55663]
2020-11-11 13:30:55.495  INFO MacBook-Pro --- [           main] o.s.c.s.m.DirectWithAttributesChannel    : Channel 'application-1.springCloudBusOutput' has 1 subscriber(s).
2020-11-11 13:30:55.532  INFO MacBook-Pro --- [           main] o.s.c.n.e.InstanceInfoFactory            : Setting initial instance status as: STARTING
2020-11-11 13:30:55.675  INFO MacBook-Pro --- [           main] c.n.d.DiscoveryClient                    : Initializing Eureka in region us-east-1
2020-11-11 13:30:55.861  INFO MacBook-Pro --- [           main] c.n.d.p.DiscoveryJerseyProvider          : Using JSON encoding codec LegacyJacksonJson
2020-11-11 13:30:55.861  INFO MacBook-Pro --- [           main] c.n.d.p.DiscoveryJerseyProvider          : Using JSON decoding codec LegacyJacksonJson
2020-11-11 13:30:56.411  INFO MacBook-Pro --- [           main] c.n.d.p.DiscoveryJerseyProvider          : Using XML encoding codec XStreamXml
2020-11-11 13:30:56.411  INFO MacBook-Pro --- [           main] c.n.d.p.DiscoveryJerseyProvider          : Using XML decoding codec XStreamXml
2020-11-11 13:30:57.274  INFO MacBook-Pro --- [           main] c.n.d.s.r.a.ConfigClusterResolver        : Resolving eureka endpoints via configuration
2020-11-11 13:30:57.364  INFO MacBook-Pro --- [           main] c.n.d.DiscoveryClient                    : Disable delta property : false
2020-11-11 13:30:57.365  INFO MacBook-Pro --- [           main] c.n.d.DiscoveryClient                    : Single vip registry refresh property : null
2020-11-11 13:30:57.366  INFO MacBook-Pro --- [           main] c.n.d.DiscoveryClient                    : Force full registry fetch : false
2020-11-11 13:30:57.366  INFO MacBook-Pro --- [           main] c.n.d.DiscoveryClient                    : Application is null : false
2020-11-11 13:30:57.366  INFO MacBook-Pro --- [           main] c.n.d.DiscoveryClient                    : Registered Applications size is zero : true
2020-11-11 13:30:57.366  INFO MacBook-Pro --- [           main] c.n.d.DiscoveryClient                    : Application version is -1: true
2020-11-11 13:30:57.366  INFO MacBook-Pro --- [           main] c.n.d.DiscoveryClient                    : Getting all instance registry info from the eureka server
2020-11-11 13:30:57.777  INFO MacBook-Pro --- [           main] c.n.d.DiscoveryClient                    : The response status is 200
2020-11-11 13:30:57.785  INFO MacBook-Pro --- [           main] c.n.d.DiscoveryClient                    : Starting heartbeat executor: renew interval is: 30
2020-11-11 13:30:57.793  INFO MacBook-Pro --- [           main] c.n.d.InstanceInfoReplicator             : InstanceInfoReplicator onDemand update allowed rate per min is 4
2020-11-11 13:30:57.803  INFO MacBook-Pro --- [           main] c.n.d.DiscoveryClient                    : Discovery Client initialized at timestamp 1605094257800 with initial instances count: 4
2020-11-11 13:30:57.832  INFO MacBook-Pro --- [           main] o.s.c.n.e.s.EurekaServiceRegistry        : Registering application USER-SERVICE with eureka with status UP
2020-11-11 13:30:57.836  INFO MacBook-Pro --- [           main] c.n.d.DiscoveryClient                    : Saw local status change event StatusChangeEvent [timestamp=1605094257836, current=UP, previous=STARTING]
2020-11-11 13:30:57.842  INFO MacBook-Pro --- [nfoReplicator-0] c.n.d.DiscoveryClient                    : DiscoveryClient_USER-SERVICE/user-service:4ca90482fd421b28aea7e15526d61f4a: registering service...
2020-11-11 13:30:57.972  INFO MacBook-Pro --- [nfoReplicator-0] c.n.d.DiscoveryClient                    : DiscoveryClient_USER-SERVICE/user-service:4ca90482fd421b28aea7e15526d61f4a - registration status: 204
2020-11-11 13:30:58.453  INFO MacBook-Pro --- [           main] c.s.b.r.p.RabbitExchangeQueueProvisioner : declaring queue for inbound: springCloudBus.anonymous.NRPxxjZ2QCeauJ4SD7I_8w, bound to: springCloudBus
2020-11-11 13:30:58.725  INFO MacBook-Pro --- [           main] o.s.c.s.b.BinderErrorChannel             : Channel 'springCloudBus.anonymous.NRPxxjZ2QCeauJ4SD7I_8w.errors' has 1 subscriber(s).
2020-11-11 13:30:58.726  INFO MacBook-Pro --- [           main] o.s.c.s.b.BinderErrorChannel             : Channel 'springCloudBus.anonymous.NRPxxjZ2QCeauJ4SD7I_8w.errors' has 2 subscriber(s).
2020-11-11 13:30:59.063  INFO MacBook-Pro --- [           main] o.s.i.a.i.AmqpInboundChannelAdapter      : started bean 'inbound.springCloudBus.anonymous.NRPxxjZ2QCeauJ4SD7I_8w'
2020-11-11 13:30:59.066  INFO MacBook-Pro --- [           main] o.a.c.h.Http11NioProtocol                : Starting ProtocolHandler ["http-nio-8090"]
2020-11-11 13:30:59.111  INFO MacBook-Pro --- [           main] o.s.b.w.e.t.TomcatWebServer              : Tomcat started on port(s): 8090 (http) with context path ''
2020-11-11 13:30:59.113  INFO MacBook-Pro --- [           main] .s.c.n.e.s.EurekaAutoServiceRegistration : Updating port to 8090
2020-11-11 13:30:59.119  INFO MacBook-Pro --- [           main] DeferredRepositoryInitializationListener : Triggering deferred initialization of Spring Data repositories…
2020-11-11 13:30:59.122  INFO MacBook-Pro --- [           main] DeferredRepositoryInitializationListener : Spring Data repositories initialized!
2020-11-11 13:31:00.170  INFO MacBook-Pro --- [           main] c.u.UserServiceApplication               : Started UserServiceApplication in 76.076 seconds (JVM running for 92.107)
2020-11-11 13:31:05.306  INFO MacBook-Pro --- [gistrationTask1] d.c.b.a.c.r.ApplicationRegistrator       : Application registered itself as 4e105da815ad
2020-11-11 13:31:05.601  INFO MacBook-Pro --- [nio-8090-exec-1] o.a.c.c.C.[.[.[/]                        : Initializing Spring DispatcherServlet 'dispatcherServlet'
2020-11-11 13:31:05.601  INFO MacBook-Pro --- [nio-8090-exec-1] o.s.w.s.DispatcherServlet                : Initializing Servlet 'dispatcherServlet'
2020-11-11 13:31:05.912  INFO MacBook-Pro --- [nio-8090-exec-1] o.s.w.s.DispatcherServlet                : Completed initialization in 310 ms
2020-11-11 13:31:06.259  INFO MacBook-Pro --- [nio-8090-exec-1] c.c.c.ConfigServicePropertySourceLocator : Fetching config from server at : http://localhost:8012
2020-11-11 13:31:07.715  INFO MacBook-Pro --- [nio-8090-exec-1] c.c.c.ConfigServicePropertySourceLocator : Located environment: name=user-service, profiles=[default], label=main, version=743c1175cb82ef2145f6379f410b63ae47a0e18b, state=null
2020-11-11 13:35:57.375  INFO MacBook-Pro --- [trap-executor-0] c.n.d.s.r.a.ConfigClusterResolver        : Resolving eureka endpoints via configuration
2020-11-11 13:36:18.716  INFO MacBook-Pro --- [nio-8090-exec-1] c.c.c.ConfigServicePropertySourceLocator : Fetching config from server at : http://localhost:8012
2020-11-11 13:36:20.175  INFO MacBook-Pro --- [nio-8090-exec-1] c.c.c.ConfigServicePropertySourceLocator : Located environment: name=user-service, profiles=[default], label=main, version=743c1175cb82ef2145f6379f410b63ae47a0e18b, state=null
2020-11-11 13:40:57.384  INFO MacBook-Pro --- [trap-executor-0] c.n.d.s.r.a.ConfigClusterResolver        : Resolving eureka endpoints via configuration
2020-11-11 13:41:18.653  INFO MacBook-Pro --- [nio-8090-exec-3] c.c.c.ConfigServicePropertySourceLocator : Fetching config from server at : http://localhost:8012
2020-11-11 13:41:19.589  INFO MacBook-Pro --- [nio-8090-exec-3] c.c.c.ConfigServicePropertySourceLocator : Located environment: name=user-service, profiles=[default], label=main, version=743c1175cb82ef2145f6379f410b63ae47a0e18b, state=null
2020-11-11 13:45:57.400  INFO MacBook-Pro --- [trap-executor-0] c.n.d.s.r.a.ConfigClusterResolver        : Resolving eureka endpoints via configuration
2020-11-11 13:46:18.771  INFO MacBook-Pro --- [nio-8090-exec-2] c.c.c.ConfigServicePropertySourceLocator : Fetching config from server at : http://localhost:8012
2020-11-11 13:46:19.844  INFO MacBook-Pro --- [nio-8090-exec-2] c.c.c.ConfigServicePropertySourceLocator : Located environment: name=user-service, profiles=[default], label=main, version=743c1175cb82ef2145f6379f410b63ae47a0e18b, state=null
2020-11-11 13:48:21.187  INFO MacBook-Pro --- [nio-8090-exec-6] c.u.s.u.UserServiceImpl                  : user with provided uuid: d3cad676-a364-4738-8753-f3eaa676feaewas returned.
2020-11-11 13:48:21.187  INFO MacBook-Pro --- [nio-8090-exec-7] c.u.s.u.UserServiceImpl                  : user with provided uuid: d3cad676-a364-4738-8753-f3eaa676feaewas returned.
2020-11-11 13:50:57.435  INFO MacBook-Pro --- [trap-executor-0] c.n.d.s.r.a.ConfigClusterResolver        : Resolving eureka endpoints via configuration
2020-11-11 13:51:38.650  INFO MacBook-Pro --- [nio-8090-exec-2] c.c.c.ConfigServicePropertySourceLocator : Fetching config from server at : http://localhost:8012
2020-11-11 13:51:39.747  INFO MacBook-Pro --- [nio-8090-exec-2] c.c.c.ConfigServicePropertySourceLocator : Located environment: name=user-service, profiles=[default], label=main, version=743c1175cb82ef2145f6379f410b63ae47a0e18b, state=null
2020-11-11 13:55:57.445  INFO MacBook-Pro --- [trap-executor-0] c.n.d.s.r.a.ConfigClusterResolver        : Resolving eureka endpoints via configuration
2020-11-11 13:56:58.632  INFO MacBook-Pro --- [nio-8090-exec-7] c.c.c.ConfigServicePropertySourceLocator : Fetching config from server at : http://localhost:8012
2020-11-11 13:56:59.718  INFO MacBook-Pro --- [nio-8090-exec-7] c.c.c.ConfigServicePropertySourceLocator : Located environment: name=user-service, profiles=[default], label=main, version=743c1175cb82ef2145f6379f410b63ae47a0e18b, state=null
2020-11-11 14:00:57.456  INFO MacBook-Pro --- [trap-executor-0] c.n.d.s.r.a.ConfigClusterResolver        : Resolving eureka endpoints via configuration
2020-11-11 14:01:58.629  INFO MacBook-Pro --- [nio-8090-exec-6] c.c.c.ConfigServicePropertySourceLocator : Fetching config from server at : http://localhost:8012
2020-11-11 14:01:59.482  INFO MacBook-Pro --- [nio-8090-exec-6] c.c.c.ConfigServicePropertySourceLocator : Located environment: name=user-service, profiles=[default], label=main, version=743c1175cb82ef2145f6379f410b63ae47a0e18b, state=null
2020-11-11 14:05:57.631  INFO MacBook-Pro --- [trap-executor-0] c.n.d.s.r.a.ConfigClusterResolver        : Resolving eureka endpoints via configuration
2020-11-11 14:07:08.848  INFO MacBook-Pro --- [nio-8090-exec-8] c.c.c.ConfigServicePropertySourceLocator : Fetching config from server at : http://localhost:8012
2020-11-11 14:07:10.584  INFO MacBook-Pro --- [nio-8090-exec-8] c.c.c.ConfigServicePropertySourceLocator : Located environment: name=user-service, profiles=[default], label=main, version=743c1175cb82ef2145f6379f410b63ae47a0e18b, state=null
2020-11-11 14:10:57.651  INFO MacBook-Pro --- [trap-executor-0] c.n.d.s.r.a.ConfigClusterResolver        : Resolving eureka endpoints via configuration
2020-11-11 14:12:28.839  INFO MacBook-Pro --- [nio-8090-exec-9] c.c.c.ConfigServicePropertySourceLocator : Fetching config from server at : http://localhost:8012
2020-11-11 14:12:30.825  INFO MacBook-Pro --- [nio-8090-exec-9] c.c.c.ConfigServicePropertySourceLocator : Located environment: name=user-service, profiles=[default], label=main, version=743c1175cb82ef2145f6379f410b63ae47a0e18b, state=null
2020-11-11 14:13:11.069  INFO MacBook-Pro --- [extShutdownHook] o.s.c.n.e.s.EurekaServiceRegistry        : Unregistering application USER-SERVICE with eureka with status DOWN
2020-11-11 14:13:11.087  WARN MacBook-Pro --- [extShutdownHook] c.n.d.DiscoveryClient                    : Saw local status change event StatusChangeEvent [timestamp=1605096791074, current=DOWN, previous=UP]
2020-11-11 14:13:11.097  INFO MacBook-Pro --- [nfoReplicator-0] c.n.d.DiscoveryClient                    : DiscoveryClient_USER-SERVICE/user-service:4ca90482fd421b28aea7e15526d61f4a: registering service...
2020-11-11 14:13:11.139  INFO MacBook-Pro --- [nfoReplicator-0] o.a.h.i.c.DefaultHttpClient              : I/O exception (java.net.SocketException) caught when processing request to {}->http://localhost:8761: Broken pipe (Write failed)
2020-11-11 14:13:11.141  INFO MacBook-Pro --- [nfoReplicator-0] o.a.h.i.c.DefaultHttpClient              : Retrying request to {}->http://localhost:8761
2020-11-11 14:13:11.190 ERROR MacBook-Pro --- [nfoReplicator-0] c.n.d.s.t.d.RedirectingEurekaHttpClient  : Request execution error. endpoint=DefaultEndpoint{ serviceUrl='http://localhost:8761/eureka/}
com.sun.jersey.api.client.ClientHandlerException: org.apache.http.client.ClientProtocolException
	at com.sun.jersey.client.apache4.ApacheHttpClient4Handler.handle(ApacheHttpClient4Handler.java:187)
	at com.sun.jersey.api.client.filter.GZIPContentEncodingFilter.handle(GZIPContentEncodingFilter.java:123)
	at com.netflix.discovery.EurekaIdentityHeaderFilter.handle(EurekaIdentityHeaderFilter.java:27)
	at com.sun.jersey.api.client.Client.handle(Client.java:652)
	at com.sun.jersey.api.client.WebResource.handle(WebResource.java:682)
	at com.sun.jersey.api.client.WebResource.access$200(WebResource.java:74)
	at com.sun.jersey.api.client.WebResource$Builder.post(WebResource.java:570)
	at com.netflix.discovery.shared.transport.jersey.AbstractJerseyEurekaHttpClient.register(AbstractJerseyEurekaHttpClient.java:57)
	at com.netflix.discovery.shared.transport.decorator.EurekaHttpClientDecorator$1.execute(EurekaHttpClientDecorator.java:59)
	at com.netflix.discovery.shared.transport.decorator.MetricsCollectingEurekaHttpClient.execute(MetricsCollectingEurekaHttpClient.java:73)
	at com.netflix.discovery.shared.transport.decorator.EurekaHttpClientDecorator.register(EurekaHttpClientDecorator.java:56)
	at com.netflix.discovery.shared.transport.decorator.EurekaHttpClientDecorator$1.execute(EurekaHttpClientDecorator.java:59)
	at com.netflix.discovery.shared.transport.decorator.RedirectingEurekaHttpClient.execute(RedirectingEurekaHttpClient.java:89)
	at com.netflix.discovery.shared.transport.decorator.EurekaHttpClientDecorator.register(EurekaHttpClientDecorator.java:56)
	at com.netflix.discovery.shared.transport.decorator.EurekaHttpClientDecorator$1.execute(EurekaHttpClientDecorator.java:59)
	at com.netflix.discovery.shared.transport.decorator.RetryableEurekaHttpClient.execute(RetryableEurekaHttpClient.java:120)
	at com.netflix.discovery.shared.transport.decorator.EurekaHttpClientDecorator.register(EurekaHttpClientDecorator.java:56)
	at com.netflix.discovery.shared.transport.decorator.EurekaHttpClientDecorator$1.execute(EurekaHttpClientDecorator.java:59)
	at com.netflix.discovery.shared.transport.decorator.SessionedEurekaHttpClient.execute(SessionedEurekaHttpClient.java:77)
	at com.netflix.discovery.shared.transport.decorator.EurekaHttpClientDecorator.register(EurekaHttpClientDecorator.java:56)
	at com.netflix.discovery.DiscoveryClient.register(DiscoveryClient.java:850)
	at com.netflix.discovery.InstanceInfoReplicator.run(InstanceInfoReplicator.java:121)
	at com.netflix.discovery.InstanceInfoReplicator$1.run(InstanceInfoReplicator.java:101)
	at java.util.concurrent.Executors$RunnableAdapter.call(Executors.java:511)
	at java.util.concurrent.FutureTask.run(FutureTask.java:266)
	at java.util.concurrent.ScheduledThreadPoolExecutor$ScheduledFutureTask.access$201(ScheduledThreadPoolExecutor.java:180)
	at java.util.concurrent.ScheduledThreadPoolExecutor$ScheduledFutureTask.run(ScheduledThreadPoolExecutor.java:293)
	at java.util.concurrent.ThreadPoolExecutor.runWorker(ThreadPoolExecutor.java:1149)
	at java.util.concurrent.ThreadPoolExecutor$Worker.run(ThreadPoolExecutor.java:624)
	at java.lang.Thread.run(Thread.java:748)
Caused by: org.apache.http.client.ClientProtocolException
	at org.apache.http.impl.client.AbstractHttpClient.doExecute(AbstractHttpClient.java:839)
	at org.apache.http.impl.client.CloseableHttpClient.execute(CloseableHttpClient.java:118)
	at org.apache.http.impl.client.CloseableHttpClient.execute(CloseableHttpClient.java:56)
	at com.sun.jersey.client.apache4.ApacheHttpClient4Handler.handle(ApacheHttpClient4Handler.java:173)
	... 29 more
Caused by: org.apache.http.client.NonRepeatableRequestException: Cannot retry request with a non-repeatable request entity.  The cause lists the reason the original request failed.
	at org.apache.http.impl.client.DefaultRequestDirector.tryExecute(DefaultRequestDirector.java:653)
	at org.apache.http.impl.client.DefaultRequestDirector.execute(DefaultRequestDirector.java:481)
	at org.apache.http.impl.client.AbstractHttpClient.doExecute(AbstractHttpClient.java:835)
	... 32 more
Caused by: java.net.SocketException: Broken pipe (Write failed)
	at java.net.SocketOutputStream.socketWrite0(Native Method)
	at java.net.SocketOutputStream.socketWrite(SocketOutputStream.java:111)
	at java.net.SocketOutputStream.write(SocketOutputStream.java:155)
	at org.apache.http.impl.io.AbstractSessionOutputBuffer.flushBuffer(AbstractSessionOutputBuffer.java:160)
	at org.apache.http.impl.io.AbstractSessionOutputBuffer.flush(AbstractSessionOutputBuffer.java:168)
	at org.apache.http.impl.io.ChunkedOutputStream.close(ChunkedOutputStream.java:203)
	at com.fasterxml.jackson.core.json.UTF8JsonGenerator.close(UTF8JsonGenerator.java:1214)
	at com.fasterxml.jackson.databind.ObjectWriter._writeValueAndClose(ObjectWriter.java:1222)
	at com.fasterxml.jackson.databind.ObjectWriter.writeValue(ObjectWriter.java:1043)
	at com.netflix.discovery.converters.EurekaJacksonCodec.writeTo(EurekaJacksonCodec.java:237)
	at com.netflix.discovery.converters.wrappers.CodecWrappers$LegacyJacksonJson.encode(CodecWrappers.java:304)
	at com.netflix.discovery.provider.DiscoveryJerseyProvider.writeTo(DiscoveryJerseyProvider.java:135)
	at com.sun.jersey.api.client.RequestWriter$RequestEntityWriterImpl.writeRequestEntity(RequestWriter.java:231)
	at com.sun.jersey.client.apache4.ApacheHttpClient4Handler$2.writeTo(ApacheHttpClient4Handler.java:289)
	at org.apache.http.entity.HttpEntityWrapper.writeTo(HttpEntityWrapper.java:96)
	at org.apache.http.impl.client.EntityEnclosingRequestWrapper$EntityWrapper.writeTo(EntityEnclosingRequestWrapper.java:110)
	at org.apache.http.impl.entity.EntitySerializer.serialize(EntitySerializer.java:118)
	at org.apache.http.impl.AbstractHttpClientConnection.sendRequestEntity(AbstractHttpClientConnection.java:274)
	at org.apache.http.impl.conn.AbstractClientConnAdapter.sendRequestEntity(AbstractClientConnAdapter.java:239)
	at org.apache.http.protocol.HttpRequestExecutor.doSendRequest(HttpRequestExecutor.java:238)
	at org.apache.http.protocol.HttpRequestExecutor.execute(HttpRequestExecutor.java:123)
	at org.apache.http.impl.client.DefaultRequestDirector.tryExecute(DefaultRequestDirector.java:679)
	... 34 more
2020-11-11 14:13:11.390  WARN MacBook-Pro --- [nfoReplicator-0] c.n.d.s.t.d.RetryableEurekaHttpClient    : Request execution failed with message: org.apache.http.client.ClientProtocolException
2020-11-11 14:13:11.444 ERROR MacBook-Pro --- [nfoReplicator-0] c.n.d.s.t.d.RedirectingEurekaHttpClient  : Request execution error. endpoint=DefaultEndpoint{ serviceUrl='http://localhost:8761/eureka/}
com.sun.jersey.api.client.ClientHandlerException: java.net.ConnectException: Connection refused (Connection refused)
	at com.sun.jersey.client.apache4.ApacheHttpClient4Handler.handle(ApacheHttpClient4Handler.java:187)
	at com.sun.jersey.api.client.filter.GZIPContentEncodingFilter.handle(GZIPContentEncodingFilter.java:123)
	at com.netflix.discovery.EurekaIdentityHeaderFilter.handle(EurekaIdentityHeaderFilter.java:27)
	at com.sun.jersey.api.client.Client.handle(Client.java:652)
	at com.sun.jersey.api.client.WebResource.handle(WebResource.java:682)
	at com.sun.jersey.api.client.WebResource.access$200(WebResource.java:74)
	at com.sun.jersey.api.client.WebResource$Builder.post(WebResource.java:570)
	at com.netflix.discovery.shared.transport.jersey.AbstractJerseyEurekaHttpClient.register(AbstractJerseyEurekaHttpClient.java:57)
	at com.netflix.discovery.shared.transport.decorator.EurekaHttpClientDecorator$1.execute(EurekaHttpClientDecorator.java:59)
	at com.netflix.discovery.shared.transport.decorator.MetricsCollectingEurekaHttpClient.execute(MetricsCollectingEurekaHttpClient.java:73)
	at com.netflix.discovery.shared.transport.decorator.EurekaHttpClientDecorator.register(EurekaHttpClientDecorator.java:56)
	at com.netflix.discovery.shared.transport.decorator.EurekaHttpClientDecorator$1.execute(EurekaHttpClientDecorator.java:59)
	at com.netflix.discovery.shared.transport.decorator.RedirectingEurekaHttpClient.executeOnNewServer(RedirectingEurekaHttpClient.java:118)
	at com.netflix.discovery.shared.transport.decorator.RedirectingEurekaHttpClient.execute(RedirectingEurekaHttpClient.java:79)
	at com.netflix.discovery.shared.transport.decorator.EurekaHttpClientDecorator.register(EurekaHttpClientDecorator.java:56)
	at com.netflix.discovery.shared.transport.decorator.EurekaHttpClientDecorator$1.execute(EurekaHttpClientDecorator.java:59)
	at com.netflix.discovery.shared.transport.decorator.RetryableEurekaHttpClient.execute(RetryableEurekaHttpClient.java:120)
	at com.netflix.discovery.shared.transport.decorator.EurekaHttpClientDecorator.register(EurekaHttpClientDecorator.java:56)
	at com.netflix.discovery.shared.transport.decorator.EurekaHttpClientDecorator$1.execute(EurekaHttpClientDecorator.java:59)
	at com.netflix.discovery.shared.transport.decorator.SessionedEurekaHttpClient.execute(SessionedEurekaHttpClient.java:77)
	at com.netflix.discovery.shared.transport.decorator.EurekaHttpClientDecorator.register(EurekaHttpClientDecorator.java:56)
	at com.netflix.discovery.DiscoveryClient.register(DiscoveryClient.java:850)
	at com.netflix.discovery.InstanceInfoReplicator.run(InstanceInfoReplicator.java:121)
	at com.netflix.discovery.InstanceInfoReplicator$1.run(InstanceInfoReplicator.java:101)
	at java.util.concurrent.Executors$RunnableAdapter.call(Executors.java:511)
	at java.util.concurrent.FutureTask.run(FutureTask.java:266)
	at java.util.concurrent.ScheduledThreadPoolExecutor$ScheduledFutureTask.access$201(ScheduledThreadPoolExecutor.java:180)
	at java.util.concurrent.ScheduledThreadPoolExecutor$ScheduledFutureTask.run(ScheduledThreadPoolExecutor.java:293)
	at java.util.concurrent.ThreadPoolExecutor.runWorker(ThreadPoolExecutor.java:1149)
	at java.util.concurrent.ThreadPoolExecutor$Worker.run(ThreadPoolExecutor.java:624)
	at java.lang.Thread.run(Thread.java:748)
Caused by: java.net.ConnectException: Connection refused (Connection refused)
	at java.net.PlainSocketImpl.socketConnect(Native Method)
	at java.net.AbstractPlainSocketImpl.doConnect(AbstractPlainSocketImpl.java:350)
	at java.net.AbstractPlainSocketImpl.connectToAddress(AbstractPlainSocketImpl.java:206)
	at java.net.AbstractPlainSocketImpl.connect(AbstractPlainSocketImpl.java:188)
	at java.net.SocksSocketImpl.connect(SocksSocketImpl.java:392)
	at java.net.Socket.connect(Socket.java:606)
	at org.apache.http.conn.scheme.PlainSocketFactory.connectSocket(PlainSocketFactory.java:121)
	at org.apache.http.impl.conn.DefaultClientConnectionOperator.openConnection(DefaultClientConnectionOperator.java:180)
	at org.apache.http.impl.conn.AbstractPoolEntry.open(AbstractPoolEntry.java:144)
	at org.apache.http.impl.conn.AbstractPooledConnAdapter.open(AbstractPooledConnAdapter.java:134)
	at org.apache.http.impl.client.DefaultRequestDirector.tryConnect(DefaultRequestDirector.java:605)
	at org.apache.http.impl.client.DefaultRequestDirector.execute(DefaultRequestDirector.java:440)
	at org.apache.http.impl.client.AbstractHttpClient.doExecute(AbstractHttpClient.java:835)
	at org.apache.http.impl.client.CloseableHttpClient.execute(CloseableHttpClient.java:118)
	at org.apache.http.impl.client.CloseableHttpClient.execute(CloseableHttpClient.java:56)
	at com.sun.jersey.client.apache4.ApacheHttpClient4Handler.handle(ApacheHttpClient4Handler.java:173)
	... 30 more
2020-11-11 14:13:11.539  WARN MacBook-Pro --- [nfoReplicator-0] c.n.d.s.t.d.RetryableEurekaHttpClient    : Request execution failed with message: java.net.ConnectException: Connection refused (Connection refused)
2020-11-11 14:13:11.564  WARN MacBook-Pro --- [nfoReplicator-0] c.n.d.DiscoveryClient                    : DiscoveryClient_USER-SERVICE/user-service:4ca90482fd421b28aea7e15526d61f4a - registration failed Cannot execute request on any known server
com.netflix.discovery.shared.transport.TransportException: Cannot execute request on any known server
	at com.netflix.discovery.shared.transport.decorator.RetryableEurekaHttpClient.execute(RetryableEurekaHttpClient.java:112)
	at com.netflix.discovery.shared.transport.decorator.EurekaHttpClientDecorator.register(EurekaHttpClientDecorator.java:56)
	at com.netflix.discovery.shared.transport.decorator.EurekaHttpClientDecorator$1.execute(EurekaHttpClientDecorator.java:59)
	at com.netflix.discovery.shared.transport.decorator.SessionedEurekaHttpClient.execute(SessionedEurekaHttpClient.java:77)
	at com.netflix.discovery.shared.transport.decorator.EurekaHttpClientDecorator.register(EurekaHttpClientDecorator.java:56)
	at com.netflix.discovery.DiscoveryClient.register(DiscoveryClient.java:850)
	at com.netflix.discovery.InstanceInfoReplicator.run(InstanceInfoReplicator.java:121)
	at com.netflix.discovery.InstanceInfoReplicator$1.run(InstanceInfoReplicator.java:101)
	at java.util.concurrent.Executors$RunnableAdapter.call(Executors.java:511)
	at java.util.concurrent.FutureTask.run(FutureTask.java:266)
	at java.util.concurrent.ScheduledThreadPoolExecutor$ScheduledFutureTask.access$201(ScheduledThreadPoolExecutor.java:180)
	at java.util.concurrent.ScheduledThreadPoolExecutor$ScheduledFutureTask.run(ScheduledThreadPoolExecutor.java:293)
	at java.util.concurrent.ThreadPoolExecutor.runWorker(ThreadPoolExecutor.java:1149)
	at java.util.concurrent.ThreadPoolExecutor$Worker.run(ThreadPoolExecutor.java:624)
	at java.lang.Thread.run(Thread.java:748)
2020-11-11 14:13:11.565  WARN MacBook-Pro --- [nfoReplicator-0] c.n.d.InstanceInfoReplicator             : There was a problem with the instance info replicator
com.netflix.discovery.shared.transport.TransportException: Cannot execute request on any known server
	at com.netflix.discovery.shared.transport.decorator.RetryableEurekaHttpClient.execute(RetryableEurekaHttpClient.java:112)
	at com.netflix.discovery.shared.transport.decorator.EurekaHttpClientDecorator.register(EurekaHttpClientDecorator.java:56)
	at com.netflix.discovery.shared.transport.decorator.EurekaHttpClientDecorator$1.execute(EurekaHttpClientDecorator.java:59)
	at com.netflix.discovery.shared.transport.decorator.SessionedEurekaHttpClient.execute(SessionedEurekaHttpClient.java:77)
	at com.netflix.discovery.shared.transport.decorator.EurekaHttpClientDecorator.register(EurekaHttpClientDecorator.java:56)
	at com.netflix.discovery.DiscoveryClient.register(DiscoveryClient.java:850)
	at com.netflix.discovery.InstanceInfoReplicator.run(InstanceInfoReplicator.java:121)
	at com.netflix.discovery.InstanceInfoReplicator$1.run(InstanceInfoReplicator.java:101)
	at java.util.concurrent.Executors$RunnableAdapter.call(Executors.java:511)
	at java.util.concurrent.FutureTask.run(FutureTask.java:266)
	at java.util.concurrent.ScheduledThreadPoolExecutor$ScheduledFutureTask.access$201(ScheduledThreadPoolExecutor.java:180)
	at java.util.concurrent.ScheduledThreadPoolExecutor$ScheduledFutureTask.run(ScheduledThreadPoolExecutor.java:293)
	at java.util.concurrent.ThreadPoolExecutor.runWorker(ThreadPoolExecutor.java:1149)
	at java.util.concurrent.ThreadPoolExecutor$Worker.run(ThreadPoolExecutor.java:624)
	at java.lang.Thread.run(Thread.java:748)
2020-11-11 14:13:13.331  INFO MacBook-Pro --- [extShutdownHook] o.s.a.r.l.SimpleMessageListenerContainer : Waiting for workers to finish.
2020-11-11 14:13:13.565  INFO MacBook-Pro --- [extShutdownHook] o.s.a.r.l.SimpleMessageListenerContainer : Successfully waited for workers to finish.
2020-11-11 14:13:13.581  INFO MacBook-Pro --- [extShutdownHook] o.s.i.a.i.AmqpInboundChannelAdapter      : stopped bean 'inbound.springCloudBus.anonymous.NRPxxjZ2QCeauJ4SD7I_8w'
2020-11-11 14:13:14.269  INFO MacBook-Pro --- [extShutdownHook] o.s.c.s.b.BinderErrorChannel             : Channel 'application-1.springCloudBus.anonymous.NRPxxjZ2QCeauJ4SD7I_8w.errors' has 1 subscriber(s).
2020-11-11 14:13:14.282  INFO MacBook-Pro --- [extShutdownHook] o.s.c.s.b.BinderErrorChannel             : Channel 'application-1.springCloudBus.anonymous.NRPxxjZ2QCeauJ4SD7I_8w.errors' has 0 subscriber(s).
2020-11-11 14:13:14.326  INFO MacBook-Pro --- [extShutdownHook] o.s.i.e.EventDrivenConsumer              : Removing {logging-channel-adapter:_org.springframework.integration.errorLogger} as a subscriber to the 'errorChannel' channel
2020-11-11 14:13:14.327  INFO MacBook-Pro --- [extShutdownHook] o.s.i.c.PublishSubscribeChannel          : Channel 'application-1.errorChannel' has 0 subscriber(s).
2020-11-11 14:13:14.327  INFO MacBook-Pro --- [extShutdownHook] o.s.i.e.EventDrivenConsumer              : stopped bean '_org.springframework.integration.errorLogger'
2020-11-11 14:13:14.634  INFO MacBook-Pro --- [extShutdownHook] o.s.s.c.ThreadPoolTaskScheduler          : Shutting down ExecutorService
2020-11-11 14:13:15.389  INFO MacBook-Pro --- [extShutdownHook] j.LocalContainerEntityManagerFactoryBean : Closing JPA EntityManagerFactory for persistence unit 'default'
2020-11-11 14:13:15.423  INFO MacBook-Pro --- [extShutdownHook] o.s.s.c.ThreadPoolTaskScheduler          : Shutting down ExecutorService 'taskScheduler'
2020-11-11 14:13:15.424  INFO MacBook-Pro --- [extShutdownHook] o.s.s.c.ThreadPoolTaskExecutor           : Shutting down ExecutorService 'applicationTaskExecutor'
2020-11-11 14:13:15.426  INFO MacBook-Pro --- [extShutdownHook] c.z.h.HikariDataSource                   : HikariPool-1 - Shutdown initiated...
2020-11-11 14:13:15.455  INFO MacBook-Pro --- [extShutdownHook] c.z.h.HikariDataSource                   : HikariPool-1 - Shutdown completed.
2020-11-11 14:13:16.449  INFO MacBook-Pro --- [extShutdownHook] c.n.d.DiscoveryClient                    : Shutting down DiscoveryClient ...
2020-11-11 14:13:19.500  INFO MacBook-Pro --- [extShutdownHook] c.n.d.DiscoveryClient                    : Unregistering ...
2020-11-11 14:13:19.527 ERROR MacBook-Pro --- [extShutdownHook] c.n.d.s.t.d.RedirectingEurekaHttpClient  : Request execution error. endpoint=DefaultEndpoint{ serviceUrl='http://localhost:8761/eureka/}
com.sun.jersey.api.client.ClientHandlerException: java.net.ConnectException: Connection refused (Connection refused)
	at com.sun.jersey.client.apache4.ApacheHttpClient4Handler.handle(ApacheHttpClient4Handler.java:187)
	at com.sun.jersey.api.client.filter.GZIPContentEncodingFilter.handle(GZIPContentEncodingFilter.java:123)
	at com.netflix.discovery.EurekaIdentityHeaderFilter.handle(EurekaIdentityHeaderFilter.java:27)
	at com.sun.jersey.api.client.Client.handle(Client.java:652)
	at com.sun.jersey.api.client.WebResource.handle(WebResource.java:682)
	at com.sun.jersey.api.client.WebResource.access$200(WebResource.java:74)
	at com.sun.jersey.api.client.WebResource$Builder.delete(WebResource.java:591)
	at com.netflix.discovery.shared.transport.jersey.AbstractJerseyEurekaHttpClient.cancel(AbstractJerseyEurekaHttpClient.java:77)
	at com.netflix.discovery.shared.transport.decorator.EurekaHttpClientDecorator$2.execute(EurekaHttpClientDecorator.java:74)
	at com.netflix.discovery.shared.transport.decorator.MetricsCollectingEurekaHttpClient.execute(MetricsCollectingEurekaHttpClient.java:73)
	at com.netflix.discovery.shared.transport.decorator.EurekaHttpClientDecorator.cancel(EurekaHttpClientDecorator.java:71)
	at com.netflix.discovery.shared.transport.decorator.EurekaHttpClientDecorator$2.execute(EurekaHttpClientDecorator.java:74)
	at com.netflix.discovery.shared.transport.decorator.RedirectingEurekaHttpClient.executeOnNewServer(RedirectingEurekaHttpClient.java:118)
	at com.netflix.discovery.shared.transport.decorator.RedirectingEurekaHttpClient.execute(RedirectingEurekaHttpClient.java:79)
	at com.netflix.discovery.shared.transport.decorator.EurekaHttpClientDecorator.cancel(EurekaHttpClientDecorator.java:71)
	at com.netflix.discovery.shared.transport.decorator.EurekaHttpClientDecorator$2.execute(EurekaHttpClientDecorator.java:74)
	at com.netflix.discovery.shared.transport.decorator.RetryableEurekaHttpClient.execute(RetryableEurekaHttpClient.java:120)
	at com.netflix.discovery.shared.transport.decorator.EurekaHttpClientDecorator.cancel(EurekaHttpClientDecorator.java:71)
	at com.netflix.discovery.shared.transport.decorator.EurekaHttpClientDecorator$2.execute(EurekaHttpClientDecorator.java:74)
	at com.netflix.discovery.shared.transport.decorator.SessionedEurekaHttpClient.execute(SessionedEurekaHttpClient.java:77)
	at com.netflix.discovery.shared.transport.decorator.EurekaHttpClientDecorator.cancel(EurekaHttpClientDecorator.java:71)
	at com.netflix.discovery.DiscoveryClient.unregister(DiscoveryClient.java:946)
	at com.netflix.discovery.DiscoveryClient.shutdown(DiscoveryClient.java:922)
	at sun.reflect.NativeMethodAccessorImpl.invoke0(Native Method)
	at sun.reflect.NativeMethodAccessorImpl.invoke(NativeMethodAccessorImpl.java:62)
	at sun.reflect.DelegatingMethodAccessorImpl.invoke(DelegatingMethodAccessorImpl.java:43)
	at java.lang.reflect.Method.invoke(Method.java:498)
	at org.springframework.beans.factory.annotation.InitDestroyAnnotationBeanPostProcessor$LifecycleElement.invoke(InitDestroyAnnotationBeanPostProcessor.java:389)
	at org.springframework.beans.factory.annotation.InitDestroyAnnotationBeanPostProcessor$LifecycleMetadata.invokeDestroyMethods(InitDestroyAnnotationBeanPostProcessor.java:347)
	at org.springframework.beans.factory.annotation.InitDestroyAnnotationBeanPostProcessor.postProcessBeforeDestruction(InitDestroyAnnotationBeanPostProcessor.java:177)
	at org.springframework.beans.factory.support.DisposableBeanAdapter.destroy(DisposableBeanAdapter.java:242)
	at org.springframework.beans.factory.support.DisposableBeanAdapter.run(DisposableBeanAdapter.java:235)
	at org.springframework.cloud.context.scope.GenericScope$BeanLifecycleWrapper.destroy(GenericScope.java:403)
	at org.springframework.cloud.context.scope.GenericScope.destroy(GenericScope.java:142)
	at org.springframework.beans.factory.support.DisposableBeanAdapter.destroy(DisposableBeanAdapter.java:258)
	at org.springframework.beans.factory.support.DefaultSingletonBeanRegistry.destroyBean(DefaultSingletonBeanRegistry.java:587)
	at org.springframework.beans.factory.support.DefaultSingletonBeanRegistry.destroySingleton(DefaultSingletonBeanRegistry.java:559)
	at org.springframework.beans.factory.support.DefaultListableBeanFactory.destroySingleton(DefaultListableBeanFactory.java:1092)
	at org.springframework.beans.factory.support.DefaultSingletonBeanRegistry.destroySingletons(DefaultSingletonBeanRegistry.java:520)
	at org.springframework.beans.factory.support.DefaultListableBeanFactory.destroySingletons(DefaultListableBeanFactory.java:1085)
	at org.springframework.context.support.AbstractApplicationContext.destroyBeans(AbstractApplicationContext.java:1061)
	at org.springframework.context.support.AbstractApplicationContext.doClose(AbstractApplicationContext.java:1030)
	at org.springframework.boot.web.servlet.context.ServletWebServerApplicationContext.doClose(ServletWebServerApplicationContext.java:170)
	at org.springframework.context.support.AbstractApplicationContext$1.run(AbstractApplicationContext.java:949)
Caused by: java.net.ConnectException: Connection refused (Connection refused)
	at java.net.PlainSocketImpl.socketConnect(Native Method)
	at java.net.AbstractPlainSocketImpl.doConnect(AbstractPlainSocketImpl.java:350)
	at java.net.AbstractPlainSocketImpl.connectToAddress(AbstractPlainSocketImpl.java:206)
	at java.net.AbstractPlainSocketImpl.connect(AbstractPlainSocketImpl.java:188)
	at java.net.SocksSocketImpl.connect(SocksSocketImpl.java:392)
	at java.net.Socket.connect(Socket.java:606)
	at org.apache.http.conn.scheme.PlainSocketFactory.connectSocket(PlainSocketFactory.java:121)
	at org.apache.http.impl.conn.DefaultClientConnectionOperator.openConnection(DefaultClientConnectionOperator.java:180)
	at org.apache.http.impl.conn.AbstractPoolEntry.open(AbstractPoolEntry.java:144)
	at org.apache.http.impl.conn.AbstractPooledConnAdapter.open(AbstractPooledConnAdapter.java:134)
	at org.apache.http.impl.client.DefaultRequestDirector.tryConnect(DefaultRequestDirector.java:605)
	at org.apache.http.impl.client.DefaultRequestDirector.execute(DefaultRequestDirector.java:440)
	at org.apache.http.impl.client.AbstractHttpClient.doExecute(AbstractHttpClient.java:835)
	at org.apache.http.impl.client.CloseableHttpClient.execute(CloseableHttpClient.java:118)
	at org.apache.http.impl.client.CloseableHttpClient.execute(CloseableHttpClient.java:56)
	at com.sun.jersey.client.apache4.ApacheHttpClient4Handler.handle(ApacheHttpClient4Handler.java:173)
	... 43 more
2020-11-11 14:13:19.534  WARN MacBook-Pro --- [extShutdownHook] c.n.d.s.t.d.RetryableEurekaHttpClient    : Request execution failed with message: java.net.ConnectException: Connection refused (Connection refused)
2020-11-11 14:13:19.535 ERROR MacBook-Pro --- [extShutdownHook] c.n.d.DiscoveryClient                    : DiscoveryClient_USER-SERVICE/user-service:4ca90482fd421b28aea7e15526d61f4a - de-registration failedCannot execute request on any known server
com.netflix.discovery.shared.transport.TransportException: Cannot execute request on any known server
	at com.netflix.discovery.shared.transport.decorator.RetryableEurekaHttpClient.execute(RetryableEurekaHttpClient.java:112)
	at com.netflix.discovery.shared.transport.decorator.EurekaHttpClientDecorator.cancel(EurekaHttpClientDecorator.java:71)
	at com.netflix.discovery.shared.transport.decorator.EurekaHttpClientDecorator$2.execute(EurekaHttpClientDecorator.java:74)
	at com.netflix.discovery.shared.transport.decorator.SessionedEurekaHttpClient.execute(SessionedEurekaHttpClient.java:77)
	at com.netflix.discovery.shared.transport.decorator.EurekaHttpClientDecorator.cancel(EurekaHttpClientDecorator.java:71)
	at com.netflix.discovery.DiscoveryClient.unregister(DiscoveryClient.java:946)
	at com.netflix.discovery.DiscoveryClient.shutdown(DiscoveryClient.java:922)
	at sun.reflect.NativeMethodAccessorImpl.invoke0(Native Method)
	at sun.reflect.NativeMethodAccessorImpl.invoke(NativeMethodAccessorImpl.java:62)
	at sun.reflect.DelegatingMethodAccessorImpl.invoke(DelegatingMethodAccessorImpl.java:43)
	at java.lang.reflect.Method.invoke(Method.java:498)
	at org.springframework.beans.factory.annotation.InitDestroyAnnotationBeanPostProcessor$LifecycleElement.invoke(InitDestroyAnnotationBeanPostProcessor.java:389)
	at org.springframework.beans.factory.annotation.InitDestroyAnnotationBeanPostProcessor$LifecycleMetadata.invokeDestroyMethods(InitDestroyAnnotationBeanPostProcessor.java:347)
	at org.springframework.beans.factory.annotation.InitDestroyAnnotationBeanPostProcessor.postProcessBeforeDestruction(InitDestroyAnnotationBeanPostProcessor.java:177)
	at org.springframework.beans.factory.support.DisposableBeanAdapter.destroy(DisposableBeanAdapter.java:242)
	at org.springframework.beans.factory.support.DisposableBeanAdapter.run(DisposableBeanAdapter.java:235)
	at org.springframework.cloud.context.scope.GenericScope$BeanLifecycleWrapper.destroy(GenericScope.java:403)
	at org.springframework.cloud.context.scope.GenericScope.destroy(GenericScope.java:142)
	at org.springframework.beans.factory.support.DisposableBeanAdapter.destroy(DisposableBeanAdapter.java:258)
	at org.springframework.beans.factory.support.DefaultSingletonBeanRegistry.destroyBean(DefaultSingletonBeanRegistry.java:587)
	at org.springframework.beans.factory.support.DefaultSingletonBeanRegistry.destroySingleton(DefaultSingletonBeanRegistry.java:559)
	at org.springframework.beans.factory.support.DefaultListableBeanFactory.destroySingleton(DefaultListableBeanFactory.java:1092)
	at org.springframework.beans.factory.support.DefaultSingletonBeanRegistry.destroySingletons(DefaultSingletonBeanRegistry.java:520)
	at org.springframework.beans.factory.support.DefaultListableBeanFactory.destroySingletons(DefaultListableBeanFactory.java:1085)
	at org.springframework.context.support.AbstractApplicationContext.destroyBeans(AbstractApplicationContext.java:1061)
	at org.springframework.context.support.AbstractApplicationContext.doClose(AbstractApplicationContext.java:1030)
	at org.springframework.boot.web.servlet.context.ServletWebServerApplicationContext.doClose(ServletWebServerApplicationContext.java:170)
	at org.springframework.context.support.AbstractApplicationContext$1.run(AbstractApplicationContext.java:949)
2020-11-11 14:13:19.622  INFO MacBook-Pro --- [extShutdownHook] c.n.d.DiscoveryClient                    : Completed shut down of DiscoveryClient
