2020-11-25 01:35:03.043  WARN MacBook-Pro --- [l-1 housekeeper] c.z.h.p.HikariPool                       : HikariPool-1 - Thread starvation or clock leap detected (housekeeper delta=2h26s571ms).
2020-11-25 01:48:28.364 ERROR MacBook-Pro --- [gistrationTask1] o.s.s.s.TaskUtils$LoggingErrorHandler    : Unexpected error occurred in scheduled task
java.lang.IllegalArgumentException: MacBook-Pro.local: MacBook-Pro.local: nodename nor servname provided, or not known
	at de.codecentric.boot.admin.client.registration.DefaultApplicationFactory.getLocalHost(DefaultApplicationFactory.java:186)
	at de.codecentric.boot.admin.client.registration.DefaultApplicationFactory.getServiceHost(DefaultApplicationFactory.java:168)
	at de.codecentric.boot.admin.client.registration.DefaultApplicationFactory.getServiceBaseUrl(DefaultApplicationFactory.java:103)
	at de.codecentric.boot.admin.client.registration.ServletApplicationFactory.getServiceUrl(ServletApplicationFactory.java:63)
	at de.codecentric.boot.admin.client.registration.ServletApplicationFactory.getManagementBaseUrl(ServletApplicationFactory.java:76)
	at de.codecentric.boot.admin.client.registration.DefaultApplicationFactory.getHealthUrl(DefaultApplicationFactory.java:154)
	at de.codecentric.boot.admin.client.registration.DefaultApplicationFactory.createApplication(DefaultApplicationFactory.java:80)
	at de.codecentric.boot.admin.client.registration.ApplicationRegistrator.register(ApplicationRegistrator.java:58)
	at org.springframework.scheduling.support.DelegatingErrorHandlingRunnable.run(DelegatingErrorHandlingRunnable.java:54)
	at java.util.concurrent.Executors$RunnableAdapter.call(Executors.java:511)
	at java.util.concurrent.FutureTask.runAndReset(FutureTask.java:308)
	at java.util.concurrent.ScheduledThreadPoolExecutor$ScheduledFutureTask.access$301(ScheduledThreadPoolExecutor.java:180)
	at java.util.concurrent.ScheduledThreadPoolExecutor$ScheduledFutureTask.run(ScheduledThreadPoolExecutor.java:294)
	at java.util.concurrent.ThreadPoolExecutor.runWorker(ThreadPoolExecutor.java:1149)
	at java.util.concurrent.ThreadPoolExecutor$Worker.run(ThreadPoolExecutor.java:624)
	at java.lang.Thread.run(Thread.java:748)
Caused by: java.net.UnknownHostException: MacBook-Pro.local: MacBook-Pro.local: nodename nor servname provided, or not known
	at java.net.InetAddress.getLocalHost(InetAddress.java:1506)
	at de.codecentric.boot.admin.client.registration.DefaultApplicationFactory.getLocalHost(DefaultApplicationFactory.java:183)
	... 15 more
Caused by: java.net.UnknownHostException: MacBook-Pro.local: nodename nor servname provided, or not known
	at java.net.Inet6AddressImpl.lookupAllHostAddr(Native Method)
	at java.net.InetAddress$2.lookupAllHostAddr(InetAddress.java:929)
	at java.net.InetAddress.getAddressesFromNameService(InetAddress.java:1324)
	at java.net.InetAddress.getLocalHost(InetAddress.java:1501)
	... 16 more
2020-11-25 01:48:39.788  WARN MacBook-Pro --- [l-1 housekeeper] c.z.h.p.HikariPool                       : HikariPool-1 - Thread starvation or clock leap detected (housekeeper delta=13m36s746ms).
2020-11-25 01:49:01.409  INFO MacBook-Pro --- [trap-executor-0] c.n.d.s.r.a.ConfigClusterResolver        : Resolving eureka endpoints via configuration
2020-11-25 05:49:33.822  WARN MacBook-Pro --- [l-1 housekeeper] c.z.h.p.HikariPool                       : HikariPool-1 - Thread starvation or clock leap detected (housekeeper delta=4h24s32ms).
2020-11-25 06:00:20.975 ERROR MacBook-Pro --- [gistrationTask1] o.s.s.s.TaskUtils$LoggingErrorHandler    : Unexpected error occurred in scheduled task
java.lang.IllegalArgumentException: MacBook-Pro: MacBook-Pro: nodename nor servname provided, or not known
	at de.codecentric.boot.admin.client.registration.DefaultApplicationFactory.getLocalHost(DefaultApplicationFactory.java:186)
	at de.codecentric.boot.admin.client.registration.DefaultApplicationFactory.getServiceHost(DefaultApplicationFactory.java:168)
	at de.codecentric.boot.admin.client.registration.DefaultApplicationFactory.getServiceBaseUrl(DefaultApplicationFactory.java:103)
	at de.codecentric.boot.admin.client.registration.ServletApplicationFactory.getServiceUrl(ServletApplicationFactory.java:63)
	at de.codecentric.boot.admin.client.registration.ServletApplicationFactory.getManagementBaseUrl(ServletApplicationFactory.java:76)
	at de.codecentric.boot.admin.client.registration.DefaultApplicationFactory.getHealthUrl(DefaultApplicationFactory.java:154)
	at de.codecentric.boot.admin.client.registration.DefaultApplicationFactory.createApplication(DefaultApplicationFactory.java:80)
	at de.codecentric.boot.admin.client.registration.ApplicationRegistrator.register(ApplicationRegistrator.java:58)
	at org.springframework.scheduling.support.DelegatingErrorHandlingRunnable.run(DelegatingErrorHandlingRunnable.java:54)
	at java.util.concurrent.Executors$RunnableAdapter.call(Executors.java:511)
	at java.util.concurrent.FutureTask.runAndReset(FutureTask.java:308)
	at java.util.concurrent.ScheduledThreadPoolExecutor$ScheduledFutureTask.access$301(ScheduledThreadPoolExecutor.java:180)
	at java.util.concurrent.ScheduledThreadPoolExecutor$ScheduledFutureTask.run(ScheduledThreadPoolExecutor.java:294)
	at java.util.concurrent.ThreadPoolExecutor.runWorker(ThreadPoolExecutor.java:1149)
	at java.util.concurrent.ThreadPoolExecutor$Worker.run(ThreadPoolExecutor.java:624)
	at java.lang.Thread.run(Thread.java:748)
Caused by: java.net.UnknownHostException: MacBook-Pro: MacBook-Pro: nodename nor servname provided, or not known
	at java.net.InetAddress.getLocalHost(InetAddress.java:1506)
	at de.codecentric.boot.admin.client.registration.DefaultApplicationFactory.getLocalHost(DefaultApplicationFactory.java:183)
	... 15 more
Caused by: java.net.UnknownHostException: MacBook-Pro: nodename nor servname provided, or not known
	at java.net.Inet6AddressImpl.lookupAllHostAddr(Native Method)
	at java.net.InetAddress$2.lookupAllHostAddr(InetAddress.java:929)
	at java.net.InetAddress.getAddressesFromNameService(InetAddress.java:1324)
	at java.net.InetAddress.getLocalHost(InetAddress.java:1501)
	... 16 more
2020-11-25 06:00:35.937  WARN MacBook-Pro --- [l-1 housekeeper] c.z.h.p.HikariPool                       : HikariPool-1 - Thread starvation or clock leap detected (housekeeper delta=10m32s107ms).
2020-11-25 07:16:25.632  WARN MacBook-Pro --- [l-1 housekeeper] c.z.h.p.HikariPool                       : HikariPool-1 - Thread starvation or clock leap detected (housekeeper delta=1h15m19s691ms).
2020-11-25 07:18:47.236  INFO MacBook-Pro --- [trap-executor-0] c.n.d.s.r.a.ConfigClusterResolver        : Resolving eureka endpoints via configuration
2020-11-25 07:23:47.243  INFO MacBook-Pro --- [trap-executor-0] c.n.d.s.r.a.ConfigClusterResolver        : Resolving eureka endpoints via configuration
2020-11-25 07:28:47.255  INFO MacBook-Pro --- [trap-executor-0] c.n.d.s.r.a.ConfigClusterResolver        : Resolving eureka endpoints via configuration
2020-11-25 07:41:22.560  WARN MacBook-Pro --- [l-1 housekeeper] c.z.h.p.HikariPool                       : HikariPool-1 - Thread starvation or clock leap detected (housekeeper delta=10m56s824ms).
2020-11-25 07:41:27.356 ERROR MacBook-Pro --- [gistrationTask1] o.s.s.s.TaskUtils$LoggingErrorHandler    : Unexpected error occurred in scheduled task
java.lang.IllegalArgumentException: MacBook-Pro.local: MacBook-Pro.local: nodename nor servname provided, or not known
	at de.codecentric.boot.admin.client.registration.DefaultApplicationFactory.getLocalHost(DefaultApplicationFactory.java:186)
	at de.codecentric.boot.admin.client.registration.DefaultApplicationFactory.getServiceHost(DefaultApplicationFactory.java:168)
	at de.codecentric.boot.admin.client.registration.DefaultApplicationFactory.getServiceBaseUrl(DefaultApplicationFactory.java:103)
	at de.codecentric.boot.admin.client.registration.ServletApplicationFactory.getServiceUrl(ServletApplicationFactory.java:63)
	at de.codecentric.boot.admin.client.registration.ServletApplicationFactory.getManagementBaseUrl(ServletApplicationFactory.java:76)
	at de.codecentric.boot.admin.client.registration.DefaultApplicationFactory.getManagementUrl(DefaultApplicationFactory.java:122)
	at de.codecentric.boot.admin.client.registration.DefaultApplicationFactory.createApplication(DefaultApplicationFactory.java:80)
	at de.codecentric.boot.admin.client.registration.ApplicationRegistrator.register(ApplicationRegistrator.java:58)
	at org.springframework.scheduling.support.DelegatingErrorHandlingRunnable.run(DelegatingErrorHandlingRunnable.java:54)
	at java.util.concurrent.Executors$RunnableAdapter.call(Executors.java:511)
	at java.util.concurrent.FutureTask.runAndReset(FutureTask.java:308)
	at java.util.concurrent.ScheduledThreadPoolExecutor$ScheduledFutureTask.access$301(ScheduledThreadPoolExecutor.java:180)
	at java.util.concurrent.ScheduledThreadPoolExecutor$ScheduledFutureTask.run(ScheduledThreadPoolExecutor.java:294)
	at java.util.concurrent.ThreadPoolExecutor.runWorker(ThreadPoolExecutor.java:1149)
	at java.util.concurrent.ThreadPoolExecutor$Worker.run(ThreadPoolExecutor.java:624)
	at java.lang.Thread.run(Thread.java:748)
Caused by: java.net.UnknownHostException: MacBook-Pro.local: MacBook-Pro.local: nodename nor servname provided, or not known
	at java.net.InetAddress.getLocalHost(InetAddress.java:1506)
	at de.codecentric.boot.admin.client.registration.DefaultApplicationFactory.getLocalHost(DefaultApplicationFactory.java:183)
	... 15 more
Caused by: java.net.UnknownHostException: MacBook-Pro.local: nodename nor servname provided, or not known
	at java.net.Inet6AddressImpl.lookupAllHostAddr(Native Method)
	at java.net.InetAddress$2.lookupAllHostAddr(InetAddress.java:929)
	at java.net.InetAddress.getAddressesFromNameService(InetAddress.java:1324)
	at java.net.InetAddress.getLocalHost(InetAddress.java:1501)
	... 16 more
2020-11-25 07:51:20.866 ERROR MacBook-Pro --- [gistrationTask1] o.s.s.s.TaskUtils$LoggingErrorHandler    : Unexpected error occurred in scheduled task
java.lang.IllegalArgumentException: MacBook-Pro: MacBook-Pro: nodename nor servname provided, or not known
	at de.codecentric.boot.admin.client.registration.DefaultApplicationFactory.getLocalHost(DefaultApplicationFactory.java:186)
	at de.codecentric.boot.admin.client.registration.DefaultApplicationFactory.getServiceHost(DefaultApplicationFactory.java:168)
	at de.codecentric.boot.admin.client.registration.DefaultApplicationFactory.getServiceBaseUrl(DefaultApplicationFactory.java:103)
	at de.codecentric.boot.admin.client.registration.ServletApplicationFactory.getServiceUrl(ServletApplicationFactory.java:63)
	at de.codecentric.boot.admin.client.registration.ServletApplicationFactory.getManagementBaseUrl(ServletApplicationFactory.java:76)
	at de.codecentric.boot.admin.client.registration.DefaultApplicationFactory.getHealthUrl(DefaultApplicationFactory.java:154)
	at de.codecentric.boot.admin.client.registration.DefaultApplicationFactory.createApplication(DefaultApplicationFactory.java:80)
	at de.codecentric.boot.admin.client.registration.ApplicationRegistrator.register(ApplicationRegistrator.java:58)
	at org.springframework.scheduling.support.DelegatingErrorHandlingRunnable.run(DelegatingErrorHandlingRunnable.java:54)
	at java.util.concurrent.Executors$RunnableAdapter.call(Executors.java:511)
	at java.util.concurrent.FutureTask.runAndReset(FutureTask.java:308)
	at java.util.concurrent.ScheduledThreadPoolExecutor$ScheduledFutureTask.access$301(ScheduledThreadPoolExecutor.java:180)
	at java.util.concurrent.ScheduledThreadPoolExecutor$ScheduledFutureTask.run(ScheduledThreadPoolExecutor.java:294)
	at java.util.concurrent.ThreadPoolExecutor.runWorker(ThreadPoolExecutor.java:1149)
	at java.util.concurrent.ThreadPoolExecutor$Worker.run(ThreadPoolExecutor.java:624)
	at java.lang.Thread.run(Thread.java:748)
Caused by: java.net.UnknownHostException: MacBook-Pro: MacBook-Pro: nodename nor servname provided, or not known
	at java.net.InetAddress.getLocalHost(InetAddress.java:1506)
	at de.codecentric.boot.admin.client.registration.DefaultApplicationFactory.getLocalHost(DefaultApplicationFactory.java:183)
	... 15 more
Caused by: java.net.UnknownHostException: MacBook-Pro: nodename nor servname provided, or not known
	at java.net.Inet6AddressImpl.lookupAllHostAddr(Native Method)
	at java.net.InetAddress$2.lookupAllHostAddr(InetAddress.java:929)
	at java.net.InetAddress.getAddressesFromNameService(InetAddress.java:1324)
	at java.net.InetAddress.getLocalHost(InetAddress.java:1501)
	... 16 more
2020-11-25 07:51:27.778  WARN MacBook-Pro --- [l-1 housekeeper] c.z.h.p.HikariPool                       : HikariPool-1 - Thread starvation or clock leap detected (housekeeper delta=9m34s806ms).
2020-11-25 08:00:27.634 ERROR MacBook-Pro --- [gistrationTask1] o.s.s.s.TaskUtils$LoggingErrorHandler    : Unexpected error occurred in scheduled task
java.lang.IllegalArgumentException: MacBook-Pro.local: MacBook-Pro.local: nodename nor servname provided, or not known
	at de.codecentric.boot.admin.client.registration.DefaultApplicationFactory.getLocalHost(DefaultApplicationFactory.java:186)
	at de.codecentric.boot.admin.client.registration.DefaultApplicationFactory.getServiceHost(DefaultApplicationFactory.java:168)
	at de.codecentric.boot.admin.client.registration.DefaultApplicationFactory.getServiceBaseUrl(DefaultApplicationFactory.java:103)
	at de.codecentric.boot.admin.client.registration.ServletApplicationFactory.getServiceUrl(ServletApplicationFactory.java:63)
	at de.codecentric.boot.admin.client.registration.ServletApplicationFactory.getManagementBaseUrl(ServletApplicationFactory.java:76)
	at de.codecentric.boot.admin.client.registration.DefaultApplicationFactory.getManagementUrl(DefaultApplicationFactory.java:122)
	at de.codecentric.boot.admin.client.registration.DefaultApplicationFactory.createApplication(DefaultApplicationFactory.java:80)
	at de.codecentric.boot.admin.client.registration.ApplicationRegistrator.register(ApplicationRegistrator.java:58)
	at org.springframework.scheduling.support.DelegatingErrorHandlingRunnable.run(DelegatingErrorHandlingRunnable.java:54)
	at java.util.concurrent.Executors$RunnableAdapter.call(Executors.java:511)
	at java.util.concurrent.FutureTask.runAndReset(FutureTask.java:308)
	at java.util.concurrent.ScheduledThreadPoolExecutor$ScheduledFutureTask.access$301(ScheduledThreadPoolExecutor.java:180)
	at java.util.concurrent.ScheduledThreadPoolExecutor$ScheduledFutureTask.run(ScheduledThreadPoolExecutor.java:294)
	at java.util.concurrent.ThreadPoolExecutor.runWorker(ThreadPoolExecutor.java:1149)
	at java.util.concurrent.ThreadPoolExecutor$Worker.run(ThreadPoolExecutor.java:624)
	at java.lang.Thread.run(Thread.java:748)
Caused by: java.net.UnknownHostException: MacBook-Pro.local: MacBook-Pro.local: nodename nor servname provided, or not known
	at java.net.InetAddress.getLocalHost(InetAddress.java:1506)
	at de.codecentric.boot.admin.client.registration.DefaultApplicationFactory.getLocalHost(DefaultApplicationFactory.java:183)
	... 15 more
Caused by: java.net.UnknownHostException: MacBook-Pro.local: nodename nor servname provided, or not known
	at java.net.Inet6AddressImpl.lookupAllHostAddr(Native Method)
	at java.net.InetAddress$2.lookupAllHostAddr(InetAddress.java:929)
	at java.net.InetAddress.getAddressesFromNameService(InetAddress.java:1324)
	at java.net.InetAddress.getLocalHost(InetAddress.java:1501)
	... 16 more
2020-11-25 08:00:33.929  WARN MacBook-Pro --- [l-1 housekeeper] c.z.h.p.HikariPool                       : HikariPool-1 - Thread starvation or clock leap detected (housekeeper delta=8m36s149ms).
2020-11-25 08:32:44.399  INFO MacBook-Pro --- [trap-executor-0] c.n.d.s.r.a.ConfigClusterResolver        : Resolving eureka endpoints via configuration
2020-11-25 08:32:52.890  WARN MacBook-Pro --- [l-1 housekeeper] c.z.h.p.HikariPool                       : HikariPool-1 - Thread starvation or clock leap detected (housekeeper delta=31m48s957ms).
