2020-11-11 13:28:39.114  INFO MacBook-Pro --- [kground-preinit] o.h.v.i.u.Version                        : HV000001: Hibernate Validator 6.1.5.Final
2020-11-11 13:28:48.354  INFO MacBook-Pro --- [           main] c.c.c.ConfigServicePropertySourceLocator : Fetching config from server at : http://localhost:8012
2020-11-11 13:28:52.582  INFO MacBook-Pro --- [           main] c.c.c.ConfigServicePropertySourceLocator : Located environment: name=zuul-service, profiles=[default], label=main, version=743c1175cb82ef2145f6379f410b63ae47a0e18b, state=null
2020-11-11 13:28:52.645  INFO MacBook-Pro --- [           main] b.c.PropertySourceBootstrapConfiguration : Located property source: [BootstrapPropertySource {name='bootstrapProperties-configClient'}, BootstrapPropertySource {name='bootstrapProperties-https://github.com/smilyk/briut.git/zuul-service.properties'}, BootstrapPropertySource {name='bootstrapProperties-https://github.com/smilyk/briut.git/application.properties'}]
2020-11-11 13:28:53.663  INFO MacBook-Pro --- [           main] c.z.ZuulServiceApplication               : No active profile set, falling back to default profiles: default
2020-11-11 13:28:57.345  WARN MacBook-Pro --- [           main] o.s.b.a.e.EndpointId                     : Endpoint ID 'hystrix.stream' contains invalid characters, please migrate to a valid format.
2020-11-11 13:29:03.673  WARN MacBook-Pro --- [           main] o.s.b.a.e.EndpointId                     : Endpoint ID 'bus-env' contains invalid characters, please migrate to a valid format.
2020-11-11 13:29:07.672  INFO MacBook-Pro --- [           main] .s.d.r.c.RepositoryConfigurationDelegate : Multiple Spring Data modules found, entering strict repository configuration mode!
2020-11-11 13:29:07.680  INFO MacBook-Pro --- [           main] .s.d.r.c.RepositoryConfigurationDelegate : Bootstrapping Spring Data JDBC repositories in DEFAULT mode.
2020-11-11 13:29:07.787  INFO MacBook-Pro --- [           main] .s.d.r.c.RepositoryConfigurationDelegate : Finished Spring Data repository scanning in 67ms. Found 0 JDBC repository interfaces.
2020-11-11 13:29:07.925  INFO MacBook-Pro --- [           main] .s.d.r.c.RepositoryConfigurationDelegate : Multiple Spring Data modules found, entering strict repository configuration mode!
2020-11-11 13:29:08.002  INFO MacBook-Pro --- [           main] .s.d.r.c.RepositoryConfigurationDelegate : Bootstrapping Spring Data JPA repositories in DEFERRED mode.
2020-11-11 13:29:08.029  INFO MacBook-Pro --- [           main] .s.d.r.c.RepositoryConfigurationDelegate : Finished Spring Data repository scanning in 4ms. Found 0 JPA repository interfaces.
2020-11-11 13:29:08.535  WARN MacBook-Pro --- [           main] o.s.b.a.e.EndpointId                     : Endpoint ID 'bus-refresh' contains invalid characters, please migrate to a valid format.
2020-11-11 13:29:09.176  WARN MacBook-Pro --- [           main] o.s.b.a.e.EndpointId                     : Endpoint ID 'service-registry' contains invalid characters, please migrate to a valid format.
2020-11-11 13:29:12.225  INFO MacBook-Pro --- [           main] o.s.c.c.s.GenericScope                   : BeanFactory id=49296f74-98b1-35b4-91df-3c2bffface66
2020-11-11 13:29:12.553  INFO MacBook-Pro --- [           main] faultConfiguringBeanFactoryPostProcessor : No bean named 'errorChannel' has been explicitly defined. Therefore, a default PublishSubscribeChannel will be created.
2020-11-11 13:29:12.591  INFO MacBook-Pro --- [           main] faultConfiguringBeanFactoryPostProcessor : No bean named 'taskScheduler' has been explicitly defined. Therefore, a default ThreadPoolTaskScheduler will be created.
2020-11-11 13:29:12.624  INFO MacBook-Pro --- [           main] faultConfiguringBeanFactoryPostProcessor : No bean named 'integrationHeaderChannelRegistry' has been explicitly defined. Therefore, a default DefaultHeaderChannelRegistry will be created.
2020-11-11 13:29:18.130  INFO MacBook-Pro --- [           main] trationDelegate$BeanPostProcessorChecker : Bean 'integrationChannelResolver' of type [org.springframework.integration.support.channel.BeanFactoryChannelResolver] is not eligible for getting processed by all BeanPostProcessors (for example: not eligible for auto-proxying)
2020-11-11 13:29:18.178  INFO MacBook-Pro --- [           main] trationDelegate$BeanPostProcessorChecker : Bean 'integrationDisposableAutoCreatedBeans' of type [org.springframework.integration.config.annotation.Disposables] is not eligible for getting processed by all BeanPostProcessors (for example: not eligible for auto-proxying)
2020-11-11 13:29:18.663  INFO MacBook-Pro --- [           main] trationDelegate$BeanPostProcessorChecker : Bean 'org.springframework.integration.config.IntegrationManagementConfiguration' of type [org.springframework.integration.config.IntegrationManagementConfiguration] is not eligible for getting processed by all BeanPostProcessors (for example: not eligible for auto-proxying)
2020-11-11 13:29:25.130  INFO MacBook-Pro --- [           main] o.s.b.w.e.t.TomcatWebServer              : Tomcat initialized with port(s): 8011 (http)
2020-11-11 13:29:25.217  INFO MacBook-Pro --- [           main] o.a.c.h.Http11NioProtocol                : Initializing ProtocolHandler ["http-nio-8011"]
2020-11-11 13:29:25.218  INFO MacBook-Pro --- [           main] o.a.c.c.StandardService                  : Starting service [Tomcat]
2020-11-11 13:29:25.219  INFO MacBook-Pro --- [           main] o.a.c.c.StandardEngine                   : Starting Servlet engine: [Apache Tomcat/9.0.38]
2020-11-11 13:29:26.786  INFO MacBook-Pro --- [           main] o.a.c.c.C.[.[.[/]                        : Initializing Spring embedded WebApplicationContext
2020-11-11 13:29:26.787  INFO MacBook-Pro --- [           main] w.s.c.ServletWebServerApplicationContext : Root WebApplicationContext: initialization completed in 32801 ms
2020-11-11 13:29:28.545  WARN MacBook-Pro --- [           main] c.n.c.s.URLConfigurationSource           : No URLs will be polled as dynamic configuration sources.
2020-11-11 13:29:28.547  INFO MacBook-Pro --- [           main] c.n.c.s.URLConfigurationSource           : To enable URLs as dynamic configuration sources, define System property archaius.configurationSource.additionalUrls or make config.properties available on classpath.
2020-11-11 13:29:28.682  INFO MacBook-Pro --- [           main] c.n.c.DynamicPropertyFactory             : DynamicPropertyFactory is initialized with configuration sources: com.netflix.config.ConcurrentCompositeConfiguration@7f53a31f
2020-11-11 13:29:29.893  WARN MacBook-Pro --- [           main] JpaBaseConfiguration$JpaWebConfiguration : spring.jpa.open-in-view is enabled by default. Therefore, database queries may be performed during view rendering. Explicitly configure spring.jpa.open-in-view to disable this warning
2020-11-11 13:29:31.473  INFO MacBook-Pro --- [           main] o.s.s.c.ThreadPoolTaskExecutor           : Initializing ExecutorService 'applicationTaskExecutor'
2020-11-11 13:29:33.239  INFO MacBook-Pro --- [           main] o.s.s.c.ThreadPoolTaskScheduler          : Initializing ExecutorService 'taskScheduler'
2020-11-11 13:29:34.194  INFO MacBook-Pro --- [         task-1] o.h.j.i.u.LogHelper                      : HHH000204: Processing PersistenceUnitInfo [name: default]
2020-11-11 13:29:34.979  INFO MacBook-Pro --- [         task-1] o.h.Version                              : HHH000412: Hibernate ORM core version 5.4.21.Final
2020-11-11 13:29:37.529  INFO MacBook-Pro --- [         task-1] o.h.a.c.Version                          : HCANN000001: Hibernate Commons Annotations {5.1.0.Final}
2020-11-11 13:29:39.506  INFO MacBook-Pro --- [         task-1] c.z.h.HikariDataSource                   : HikariPool-1 - Starting...
2020-11-11 13:29:44.991  INFO MacBook-Pro --- [           main] o.s.b.a.e.w.ServletEndpointRegistrar     : Registered '/actuator/jolokia' to jolokia-actuator-endpoint
2020-11-11 13:29:45.018  INFO MacBook-Pro --- [           main] o.s.b.a.e.w.ServletEndpointRegistrar     : Registered '/actuator/hystrix.stream' to hystrix.stream-actuator-endpoint
2020-11-11 13:29:45.548  INFO MacBook-Pro --- [         task-1] c.z.h.HikariDataSource                   : HikariPool-1 - Start completed.
2020-11-11 13:29:45.847  WARN MacBook-Pro --- [           main] c.n.c.s.URLConfigurationSource           : No URLs will be polled as dynamic configuration sources.
2020-11-11 13:29:45.847  INFO MacBook-Pro --- [           main] c.n.c.s.URLConfigurationSource           : To enable URLs as dynamic configuration sources, define System property archaius.configurationSource.additionalUrls or make config.properties available on classpath.
2020-11-11 13:29:46.042  INFO MacBook-Pro --- [         task-1] o.h.d.Dialect                            : HHH000400: Using dialect: org.hibernate.dialect.MySQL8Dialect
2020-11-11 13:29:50.728  INFO MacBook-Pro --- [         task-1] o.h.e.t.j.p.i.JtaPlatformInitiator       : HHH000490: Using JtaPlatform implementation: [org.hibernate.engine.transaction.jta.platform.internal.NoJtaPlatform]
2020-11-11 13:29:50.949  INFO MacBook-Pro --- [         task-1] j.LocalContainerEntityManagerFactoryBean : Initialized JPA EntityManagerFactory for persistence unit 'default'
2020-11-11 13:29:57.066  INFO MacBook-Pro --- [           main] onConfiguration$FunctionBindingRegistrar : Functional binding is disabled due to the presense of @EnableBinding annotation in your configuration
2020-11-11 13:30:05.966  INFO MacBook-Pro --- [           main] o.s.s.c.ThreadPoolTaskScheduler          : Initializing ExecutorService
2020-11-11 13:30:10.408  WARN MacBook-Pro --- [           main] ockingLoadBalancerClientRibbonWarnLogger : You already have RibbonLoadBalancerClient on your classpath. It will be used by default. As Spring Cloud Ribbon is in maintenance mode. We recommend switching to BlockingLoadBalancerClient instead. In order to use it, set the value of `spring.cloud.loadbalancer.ribbon.enabled` to `false` or remove spring-cloud-starter-netflix-ribbon from your project.
2020-11-11 13:30:12.132  INFO MacBook-Pro --- [           main] o.s.c.n.z.ZuulFilterInitializer          : Starting filter initializer
2020-11-11 13:30:13.016  INFO MacBook-Pro --- [           main] o.s.b.a.e.w.EndpointLinksResolver        : Exposing 27 endpoint(s) beneath base path '/actuator'
2020-11-11 13:30:15.925  INFO MacBook-Pro --- [           main] o.s.c.s.m.DirectWithAttributesChannel    : Channel 'application-1.springCloudBusInput' has 1 subscriber(s).
2020-11-11 13:30:16.145  INFO MacBook-Pro --- [           main] o.s.i.e.EventDrivenConsumer              : Adding {logging-channel-adapter:_org.springframework.integration.errorLogger} as a subscriber to the 'errorChannel' channel
2020-11-11 13:30:16.145  INFO MacBook-Pro --- [           main] o.s.i.c.PublishSubscribeChannel          : Channel 'application-1.errorChannel' has 1 subscriber(s).
2020-11-11 13:30:16.146  INFO MacBook-Pro --- [           main] o.s.i.e.EventDrivenConsumer              : started bean '_org.springframework.integration.errorLogger'
2020-11-11 13:30:16.835  INFO MacBook-Pro --- [           main] c.c.c.ConfigServicePropertySourceLocator : Fetching config from server at : http://localhost:8012
2020-11-11 13:30:18.211  INFO MacBook-Pro --- [           main] c.c.c.ConfigServicePropertySourceLocator : Located environment: name=zuul-service, profiles=[default], label=main, version=743c1175cb82ef2145f6379f410b63ae47a0e18b, state=null
2020-11-11 13:30:18.212  INFO MacBook-Pro --- [           main] b.c.PropertySourceBootstrapConfiguration : Located property source: [BootstrapPropertySource {name='bootstrapProperties-configClient'}, BootstrapPropertySource {name='bootstrapProperties-https://github.com/smilyk/briut.git/zuul-service.properties'}, BootstrapPropertySource {name='bootstrapProperties-https://github.com/smilyk/briut.git/application.properties'}]
2020-11-11 13:30:19.037  INFO MacBook-Pro --- [           main] DeferredRepositoryInitializationListener : Triggering deferred initialization of Spring Data repositories…
2020-11-11 13:30:19.040  INFO MacBook-Pro --- [           main] DeferredRepositoryInitializationListener : Spring Data repositories initialized!
2020-11-11 13:30:19.394  INFO MacBook-Pro --- [           main] o.s.c.n.e.InstanceInfoFactory            : Setting initial instance status as: STARTING
2020-11-11 13:30:19.637  INFO MacBook-Pro --- [           main] c.n.d.DiscoveryClient                    : Initializing Eureka in region us-east-1
2020-11-11 13:30:19.850  INFO MacBook-Pro --- [           main] c.n.d.p.DiscoveryJerseyProvider          : Using JSON encoding codec LegacyJacksonJson
2020-11-11 13:30:19.850  INFO MacBook-Pro --- [           main] c.n.d.p.DiscoveryJerseyProvider          : Using JSON decoding codec LegacyJacksonJson
2020-11-11 13:30:21.789  INFO MacBook-Pro --- [           main] c.n.d.p.DiscoveryJerseyProvider          : Using XML encoding codec XStreamXml
2020-11-11 13:30:21.789  INFO MacBook-Pro --- [           main] c.n.d.p.DiscoveryJerseyProvider          : Using XML decoding codec XStreamXml
2020-11-11 13:30:23.336  INFO MacBook-Pro --- [           main] c.n.d.s.r.a.ConfigClusterResolver        : Resolving eureka endpoints via configuration
2020-11-11 13:30:23.556  INFO MacBook-Pro --- [           main] c.n.d.DiscoveryClient                    : Disable delta property : false
2020-11-11 13:30:23.565  INFO MacBook-Pro --- [           main] c.n.d.DiscoveryClient                    : Single vip registry refresh property : null
2020-11-11 13:30:23.566  INFO MacBook-Pro --- [           main] c.n.d.DiscoveryClient                    : Force full registry fetch : false
2020-11-11 13:30:23.567  INFO MacBook-Pro --- [           main] c.n.d.DiscoveryClient                    : Application is null : false
2020-11-11 13:30:23.568  INFO MacBook-Pro --- [           main] c.n.d.DiscoveryClient                    : Registered Applications size is zero : true
2020-11-11 13:30:23.568  INFO MacBook-Pro --- [           main] c.n.d.DiscoveryClient                    : Application version is -1: true
2020-11-11 13:30:23.568  INFO MacBook-Pro --- [           main] c.n.d.DiscoveryClient                    : Getting all instance registry info from the eureka server
2020-11-11 13:30:24.185  INFO MacBook-Pro --- [           main] c.n.d.DiscoveryClient                    : The response status is 200
2020-11-11 13:30:24.198  INFO MacBook-Pro --- [           main] c.n.d.DiscoveryClient                    : Starting heartbeat executor: renew interval is: 30
2020-11-11 13:30:24.206  INFO MacBook-Pro --- [           main] c.n.d.InstanceInfoReplicator             : InstanceInfoReplicator onDemand update allowed rate per min is 4
2020-11-11 13:30:24.232  INFO MacBook-Pro --- [           main] c.n.d.DiscoveryClient                    : Discovery Client initialized at timestamp 1605094224227 with initial instances count: 3
2020-11-11 13:30:24.571 ERROR MacBook-Pro --- [gistrationTask1] o.s.s.s.TaskUtils$LoggingErrorHandler    : Unexpected error occurred in scheduled task
java.lang.IllegalStateException: couldn't determine local port. Please set spring.boot.admin.client.instance.service-base-url.
	at de.codecentric.boot.admin.client.registration.DefaultApplicationFactory.getLocalServerPort(DefaultApplicationFactory.java:192)
	at de.codecentric.boot.admin.client.registration.DefaultApplicationFactory.getServiceBaseUrl(DefaultApplicationFactory.java:104)
	at de.codecentric.boot.admin.client.registration.ServletApplicationFactory.getServiceUrl(ServletApplicationFactory.java:63)
	at de.codecentric.boot.admin.client.registration.ServletApplicationFactory.getManagementBaseUrl(ServletApplicationFactory.java:76)
	at de.codecentric.boot.admin.client.registration.DefaultApplicationFactory.getHealthUrl(DefaultApplicationFactory.java:154)
	at de.codecentric.boot.admin.client.registration.DefaultApplicationFactory.createApplication(DefaultApplicationFactory.java:80)
	at de.codecentric.boot.admin.client.registration.ApplicationRegistrator.register(ApplicationRegistrator.java:58)
	at org.springframework.scheduling.support.DelegatingErrorHandlingRunnable.run(DelegatingErrorHandlingRunnable.java:54)
	at java.base/java.util.concurrent.Executors$RunnableAdapter.call(Executors.java:515)
	at java.base/java.util.concurrent.FutureTask.runAndReset(FutureTask.java:305)
	at java.base/java.util.concurrent.ScheduledThreadPoolExecutor$ScheduledFutureTask.run(ScheduledThreadPoolExecutor.java:305)
	at java.base/java.util.concurrent.ThreadPoolExecutor.runWorker(ThreadPoolExecutor.java:1128)
	at java.base/java.util.concurrent.ThreadPoolExecutor$Worker.run(ThreadPoolExecutor.java:628)
	at java.base/java.lang.Thread.run(Thread.java:834)
2020-11-11 13:30:25.461  INFO MacBook-Pro --- [           main] o.s.a.r.c.CachingConnectionFactory       : Attempting to connect to: [localhost:5672]
2020-11-11 13:30:25.930  INFO MacBook-Pro --- [           main] o.s.a.r.c.CachingConnectionFactory       : Created new connection: rabbitConnectionFactory#28901fe7:0/SimpleConnection@7180b25f [delegate=amqp://user@127.0.0.1:5672/, localPort= 55625]
2020-11-11 13:30:26.548  INFO MacBook-Pro --- [           main] o.s.c.s.m.DirectWithAttributesChannel    : Channel 'application-1.springCloudBusOutput' has 1 subscriber(s).
2020-11-11 13:30:26.555  INFO MacBook-Pro --- [           main] o.s.c.n.e.s.EurekaServiceRegistry        : Registering application ZUUL-SERVICE with eureka with status UP
2020-11-11 13:30:26.557  INFO MacBook-Pro --- [           main] c.n.d.DiscoveryClient                    : Saw local status change event StatusChangeEvent [timestamp=1605094226556, current=UP, previous=STARTING]
2020-11-11 13:30:26.566  INFO MacBook-Pro --- [nfoReplicator-0] c.n.d.DiscoveryClient                    : DiscoveryClient_ZUUL-SERVICE/zuul-service:1af6f817e9ee454d3b7ac1558e31dc11: registering service...
2020-11-11 13:30:26.801  INFO MacBook-Pro --- [nfoReplicator-0] c.n.d.DiscoveryClient                    : DiscoveryClient_ZUUL-SERVICE/zuul-service:1af6f817e9ee454d3b7ac1558e31dc11 - registration status: 204
2020-11-11 13:30:27.513  INFO MacBook-Pro --- [           main] c.s.b.r.p.RabbitExchangeQueueProvisioner : declaring queue for inbound: springCloudBus.anonymous.AXMfiiEuQampJ_x6AU1wuQ, bound to: springCloudBus
2020-11-11 13:30:27.771  INFO MacBook-Pro --- [           main] o.s.c.s.b.BinderErrorChannel             : Channel 'springCloudBus.anonymous.AXMfiiEuQampJ_x6AU1wuQ.errors' has 1 subscriber(s).
2020-11-11 13:30:27.772  INFO MacBook-Pro --- [           main] o.s.c.s.b.BinderErrorChannel             : Channel 'springCloudBus.anonymous.AXMfiiEuQampJ_x6AU1wuQ.errors' has 2 subscriber(s).
2020-11-11 13:30:28.097  INFO MacBook-Pro --- [           main] o.s.i.a.i.AmqpInboundChannelAdapter      : started bean 'inbound.springCloudBus.anonymous.AXMfiiEuQampJ_x6AU1wuQ'
2020-11-11 13:30:28.102  INFO MacBook-Pro --- [           main] o.a.c.h.Http11NioProtocol                : Starting ProtocolHandler ["http-nio-8011"]
2020-11-11 13:30:28.152  INFO MacBook-Pro --- [           main] o.s.b.w.e.t.TomcatWebServer              : Tomcat started on port(s): 8011 (http) with context path ''
2020-11-11 13:30:28.155  INFO MacBook-Pro --- [           main] .s.c.n.e.s.EurekaAutoServiceRegistration : Updating port to 8011
2020-11-11 13:30:28.165  INFO MacBook-Pro --- [           main] DeferredRepositoryInitializationListener : Triggering deferred initialization of Spring Data repositories…
2020-11-11 13:30:28.168  INFO MacBook-Pro --- [           main] DeferredRepositoryInitializationListener : Spring Data repositories initialized!
2020-11-11 13:30:29.404  INFO MacBook-Pro --- [           main] c.z.ZuulServiceApplication               : Started ZuulServiceApplication in 115.854 seconds (JVM running for 132.514)
2020-11-11 13:30:34.741  INFO MacBook-Pro --- [gistrationTask1] d.c.b.a.c.r.ApplicationRegistrator       : Application registered itself as dbb8c103b538
2020-11-11 13:30:35.168  INFO MacBook-Pro --- [nio-8011-exec-1] o.a.c.c.C.[.[.[/]                        : Initializing Spring DispatcherServlet 'dispatcherServlet'
2020-11-11 13:30:35.169  INFO MacBook-Pro --- [nio-8011-exec-1] o.s.w.s.DispatcherServlet                : Initializing Servlet 'dispatcherServlet'
2020-11-11 13:30:35.434  INFO MacBook-Pro --- [nio-8011-exec-1] o.s.w.s.DispatcherServlet                : Completed initialization in 264 ms
2020-11-11 13:30:35.790  INFO MacBook-Pro --- [nio-8011-exec-1] c.c.c.ConfigServicePropertySourceLocator : Fetching config from server at : http://localhost:8012
2020-11-11 13:30:36.636  INFO MacBook-Pro --- [nio-8011-exec-1] c.c.c.ConfigServicePropertySourceLocator : Located environment: name=zuul-service, profiles=[default], label=main, version=743c1175cb82ef2145f6379f410b63ae47a0e18b, state=null
2020-11-11 13:35:23.580  INFO MacBook-Pro --- [trap-executor-0] c.n.d.s.r.a.ConfigClusterResolver        : Resolving eureka endpoints via configuration
2020-11-11 13:35:48.637  INFO MacBook-Pro --- [nio-8011-exec-1] c.c.c.ConfigServicePropertySourceLocator : Fetching config from server at : http://localhost:8012
2020-11-11 13:35:50.822  INFO MacBook-Pro --- [nio-8011-exec-1] c.c.c.ConfigServicePropertySourceLocator : Located environment: name=zuul-service, profiles=[default], label=main, version=743c1175cb82ef2145f6379f410b63ae47a0e18b, state=null
2020-11-11 13:37:58.178  INFO MacBook-Pro --- [io-8011-exec-10] c.n.c.ChainedDynamicProperty             : Flipping property: gymnast-service.ribbon.ActiveConnectionsLimit to use NEXT property: niws.loadbalancer.availabilityFilteringRule.activeConnectionsLimit = 2147483647
2020-11-11 13:37:58.738  INFO MacBook-Pro --- [io-8011-exec-10] c.n.u.c.ShutdownEnabledTimer             : Shutdown hook installed for: NFLoadBalancer-PingTimer-gymnast-service
2020-11-11 13:37:58.741  INFO MacBook-Pro --- [io-8011-exec-10] c.n.l.BaseLoadBalancer                   : Client: gymnast-service instantiated a LoadBalancer: DynamicServerListLoadBalancer:{NFLoadBalancer:name=gymnast-service,current list of Servers=[],Load balancer stats=Zone stats: {},Server stats: []}ServerList:null
2020-11-11 13:37:58.876  INFO MacBook-Pro --- [io-8011-exec-10] c.n.l.DynamicServerListLoadBalancer      : Using serverListUpdater PollingServerListUpdater
2020-11-11 13:37:59.006  INFO MacBook-Pro --- [io-8011-exec-10] c.n.c.ChainedDynamicProperty             : Flipping property: gymnast-service.ribbon.ActiveConnectionsLimit to use NEXT property: niws.loadbalancer.availabilityFilteringRule.activeConnectionsLimit = 2147483647
2020-11-11 13:37:59.022  INFO MacBook-Pro --- [io-8011-exec-10] c.n.l.DynamicServerListLoadBalancer      : DynamicServerListLoadBalancer for client gymnast-service initialized: DynamicServerListLoadBalancer:{NFLoadBalancer:name=gymnast-service,current list of Servers=[macbook-pro:8087],Load balancer stats=Zone stats: {defaultzone=[Zone:defaultzone;	Instance count:1;	Active connections count: 0;	Circuit breaker tripped count: 0;	Active connections per server: 0.0;]
},Server stats: [[Server:macbook-pro:8087;	Zone:defaultZone;	Total Requests:0;	Successive connection failure:0;	Total blackout seconds:0;	Last connection made:Thu Jan 01 02:00:00 IST 1970;	First connection made: Thu Jan 01 02:00:00 IST 1970;	Active Connections:0;	total failure count in last (1000) msecs:0;	average resp time:0.0;	90 percentile resp time:0.0;	95 percentile resp time:0.0;	min resp time:0.0;	max resp time:0.0;	stddev resp time:0.0]
]}ServerList:org.springframework.cloud.netflix.ribbon.eureka.DomainExtractingServerList@1a9e683d
2020-11-11 13:37:59.104  INFO MacBook-Pro --- [io-8011-exec-10] DeferredRepositoryInitializationListener : Triggering deferred initialization of Spring Data repositories…
2020-11-11 13:37:59.105  INFO MacBook-Pro --- [io-8011-exec-10] DeferredRepositoryInitializationListener : Spring Data repositories initialized!
2020-11-11 13:37:59.892  INFO MacBook-Pro --- [erListUpdater-0] c.n.c.ChainedDynamicProperty             : Flipping property: gymnast-service.ribbon.ActiveConnectionsLimit to use NEXT property: niws.loadbalancer.availabilityFilteringRule.activeConnectionsLimit = 2147483647
2020-11-11 13:38:01.009  WARN MacBook-Pro --- [io-8011-exec-10] o.s.c.n.z.f.p.SendErrorFilter            : Error during filtering
com.netflix.zuul.exception.ZuulException: 
	at org.springframework.cloud.netflix.zuul.filters.post.SendErrorFilter.findZuulException(SendErrorFilter.java:118)
	at org.springframework.cloud.netflix.zuul.filters.post.SendErrorFilter.run(SendErrorFilter.java:78)
	at com.netflix.zuul.ZuulFilter.runFilter(ZuulFilter.java:117)
	at com.netflix.zuul.FilterProcessor.processZuulFilter(FilterProcessor.java:193)
	at com.netflix.zuul.FilterProcessor.runFilters(FilterProcessor.java:157)
	at com.netflix.zuul.FilterProcessor.error(FilterProcessor.java:105)
	at com.netflix.zuul.ZuulRunner.error(ZuulRunner.java:112)
	at com.netflix.zuul.http.ZuulServlet.error(ZuulServlet.java:145)
	at com.netflix.zuul.http.ZuulServlet.service(ZuulServlet.java:83)
	at org.springframework.web.servlet.mvc.ServletWrappingController.handleRequestInternal(ServletWrappingController.java:166)
	at org.springframework.cloud.netflix.zuul.web.ZuulController.handleRequest(ZuulController.java:45)
	at org.springframework.web.servlet.mvc.SimpleControllerHandlerAdapter.handle(SimpleControllerHandlerAdapter.java:52)
	at org.springframework.web.servlet.DispatcherServlet.doDispatch(DispatcherServlet.java:1040)
	at org.springframework.web.servlet.DispatcherServlet.doService(DispatcherServlet.java:943)
	at org.springframework.web.servlet.FrameworkServlet.processRequest(FrameworkServlet.java:1006)
	at org.springframework.web.servlet.FrameworkServlet.doGet(FrameworkServlet.java:898)
	at javax.servlet.http.HttpServlet.service(HttpServlet.java:626)
	at org.springframework.web.servlet.FrameworkServlet.service(FrameworkServlet.java:883)
	at javax.servlet.http.HttpServlet.service(HttpServlet.java:733)
	at org.apache.catalina.core.ApplicationFilterChain.internalDoFilter(ApplicationFilterChain.java:231)
	at org.apache.catalina.core.ApplicationFilterChain.doFilter(ApplicationFilterChain.java:166)
	at org.apache.tomcat.websocket.server.WsFilter.doFilter(WsFilter.java:53)
	at org.apache.catalina.core.ApplicationFilterChain.internalDoFilter(ApplicationFilterChain.java:193)
	at org.apache.catalina.core.ApplicationFilterChain.doFilter(ApplicationFilterChain.java:166)
	at brave.servlet.TracingFilter.doFilter(TracingFilter.java:67)
	at org.apache.catalina.core.ApplicationFilterChain.internalDoFilter(ApplicationFilterChain.java:193)
	at org.apache.catalina.core.ApplicationFilterChain.doFilter(ApplicationFilterChain.java:166)
	at org.springframework.web.filter.RequestContextFilter.doFilterInternal(RequestContextFilter.java:100)
	at org.springframework.web.filter.OncePerRequestFilter.doFilter(OncePerRequestFilter.java:119)
	at org.apache.catalina.core.ApplicationFilterChain.internalDoFilter(ApplicationFilterChain.java:193)
	at org.apache.catalina.core.ApplicationFilterChain.doFilter(ApplicationFilterChain.java:166)
	at org.springframework.web.filter.FormContentFilter.doFilterInternal(FormContentFilter.java:93)
	at org.springframework.web.filter.OncePerRequestFilter.doFilter(OncePerRequestFilter.java:119)
	at org.apache.catalina.core.ApplicationFilterChain.internalDoFilter(ApplicationFilterChain.java:193)
	at org.apache.catalina.core.ApplicationFilterChain.doFilter(ApplicationFilterChain.java:166)
	at org.springframework.cloud.sleuth.instrument.web.ExceptionLoggingFilter.doFilter(ExceptionLoggingFilter.java:50)
	at org.apache.catalina.core.ApplicationFilterChain.internalDoFilter(ApplicationFilterChain.java:193)
	at org.apache.catalina.core.ApplicationFilterChain.doFilter(ApplicationFilterChain.java:166)
	at brave.servlet.TracingFilter.doFilter(TracingFilter.java:84)
	at org.springframework.cloud.sleuth.instrument.web.LazyTracingFilter.doFilter(TraceWebServletAutoConfiguration.java:138)
	at org.apache.catalina.core.ApplicationFilterChain.internalDoFilter(ApplicationFilterChain.java:193)
	at org.apache.catalina.core.ApplicationFilterChain.doFilter(ApplicationFilterChain.java:166)
	at org.springframework.boot.actuate.metrics.web.servlet.WebMvcMetricsFilter.doFilterInternal(WebMvcMetricsFilter.java:93)
	at org.springframework.web.filter.OncePerRequestFilter.doFilter(OncePerRequestFilter.java:119)
	at org.apache.catalina.core.ApplicationFilterChain.internalDoFilter(ApplicationFilterChain.java:193)
	at org.apache.catalina.core.ApplicationFilterChain.doFilter(ApplicationFilterChain.java:166)
	at org.springframework.web.filter.CharacterEncodingFilter.doFilterInternal(CharacterEncodingFilter.java:201)
	at org.springframework.web.filter.OncePerRequestFilter.doFilter(OncePerRequestFilter.java:119)
	at org.apache.catalina.core.ApplicationFilterChain.internalDoFilter(ApplicationFilterChain.java:193)
	at org.apache.catalina.core.ApplicationFilterChain.doFilter(ApplicationFilterChain.java:166)
	at org.apache.catalina.core.StandardWrapperValve.invoke(StandardWrapperValve.java:202)
	at org.apache.catalina.core.StandardContextValve.invoke(StandardContextValve.java:97)
	at org.apache.catalina.authenticator.AuthenticatorBase.invoke(AuthenticatorBase.java:541)
	at org.apache.catalina.core.StandardHostValve.invoke(StandardHostValve.java:143)
	at org.apache.catalina.valves.ErrorReportValve.invoke(ErrorReportValve.java:92)
	at org.apache.catalina.core.StandardEngineValve.invoke(StandardEngineValve.java:78)
	at org.apache.catalina.connector.CoyoteAdapter.service(CoyoteAdapter.java:343)
	at org.apache.coyote.http11.Http11Processor.service(Http11Processor.java:374)
	at org.apache.coyote.AbstractProcessorLight.process(AbstractProcessorLight.java:65)
	at org.apache.coyote.AbstractProtocol$ConnectionHandler.process(AbstractProtocol.java:868)
	at org.apache.tomcat.util.net.NioEndpoint$SocketProcessor.doRun(NioEndpoint.java:1590)
	at org.apache.tomcat.util.net.SocketProcessorBase.run(SocketProcessorBase.java:49)
	at java.base/java.util.concurrent.ThreadPoolExecutor.runWorker(ThreadPoolExecutor.java:1128)
	at java.base/java.util.concurrent.ThreadPoolExecutor$Worker.run(ThreadPoolExecutor.java:628)
	at org.apache.tomcat.util.threads.TaskThread$WrappingRunnable.run(TaskThread.java:61)
	at java.base/java.lang.Thread.run(Thread.java:834)
2020-11-11 13:40:23.597  INFO MacBook-Pro --- [trap-executor-0] c.n.d.s.r.a.ConfigClusterResolver        : Resolving eureka endpoints via configuration
2020-11-11 13:40:48.665  INFO MacBook-Pro --- [nio-8011-exec-2] c.c.c.ConfigServicePropertySourceLocator : Fetching config from server at : http://localhost:8012
2020-11-11 13:40:49.724  INFO MacBook-Pro --- [nio-8011-exec-2] c.c.c.ConfigServicePropertySourceLocator : Located environment: name=zuul-service, profiles=[default], label=main, version=743c1175cb82ef2145f6379f410b63ae47a0e18b, state=null
2020-11-11 13:45:23.612  INFO MacBook-Pro --- [trap-executor-0] c.n.d.s.r.a.ConfigClusterResolver        : Resolving eureka endpoints via configuration
2020-11-11 13:46:08.748  INFO MacBook-Pro --- [io-8011-exec-10] c.c.c.ConfigServicePropertySourceLocator : Fetching config from server at : http://localhost:8012
2020-11-11 13:46:09.996  INFO MacBook-Pro --- [io-8011-exec-10] c.c.c.ConfigServicePropertySourceLocator : Located environment: name=zuul-service, profiles=[default], label=main, version=743c1175cb82ef2145f6379f410b63ae47a0e18b, state=null
2020-11-11 13:48:15.957  WARN MacBook-Pro --- [nio-8011-exec-9] o.s.c.n.z.f.p.SendErrorFilter            : Error during filtering
com.netflix.zuul.exception.ZuulException: 
	at org.springframework.cloud.netflix.zuul.filters.post.SendErrorFilter.findZuulException(SendErrorFilter.java:118)
	at org.springframework.cloud.netflix.zuul.filters.post.SendErrorFilter.run(SendErrorFilter.java:78)
	at com.netflix.zuul.ZuulFilter.runFilter(ZuulFilter.java:117)
	at com.netflix.zuul.FilterProcessor.processZuulFilter(FilterProcessor.java:193)
	at com.netflix.zuul.FilterProcessor.runFilters(FilterProcessor.java:157)
	at com.netflix.zuul.FilterProcessor.error(FilterProcessor.java:105)
	at com.netflix.zuul.ZuulRunner.error(ZuulRunner.java:112)
	at com.netflix.zuul.http.ZuulServlet.error(ZuulServlet.java:145)
	at com.netflix.zuul.http.ZuulServlet.service(ZuulServlet.java:83)
	at org.springframework.web.servlet.mvc.ServletWrappingController.handleRequestInternal(ServletWrappingController.java:166)
	at org.springframework.cloud.netflix.zuul.web.ZuulController.handleRequest(ZuulController.java:45)
	at org.springframework.web.servlet.mvc.SimpleControllerHandlerAdapter.handle(SimpleControllerHandlerAdapter.java:52)
	at org.springframework.web.servlet.DispatcherServlet.doDispatch(DispatcherServlet.java:1040)
	at org.springframework.web.servlet.DispatcherServlet.doService(DispatcherServlet.java:943)
	at org.springframework.web.servlet.FrameworkServlet.processRequest(FrameworkServlet.java:1006)
	at org.springframework.web.servlet.FrameworkServlet.doGet(FrameworkServlet.java:898)
	at javax.servlet.http.HttpServlet.service(HttpServlet.java:626)
	at org.springframework.web.servlet.FrameworkServlet.service(FrameworkServlet.java:883)
	at javax.servlet.http.HttpServlet.service(HttpServlet.java:733)
	at org.apache.catalina.core.ApplicationFilterChain.internalDoFilter(ApplicationFilterChain.java:231)
	at org.apache.catalina.core.ApplicationFilterChain.doFilter(ApplicationFilterChain.java:166)
	at org.apache.tomcat.websocket.server.WsFilter.doFilter(WsFilter.java:53)
	at org.apache.catalina.core.ApplicationFilterChain.internalDoFilter(ApplicationFilterChain.java:193)
	at org.apache.catalina.core.ApplicationFilterChain.doFilter(ApplicationFilterChain.java:166)
	at brave.servlet.TracingFilter.doFilter(TracingFilter.java:67)
	at org.apache.catalina.core.ApplicationFilterChain.internalDoFilter(ApplicationFilterChain.java:193)
	at org.apache.catalina.core.ApplicationFilterChain.doFilter(ApplicationFilterChain.java:166)
	at org.springframework.web.filter.RequestContextFilter.doFilterInternal(RequestContextFilter.java:100)
	at org.springframework.web.filter.OncePerRequestFilter.doFilter(OncePerRequestFilter.java:119)
	at org.apache.catalina.core.ApplicationFilterChain.internalDoFilter(ApplicationFilterChain.java:193)
	at org.apache.catalina.core.ApplicationFilterChain.doFilter(ApplicationFilterChain.java:166)
	at org.springframework.web.filter.FormContentFilter.doFilterInternal(FormContentFilter.java:93)
	at org.springframework.web.filter.OncePerRequestFilter.doFilter(OncePerRequestFilter.java:119)
	at org.apache.catalina.core.ApplicationFilterChain.internalDoFilter(ApplicationFilterChain.java:193)
	at org.apache.catalina.core.ApplicationFilterChain.doFilter(ApplicationFilterChain.java:166)
	at org.springframework.cloud.sleuth.instrument.web.ExceptionLoggingFilter.doFilter(ExceptionLoggingFilter.java:50)
	at org.apache.catalina.core.ApplicationFilterChain.internalDoFilter(ApplicationFilterChain.java:193)
	at org.apache.catalina.core.ApplicationFilterChain.doFilter(ApplicationFilterChain.java:166)
	at brave.servlet.TracingFilter.doFilter(TracingFilter.java:84)
	at org.springframework.cloud.sleuth.instrument.web.LazyTracingFilter.doFilter(TraceWebServletAutoConfiguration.java:138)
	at org.apache.catalina.core.ApplicationFilterChain.internalDoFilter(ApplicationFilterChain.java:193)
	at org.apache.catalina.core.ApplicationFilterChain.doFilter(ApplicationFilterChain.java:166)
	at org.springframework.boot.actuate.metrics.web.servlet.WebMvcMetricsFilter.doFilterInternal(WebMvcMetricsFilter.java:93)
	at org.springframework.web.filter.OncePerRequestFilter.doFilter(OncePerRequestFilter.java:119)
	at org.apache.catalina.core.ApplicationFilterChain.internalDoFilter(ApplicationFilterChain.java:193)
	at org.apache.catalina.core.ApplicationFilterChain.doFilter(ApplicationFilterChain.java:166)
	at org.springframework.web.filter.CharacterEncodingFilter.doFilterInternal(CharacterEncodingFilter.java:201)
	at org.springframework.web.filter.OncePerRequestFilter.doFilter(OncePerRequestFilter.java:119)
	at org.apache.catalina.core.ApplicationFilterChain.internalDoFilter(ApplicationFilterChain.java:193)
	at org.apache.catalina.core.ApplicationFilterChain.doFilter(ApplicationFilterChain.java:166)
	at org.apache.catalina.core.StandardWrapperValve.invoke(StandardWrapperValve.java:202)
	at org.apache.catalina.core.StandardContextValve.invoke(StandardContextValve.java:97)
	at org.apache.catalina.authenticator.AuthenticatorBase.invoke(AuthenticatorBase.java:541)
	at org.apache.catalina.core.StandardHostValve.invoke(StandardHostValve.java:143)
	at org.apache.catalina.valves.ErrorReportValve.invoke(ErrorReportValve.java:92)
	at org.apache.catalina.core.StandardEngineValve.invoke(StandardEngineValve.java:78)
	at org.apache.catalina.connector.CoyoteAdapter.service(CoyoteAdapter.java:343)
	at org.apache.coyote.http11.Http11Processor.service(Http11Processor.java:374)
	at org.apache.coyote.AbstractProcessorLight.process(AbstractProcessorLight.java:65)
	at org.apache.coyote.AbstractProtocol$ConnectionHandler.process(AbstractProtocol.java:868)
	at org.apache.tomcat.util.net.NioEndpoint$SocketProcessor.doRun(NioEndpoint.java:1590)
	at org.apache.tomcat.util.net.SocketProcessorBase.run(SocketProcessorBase.java:49)
	at java.base/java.util.concurrent.ThreadPoolExecutor.runWorker(ThreadPoolExecutor.java:1128)
	at java.base/java.util.concurrent.ThreadPoolExecutor$Worker.run(ThreadPoolExecutor.java:628)
	at org.apache.tomcat.util.threads.TaskThread$WrappingRunnable.run(TaskThread.java:61)
	at java.base/java.lang.Thread.run(Thread.java:834)
2020-11-11 13:50:23.631  INFO MacBook-Pro --- [trap-executor-0] c.n.d.s.r.a.ConfigClusterResolver        : Resolving eureka endpoints via configuration
2020-11-11 13:51:28.698  INFO MacBook-Pro --- [nio-8011-exec-2] c.c.c.ConfigServicePropertySourceLocator : Fetching config from server at : http://localhost:8012
2020-11-11 13:51:29.634  INFO MacBook-Pro --- [nio-8011-exec-2] c.c.c.ConfigServicePropertySourceLocator : Located environment: name=zuul-service, profiles=[default], label=main, version=743c1175cb82ef2145f6379f410b63ae47a0e18b, state=null
2020-11-11 13:55:23.645  INFO MacBook-Pro --- [trap-executor-0] c.n.d.s.r.a.ConfigClusterResolver        : Resolving eureka endpoints via configuration
2020-11-11 13:56:48.646  INFO MacBook-Pro --- [nio-8011-exec-1] c.c.c.ConfigServicePropertySourceLocator : Fetching config from server at : http://localhost:8012
2020-11-11 13:56:49.520  INFO MacBook-Pro --- [nio-8011-exec-1] c.c.c.ConfigServicePropertySourceLocator : Located environment: name=zuul-service, profiles=[default], label=main, version=743c1175cb82ef2145f6379f410b63ae47a0e18b, state=null
2020-11-11 14:00:23.660  INFO MacBook-Pro --- [trap-executor-0] c.n.d.s.r.a.ConfigClusterResolver        : Resolving eureka endpoints via configuration
2020-11-11 14:01:48.633  INFO MacBook-Pro --- [nio-8011-exec-9] c.c.c.ConfigServicePropertySourceLocator : Fetching config from server at : http://localhost:8012
2020-11-11 14:01:49.627  INFO MacBook-Pro --- [nio-8011-exec-9] c.c.c.ConfigServicePropertySourceLocator : Located environment: name=zuul-service, profiles=[default], label=main, version=743c1175cb82ef2145f6379f410b63ae47a0e18b, state=null
2020-11-11 14:05:23.679  INFO MacBook-Pro --- [trap-executor-0] c.n.d.s.r.a.ConfigClusterResolver        : Resolving eureka endpoints via configuration
2020-11-11 14:06:48.829  INFO MacBook-Pro --- [nio-8011-exec-7] c.c.c.ConfigServicePropertySourceLocator : Fetching config from server at : http://localhost:8012
2020-11-11 14:06:49.804  INFO MacBook-Pro --- [nio-8011-exec-7] c.c.c.ConfigServicePropertySourceLocator : Located environment: name=zuul-service, profiles=[default], label=main, version=743c1175cb82ef2145f6379f410b63ae47a0e18b, state=null
2020-11-11 14:10:23.858  INFO MacBook-Pro --- [trap-executor-0] c.n.d.s.r.a.ConfigClusterResolver        : Resolving eureka endpoints via configuration
2020-11-11 14:12:08.855  INFO MacBook-Pro --- [nio-8011-exec-5] c.c.c.ConfigServicePropertySourceLocator : Fetching config from server at : http://localhost:8012
2020-11-11 14:12:09.830  INFO MacBook-Pro --- [nio-8011-exec-5] c.c.c.ConfigServicePropertySourceLocator : Located environment: name=zuul-service, profiles=[default], label=main, version=743c1175cb82ef2145f6379f410b63ae47a0e18b, state=null
2020-11-11 14:13:10.197  INFO MacBook-Pro --- [      Thread-25] c.n.l.PollingServerListUpdater           : Shutting down the Executor Pool for PollingServerListUpdater
2020-11-11 14:13:10.214  INFO MacBook-Pro --- [extShutdownHook] o.s.c.n.e.s.EurekaServiceRegistry        : Unregistering application ZUUL-SERVICE with eureka with status DOWN
2020-11-11 14:13:10.219  WARN MacBook-Pro --- [extShutdownHook] c.n.d.DiscoveryClient                    : Saw local status change event StatusChangeEvent [timestamp=1605096790216, current=DOWN, previous=UP]
2020-11-11 14:13:10.221  INFO MacBook-Pro --- [nfoReplicator-0] c.n.d.DiscoveryClient                    : DiscoveryClient_ZUUL-SERVICE/zuul-service:1af6f817e9ee454d3b7ac1558e31dc11: registering service...
2020-11-11 14:13:10.284  INFO MacBook-Pro --- [nfoReplicator-0] c.n.d.DiscoveryClient                    : DiscoveryClient_ZUUL-SERVICE/zuul-service:1af6f817e9ee454d3b7ac1558e31dc11 - registration status: 204
2020-11-11 14:13:10.712  INFO MacBook-Pro --- [extShutdownHook] o.s.a.r.l.SimpleMessageListenerContainer : Waiting for workers to finish.
2020-11-11 14:13:11.744  INFO MacBook-Pro --- [extShutdownHook] o.s.a.r.l.SimpleMessageListenerContainer : Successfully waited for workers to finish.
2020-11-11 14:13:11.754  INFO MacBook-Pro --- [extShutdownHook] o.s.i.a.i.AmqpInboundChannelAdapter      : stopped bean 'inbound.springCloudBus.anonymous.AXMfiiEuQampJ_x6AU1wuQ'
2020-11-11 14:13:11.861  INFO MacBook-Pro --- [extShutdownHook] o.s.c.s.b.BinderErrorChannel             : Channel 'application-1.springCloudBus.anonymous.AXMfiiEuQampJ_x6AU1wuQ.errors' has 1 subscriber(s).
2020-11-11 14:13:11.943  INFO MacBook-Pro --- [extShutdownHook] o.s.c.s.b.BinderErrorChannel             : Channel 'application-1.springCloudBus.anonymous.AXMfiiEuQampJ_x6AU1wuQ.errors' has 0 subscriber(s).
2020-11-11 14:13:12.109  INFO MacBook-Pro --- [extShutdownHook] o.s.i.e.EventDrivenConsumer              : Removing {logging-channel-adapter:_org.springframework.integration.errorLogger} as a subscriber to the 'errorChannel' channel
2020-11-11 14:13:12.131  INFO MacBook-Pro --- [extShutdownHook] o.s.i.c.PublishSubscribeChannel          : Channel 'application-1.errorChannel' has 0 subscriber(s).
2020-11-11 14:13:12.208  INFO MacBook-Pro --- [extShutdownHook] o.s.i.e.EventDrivenConsumer              : stopped bean '_org.springframework.integration.errorLogger'
2020-11-11 14:13:12.219  INFO MacBook-Pro --- [extShutdownHook] o.s.c.n.z.ZuulFilterInitializer          : Stopping filter initializer
2020-11-11 14:13:12.383  INFO MacBook-Pro --- [extShutdownHook] o.s.s.c.ThreadPoolTaskScheduler          : Shutting down ExecutorService
2020-11-11 14:13:13.723  WARN MacBook-Pro --- [extShutdownHook] s.c.a.AnnotationConfigApplicationContext : Exception thrown from ApplicationListener handling ContextClosedEvent
org.springframework.beans.factory.BeanCreationNotAllowedException: Error creating bean with name 'registrationListener': Singleton bean creation not allowed while singletons of this factory are in destruction (Do not request a bean from a BeanFactory in a destroy method implementation!)
	at org.springframework.beans.factory.support.DefaultSingletonBeanRegistry.getSingleton(DefaultSingletonBeanRegistry.java:220)
	at org.springframework.beans.factory.support.AbstractBeanFactory.doGetBean(AbstractBeanFactory.java:322)
	at org.springframework.beans.factory.support.AbstractBeanFactory.getBean(AbstractBeanFactory.java:202)
	at org.springframework.context.support.AbstractApplicationContext.getBean(AbstractApplicationContext.java:1109)
	at org.springframework.context.event.ApplicationListenerMethodAdapter.getTargetBean(ApplicationListenerMethodAdapter.java:332)
	at org.springframework.context.event.ApplicationListenerMethodAdapter.doInvoke(ApplicationListenerMethodAdapter.java:297)
	at org.springframework.context.event.ApplicationListenerMethodAdapter.processEvent(ApplicationListenerMethodAdapter.java:190)
	at org.springframework.context.event.ApplicationListenerMethodAdapter.onApplicationEvent(ApplicationListenerMethodAdapter.java:153)
	at org.springframework.context.event.SimpleApplicationEventMulticaster.doInvokeListener(SimpleApplicationEventMulticaster.java:172)
	at org.springframework.context.event.SimpleApplicationEventMulticaster.invokeListener(SimpleApplicationEventMulticaster.java:165)
	at org.springframework.context.event.SimpleApplicationEventMulticaster.multicastEvent(SimpleApplicationEventMulticaster.java:139)
	at org.springframework.context.support.AbstractApplicationContext.publishEvent(AbstractApplicationContext.java:404)
	at org.springframework.context.support.AbstractApplicationContext.publishEvent(AbstractApplicationContext.java:410)
	at org.springframework.context.support.AbstractApplicationContext.publishEvent(AbstractApplicationContext.java:361)
	at org.springframework.context.support.AbstractApplicationContext.doClose(AbstractApplicationContext.java:1013)
	at org.springframework.context.support.AbstractApplicationContext.close(AbstractApplicationContext.java:979)
	at org.springframework.cloud.context.named.NamedContextFactory.destroy(NamedContextFactory.java:92)
	at org.springframework.beans.factory.support.DisposableBeanAdapter.destroy(DisposableBeanAdapter.java:258)
	at org.springframework.beans.factory.support.DefaultSingletonBeanRegistry.destroyBean(DefaultSingletonBeanRegistry.java:587)
	at org.springframework.beans.factory.support.DefaultSingletonBeanRegistry.destroySingleton(DefaultSingletonBeanRegistry.java:559)
	at org.springframework.beans.factory.support.DefaultListableBeanFactory.destroySingleton(DefaultListableBeanFactory.java:1092)
	at org.springframework.beans.factory.support.DefaultSingletonBeanRegistry.destroySingletons(DefaultSingletonBeanRegistry.java:520)
	at org.springframework.beans.factory.support.DefaultListableBeanFactory.destroySingletons(DefaultListableBeanFactory.java:1085)
	at org.springframework.context.support.AbstractApplicationContext.destroyBeans(AbstractApplicationContext.java:1061)
	at org.springframework.context.support.AbstractApplicationContext.doClose(AbstractApplicationContext.java:1030)
	at org.springframework.boot.web.servlet.context.ServletWebServerApplicationContext.doClose(ServletWebServerApplicationContext.java:170)
	at org.springframework.context.support.AbstractApplicationContext$1.run(AbstractApplicationContext.java:949)
2020-11-11 14:13:13.731  INFO MacBook-Pro --- [extShutdownHook] c.n.u.c.ShutdownEnabledTimer             : Shutdown hook removed for: NFLoadBalancer-PingTimer-gymnast-service
2020-11-11 14:13:13.732  INFO MacBook-Pro --- [extShutdownHook] c.n.u.c.ShutdownEnabledTimer             : Exception caught (might be ok if at shutdown)
java.lang.IllegalStateException: Shutdown in progress
	at java.base/java.lang.ApplicationShutdownHooks.remove(ApplicationShutdownHooks.java:82)
	at java.base/java.lang.Runtime.removeShutdownHook(Runtime.java:244)
	at com.netflix.util.concurrent.ShutdownEnabledTimer.cancel(ShutdownEnabledTimer.java:70)
	at com.netflix.loadbalancer.BaseLoadBalancer.cancelPingTask(BaseLoadBalancer.java:632)
	at com.netflix.loadbalancer.BaseLoadBalancer.shutdown(BaseLoadBalancer.java:883)
	at com.netflix.loadbalancer.DynamicServerListLoadBalancer.shutdown(DynamicServerListLoadBalancer.java:285)
	at java.base/jdk.internal.reflect.NativeMethodAccessorImpl.invoke0(Native Method)
	at java.base/jdk.internal.reflect.NativeMethodAccessorImpl.invoke(NativeMethodAccessorImpl.java:62)
	at java.base/jdk.internal.reflect.DelegatingMethodAccessorImpl.invoke(DelegatingMethodAccessorImpl.java:43)
	at java.base/java.lang.reflect.Method.invoke(Method.java:566)
	at org.springframework.beans.factory.support.DisposableBeanAdapter.invokeCustomDestroyMethod(DisposableBeanAdapter.java:339)
	at org.springframework.beans.factory.support.DisposableBeanAdapter.destroy(DisposableBeanAdapter.java:273)
	at org.springframework.beans.factory.support.DefaultSingletonBeanRegistry.destroyBean(DefaultSingletonBeanRegistry.java:587)
	at org.springframework.beans.factory.support.DefaultSingletonBeanRegistry.destroySingleton(DefaultSingletonBeanRegistry.java:559)
	at org.springframework.beans.factory.support.DefaultListableBeanFactory.destroySingleton(DefaultListableBeanFactory.java:1092)
	at org.springframework.beans.factory.support.DefaultSingletonBeanRegistry.destroySingletons(DefaultSingletonBeanRegistry.java:520)
	at org.springframework.beans.factory.support.DefaultListableBeanFactory.destroySingletons(DefaultListableBeanFactory.java:1085)
	at org.springframework.context.support.AbstractApplicationContext.destroyBeans(AbstractApplicationContext.java:1061)
	at org.springframework.context.support.AbstractApplicationContext.doClose(AbstractApplicationContext.java:1030)
	at org.springframework.context.support.AbstractApplicationContext.close(AbstractApplicationContext.java:979)
	at org.springframework.cloud.context.named.NamedContextFactory.destroy(NamedContextFactory.java:92)
	at org.springframework.beans.factory.support.DisposableBeanAdapter.destroy(DisposableBeanAdapter.java:258)
	at org.springframework.beans.factory.support.DefaultSingletonBeanRegistry.destroyBean(DefaultSingletonBeanRegistry.java:587)
	at org.springframework.beans.factory.support.DefaultSingletonBeanRegistry.destroySingleton(DefaultSingletonBeanRegistry.java:559)
	at org.springframework.beans.factory.support.DefaultListableBeanFactory.destroySingleton(DefaultListableBeanFactory.java:1092)
	at org.springframework.beans.factory.support.DefaultSingletonBeanRegistry.destroySingletons(DefaultSingletonBeanRegistry.java:520)
	at org.springframework.beans.factory.support.DefaultListableBeanFactory.destroySingletons(DefaultListableBeanFactory.java:1085)
	at org.springframework.context.support.AbstractApplicationContext.destroyBeans(AbstractApplicationContext.java:1061)
	at org.springframework.context.support.AbstractApplicationContext.doClose(AbstractApplicationContext.java:1030)
	at org.springframework.boot.web.servlet.context.ServletWebServerApplicationContext.doClose(ServletWebServerApplicationContext.java:170)
	at org.springframework.context.support.AbstractApplicationContext$1.run(AbstractApplicationContext.java:949)
2020-11-11 14:13:13.800  INFO MacBook-Pro --- [extShutdownHook] j.LocalContainerEntityManagerFactoryBean : Closing JPA EntityManagerFactory for persistence unit 'default'
2020-11-11 14:13:13.815  INFO MacBook-Pro --- [extShutdownHook] o.s.s.c.ThreadPoolTaskScheduler          : Shutting down ExecutorService 'taskScheduler'
2020-11-11 14:13:13.816  INFO MacBook-Pro --- [extShutdownHook] o.s.s.c.ThreadPoolTaskExecutor           : Shutting down ExecutorService 'applicationTaskExecutor'
2020-11-11 14:13:13.819  INFO MacBook-Pro --- [extShutdownHook] c.z.h.HikariDataSource                   : HikariPool-1 - Shutdown initiated...
2020-11-11 14:13:13.918  INFO MacBook-Pro --- [extShutdownHook] c.z.h.HikariDataSource                   : HikariPool-1 - Shutdown completed.
2020-11-11 14:13:14.100  INFO MacBook-Pro --- [extShutdownHook] c.n.d.DiscoveryClient                    : Shutting down DiscoveryClient ...
2020-11-11 14:13:17.110  INFO MacBook-Pro --- [extShutdownHook] c.n.d.DiscoveryClient                    : Unregistering ...
2020-11-11 14:13:17.131 ERROR MacBook-Pro --- [extShutdownHook] c.n.d.s.t.d.RedirectingEurekaHttpClient  : Request execution error. endpoint=DefaultEndpoint{ serviceUrl='http://localhost:8761/eureka/}
com.sun.jersey.api.client.ClientHandlerException: java.net.ConnectException: Connection refused (Connection refused)
	at com.sun.jersey.client.apache4.ApacheHttpClient4Handler.handle(ApacheHttpClient4Handler.java:187)
	at com.sun.jersey.api.client.filter.GZIPContentEncodingFilter.handle(GZIPContentEncodingFilter.java:123)
	at com.netflix.discovery.EurekaIdentityHeaderFilter.handle(EurekaIdentityHeaderFilter.java:27)
	at com.sun.jersey.api.client.Client.handle(Client.java:652)
	at com.sun.jersey.api.client.WebResource.handle(WebResource.java:682)
	at com.sun.jersey.api.client.WebResource.access$200(WebResource.java:74)
	at com.sun.jersey.api.client.WebResource$Builder.delete(WebResource.java:591)
	at com.netflix.discovery.shared.transport.jersey.AbstractJerseyEurekaHttpClient.cancel(AbstractJerseyEurekaHttpClient.java:77)
	at com.netflix.discovery.shared.transport.decorator.EurekaHttpClientDecorator$2.execute(EurekaHttpClientDecorator.java:74)
	at com.netflix.discovery.shared.transport.decorator.MetricsCollectingEurekaHttpClient.execute(MetricsCollectingEurekaHttpClient.java:73)
	at com.netflix.discovery.shared.transport.decorator.EurekaHttpClientDecorator.cancel(EurekaHttpClientDecorator.java:71)
	at com.netflix.discovery.shared.transport.decorator.EurekaHttpClientDecorator$2.execute(EurekaHttpClientDecorator.java:74)
	at com.netflix.discovery.shared.transport.decorator.RedirectingEurekaHttpClient.execute(RedirectingEurekaHttpClient.java:89)
	at com.netflix.discovery.shared.transport.decorator.EurekaHttpClientDecorator.cancel(EurekaHttpClientDecorator.java:71)
	at com.netflix.discovery.shared.transport.decorator.EurekaHttpClientDecorator$2.execute(EurekaHttpClientDecorator.java:74)
	at com.netflix.discovery.shared.transport.decorator.RetryableEurekaHttpClient.execute(RetryableEurekaHttpClient.java:120)
	at com.netflix.discovery.shared.transport.decorator.EurekaHttpClientDecorator.cancel(EurekaHttpClientDecorator.java:71)
	at com.netflix.discovery.shared.transport.decorator.EurekaHttpClientDecorator$2.execute(EurekaHttpClientDecorator.java:74)
	at com.netflix.discovery.shared.transport.decorator.SessionedEurekaHttpClient.execute(SessionedEurekaHttpClient.java:77)
	at com.netflix.discovery.shared.transport.decorator.EurekaHttpClientDecorator.cancel(EurekaHttpClientDecorator.java:71)
	at com.netflix.discovery.DiscoveryClient.unregister(DiscoveryClient.java:946)
	at com.netflix.discovery.DiscoveryClient.shutdown(DiscoveryClient.java:922)
	at java.base/jdk.internal.reflect.NativeMethodAccessorImpl.invoke0(Native Method)
	at java.base/jdk.internal.reflect.NativeMethodAccessorImpl.invoke(NativeMethodAccessorImpl.java:62)
	at java.base/jdk.internal.reflect.DelegatingMethodAccessorImpl.invoke(DelegatingMethodAccessorImpl.java:43)
	at java.base/java.lang.reflect.Method.invoke(Method.java:566)
	at org.springframework.beans.factory.annotation.InitDestroyAnnotationBeanPostProcessor$LifecycleElement.invoke(InitDestroyAnnotationBeanPostProcessor.java:389)
	at org.springframework.beans.factory.annotation.InitDestroyAnnotationBeanPostProcessor$LifecycleMetadata.invokeDestroyMethods(InitDestroyAnnotationBeanPostProcessor.java:347)
	at org.springframework.beans.factory.annotation.InitDestroyAnnotationBeanPostProcessor.postProcessBeforeDestruction(InitDestroyAnnotationBeanPostProcessor.java:177)
	at org.springframework.beans.factory.support.DisposableBeanAdapter.destroy(DisposableBeanAdapter.java:242)
	at org.springframework.beans.factory.support.DisposableBeanAdapter.run(DisposableBeanAdapter.java:235)
	at org.springframework.cloud.context.scope.GenericScope$BeanLifecycleWrapper.destroy(GenericScope.java:403)
	at org.springframework.cloud.context.scope.GenericScope.destroy(GenericScope.java:142)
	at org.springframework.beans.factory.support.DisposableBeanAdapter.destroy(DisposableBeanAdapter.java:258)
	at org.springframework.beans.factory.support.DefaultSingletonBeanRegistry.destroyBean(DefaultSingletonBeanRegistry.java:587)
	at org.springframework.beans.factory.support.DefaultSingletonBeanRegistry.destroySingleton(DefaultSingletonBeanRegistry.java:559)
	at org.springframework.beans.factory.support.DefaultListableBeanFactory.destroySingleton(DefaultListableBeanFactory.java:1092)
	at org.springframework.beans.factory.support.DefaultSingletonBeanRegistry.destroySingletons(DefaultSingletonBeanRegistry.java:520)
	at org.springframework.beans.factory.support.DefaultListableBeanFactory.destroySingletons(DefaultListableBeanFactory.java:1085)
	at org.springframework.context.support.AbstractApplicationContext.destroyBeans(AbstractApplicationContext.java:1061)
	at org.springframework.context.support.AbstractApplicationContext.doClose(AbstractApplicationContext.java:1030)
	at org.springframework.boot.web.servlet.context.ServletWebServerApplicationContext.doClose(ServletWebServerApplicationContext.java:170)
	at org.springframework.context.support.AbstractApplicationContext$1.run(AbstractApplicationContext.java:949)
Caused by: java.net.ConnectException: Connection refused (Connection refused)
	at java.base/java.net.PlainSocketImpl.socketConnect(Native Method)
	at java.base/java.net.AbstractPlainSocketImpl.doConnect(AbstractPlainSocketImpl.java:399)
	at java.base/java.net.AbstractPlainSocketImpl.connectToAddress(AbstractPlainSocketImpl.java:242)
	at java.base/java.net.AbstractPlainSocketImpl.connect(AbstractPlainSocketImpl.java:224)
	at java.base/java.net.SocksSocketImpl.connect(SocksSocketImpl.java:403)
	at java.base/java.net.Socket.connect(Socket.java:609)
	at org.apache.http.conn.scheme.PlainSocketFactory.connectSocket(PlainSocketFactory.java:121)
	at org.apache.http.impl.conn.DefaultClientConnectionOperator.openConnection(DefaultClientConnectionOperator.java:180)
	at org.apache.http.impl.conn.AbstractPoolEntry.open(AbstractPoolEntry.java:144)
	at org.apache.http.impl.conn.AbstractPooledConnAdapter.open(AbstractPooledConnAdapter.java:134)
	at org.apache.http.impl.client.DefaultRequestDirector.tryConnect(DefaultRequestDirector.java:605)
	at org.apache.http.impl.client.DefaultRequestDirector.execute(DefaultRequestDirector.java:440)
	at org.apache.http.impl.client.AbstractHttpClient.doExecute(AbstractHttpClient.java:835)
	at org.apache.http.impl.client.CloseableHttpClient.execute(CloseableHttpClient.java:118)
	at org.apache.http.impl.client.CloseableHttpClient.execute(CloseableHttpClient.java:56)
	at com.sun.jersey.client.apache4.ApacheHttpClient4Handler.handle(ApacheHttpClient4Handler.java:173)
	... 42 more
2020-11-11 14:13:17.137  WARN MacBook-Pro --- [extShutdownHook] c.n.d.s.t.d.RetryableEurekaHttpClient    : Request execution failed with message: java.net.ConnectException: Connection refused (Connection refused)
2020-11-11 14:13:17.139 ERROR MacBook-Pro --- [extShutdownHook] c.n.d.s.t.d.RedirectingEurekaHttpClient  : Request execution error. endpoint=DefaultEndpoint{ serviceUrl='http://localhost:8761/eureka/}
com.sun.jersey.api.client.ClientHandlerException: java.net.ConnectException: Connection refused (Connection refused)
	at com.sun.jersey.client.apache4.ApacheHttpClient4Handler.handle(ApacheHttpClient4Handler.java:187)
	at com.sun.jersey.api.client.filter.GZIPContentEncodingFilter.handle(GZIPContentEncodingFilter.java:123)
	at com.netflix.discovery.EurekaIdentityHeaderFilter.handle(EurekaIdentityHeaderFilter.java:27)
	at com.sun.jersey.api.client.Client.handle(Client.java:652)
	at com.sun.jersey.api.client.WebResource.handle(WebResource.java:682)
	at com.sun.jersey.api.client.WebResource.access$200(WebResource.java:74)
	at com.sun.jersey.api.client.WebResource$Builder.delete(WebResource.java:591)
	at com.netflix.discovery.shared.transport.jersey.AbstractJerseyEurekaHttpClient.cancel(AbstractJerseyEurekaHttpClient.java:77)
	at com.netflix.discovery.shared.transport.decorator.EurekaHttpClientDecorator$2.execute(EurekaHttpClientDecorator.java:74)
	at com.netflix.discovery.shared.transport.decorator.MetricsCollectingEurekaHttpClient.execute(MetricsCollectingEurekaHttpClient.java:73)
	at com.netflix.discovery.shared.transport.decorator.EurekaHttpClientDecorator.cancel(EurekaHttpClientDecorator.java:71)
	at com.netflix.discovery.shared.transport.decorator.EurekaHttpClientDecorator$2.execute(EurekaHttpClientDecorator.java:74)
	at com.netflix.discovery.shared.transport.decorator.RedirectingEurekaHttpClient.executeOnNewServer(RedirectingEurekaHttpClient.java:118)
	at com.netflix.discovery.shared.transport.decorator.RedirectingEurekaHttpClient.execute(RedirectingEurekaHttpClient.java:79)
	at com.netflix.discovery.shared.transport.decorator.EurekaHttpClientDecorator.cancel(EurekaHttpClientDecorator.java:71)
	at com.netflix.discovery.shared.transport.decorator.EurekaHttpClientDecorator$2.execute(EurekaHttpClientDecorator.java:74)
	at com.netflix.discovery.shared.transport.decorator.RetryableEurekaHttpClient.execute(RetryableEurekaHttpClient.java:120)
	at com.netflix.discovery.shared.transport.decorator.EurekaHttpClientDecorator.cancel(EurekaHttpClientDecorator.java:71)
	at com.netflix.discovery.shared.transport.decorator.EurekaHttpClientDecorator$2.execute(EurekaHttpClientDecorator.java:74)
	at com.netflix.discovery.shared.transport.decorator.SessionedEurekaHttpClient.execute(SessionedEurekaHttpClient.java:77)
	at com.netflix.discovery.shared.transport.decorator.EurekaHttpClientDecorator.cancel(EurekaHttpClientDecorator.java:71)
	at com.netflix.discovery.DiscoveryClient.unregister(DiscoveryClient.java:946)
	at com.netflix.discovery.DiscoveryClient.shutdown(DiscoveryClient.java:922)
	at java.base/jdk.internal.reflect.NativeMethodAccessorImpl.invoke0(Native Method)
	at java.base/jdk.internal.reflect.NativeMethodAccessorImpl.invoke(NativeMethodAccessorImpl.java:62)
	at java.base/jdk.internal.reflect.DelegatingMethodAccessorImpl.invoke(DelegatingMethodAccessorImpl.java:43)
	at java.base/java.lang.reflect.Method.invoke(Method.java:566)
	at org.springframework.beans.factory.annotation.InitDestroyAnnotationBeanPostProcessor$LifecycleElement.invoke(InitDestroyAnnotationBeanPostProcessor.java:389)
	at org.springframework.beans.factory.annotation.InitDestroyAnnotationBeanPostProcessor$LifecycleMetadata.invokeDestroyMethods(InitDestroyAnnotationBeanPostProcessor.java:347)
	at org.springframework.beans.factory.annotation.InitDestroyAnnotationBeanPostProcessor.postProcessBeforeDestruction(InitDestroyAnnotationBeanPostProcessor.java:177)
	at org.springframework.beans.factory.support.DisposableBeanAdapter.destroy(DisposableBeanAdapter.java:242)
	at org.springframework.beans.factory.support.DisposableBeanAdapter.run(DisposableBeanAdapter.java:235)
	at org.springframework.cloud.context.scope.GenericScope$BeanLifecycleWrapper.destroy(GenericScope.java:403)
	at org.springframework.cloud.context.scope.GenericScope.destroy(GenericScope.java:142)
	at org.springframework.beans.factory.support.DisposableBeanAdapter.destroy(DisposableBeanAdapter.java:258)
	at org.springframework.beans.factory.support.DefaultSingletonBeanRegistry.destroyBean(DefaultSingletonBeanRegistry.java:587)
	at org.springframework.beans.factory.support.DefaultSingletonBeanRegistry.destroySingleton(DefaultSingletonBeanRegistry.java:559)
	at org.springframework.beans.factory.support.DefaultListableBeanFactory.destroySingleton(DefaultListableBeanFactory.java:1092)
	at org.springframework.beans.factory.support.DefaultSingletonBeanRegistry.destroySingletons(DefaultSingletonBeanRegistry.java:520)
	at org.springframework.beans.factory.support.DefaultListableBeanFactory.destroySingletons(DefaultListableBeanFactory.java:1085)
	at org.springframework.context.support.AbstractApplicationContext.destroyBeans(AbstractApplicationContext.java:1061)
	at org.springframework.context.support.AbstractApplicationContext.doClose(AbstractApplicationContext.java:1030)
	at org.springframework.boot.web.servlet.context.ServletWebServerApplicationContext.doClose(ServletWebServerApplicationContext.java:170)
	at org.springframework.context.support.AbstractApplicationContext$1.run(AbstractApplicationContext.java:949)
Caused by: java.net.ConnectException: Connection refused (Connection refused)
	at java.base/java.net.PlainSocketImpl.socketConnect(Native Method)
	at java.base/java.net.AbstractPlainSocketImpl.doConnect(AbstractPlainSocketImpl.java:399)
	at java.base/java.net.AbstractPlainSocketImpl.connectToAddress(AbstractPlainSocketImpl.java:242)
	at java.base/java.net.AbstractPlainSocketImpl.connect(AbstractPlainSocketImpl.java:224)
	at java.base/java.net.SocksSocketImpl.connect(SocksSocketImpl.java:403)
	at java.base/java.net.Socket.connect(Socket.java:609)
	at org.apache.http.conn.scheme.PlainSocketFactory.connectSocket(PlainSocketFactory.java:121)
	at org.apache.http.impl.conn.DefaultClientConnectionOperator.openConnection(DefaultClientConnectionOperator.java:180)
	at org.apache.http.impl.conn.AbstractPoolEntry.open(AbstractPoolEntry.java:144)
	at org.apache.http.impl.conn.AbstractPooledConnAdapter.open(AbstractPooledConnAdapter.java:134)
	at org.apache.http.impl.client.DefaultRequestDirector.tryConnect(DefaultRequestDirector.java:605)
	at org.apache.http.impl.client.DefaultRequestDirector.execute(DefaultRequestDirector.java:440)
	at org.apache.http.impl.client.AbstractHttpClient.doExecute(AbstractHttpClient.java:835)
	at org.apache.http.impl.client.CloseableHttpClient.execute(CloseableHttpClient.java:118)
	at org.apache.http.impl.client.CloseableHttpClient.execute(CloseableHttpClient.java:56)
	at com.sun.jersey.client.apache4.ApacheHttpClient4Handler.handle(ApacheHttpClient4Handler.java:173)
	... 43 more
2020-11-11 14:13:17.142  WARN MacBook-Pro --- [extShutdownHook] c.n.d.s.t.d.RetryableEurekaHttpClient    : Request execution failed with message: java.net.ConnectException: Connection refused (Connection refused)
2020-11-11 14:13:17.143 ERROR MacBook-Pro --- [extShutdownHook] c.n.d.DiscoveryClient                    : DiscoveryClient_ZUUL-SERVICE/zuul-service:1af6f817e9ee454d3b7ac1558e31dc11 - de-registration failedCannot execute request on any known server
com.netflix.discovery.shared.transport.TransportException: Cannot execute request on any known server
	at com.netflix.discovery.shared.transport.decorator.RetryableEurekaHttpClient.execute(RetryableEurekaHttpClient.java:112)
	at com.netflix.discovery.shared.transport.decorator.EurekaHttpClientDecorator.cancel(EurekaHttpClientDecorator.java:71)
	at com.netflix.discovery.shared.transport.decorator.EurekaHttpClientDecorator$2.execute(EurekaHttpClientDecorator.java:74)
	at com.netflix.discovery.shared.transport.decorator.SessionedEurekaHttpClient.execute(SessionedEurekaHttpClient.java:77)
	at com.netflix.discovery.shared.transport.decorator.EurekaHttpClientDecorator.cancel(EurekaHttpClientDecorator.java:71)
	at com.netflix.discovery.DiscoveryClient.unregister(DiscoveryClient.java:946)
	at com.netflix.discovery.DiscoveryClient.shutdown(DiscoveryClient.java:922)
	at java.base/jdk.internal.reflect.NativeMethodAccessorImpl.invoke0(Native Method)
	at java.base/jdk.internal.reflect.NativeMethodAccessorImpl.invoke(NativeMethodAccessorImpl.java:62)
	at java.base/jdk.internal.reflect.DelegatingMethodAccessorImpl.invoke(DelegatingMethodAccessorImpl.java:43)
	at java.base/java.lang.reflect.Method.invoke(Method.java:566)
	at org.springframework.beans.factory.annotation.InitDestroyAnnotationBeanPostProcessor$LifecycleElement.invoke(InitDestroyAnnotationBeanPostProcessor.java:389)
	at org.springframework.beans.factory.annotation.InitDestroyAnnotationBeanPostProcessor$LifecycleMetadata.invokeDestroyMethods(InitDestroyAnnotationBeanPostProcessor.java:347)
	at org.springframework.beans.factory.annotation.InitDestroyAnnotationBeanPostProcessor.postProcessBeforeDestruction(InitDestroyAnnotationBeanPostProcessor.java:177)
	at org.springframework.beans.factory.support.DisposableBeanAdapter.destroy(DisposableBeanAdapter.java:242)
	at org.springframework.beans.factory.support.DisposableBeanAdapter.run(DisposableBeanAdapter.java:235)
	at org.springframework.cloud.context.scope.GenericScope$BeanLifecycleWrapper.destroy(GenericScope.java:403)
	at org.springframework.cloud.context.scope.GenericScope.destroy(GenericScope.java:142)
	at org.springframework.beans.factory.support.DisposableBeanAdapter.destroy(DisposableBeanAdapter.java:258)
	at org.springframework.beans.factory.support.DefaultSingletonBeanRegistry.destroyBean(DefaultSingletonBeanRegistry.java:587)
	at org.springframework.beans.factory.support.DefaultSingletonBeanRegistry.destroySingleton(DefaultSingletonBeanRegistry.java:559)
	at org.springframework.beans.factory.support.DefaultListableBeanFactory.destroySingleton(DefaultListableBeanFactory.java:1092)
	at org.springframework.beans.factory.support.DefaultSingletonBeanRegistry.destroySingletons(DefaultSingletonBeanRegistry.java:520)
	at org.springframework.beans.factory.support.DefaultListableBeanFactory.destroySingletons(DefaultListableBeanFactory.java:1085)
	at org.springframework.context.support.AbstractApplicationContext.destroyBeans(AbstractApplicationContext.java:1061)
	at org.springframework.context.support.AbstractApplicationContext.doClose(AbstractApplicationContext.java:1030)
	at org.springframework.boot.web.servlet.context.ServletWebServerApplicationContext.doClose(ServletWebServerApplicationContext.java:170)
	at org.springframework.context.support.AbstractApplicationContext$1.run(AbstractApplicationContext.java:949)
2020-11-11 14:13:17.372  INFO MacBook-Pro --- [extShutdownHook] c.n.d.DiscoveryClient                    : Completed shut down of DiscoveryClient
